#
# A fatal error has been detected by the Java Runtime Environment:
#
#  SIGILL (0x4) at pc=0x0000000155e71575, pid=33312, tid=0x0000000000006d17
#
# JRE version: Java(TM) SE Runtime Environment (8.0_361) (build 1.8.0_361-b09)
# Java VM: Java HotSpot(TM) 64-Bit Server VM (25.361-b09 mixed mode bsd-amd64 compressed oops)
# Problematic frame:
# C  [libtensorflow_framework.2.dylib+0x22575]  tensorflow::monitoring::MetricDef<(tensorflow::monitoring::MetricKind)1, long long, 2>::MetricDef<char [11], char [7]>(absl::lts_20210324::string_view, absl::lts_20210324::string_view, char const (&) [11], char const (&) [7])+0x125
#
# Failed to write core dump. Core dumps have been disabled. To enable core dumping, try "ulimit -c unlimited" before starting Java again
#
# If you would like to submit a bug report, please visit:
#   http://bugreport.java.com/bugreport/crash.jsp
# The crash happened outside the Java Virtual Machine in native code.
# See problematic frame for where to report the bug.
#

---------------  T H R E A D  ---------------

Current thread (0x00007ff4383eb800):  JavaThread "Thread-4" [_thread_in_native, id=27927, stack(0x000000030e6e9000,0x000000030e7e9000)]

siginfo: si_signo: 4 (SIGILL), si_code: 1 (ILL_ILLOPC), si_addr: 0x0000000155e71575

Registers:
RAX=0x000000030e7e3cb9, RBX=0x000000030e7e3d20, RCX=0x000000030e7e3cbf, RDX=0x0000000000000000
RSP=0x000000030e7e3c40, RBP=0x000000030e7e3d00, RSI=0x0000000156f214d4, RDI=0x000000030e7e3cb9
R8 =0x0000000000000073, R9 =0x0000000156f214c3, R10=0x0000000000000090, R11=0x000000008be14ffb
R12=0x0000000000000006, R13=0x000000030e7e3cb8, R14=0x0000000156f214ce, R15=0x000000030e7e3cb9
RIP=0x0000000155e71575, EFLAGS=0x0000000000000246, ERR=0x0000000000000000
  TRAPNO=0x0000000000000006

Top of Stack: (sp=0x000000030e7e3c40)
0x000000030e7e3c40:   00007ff811cc9492 00007ff811cc7d52
0x000000030e7e3c50:   00007ff811cc7de4 0000000156f21489
0x000000030e7e3c60:   0000000000000039 000000000000002d
0x000000030e7e3c70:   0000000156f2145b 000000030e7e3d20
0x000000030e7e3c80:   00007ff811cc8bdc 0000000000000005
0x000000030e7e3c90:   00007ff811cc0000 0000000000000008
0x000000030e7e3ca0:   705f6c65646f6d14 0000000000687461
0x000000030e7e3cb0:   000000010cb91000 007375746174730c
0x000000030e7e3cc0:   0000000156f214ce 0000000156f21489
0x000000030e7e3cd0:   a8dad1a541bf00cb 0000000156f2145b
0x000000030e7e3ce0:   0000000156f214ce 0000000156f21489
0x000000030e7e3cf0:   0000600002f32760 000000000000002d
0x000000030e7e3d00:   000000030e7e3da0 0000000155e69f9b
0x000000030e7e3d10:   0000000156f214ce 00007ff811cb9ff8
0x000000030e7e3d20:   00007ff811cbb77e 00007ff811cbb79c
0x000000030e7e3d30:   00007ff811cbb74c 00007ff811cbb76a
0x000000030e7e3d40:   00007ff811cc31b6 00007ff811cc30fc
0x000000030e7e3d50:   00007ff811cba50c 00007ff811cb9c0c
0x000000030e7e3d60:   00007ff811cb9be0 00007ff811cb9c66
0x000000030e7e3d70:   0000000156f214c3 0000000156f214c3
0x000000030e7e3d80:   000000015702e3c0 0000000155e4f420
0x000000030e7e3d90:   0000000155e75570 000000030e7e4338
0x000000030e7e3da0:   000000030e7e3e30 0000000155e755a1
0x000000030e7e3db0:   000000030e7e3e00 000000020489c7fb
0x000000030e7e3dc0:   000000030e7e4031 0000000000000000
0x000000030e7e3dd0:   000000030e7e3f90 000000030e7e3e48
0x000000030e7e3de0:   000000015702e3c0 0000000155e4f420
0x000000030e7e3df0:   0000000155e75570 000000030e7e4338
0x000000030e7e3e00:   000000030e7e3e30 000000020489c7cb
0x000000030e7e3e10:   0000000000000000 000000030e7e3e48
0x000000030e7e3e20:   0000000155e75570 000000030e7e4338
0x000000030e7e3e30:   000000030e7e3ed0 00000002048b7618 

Instructions: (pc=0x0000000155e71575)
0x0000000155e71555:   c8 48 83 cb 01 48 89 5d b8 4c 89 65 c0 4c 89 ff
0x0000000155e71565:   4c 89 f6 4c 89 e2 e8 a4 32 fd 00 43 c6 04 27 00
0x0000000155e71575:   c5 f8 57 c0 c5 f8 29 45 80 48 c7 45 90 00 00 00
0x0000000155e71585:   00 bf 30 00 00 00 e8 1e 2f fd 00 48 89 c3 48 89 

Register to memory mapping:

RAX=0x000000030e7e3cb9 is pointing into the stack for thread: 0x00007ff4383eb800
RBX=0x000000030e7e3d20 is pointing into the stack for thread: 0x00007ff4383eb800
RCX=0x000000030e7e3cbf is pointing into the stack for thread: 0x00007ff4383eb800
RDX=0x0000000000000000 is an unknown value
RSP=0x000000030e7e3c40 is pointing into the stack for thread: 0x00007ff4383eb800
RBP=0x000000030e7e3d00 is pointing into the stack for thread: 0x00007ff4383eb800
RSI=0x0000000156f214d4: <offset 0x10d24d4> in /Users/sofiamurillosanchez/.javacpp/cache/com.johnsnowlabs.nlp_tensorflow-cpu_2.12-0.4.4.jar/org/tensorflow/internal/c_api/macosx-x86_64/libtensorflow_framework.2.dylib at 0x0000000155e4f000
RDI=0x000000030e7e3cb9 is pointing into the stack for thread: 0x00007ff4383eb800
R8 =0x0000000000000073 is an unknown value
R9 =0x0000000156f214c3: <offset 0x10d24c3> in /Users/sofiamurillosanchez/.javacpp/cache/com.johnsnowlabs.nlp_tensorflow-cpu_2.12-0.4.4.jar/org/tensorflow/internal/c_api/macosx-x86_64/libtensorflow_framework.2.dylib at 0x0000000155e4f000
R10=0x0000000000000090 is an unknown value
R11=0x000000008be14ffb is an unknown value
R12=0x0000000000000006 is an unknown value
R13=0x000000030e7e3cb8 is pointing into the stack for thread: 0x00007ff4383eb800
R14=0x0000000156f214ce: <offset 0x10d24ce> in /Users/sofiamurillosanchez/.javacpp/cache/com.johnsnowlabs.nlp_tensorflow-cpu_2.12-0.4.4.jar/org/tensorflow/internal/c_api/macosx-x86_64/libtensorflow_framework.2.dylib at 0x0000000155e4f000
R15=0x000000030e7e3cb9 is pointing into the stack for thread: 0x00007ff4383eb800


Stack: [0x000000030e6e9000,0x000000030e7e9000],  sp=0x000000030e7e3c40,  free space=1003k
Native frames: (J=compiled Java code, j=interpreted, Vv=VM code, C=native code)
C  [libtensorflow_framework.2.dylib+0x22575]  tensorflow::monitoring::MetricDef<(tensorflow::monitoring::MetricKind)1, long long, 2>::MetricDef<char [11], char [7]>(absl::lts_20210324::string_view, absl::lts_20210324::string_view, char const (&) [11], char const (&) [7])+0x125
C  [libtensorflow_framework.2.dylib+0x1af9b]  tensorflow::monitoring::Counter<2>* tensorflow::monitoring::Counter<2>::New<char const (&) [46], char const (&) [58], char const (&) [11], char const (&) [7]>(char const (&) [46], char const (&) [58], char const (&) [11], char const (&) [7])+0x5b
C  [libtensorflow_framework.2.dylib+0x265a1]  _GLOBAL__sub_I_loader.cc+0x31
C  0x00000002048b7618
C  0x00000002048f6c4d
C  0x00000002048eaef7
C  0x000000020489d0b7
C  0x00000002048ea0a7
C  0x00000002048ec7ea
C  0x00000002048f6882
C  0x00000002048b74f6
C  0x00000002048b7750
C  0x00000002048b782c
C  0x00000002048d288f
V  [libjvm.dylib+0x4904ec]  os::dll_load(char const*, char*, int)+0x1a
V  [libjvm.dylib+0x3488af]  JVM_LoadLibrary+0xfa
C  [libjava.dylib+0x173e]  Java_java_lang_ClassLoader_00024NativeLibrary_load+0x75
j  java.lang.ClassLoader$NativeLibrary.load(Ljava/lang/String;ZZ)V+0
j  java.lang.ClassLoader.loadLibrary0(Ljava/lang/Class;Ljava/io/File;)Z+337
j  java.lang.ClassLoader.loadLibrary(Ljava/lang/Class;Ljava/lang/String;Z)V+48
j  java.lang.Runtime.load0(Ljava/lang/Class;Ljava/lang/String;)V+57
j  java.lang.System.load(Ljava/lang/String;)V+7
j  org.bytedeco.javacpp.Loader.loadLibrary(Ljava/lang/Class;[Ljava/net/URL;Ljava/lang/String;[Ljava/lang/String;)Ljava/lang/String;+953
j  org.bytedeco.javacpp.Loader.load(Ljava/lang/Class;Ljava/util/Properties;ZLjava/lang/String;)Ljava/lang/String;+597
j  org.bytedeco.javacpp.Loader.load(Ljava/lang/Class;Ljava/util/Properties;Z)Ljava/lang/String;+4
j  org.bytedeco.javacpp.Loader.load()Ljava/lang/String;+10
j  org.tensorflow.internal.c_api.global.tensorflow.<clinit>()V+0
v  ~StubRoutines::call_stub
V  [libjvm.dylib+0x2d858b]  JavaCalls::call_helper(JavaValue*, methodHandle*, JavaCallArguments*, Thread*)+0x689
V  [libjvm.dylib+0x2a0b65]  InstanceKlass::call_class_initializer_impl(instanceKlassHandle, Thread*)+0xe5
V  [libjvm.dylib+0x29f8ef]  InstanceKlass::initialize_impl(instanceKlassHandle, Thread*)+0x46f
V  [libjvm.dylib+0x29f46c]  InstanceKlass::initialize(Thread*)+0x3a
V  [libjvm.dylib+0x33928a]  find_class_from_class_loader(JNIEnv_*, Symbol*, unsigned char, Handle, Handle, unsigned char, Thread*)+0x60
V  [libjvm.dylib+0x3394b3]  JVM_FindClassFromCaller+0x20e
C  [libjava.dylib+0x110f]  Java_java_lang_Class_forName0+0x12a
J 1055  java.lang.Class.forName0(Ljava/lang/String;ZLjava/lang/ClassLoader;Ljava/lang/Class;)Ljava/lang/Class; (0 bytes) @ 0x000000010fad1db4 [0x000000010fad1cc0+0xf4]
J 10308 C2 java.lang.Class.forName(Ljava/lang/String;ZLjava/lang/ClassLoader;)Ljava/lang/Class; (53 bytes) @ 0x0000000111104b88 [0x0000000111104b60+0x28]
j  org.bytedeco.javacpp.Loader.load(Ljava/lang/Class;Ljava/util/Properties;ZLjava/lang/String;)Ljava/lang/String;+286
j  org.bytedeco.javacpp.Loader.load(Ljava/lang/Class;Ljava/util/Properties;Z)Ljava/lang/String;+4
j  org.bytedeco.javacpp.Loader.load(Ljava/lang/Class;)Ljava/lang/String;+7
j  org.tensorflow.NativeLibrary.load()V+2
j  org.tensorflow.TensorFlow.<clinit>()V+0
v  ~StubRoutines::call_stub
V  [libjvm.dylib+0x2d858b]  JavaCalls::call_helper(JavaValue*, methodHandle*, JavaCallArguments*, Thread*)+0x689
V  [libjvm.dylib+0x2a0b65]  InstanceKlass::call_class_initializer_impl(instanceKlassHandle, Thread*)+0xe5
V  [libjvm.dylib+0x29f8ef]  InstanceKlass::initialize_impl(instanceKlassHandle, Thread*)+0x46f
V  [libjvm.dylib+0x29f46c]  InstanceKlass::initialize(Thread*)+0x3a
V  [libjvm.dylib+0x33928a]  find_class_from_class_loader(JNIEnv_*, Symbol*, unsigned char, Handle, Handle, unsigned char, Thread*)+0x60
V  [libjvm.dylib+0x3394b3]  JVM_FindClassFromCaller+0x20e
C  [libjava.dylib+0x110f]  Java_java_lang_Class_forName0+0x12a
J 1055  java.lang.Class.forName0(Ljava/lang/String;ZLjava/lang/ClassLoader;Ljava/lang/Class;)Ljava/lang/Class; (0 bytes) @ 0x000000010fad1db4 [0x000000010fad1cc0+0xf4]
J 6674 C1 java.lang.Class.forName(Ljava/lang/String;)Ljava/lang/Class; (15 bytes) @ 0x0000000110914eac [0x0000000110914d20+0x18c]
j  org.tensorflow.SavedModelBundle.<clinit>()V+3
v  ~StubRoutines::call_stub
V  [libjvm.dylib+0x2d858b]  JavaCalls::call_helper(JavaValue*, methodHandle*, JavaCallArguments*, Thread*)+0x689
V  [libjvm.dylib+0x2a0b65]  InstanceKlass::call_class_initializer_impl(instanceKlassHandle, Thread*)+0xe5
V  [libjvm.dylib+0x29f8ef]  InstanceKlass::initialize_impl(instanceKlassHandle, Thread*)+0x46f
V  [libjvm.dylib+0x29f46c]  InstanceKlass::initialize(Thread*)+0x3a
V  [libjvm.dylib+0x3d2203]  LinkResolver::resolve_static_call(CallInfo&, KlassHandle&, Symbol*, Symbol*, KlassHandle, bool, bool, Thread*)+0x99
V  [libjvm.dylib+0x3d55eb]  LinkResolver::resolve_invokestatic(CallInfo&, constantPoolHandle, int, Thread*)+0x13f
V  [libjvm.dylib+0x3d5311]  LinkResolver::resolve_invoke(CallInfo&, Handle, constantPoolHandle, int, Bytecodes::Code, Thread*)+0x40d
V  [libjvm.dylib+0x2d1856]  InterpreterRuntime::resolve_invoke(JavaThread*, Bytecodes::Code)+0x366
j  com.johnsnowlabs.ml.tensorflow.TensorflowWrapper$.$anonfun$withSafeSavedModelBundleLoader$1(Ljava/lang/String;[Ljava/lang/String;)Lorg/tensorflow/SavedModelBundle;+2
j  com.johnsnowlabs.ml.tensorflow.TensorflowWrapper$$$Lambda$4287.apply()Ljava/lang/Object;+8
J 5997 C1 scala.util.Try$.apply(Lscala/Function0;)Lscala/util/Try; (59 bytes) @ 0x000000010f8b9d4c [0x000000010f8b9c00+0x14c]
j  com.johnsnowlabs.ml.tensorflow.TensorflowWrapper$.withSafeSavedModelBundleLoader([Ljava/lang/String;Ljava/lang/String;)Lorg/tensorflow/SavedModelBundle;+10
j  com.johnsnowlabs.ml.tensorflow.TensorflowWrapper$.readZippedSavedModel(Ljava/lang/String;Ljava/lang/String;[Ljava/lang/String;Z)Lcom/johnsnowlabs/ml/tensorflow/TensorflowWrapper;+535
j  com.johnsnowlabs.nlp.annotators.classifier.dl.ClassifierDLApproach.loadSavedModel()Lcom/johnsnowlabs/ml/tensorflow/TensorflowWrapper;+41
j  com.johnsnowlabs.nlp.annotators.classifier.dl.ClassifierDLApproach.train(Lorg/apache/spark/sql/Dataset;Lscala/Option;)Lcom/johnsnowlabs/nlp/annotators/classifier/dl/ClassifierDLModel;+512
j  com.johnsnowlabs.nlp.annotators.classifier.dl.ClassifierDLApproach.train(Lorg/apache/spark/sql/Dataset;Lscala/Option;)Lorg/apache/spark/ml/Model;+3
j  com.johnsnowlabs.nlp.AnnotatorApproach._fit(Lorg/apache/spark/sql/Dataset;Lscala/Option;)Lorg/apache/spark/ml/Model;+17
j  com.johnsnowlabs.nlp.AnnotatorApproach.fit(Lorg/apache/spark/sql/Dataset;)Lorg/apache/spark/ml/Model;+5
v  ~StubRoutines::call_stub
V  [libjvm.dylib+0x2d858b]  JavaCalls::call_helper(JavaValue*, methodHandle*, JavaCallArguments*, Thread*)+0x689
V  [libjvm.dylib+0x4da110]  Reflection::invoke(instanceKlassHandle, methodHandle, Handle, bool, objArrayHandle, BasicType, objArrayHandle, bool, Thread*)+0x758
V  [libjvm.dylib+0x4daca8]  Reflection::invoke_method(oopDesc*, Handle, objArrayHandle, Thread*)+0x17c
V  [libjvm.dylib+0x348f48]  JVM_InvokeMethod+0x20f
J 6814  sun.reflect.NativeMethodAccessorImpl.invoke0(Ljava/lang/reflect/Method;Ljava/lang/Object;[Ljava/lang/Object;)Ljava/lang/Object; (0 bytes) @ 0x00000001109b502d [0x00000001109b4f40+0xed]
J 6813 C1 sun.reflect.NativeMethodAccessorImpl.invoke(Ljava/lang/Object;[Ljava/lang/Object;)Ljava/lang/Object; (104 bytes) @ 0x00000001109b65b4 [0x00000001109b5400+0x11b4]
J 5715 C2 java.lang.reflect.Method.invoke(Ljava/lang/Object;[Ljava/lang/Object;)Ljava/lang/Object; (62 bytes) @ 0x000000010fe4a428 [0x000000010fe4a2c0+0x168]
J 12364 C1 py4j.reflection.MethodInvoker.invoke(Ljava/lang/Object;[Ljava/lang/Object;)Ljava/lang/Object; (183 bytes) @ 0x000000011144532c [0x0000000111444c00+0x72c]
J 12347 C1 py4j.Gateway.invoke(Ljava/lang/String;Ljava/lang/String;Ljava/util/List;)Lpy4j/ReturnObject; (210 bytes) @ 0x0000000111440e94 [0x000000011143f8e0+0x15b4]
J 11266 C1 py4j.commands.AbstractCommand.invokeMethod(Ljava/lang/String;Ljava/lang/String;Ljava/util/List;)Lpy4j/ReturnObject; (61 bytes) @ 0x0000000110e56d5c [0x0000000110e56cc0+0x9c]
J 11265 C1 py4j.commands.CallCommand.execute(Ljava/lang/String;Ljava/io/BufferedReader;Ljava/io/BufferedWriter;)V (76 bytes) @ 0x000000011099454c [0x0000000110994200+0x34c]
j  py4j.ClientServerConnection.waitForCommands()V+126
j  py4j.ClientServerConnection.run()V+11
j  java.lang.Thread.run()V+11
v  ~StubRoutines::call_stub
V  [libjvm.dylib+0x2d858b]  JavaCalls::call_helper(JavaValue*, methodHandle*, JavaCallArguments*, Thread*)+0x689
V  [libjvm.dylib+0x2d73ee]  JavaCalls::call_virtual(JavaValue*, KlassHandle, Symbol*, Symbol*, JavaCallArguments*, Thread*)+0x14a
V  [libjvm.dylib+0x2d75cf]  JavaCalls::call_virtual(JavaValue*, Handle, KlassHandle, Symbol*, Symbol*, Thread*)+0x57
V  [libjvm.dylib+0x3447f3]  thread_entry(JavaThread*, Thread*)+0x78
V  [libjvm.dylib+0x562bd0]  JavaThread::thread_main_inner()+0x82
V  [libjvm.dylib+0x562a8f]  JavaThread::run()+0x19d
V  [libjvm.dylib+0x48fb3b]  java_start(Thread*)+0xfa
C  [libsystem_pthread.dylib+0x6259]  _pthread_start+0x7d
C  [libsystem_pthread.dylib+0x1c7b]  thread_start+0xf
C  0x0000000000000000

Java frames: (J=compiled Java code, j=interpreted, Vv=VM code)
j  java.lang.ClassLoader$NativeLibrary.load(Ljava/lang/String;ZZ)V+0
j  java.lang.ClassLoader.loadLibrary0(Ljava/lang/Class;Ljava/io/File;)Z+337
j  java.lang.ClassLoader.loadLibrary(Ljava/lang/Class;Ljava/lang/String;Z)V+48
j  java.lang.Runtime.load0(Ljava/lang/Class;Ljava/lang/String;)V+57
j  java.lang.System.load(Ljava/lang/String;)V+7
j  org.bytedeco.javacpp.Loader.loadLibrary(Ljava/lang/Class;[Ljava/net/URL;Ljava/lang/String;[Ljava/lang/String;)Ljava/lang/String;+953
j  org.bytedeco.javacpp.Loader.load(Ljava/lang/Class;Ljava/util/Properties;ZLjava/lang/String;)Ljava/lang/String;+597
j  org.bytedeco.javacpp.Loader.load(Ljava/lang/Class;Ljava/util/Properties;Z)Ljava/lang/String;+4
j  org.bytedeco.javacpp.Loader.load()Ljava/lang/String;+10
j  org.tensorflow.internal.c_api.global.tensorflow.<clinit>()V+0
v  ~StubRoutines::call_stub
J 1055  java.lang.Class.forName0(Ljava/lang/String;ZLjava/lang/ClassLoader;Ljava/lang/Class;)Ljava/lang/Class; (0 bytes) @ 0x000000010fad1d3a [0x000000010fad1cc0+0x7a]
J 10308 C2 java.lang.Class.forName(Ljava/lang/String;ZLjava/lang/ClassLoader;)Ljava/lang/Class; (53 bytes) @ 0x0000000111104b88 [0x0000000111104b60+0x28]
j  org.bytedeco.javacpp.Loader.load(Ljava/lang/Class;Ljava/util/Properties;ZLjava/lang/String;)Ljava/lang/String;+286
j  org.bytedeco.javacpp.Loader.load(Ljava/lang/Class;Ljava/util/Properties;Z)Ljava/lang/String;+4
j  org.bytedeco.javacpp.Loader.load(Ljava/lang/Class;)Ljava/lang/String;+7
j  org.tensorflow.NativeLibrary.load()V+2
j  org.tensorflow.TensorFlow.<clinit>()V+0
v  ~StubRoutines::call_stub
J 1055  java.lang.Class.forName0(Ljava/lang/String;ZLjava/lang/ClassLoader;Ljava/lang/Class;)Ljava/lang/Class; (0 bytes) @ 0x000000010fad1d3a [0x000000010fad1cc0+0x7a]
J 6674 C1 java.lang.Class.forName(Ljava/lang/String;)Ljava/lang/Class; (15 bytes) @ 0x0000000110914eac [0x0000000110914d20+0x18c]
j  org.tensorflow.SavedModelBundle.<clinit>()V+3
v  ~StubRoutines::call_stub
j  com.johnsnowlabs.ml.tensorflow.TensorflowWrapper$.$anonfun$withSafeSavedModelBundleLoader$1(Ljava/lang/String;[Ljava/lang/String;)Lorg/tensorflow/SavedModelBundle;+2
j  com.johnsnowlabs.ml.tensorflow.TensorflowWrapper$$$Lambda$4287.apply()Ljava/lang/Object;+8
J 5997 C1 scala.util.Try$.apply(Lscala/Function0;)Lscala/util/Try; (59 bytes) @ 0x000000010f8b9d4c [0x000000010f8b9c00+0x14c]
j  com.johnsnowlabs.ml.tensorflow.TensorflowWrapper$.withSafeSavedModelBundleLoader([Ljava/lang/String;Ljava/lang/String;)Lorg/tensorflow/SavedModelBundle;+10
j  com.johnsnowlabs.ml.tensorflow.TensorflowWrapper$.readZippedSavedModel(Ljava/lang/String;Ljava/lang/String;[Ljava/lang/String;Z)Lcom/johnsnowlabs/ml/tensorflow/TensorflowWrapper;+535
j  com.johnsnowlabs.nlp.annotators.classifier.dl.ClassifierDLApproach.loadSavedModel()Lcom/johnsnowlabs/ml/tensorflow/TensorflowWrapper;+41
j  com.johnsnowlabs.nlp.annotators.classifier.dl.ClassifierDLApproach.train(Lorg/apache/spark/sql/Dataset;Lscala/Option;)Lcom/johnsnowlabs/nlp/annotators/classifier/dl/ClassifierDLModel;+512
j  com.johnsnowlabs.nlp.annotators.classifier.dl.ClassifierDLApproach.train(Lorg/apache/spark/sql/Dataset;Lscala/Option;)Lorg/apache/spark/ml/Model;+3
j  com.johnsnowlabs.nlp.AnnotatorApproach._fit(Lorg/apache/spark/sql/Dataset;Lscala/Option;)Lorg/apache/spark/ml/Model;+17
j  com.johnsnowlabs.nlp.AnnotatorApproach.fit(Lorg/apache/spark/sql/Dataset;)Lorg/apache/spark/ml/Model;+5
v  ~StubRoutines::call_stub
J 6814  sun.reflect.NativeMethodAccessorImpl.invoke0(Ljava/lang/reflect/Method;Ljava/lang/Object;[Ljava/lang/Object;)Ljava/lang/Object; (0 bytes) @ 0x00000001109b4fb7 [0x00000001109b4f40+0x77]
J 6813 C1 sun.reflect.NativeMethodAccessorImpl.invoke(Ljava/lang/Object;[Ljava/lang/Object;)Ljava/lang/Object; (104 bytes) @ 0x00000001109b65b4 [0x00000001109b5400+0x11b4]
J 5715 C2 java.lang.reflect.Method.invoke(Ljava/lang/Object;[Ljava/lang/Object;)Ljava/lang/Object; (62 bytes) @ 0x000000010fe4a428 [0x000000010fe4a2c0+0x168]
J 12364 C1 py4j.reflection.MethodInvoker.invoke(Ljava/lang/Object;[Ljava/lang/Object;)Ljava/lang/Object; (183 bytes) @ 0x000000011144532c [0x0000000111444c00+0x72c]
J 12347 C1 py4j.Gateway.invoke(Ljava/lang/String;Ljava/lang/String;Ljava/util/List;)Lpy4j/ReturnObject; (210 bytes) @ 0x0000000111440e94 [0x000000011143f8e0+0x15b4]
J 11266 C1 py4j.commands.AbstractCommand.invokeMethod(Ljava/lang/String;Ljava/lang/String;Ljava/util/List;)Lpy4j/ReturnObject; (61 bytes) @ 0x0000000110e56d5c [0x0000000110e56cc0+0x9c]
J 11265 C1 py4j.commands.CallCommand.execute(Ljava/lang/String;Ljava/io/BufferedReader;Ljava/io/BufferedWriter;)V (76 bytes) @ 0x000000011099454c [0x0000000110994200+0x34c]
j  py4j.ClientServerConnection.waitForCommands()V+126
j  py4j.ClientServerConnection.run()V+11
j  java.lang.Thread.run()V+11
v  ~StubRoutines::call_stub

---------------  P R O C E S S  ---------------

Java Threads: ( => current thread )
  0x00007ff43f5d5800 JavaThread "JavaCPP Deallocator" daemon [_thread_blocked, id=93011, stack(0x00000003155b3000,0x00000003156b3000)]
  0x00007ff43ae32800 JavaThread "block-manager-ask-thread-pool-20" daemon [_thread_blocked, id=95247, stack(0x00000003154b0000,0x00000003155b0000)]
  0x00007ff3ef6d9000 JavaThread "block-manager-storage-async-thread-pool-32" daemon [_thread_blocked, id=122615, stack(0x00000003153ad000,0x00000003154ad000)]
  0x00007ff3ef674000 JavaThread "block-manager-storage-async-thread-pool-31" daemon [_thread_blocked, id=120739, stack(0x00000003151a7000,0x00000003152a7000)]
  0x00007ff3ef219800 JavaThread "block-manager-storage-async-thread-pool-30" daemon [_thread_blocked, id=95071, stack(0x0000000314fa1000,0x00000003150a1000)]
  0x00007ff3ef6c8000 JavaThread "shuffle-server-8-1" daemon [_thread_in_native, id=123951, stack(0x0000000314e9e000,0x0000000314f9e000)]
  0x00007ff408dfa000 JavaThread "shuffle-client-6-1" daemon [_thread_in_native, id=92167, stack(0x0000000314b95000,0x0000000314c95000)]
  0x00007ff40c487000 JavaThread "block-manager-ask-thread-pool-19" daemon [_thread_blocked, id=93859, stack(0x00000003150a4000,0x00000003151a4000)]
  0x00007ff3ef779000 JavaThread "block-manager-ask-thread-pool-18" daemon [_thread_blocked, id=96023, stack(0x0000000314d9b000,0x0000000314e9b000)]
  0x00007ff439c49000 JavaThread "block-manager-storage-async-thread-pool-29" daemon [_thread_blocked, id=117963, stack(0x0000000314c98000,0x0000000314d98000)]
  0x00007ff43b7ff800 JavaThread "block-manager-storage-async-thread-pool-28" daemon [_thread_blocked, id=119827, stack(0x0000000314a92000,0x0000000314b92000)]
  0x00007ff439fa9000 JavaThread "block-manager-storage-async-thread-pool-27" daemon [_thread_blocked, id=93363, stack(0x000000031498f000,0x0000000314a8f000)]
  0x00007ff3ef1a7800 JavaThread "block-manager-ask-thread-pool-17" daemon [_thread_blocked, id=115203, stack(0x00000003165e3000,0x00000003166e3000)]
  0x00007ff43f603800 JavaThread "block-manager-ask-thread-pool-16" daemon [_thread_blocked, id=101379, stack(0x00000003164e0000,0x00000003165e0000)]
  0x00007ff3ef2df800 JavaThread "block-manager-storage-async-thread-pool-26" daemon [_thread_blocked, id=100867, stack(0x00000003163dd000,0x00000003164dd000)]
  0x00007ff3ef1a2800 JavaThread "block-manager-storage-async-thread-pool-25" daemon [_thread_blocked, id=116227, stack(0x00000003162da000,0x00000003163da000)]
  0x00007ff3ef26e800 JavaThread "block-manager-storage-async-thread-pool-24" daemon [_thread_blocked, id=116739, stack(0x00000003161d7000,0x00000003162d7000)]
  0x00007ff40bf6d800 JavaThread "block-manager-ask-thread-pool-15" daemon [_thread_blocked, id=100099, stack(0x00000003160d4000,0x00000003161d4000)]
  0x00007ff40bf17800 JavaThread "block-manager-ask-thread-pool-14" daemon [_thread_blocked, id=99587, stack(0x0000000315fd1000,0x00000003160d1000)]
  0x00007ff3ef599000 JavaThread "block-manager-storage-async-thread-pool-23" daemon [_thread_blocked, id=118575, stack(0x0000000315ece000,0x0000000315fce000)]
  0x00007ff3ef50b800 JavaThread "block-manager-storage-async-thread-pool-22" daemon [_thread_blocked, id=98863, stack(0x0000000315dcb000,0x0000000315ecb000)]
  0x00007ff408dd9000 JavaThread "block-manager-storage-async-thread-pool-21" daemon [_thread_blocked, id=94471, stack(0x0000000315cc8000,0x0000000315dc8000)]
  0x00007ff40be60800 JavaThread "block-manager-ask-thread-pool-13" daemon [_thread_blocked, id=97543, stack(0x0000000315bc5000,0x0000000315cc5000)]
  0x00007ff40c7ef800 JavaThread "block-manager-ask-thread-pool-12" daemon [_thread_blocked, id=122799, stack(0x0000000315ac2000,0x0000000315bc2000)]
  0x00007ff43f5f3000 JavaThread "block-manager-storage-async-thread-pool-20" daemon [_thread_blocked, id=93487, stack(0x00000003152aa000,0x00000003153aa000)]
  0x00007ff40bf58800 JavaThread "block-manager-storage-async-thread-pool-19" daemon [_thread_blocked, id=97799, stack(0x0000000314809000,0x0000000314909000)]
  0x00007ff3ef58f000 JavaThread "block-manager-storage-async-thread-pool-18" daemon [_thread_blocked, id=117515, stack(0x0000000314706000,0x0000000314806000)]
  0x00007ff439e76800 JavaThread "QueryStageCreator-0" daemon [_thread_blocked, id=96815, stack(0x0000000314603000,0x0000000314703000)]
  0x00007ff408df6800 JavaThread "stderr reader for python3" daemon [_thread_in_native, id=125187, stack(0x0000000314500000,0x0000000314600000)]
  0x00007ff450168000 JavaThread "stdout reader for python3" daemon [_thread_in_native, id=91455, stack(0x00000003143fd000,0x00000003144fd000)]
  0x00007ff450169000 JavaThread "Idle Worker Monitor for python3" daemon [_thread_blocked, id=126027, stack(0x00000003142fa000,0x00000003143fa000)]
  0x00007ff43b31d800 JavaThread "block-manager-ask-thread-pool-11" daemon [_thread_blocked, id=90371, stack(0x00000003141f7000,0x00000003142f7000)]
  0x00007ff43f7d6000 JavaThread "block-manager-ask-thread-pool-10" daemon [_thread_blocked, id=89859, stack(0x00000003140f4000,0x00000003141f4000)]
  0x00007ff438139800 JavaThread "block-manager-storage-async-thread-pool-17" daemon [_thread_blocked, id=125699, stack(0x0000000313ff1000,0x00000003140f1000)]
  0x00007ff43f762800 JavaThread "block-manager-storage-async-thread-pool-16" daemon [_thread_blocked, id=89091, stack(0x0000000313eee000,0x0000000313fee000)]
  0x00007ff43b31d000 JavaThread "block-manager-storage-async-thread-pool-15" daemon [_thread_blocked, id=126211, stack(0x0000000313deb000,0x0000000313eeb000)]
  0x00007ff43b316800 JavaThread "block-manager-ask-thread-pool-9" daemon [_thread_blocked, id=129419, stack(0x0000000313ce8000,0x0000000313de8000)]
  0x00007ff438139000 JavaThread "block-manager-ask-thread-pool-8" daemon [_thread_blocked, id=129559, stack(0x0000000313be5000,0x0000000313ce5000)]
  0x00007ff43f762000 JavaThread "block-manager-storage-async-thread-pool-14" daemon [_thread_blocked, id=128571, stack(0x0000000313ae2000,0x0000000313be2000)]
  0x00007ff4505d7000 JavaThread "block-manager-storage-async-thread-pool-13" daemon [_thread_blocked, id=87907, stack(0x00000003139df000,0x0000000313adf000)]
  0x00007ff4505d6800 JavaThread "block-manager-storage-async-thread-pool-12" daemon [_thread_blocked, id=127739, stack(0x00000003138dc000,0x00000003139dc000)]
  0x00007ff438140000 JavaThread "block-manager-ask-thread-pool-7" daemon [_thread_blocked, id=75275, stack(0x00000003137d9000,0x00000003138d9000)]
  0x00007ff44f3a6000 JavaThread "block-manager-ask-thread-pool-6" daemon [_thread_blocked, id=127291, stack(0x00000003136d6000,0x00000003137d6000)]
  0x00007ff43813f000 JavaThread "block-manager-storage-async-thread-pool-11" daemon [_thread_blocked, id=130575, stack(0x00000003135d3000,0x00000003136d3000)]
  0x00007ff43b05c000 JavaThread "block-manager-storage-async-thread-pool-10" daemon [_thread_blocked, id=130351, stack(0x00000003134d0000,0x00000003135d0000)]
  0x00007ff439e74800 JavaThread "block-manager-storage-async-thread-pool-9" daemon [_thread_blocked, id=75831, stack(0x00000003133cd000,0x00000003134cd000)]
  0x00007ff408370000 JavaThread "block-manager-ask-thread-pool-5" daemon [_thread_blocked, id=74499, stack(0x00000003132ca000,0x00000003133ca000)]
  0x00007ff43f190800 JavaThread "block-manager-ask-thread-pool-4" daemon [_thread_blocked, id=73987, stack(0x00000003131c7000,0x00000003132c7000)]
  0x00007ff40836f000 JavaThread "block-manager-storage-async-thread-pool-8" daemon [_thread_blocked, id=73267, stack(0x00000003130c4000,0x00000003131c4000)]
  0x00007ff43822f000 JavaThread "block-manager-storage-async-thread-pool-7" daemon [_thread_blocked, id=77059, stack(0x0000000312fc1000,0x00000003130c1000)]
  0x00007ff43f496000 JavaThread "block-manager-storage-async-thread-pool-6" daemon [_thread_blocked, id=78663, stack(0x0000000312ebe000,0x0000000312fbe000)]
  0x00007ff41f195800 JavaThread "block-manager-ask-thread-pool-3" daemon [_thread_blocked, id=72963, stack(0x0000000312dbb000,0x0000000312ebb000)]
  0x00007ff439d40000 JavaThread "block-manager-ask-thread-pool-2" daemon [_thread_blocked, id=72707, stack(0x0000000312cb8000,0x0000000312db8000)]
  0x00007ff43b3e8000 JavaThread "block-manager-storage-async-thread-pool-5" daemon [_thread_blocked, id=71947, stack(0x0000000312bb5000,0x0000000312cb5000)]
  0x00007ff43b46f000 JavaThread "block-manager-storage-async-thread-pool-4" daemon [_thread_blocked, id=71899, stack(0x0000000312ab2000,0x0000000312bb2000)]
  0x00007ff43822d800 JavaThread "block-manager-storage-async-thread-pool-3" daemon [_thread_blocked, id=71171, stack(0x00000003129af000,0x0000000312aaf000)]
  0x00007ff4380cc000 JavaThread "block-manager-ask-thread-pool-1" daemon [_thread_blocked, id=70659, stack(0x00000003128ac000,0x00000003129ac000)]
  0x00007ff43f124800 JavaThread "block-manager-ask-thread-pool-0" daemon [_thread_blocked, id=70403, stack(0x00000003127a9000,0x00000003128a9000)]
  0x00007ff439d3e000 JavaThread "block-manager-storage-async-thread-pool-2" daemon [_thread_blocked, id=80631, stack(0x00000003126a6000,0x00000003127a6000)]
  0x00007ff439d3d000 JavaThread "block-manager-storage-async-thread-pool-1" daemon [_thread_blocked, id=80131, stack(0x00000003125a3000,0x00000003126a3000)]
  0x00007ff41f2b9800 JavaThread "block-manager-storage-async-thread-pool-0" daemon [_thread_blocked, id=69811, stack(0x00000003124a0000,0x00000003125a0000)]
  0x00007ff43b470000 JavaThread "task-result-getter-3" daemon [_thread_blocked, id=68867, stack(0x000000031239d000,0x000000031249d000)]
  0x00007ff43b020800 JavaThread "task-result-getter-2" daemon [_thread_blocked, id=58935, stack(0x000000031229a000,0x000000031239a000)]
  0x00007ff3ef301000 JavaThread "task-result-getter-1" daemon [_thread_blocked, id=52587, stack(0x0000000312197000,0x0000000312297000)]
  0x00007ff43b017000 JavaThread "Executor task launch worker for task 4.0 in stage 7.0 (TID 28)" daemon [_thread_blocked, id=28971, stack(0x0000000312094000,0x0000000312194000)]
  0x00007ff43f131800 JavaThread "Executor task launch worker for task 5.0 in stage 7.0 (TID 29)" daemon [_thread_blocked, id=29483, stack(0x0000000311f91000,0x0000000312091000)]
  0x00007ff43f16b000 JavaThread "Executor task launch worker for task 2.0 in stage 7.0 (TID 26)" daemon [_thread_blocked, id=57127, stack(0x0000000311e8e000,0x0000000311f8e000)]
  0x00007ff43f652000 JavaThread "Executor task launch worker for task 0.0 in stage 7.0 (TID 24)" daemon [_thread_blocked, id=55675, stack(0x0000000311d8b000,0x0000000311e8b000)]
  0x00007ff438483800 JavaThread "Executor task launch worker for task 6.0 in stage 7.0 (TID 30)" daemon [_thread_blocked, id=55171, stack(0x0000000311c88000,0x0000000311d88000)]
  0x00007ff43b015800 JavaThread "Executor task launch worker for task 1.0 in stage 7.0 (TID 25)" daemon [_thread_blocked, id=54883, stack(0x0000000311b85000,0x0000000311c85000)]
  0x00007ff43a823800 JavaThread "Executor task launch worker for task 3.0 in stage 7.0 (TID 27)" daemon [_thread_blocked, id=85879, stack(0x0000000311a82000,0x0000000311b82000)]
  0x00007ff43f3df000 JavaThread "task-result-getter-0" daemon [_thread_blocked, id=54027, stack(0x000000031197f000,0x0000000311a7f000)]
  0x00007ff43f1ad800 JavaThread "Executor task launch worker for task 7.0 in stage 7.0 (TID 31)" daemon [_thread_blocked, id=86939, stack(0x000000031187c000,0x000000031197c000)]
  0x00007ff3ef050800 JavaThread "java-sdk-http-connection-reaper" daemon [_thread_blocked, id=67171, stack(0x0000000311676000,0x0000000311776000)]
  0x00007ff45074b800 JavaThread "spark-listener-group-shared" daemon [_thread_blocked, id=84519, stack(0x0000000311573000,0x0000000311673000)]
  0x00007ff439760800 JavaThread "element-tracking-store-worker" daemon [_thread_blocked, id=83803, stack(0x0000000311470000,0x0000000311570000)]
  0x00007ff450258800 JavaThread "spark-listener-group-executorManagement" daemon [_thread_blocked, id=81307, stack(0x000000031136d000,0x000000031146d000)]
  0x00007ff4080ad000 JavaThread "spark-listener-group-appStatus" daemon [_thread_blocked, id=68207, stack(0x000000031126a000,0x000000031136a000)]
  0x00007ff3efd4d000 JavaThread "context-cleaner-periodic-gc" daemon [_thread_blocked, id=81767, stack(0x0000000311167000,0x0000000311267000)]
  0x00007ff439798800 JavaThread "Spark Context Cleaner" daemon [_thread_blocked, id=68003, stack(0x0000000311064000,0x0000000311164000)]
  0x00007ff3efd13000 JavaThread "shuffle-boss-7-1" daemon [_thread_in_native, id=83583, stack(0x0000000310f61000,0x0000000311061000)]
  0x00007ff40803d000 JavaThread "rpc-server-4-1" daemon [_thread_in_native, id=48215, stack(0x0000000310e5e000,0x0000000310f5e000)]
  0x00007ff439646000 JavaThread "files-client-5-1" daemon [_thread_in_native, id=57747, stack(0x000000030e3e0000,0x000000030e4e0000)]
  0x00007ff408008800 JavaThread "executor-heartbeater" daemon [_thread_blocked, id=61751, stack(0x0000000310d5b000,0x0000000310e5b000)]
  0x00007ff439685000 JavaThread "executor-kill-mark-cleanup" daemon [_thread_blocked, id=59643, stack(0x0000000310c58000,0x0000000310d58000)]
  0x00007ff43967b800 JavaThread "driver-heartbeater" daemon [_thread_blocked, id=48699, stack(0x0000000310b55000,0x0000000310c55000)]
  0x00007ff44f7b0000 JavaThread "dag-scheduler-event-loop" daemon [_thread_blocked, id=60487, stack(0x0000000310a52000,0x0000000310b52000)]
  0x00007ff44f7ab000 JavaThread "task-abort-timer" daemon [_thread_blocked, id=51027, stack(0x000000031094f000,0x0000000310a4f000)]
  0x00007ff44f7aa000 JavaThread "task-starvation-timer" daemon [_thread_blocked, id=50551, stack(0x000000031084c000,0x000000031094c000)]
  0x00007ff44f1f8000 JavaThread "netty-rpc-env-timeout" daemon [_thread_blocked, id=60243, stack(0x0000000310749000,0x0000000310849000)]
  0x00007ff43966f800 JavaThread "heartbeat-receiver-event-loop-thread" daemon [_thread_blocked, id=50267, stack(0x0000000310646000,0x0000000310746000)]
  0x00007ff44f7f2000 JavaThread "process reaper" daemon [_thread_in_native, id=62307, stack(0x000000030dc43000,0x000000030dc6b000)]
  0x00007ff43852d800 JavaThread "SparkUI-48" daemon [_thread_blocked, id=46851, stack(0x0000000310543000,0x0000000310643000)]
  0x00007ff43852c800 JavaThread "SparkUI-47" daemon [_thread_blocked, id=46595, stack(0x0000000310440000,0x0000000310540000)]
  0x00007ff43852c000 JavaThread "SparkUI-46" daemon [_thread_blocked, id=46339, stack(0x000000031033d000,0x000000031043d000)]
  0x00007ff43851a800 JavaThread "SparkUI-45-acceptor-0@514d9fbc-ServerConnector@5f8a7be5{HTTP/1.1, (http/1.1)}{0.0.0.0:4040}" daemon [_thread_in_native, id=46083, stack(0x000000031023a000,0x000000031033a000)]
  0x00007ff408c52800 JavaThread "SparkUI-44" daemon [_thread_in_native, id=45827, stack(0x0000000310137000,0x0000000310237000)]
  0x00007ff408c51800 JavaThread "SparkUI-43" daemon [_thread_in_native, id=45315, stack(0x0000000310034000,0x0000000310134000)]
  0x00007ff408c69000 JavaThread "SparkUI-42" daemon [_thread_in_native, id=64259, stack(0x000000030ff31000,0x0000000310031000)]
  0x00007ff438517800 JavaThread "SparkUI-41" daemon [_thread_in_native, id=44591, stack(0x000000030fe2e000,0x000000030ff2e000)]
  0x00007ff3efde3800 JavaThread "Thread-7" [_thread_in_native, id=64779, stack(0x000000030fd2b000,0x000000030fe2b000)]
  0x00007ff438516000 JavaThread "refresh progress" daemon [_thread_blocked, id=44075, stack(0x000000030fc28000,0x000000030fd28000)]
  0x00007ff408c04800 JavaThread "RemoteBlock-temp-file-clean-thread" daemon [_thread_blocked, id=43599, stack(0x000000030fb25000,0x000000030fc25000)]
  0x00007ff4383ca000 JavaThread "dispatcher-BlockManagerEndpoint1" daemon [_thread_blocked, id=37919, stack(0x000000030fa22000,0x000000030fb22000)]
  0x00007ff408b9b800 JavaThread "dispatcher-BlockManagerMaster" daemon [_thread_blocked, id=38983, stack(0x000000030f91f000,0x000000030fa1f000)]
  0x00007ff4384e5800 JavaThread "map-output-dispatcher-7" daemon [_thread_blocked, id=39427, stack(0x000000030f81c000,0x000000030f91c000)]
  0x00007ff438504800 JavaThread "map-output-dispatcher-6" daemon [_thread_blocked, id=39939, stack(0x000000030f719000,0x000000030f819000)]
  0x00007ff438504000 JavaThread "map-output-dispatcher-5" daemon [_thread_blocked, id=37379, stack(0x000000030f616000,0x000000030f716000)]
  0x00007ff43824e000 JavaThread "map-output-dispatcher-4" daemon [_thread_blocked, id=36867, stack(0x000000030f513000,0x000000030f613000)]
  0x00007ff4507cd000 JavaThread "map-output-dispatcher-3" daemon [_thread_blocked, id=36611, stack(0x000000030f410000,0x000000030f510000)]
  0x00007ff408b8f000 JavaThread "map-output-dispatcher-2" daemon [_thread_blocked, id=40451, stack(0x000000030f30d000,0x000000030f40d000)]
  0x00007ff408b8e800 JavaThread "map-output-dispatcher-1" daemon [_thread_blocked, id=35587, stack(0x000000030f20a000,0x000000030f30a000)]
  0x00007ff438d57000 JavaThread "map-output-dispatcher-0" daemon [_thread_blocked, id=34911, stack(0x000000030f107000,0x000000030f207000)]
  0x00007ff408998800 JavaThread "dispatcher-event-loop-7" daemon [_thread_blocked, id=35075, stack(0x000000030f004000,0x000000030f104000)]
  0x00007ff4383ef000 JavaThread "dispatcher-event-loop-6" daemon [_thread_blocked, id=34563, stack(0x000000030ef01000,0x000000030f001000)]
  0x00007ff43f35d800 JavaThread "dispatcher-event-loop-5" daemon [_thread_blocked, id=41731, stack(0x000000030edfe000,0x000000030eefe000)]
  0x00007ff43f7aa000 JavaThread "dispatcher-event-loop-4" daemon [_thread_blocked, id=33795, stack(0x000000030ecfb000,0x000000030edfb000)]
  0x00007ff43f3b8000 JavaThread "dispatcher-event-loop-3" daemon [_thread_blocked, id=42499, stack(0x000000030ebf8000,0x000000030ecf8000)]
  0x00007ff3efe00000 JavaThread "dispatcher-event-loop-2" daemon [_thread_blocked, id=33035, stack(0x000000030eaf5000,0x000000030ebf5000)]
  0x00007ff450379800 JavaThread "dispatcher-event-loop-1" daemon [_thread_blocked, id=33283, stack(0x000000030e9f2000,0x000000030eaf2000)]
  0x00007ff43f7b9800 JavaThread "dispatcher-event-loop-0" daemon [_thread_blocked, id=25659, stack(0x000000030e8ef000,0x000000030e9ef000)]
  0x00007ff3ef4a6000 JavaThread "rpc-boss-3-1" daemon [_thread_in_native, id=32827, stack(0x000000030e7ec000,0x000000030e8ec000)]
=>0x00007ff4383eb800 JavaThread "Thread-4" [_thread_in_native, id=27927, stack(0x000000030e6e9000,0x000000030e7e9000)]
  0x00007ff438d1c000 JavaThread "Thread-3" [_thread_in_native, id=26903, stack(0x000000030e5e6000,0x000000030e6e6000)]
  0x00007ff43f10a800 JavaThread "org.apache.hadoop.fs.FileSystem$Statistics$StatisticsDataReferenceCleaner" daemon [_thread_blocked, id=26391, stack(0x000000030e4e3000,0x000000030e5e3000)]
  0x00007ff41f008800 JavaThread "Service Thread" daemon [_thread_blocked, id=22791, stack(0x000000030e1da000,0x000000030e2da000)]
  0x00007ff44f067800 JavaThread "C1 CompilerThread3" daemon [_thread_blocked, id=31747, stack(0x000000030e0d7000,0x000000030e1d7000)]
  0x00007ff43f026000 JavaThread "C2 CompilerThread2" daemon [_thread_blocked, id=22275, stack(0x000000030dfd4000,0x000000030e0d4000)]
  0x00007ff450047800 JavaThread "C2 CompilerThread1" daemon [_thread_blocked, id=22019, stack(0x000000030ded1000,0x000000030dfd1000)]
  0x00007ff450046000 JavaThread "C2 CompilerThread0" daemon [_thread_blocked, id=18691, stack(0x000000030ddce000,0x000000030dece000)]
  0x00007ff45002e000 JavaThread "Signal Dispatcher" daemon [_thread_blocked, id=18979, stack(0x000000030dccb000,0x000000030ddcb000)]
  0x00007ff44f05d800 JavaThread "Finalizer" daemon [_thread_blocked, id=20739, stack(0x000000030daba000,0x000000030dbba000)]
  0x00007ff43f00c800 JavaThread "Reference Handler" daemon [_thread_blocked, id=16675, stack(0x000000030d9b7000,0x000000030dab7000)]
  0x00007ff44f00c800 JavaThread "main" [_thread_in_native, id=4355, stack(0x000000030cf99000,0x000000030d099000)]

Other Threads:
  0x00007ff44f055800 VMThread [stack: 0x000000030d8b4000,0x000000030d9b4000] [id=13827]
  0x00007ff44f062000 WatcherThread [stack: 0x000000030e2dd000,0x000000030e3dd000] [id=23331]

VM state:not at safepoint (normal execution)

VM Mutex/Monitor currently owned by a thread: None

heap address: 0x00000003c0000000, size: 16384 MB, Compressed Oops mode: Zero based, Oop shift amount: 3
Narrow klass base: 0x0000000000000000, Narrow klass shift: 3
Compressed class space size: 1073741824 Address: 0x00000007c0000000

Heap:
 PSYoungGen      total 4953600K, used 1787113K [0x000000066ab00000, 0x000000079d900000, 0x00000007c0000000)
  eden space 4915200K, 36% used [0x000000066ab00000,0x00000006d6e93848,0x0000000796b00000)
  from space 38400K, 36% used [0x000000079b380000,0x000000079c126eb0,0x000000079d900000)
  to   space 56320K, 0% used [0x0000000796b00000,0x0000000796b00000,0x000000079a200000)
 ParOldGen       total 280576K, used 189783K [0x00000003c0000000, 0x00000003d1200000, 0x000000066ab00000)
  object space 280576K, 67% used [0x00000003c0000000,0x00000003cb955c50,0x00000003d1200000)
 Metaspace       used 146849K, capacity 163826K, committed 166784K, reserved 1193984K
  class space    used 19952K, capacity 21464K, committed 22144K, reserved 1048576K

Card table byte_map: [0x000000011e754000,0x0000000120755000] byte_map_base: 0x000000011c954000

Marking Bits: (ParMarkBitMap*) 0x000000010e090448
 Begin Bits: [0x0000000121cab000, 0x0000000131cab000)
 End Bits:   [0x0000000131cab000, 0x0000000141cab000)

Polling page: 0x000000010cb2e000

CodeCache: size=245760Kb used=43918Kb max_used=45392Kb free=201841Kb
 bounds [0x000000010f754000, 0x0000000112404000, 0x000000011e754000]
 total_blobs=15793 nmethods=14720 adapters=982
 compilation: enabled

Compilation events (10 events):
Event: 124.094 Thread 0x00007ff44f067800 18728       3       sun.misc.URLClassPath$2::next (63 bytes)
Event: 124.094 Thread 0x00007ff44f067800 nmethod 18728 0x0000000110ed9250 code [0x0000000110ed93e0, 0x0000000110ed9818]
Event: 124.100 Thread 0x00007ff44f067800 18729       3       java.lang.Class::getResource (26 bytes)
Event: 124.100 Thread 0x00007ff44f067800 nmethod 18729 0x0000000111eea910 code [0x0000000111eeab00, 0x0000000111eeb298]
Event: 124.227 Thread 0x00007ff450046000 18730  s    4       sun.misc.URLClassPath::getLookupCache (98 bytes)
Event: 124.228 Thread 0x00007ff450046000 nmethod 18730 0x0000000111fbf390 code [0x0000000111fbf4e0, 0x0000000111fbf6f8]
Event: 124.293 Thread 0x00007ff44f067800 18732       3       org.bytedeco.javacpp.Loader::findResources (342 bytes)
Event: 124.296 Thread 0x00007ff44f067800 nmethod 18732 0x0000000112130890 code [0x0000000112130fa0, 0x00000001121365a8]
Event: 124.296 Thread 0x00007ff44f067800 18731       3       org.bytedeco.javacpp.Loader::findResource (20 bytes)
Event: 124.296 Thread 0x00007ff44f067800 nmethod 18731 0x0000000112130450 code [0x00000001121305c0, 0x00000001121307a8]

GC Heap History (10 events):
Event: 108.497 GC heap before
{Heap before GC invocations=26 (full 6):
 PSYoungGen      total 2461184K, used 2397139K [0x000000066ab00000, 0x000000072c780000, 0x00000007c0000000)
  eden space 2386432K, 100% used [0x000000066ab00000,0x00000006fc580000,0x00000006fc580000)
  from space 74752K, 14% used [0x00000006fc580000,0x00000006fcff4f70,0x0000000700e80000)
  to   space 71168K, 0% used [0x0000000728200000,0x0000000728200000,0x000000072c780000)
 ParOldGen       total 280576K, used 160732K [0x00000003c0000000, 0x00000003d1200000, 0x000000066ab00000)
  object space 280576K, 57% used [0x00000003c0000000,0x00000003c9cf70e8,0x00000003d1200000)
 Metaspace       used 145624K, capacity 162420K, committed 165888K, reserved 1193984K
  class space    used 19816K, capacity 21302K, committed 22016K, reserved 1048576K
Event: 108.560 GC heap after
Heap after GC invocations=26 (full 6):
 PSYoungGen      total 3106304K, used 7089K [0x000000066ab00000, 0x000000072cb00000, 0x00000007c0000000)
  eden space 3035136K, 0% used [0x000000066ab00000,0x000000066ab00000,0x0000000723f00000)
  from space 71168K, 9% used [0x0000000728200000,0x00000007288ec5f8,0x000000072c780000)
  to   space 68608K, 0% used [0x0000000723f00000,0x0000000723f00000,0x0000000728200000)
 ParOldGen       total 280576K, used 168208K [0x00000003c0000000, 0x00000003d1200000, 0x000000066ab00000)
  object space 280576K, 59% used [0x00000003c0000000,0x00000003ca4442c0,0x00000003d1200000)
 Metaspace       used 145624K, capacity 162420K, committed 165888K, reserved 1193984K
  class space    used 19816K, capacity 21302K, committed 22016K, reserved 1048576K
}
Event: 111.174 GC heap before
{Heap before GC invocations=27 (full 6):
 PSYoungGen      total 3106304K, used 3042225K [0x000000066ab00000, 0x000000072cb00000, 0x00000007c0000000)
  eden space 3035136K, 100% used [0x000000066ab00000,0x0000000723f00000,0x0000000723f00000)
  from space 71168K, 9% used [0x0000000728200000,0x00000007288ec5f8,0x000000072c780000)
  to   space 68608K, 0% used [0x0000000723f00000,0x0000000723f00000,0x0000000728200000)
 ParOldGen       total 280576K, used 168208K [0x00000003c0000000, 0x00000003d1200000, 0x000000066ab00000)
  object space 280576K, 59% used [0x00000003c0000000,0x00000003ca4442c0,0x00000003d1200000)
 Metaspace       used 145624K, capacity 162420K, committed 165888K, reserved 1193984K
  class space    used 19816K, capacity 21302K, committed 22016K, reserved 1048576K
Event: 111.233 GC heap after
Heap after GC invocations=27 (full 6):
 PSYoungGen      total 3103744K, used 9665K [0x000000066ab00000, 0x000000075e500000, 0x00000007c0000000)
  eden space 3035136K, 0% used [0x000000066ab00000,0x000000066ab00000,0x0000000723f00000)
  from space 68608K, 14% used [0x0000000723f00000,0x0000000724870590,0x0000000728200000)
  to   space 65536K, 0% used [0x000000075a500000,0x000000075a500000,0x000000075e500000)
 ParOldGen       total 280576K, used 172161K [0x00000003c0000000, 0x00000003d1200000, 0x000000066ab00000)
  object space 280576K, 61% used [0x00000003c0000000,0x00000003ca8205d0,0x00000003d1200000)
 Metaspace       used 145624K, capacity 162420K, committed 165888K, reserved 1193984K
  class space    used 19816K, capacity 21302K, committed 22016K, reserved 1048576K
}
Event: 113.520 GC heap before
{Heap before GC invocations=28 (full 6):
 PSYoungGen      total 3103744K, used 3044801K [0x000000066ab00000, 0x000000075e500000, 0x00000007c0000000)
  eden space 3035136K, 100% used [0x000000066ab00000,0x0000000723f00000,0x0000000723f00000)
  from space 68608K, 14% used [0x0000000723f00000,0x0000000724870590,0x0000000728200000)
  to   space 65536K, 0% used [0x000000075a500000,0x000000075a500000,0x000000075e500000)
 ParOldGen       total 280576K, used 172161K [0x00000003c0000000, 0x00000003d1200000, 0x000000066ab00000)
  object space 280576K, 61% used [0x00000003c0000000,0x00000003ca8205d0,0x00000003d1200000)
 Metaspace       used 145624K, capacity 162420K, committed 165888K, reserved 1193984K
  class space    used 19816K, capacity 21302K, committed 22016K, reserved 1048576K
Event: 113.601 GC heap after
Heap after GC invocations=28 (full 6):
 PSYoungGen      total 3929088K, used 9199K [0x000000066ab00000, 0x000000075f900000, 0x00000007c0000000)
  eden space 3863552K, 0% used [0x000000066ab00000,0x000000066ab00000,0x0000000756800000)
  from space 65536K, 14% used [0x000000075a500000,0x000000075adfbdc0,0x000000075e500000)
  to   space 62464K, 0% used [0x0000000756800000,0x0000000756800000,0x000000075a500000)
 ParOldGen       total 280576K, used 178786K [0x00000003c0000000, 0x00000003d1200000, 0x000000066ab00000)
  object space 280576K, 63% used [0x00000003c0000000,0x00000003cae98b10,0x00000003d1200000)
 Metaspace       used 145624K, capacity 162420K, committed 165888K, reserved 1193984K
  class space    used 19816K, capacity 21302K, committed 22016K, reserved 1048576K
}
Event: 116.405 GC heap before
{Heap before GC invocations=29 (full 6):
 PSYoungGen      total 3929088K, used 3872751K [0x000000066ab00000, 0x000000075f900000, 0x00000007c0000000)
  eden space 3863552K, 100% used [0x000000066ab00000,0x0000000756800000,0x0000000756800000)
  from space 65536K, 14% used [0x000000075a500000,0x000000075adfbdc0,0x000000075e500000)
  to   space 62464K, 0% used [0x0000000756800000,0x0000000756800000,0x000000075a500000)
 ParOldGen       total 280576K, used 178786K [0x00000003c0000000, 0x00000003d1200000, 0x000000066ab00000)
  object space 280576K, 63% used [0x00000003c0000000,0x00000003cae98b10,0x00000003d1200000)
 Metaspace       used 145626K, capacity 162420K, committed 165888K, reserved 1193984K
  class space    used 19816K, capacity 21302K, committed 22016K, reserved 1048576K
Event: 116.465 GC heap after
Heap after GC invocations=29 (full 6):
 PSYoungGen      total 3926016K, used 8002K [0x000000066ab00000, 0x000000079ee00000, 0x00000007c0000000)
  eden space 3863552K, 0% used [0x000000066ab00000,0x000000066ab00000,0x0000000756800000)
  from space 62464K, 12% used [0x0000000756800000,0x0000000756fd0818,0x000000075a500000)
  to   space 59904K, 0% used [0x000000079b380000,0x000000079b380000,0x000000079ee00000)
 ParOldGen       total 280576K, used 185001K [0x00000003c0000000, 0x00000003d1200000, 0x000000066ab00000)
  object space 280576K, 65% used [0x00000003c0000000,0x00000003cb4aa650,0x00000003d1200000)
 Metaspace       used 145626K, capacity 162420K, committed 165888K, reserved 1193984K
  class space    used 19816K, capacity 21302K, committed 22016K, reserved 1048576K
}
Event: 120.316 GC heap before
{Heap before GC invocations=30 (full 6):
 PSYoungGen      total 3926016K, used 3871554K [0x000000066ab00000, 0x000000079ee00000, 0x00000007c0000000)
  eden space 3863552K, 100% used [0x000000066ab00000,0x0000000756800000,0x0000000756800000)
  from space 62464K, 12% used [0x0000000756800000,0x0000000756fd0818,0x000000075a500000)
  to   space 59904K, 0% used [0x000000079b380000,0x000000079b380000,0x000000079ee00000)
 ParOldGen       total 280576K, used 185001K [0x00000003c0000000, 0x00000003d1200000, 0x000000066ab00000)
  object space 280576K, 65% used [0x00000003c0000000,0x00000003cb4aa650,0x00000003d1200000)
 Metaspace       used 145634K, capacity 162420K, committed 165888K, reserved 1193984K
  class space    used 19816K, capacity 21302K, committed 22016K, reserved 1048576K
Event: 120.397 GC heap after
Heap after GC invocations=30 (full 6):
 PSYoungGen      total 4953600K, used 13979K [0x000000066ab00000, 0x000000079d900000, 0x00000007c0000000)
  eden space 4915200K, 0% used [0x000000066ab00000,0x000000066ab00000,0x0000000796b00000)
  from space 38400K, 36% used [0x000000079b380000,0x000000079c126eb0,0x000000079d900000)
  to   space 56320K, 0% used [0x0000000796b00000,0x0000000796b00000,0x000000079a200000)
 ParOldGen       total 280576K, used 189783K [0x00000003c0000000, 0x00000003d1200000, 0x000000066ab00000)
  object space 280576K, 67% used [0x00000003c0000000,0x00000003cb955c50,0x00000003d1200000)
 Metaspace       used 145634K, capacity 162420K, committed 165888K, reserved 1193984K
  class space    used 19816K, capacity 21302K, committed 22016K, reserved 1048576K
}

Deoptimization events (10 events):
Event: 123.150 Thread 0x00007ff4383eb800 Uncommon trap: reason=bimorphic action=maybe_recompile pc=0x0000000111eebaf0 method=scala.runtime.java8.JFunction0$mcF$sp.apply()Ljava/lang/Object; @ 1
Event: 123.151 Thread 0x00007ff4383eb800 Uncommon trap: reason=unstable_if action=reinterpret pc=0x00000001123beb9c method=scala.collection.mutable.ArrayBuilder$ofRef.$plus$plus$eq(Lscala/collection/TraversableOnce;)Lscala/collection/mutable/ArrayBuilder$ofRef; @ 4
Event: 123.151 Thread 0x00007ff4383eb800 Uncommon trap: reason=unstable_if action=reinterpret pc=0x0000000110e5c85c method=scala.collection.mutable.ArrayBuilder$ofRef.$plus$plus$eq(Lscala/collection/TraversableOnce;)Lscala/collection/mutable/ArrayBuilder$ofRef; @ 4
Event: 123.947 Thread 0x00007ff4383eb800 Uncommon trap: reason=unstable_if action=reinterpret pc=0x00000001100921e0 method=java.util.Properties.loadConvert([CII[C)Ljava/lang/String; @ 72
Event: 123.966 Thread 0x00007ff4383eb800 Uncommon trap: reason=unstable_if action=reinterpret pc=0x0000000110ace2b8 method=sun.reflect.annotation.AnnotationInvocationHandler.invoke(Ljava/lang/Object;Ljava/lang/reflect/Method;[Ljava/lang/Object;)Ljava/lang/Object; @ 263
Event: 123.976 Thread 0x00007ff4383eb800 Uncommon trap: reason=class_check action=maybe_recompile pc=0x000000010f8f05d4 method=java.net.URLStreamHandler.equals(Ljava/net/URL;Ljava/net/URL;)Z @ 33
Event: 123.977 Thread 0x00007ff4383eb800 Uncommon trap: reason=class_check action=maybe_recompile pc=0x000000010f8f05d4 method=java.net.URLStreamHandler.equals(Ljava/net/URL;Ljava/net/URL;)Z @ 33
Event: 124.035 Thread 0x00007ff4383eb800 Uncommon trap: reason=unstable_if action=reinterpret pc=0x000000010f9896dc method=java.lang.String.lastIndexOf([CII[CIII)I @ 118
Event: 124.303 Thread 0x00007ff4383eb800 Uncommon trap: reason=class_check action=maybe_recompile pc=0x000000010f8f05d4 method=java.net.URLStreamHandler.equals(Ljava/net/URL;Ljava/net/URL;)Z @ 33
Event: 124.304 Thread 0x00007ff4383eb800 Uncommon trap: reason=class_check action=maybe_recompile pc=0x000000010f8f05d4 method=java.net.URLStreamHandler.equals(Ljava/net/URL;Ljava/net/URL;)Z @ 33

Classes redefined (0 events):
No events

Internal exceptions (10 events):
Event: 95.469 Thread 0x00007ff43f652000 Exception <a 'java/lang/NoSuchMethodError': java.lang.Object.$anonfun$dfAnnotate$2(Lscala/collection/Seq;)Lscala/collection/Seq;> (0x00000006a44e0398) thrown at [/System/Volumes/Data/jenkins/workspace/8-2-build-macosx-x64/jdk8u361/3183/hotspot/src/share/v
Event: 95.688 Thread 0x00007ff43f652000 Exception <a 'java/lang/NoSuchMethodError': java.lang.Object.$anonfun$prepareArguments$2(Lorg/apache/spark/sql/catalyst/expressions/objects/InvokeLike;Lorg/apache/spark/sql/catalyst/expressions/codegen/CodegenContext;Lorg/apache/spark/sql/catalyst/express
Event: 96.027 Thread 0x00007ff43f652000 Exception <a 'java/lang/NoSuchMethodError': java.lang.Object.$anonfun$_lookup$1(Lcom/johnsnowlabs/storage/StorageReader;Ljava/lang/String;)Lscala/Option;> (0x00000006a7b31d18) thrown at [/System/Volumes/Data/jenkins/workspace/8-2-build-macosx-x64/jdk8u361
Event: 96.030 Thread 0x00007ff43f652000 Exception <a 'java/lang/NoSuchMethodError': java.lang.Object.$anonfun$fromBytes$1()F> (0x00000006a7b3ab78) thrown at [/System/Volumes/Data/jenkins/workspace/8-2-build-macosx-x64/jdk8u361/3183/hotspot/src/share/vm/interpreter/linkResolver.cpp, line 620]
Event: 96.035 Thread 0x00007ff43f652000 Exception <a 'java/lang/NoSuchMethodError': java.lang.Object.$anonfun$fromBytes$2([FLjava/nio/ByteBuffer;I)V> (0x00000006a7b9b170) thrown at [/System/Volumes/Data/jenkins/workspace/8-2-build-macosx-x64/jdk8u361/3183/hotspot/src/share/vm/interpreter/linkRe
Event: 96.040 Thread 0x00007ff43f652000 Exception <a 'java/lang/NoSuchMethodError': java.lang.Object.$anonfun$getReader$1(Lcom/johnsnowlabs/storage/HasStorageReader;Lscala/runtime/LazyRef;Lcom/johnsnowlabs/storage/Database;)Lcom/johnsnowlabs/storage/StorageReader;> (0x00000006a7bea4e0) thrown a
Event: 96.467 Thread 0x00007ff4383eb800 Exception <a 'java/lang/NoSuchMethodError': java.lang.Object.$anonfun$extractInputs$1(Ljava/lang/String;I)Ljava/lang/String;> (0x00000006a3251418) thrown at [/System/Volumes/Data/jenkins/workspace/8-2-build-macosx-x64/jdk8u361/3183/hotspot/src/share/vm/in
Event: 122.513 Thread 0x00007ff43f1ad800 Exception <a 'java/lang/NoSuchMethodError': <clinit>> (0x00000006a5a08438) thrown at [/System/Volumes/Data/jenkins/workspace/8-2-build-macosx-x64/jdk8u361/3183/hotspot/src/share/vm/prims/jni.cpp, line 1615]
Event: 122.518 Thread 0x00007ff43f1ad800 Exception <a 'java/lang/NoSuchMethodError': <clinit>> (0x00000006a5a149a8) thrown at [/System/Volumes/Data/jenkins/workspace/8-2-build-macosx-x64/jdk8u361/3183/hotspot/src/share/vm/prims/jni.cpp, line 1615]
Event: 122.570 Thread 0x00007ff43b020800 Exception <a 'java/lang/NoSuchMethodError': java.lang.Object.lambda$static$0(Ljava/lang/Throwable;)Z> (0x00000006a663bb30) thrown at [/System/Volumes/Data/jenkins/workspace/8-2-build-macosx-x64/jdk8u361/3183/hotspot/src/share/vm/interpreter/linkResolver.c

Events (10 events):
Event: 124.071 Thread 0x00007ff4383eb800 DEOPT PACKING pc=0x000000010fc43584 sp=0x000000030e7e4fb0
Event: 124.071 Thread 0x00007ff4383eb800 DEOPT UNPACKING pc=0x000000010f79b404 sp=0x000000030e7e4d28 mode 0
Event: 124.076 Thread 0x00007ff4383eb800 DEOPT PACKING pc=0x000000010fc43584 sp=0x000000030e7e4fb0
Event: 124.076 Thread 0x00007ff4383eb800 DEOPT UNPACKING pc=0x000000010f79b404 sp=0x000000030e7e4d28 mode 0
Event: 124.303 Thread 0x00007ff4383eb800 Uncommon trap: trap_request=0xffffffde fr.pc=0x000000010f8f05d4
Event: 124.303 Thread 0x00007ff4383eb800 DEOPT PACKING pc=0x000000010f8f05d4 sp=0x000000030e7e5c30
Event: 124.303 Thread 0x00007ff4383eb800 DEOPT UNPACKING pc=0x000000010f7997ba sp=0x000000030e7e5be0 mode 2
Event: 124.304 Thread 0x00007ff4383eb800 Uncommon trap: trap_request=0xffffffde fr.pc=0x000000010f8f05d4
Event: 124.304 Thread 0x00007ff4383eb800 DEOPT PACKING pc=0x000000010f8f05d4 sp=0x000000030e7e5c30
Event: 124.304 Thread 0x00007ff4383eb800 DEOPT UNPACKING pc=0x000000010f7997ba sp=0x000000030e7e5be0 mode 2


Dynamic libraries:
0x00007ff82a38c000 	/System/Library/Frameworks/Cocoa.framework/Versions/A/Cocoa
0x00007ff814e83000 	/System/Library/Frameworks/AppKit.framework/Versions/C/AppKit
0x00007ff817b3e000 	/System/Library/Frameworks/CoreData.framework/Versions/A/CoreData
0x00007ff812b6e000 	/System/Library/Frameworks/Foundation.framework/Versions/C/Foundation
0x00007ff81defe000 	/usr/lib/libSystem.B.dylib
0x00007ff815e8c000 	/System/Library/PrivateFrameworks/UIFoundation.framework/Versions/A/UIFoundation
0x00007ffb129eb000 	/System/Library/PrivateFrameworks/CollectionViewCore.framework/Versions/A/CollectionViewCore
0x00007ff82434a000 	/System/Library/PrivateFrameworks/RemoteViewServices.framework/Versions/A/RemoteViewServices
0x00007ff81bfa5000 	/System/Library/PrivateFrameworks/XCTTargetBootstrap.framework/Versions/A/XCTTargetBootstrap
0x00007ff81fe2d000 	/System/Library/PrivateFrameworks/InternationalSupport.framework/Versions/A/InternationalSupport
0x00007ff81feb6000 	/System/Library/PrivateFrameworks/UserActivity.framework/Versions/A/UserActivity
0x00007ffb28cbd000 	/System/Library/PrivateFrameworks/WindowManagement.framework/Versions/A/WindowManagement
0x00007ff812858000 	/System/Library/Frameworks/SystemConfiguration.framework/Versions/A/SystemConfiguration
0x00007ff81f22a000 	/usr/lib/libspindump.dylib
0x00007ff81605a000 	/System/Library/Frameworks/UniformTypeIdentifiers.framework/Versions/A/UniformTypeIdentifiers
0x00007ff81a485000 	/usr/lib/libapp_launch_measurement.dylib
0x00007ff8190f9000 	/System/Library/PrivateFrameworks/CoreAnalytics.framework/Versions/A/CoreAnalytics
0x00007ff81a488000 	/System/Library/PrivateFrameworks/CoreAutoLayout.framework/Versions/A/CoreAutoLayout
0x00007ff81b819000 	/System/Library/Frameworks/Metal.framework/Versions/A/Metal
0x00007ff81c768000 	/usr/lib/liblangid.dylib
0x00007ff81bfaa000 	/System/Library/PrivateFrameworks/CoreSVG.framework/Versions/A/CoreSVG
0x00007ff816994000 	/System/Library/PrivateFrameworks/SkyLight.framework/Versions/A/SkyLight
0x00007ff816d7e000 	/System/Library/Frameworks/CoreGraphics.framework/Versions/A/CoreGraphics
0x00007ff824a1c000 	/System/Library/Frameworks/Accelerate.framework/Versions/A/Accelerate
0x00007ff81ec9f000 	/System/Library/PrivateFrameworks/IconServices.framework/Versions/A/IconServices
0x00007ff81b7fc000 	/System/Library/Frameworks/IOSurface.framework/Versions/A/IOSurface
0x00007ff819123000 	/usr/lib/libDiagnosticMessagesClient.dylib
0x00007ff81de14000 	/usr/lib/libz.1.dylib
0x00007ff827f9e000 	/System/Library/Frameworks/ApplicationServices.framework/Versions/A/ApplicationServices
0x00007ff81bf91000 	/System/Library/PrivateFrameworks/DFRFoundation.framework/Versions/A/DFRFoundation
0x00007ff81474b000 	/usr/lib/libicucore.A.dylib
0x00007ff820cd0000 	/System/Library/Frameworks/AudioToolbox.framework/Versions/A/AudioToolbox
0x00007ff81fe38000 	/System/Library/PrivateFrameworks/DataDetectorsCore.framework/Versions/A/DataDetectorsCore
0x00007ff919623000 	/System/Library/PrivateFrameworks/TextInput.framework/Versions/A/TextInput
0x00007ff816909000 	/usr/lib/libMobileGestalt.dylib
0x00007ff81bc99000 	/System/Library/Frameworks/Carbon.framework/Versions/A/Frameworks/HIToolbox.framework/Versions/A/HIToolbox
0x00007ff819e26000 	/System/Library/Frameworks/QuartzCore.framework/Versions/A/QuartzCore
0x00007ff8143c9000 	/System/Library/Frameworks/Security.framework/Versions/A/Security
0x00007ff824382000 	/System/Library/Frameworks/Carbon.framework/Versions/A/Frameworks/SpeechRecognition.framework/Versions/A/SpeechRecognition
0x00007ff81a1c5000 	/System/Library/PrivateFrameworks/CoreUI.framework/Versions/A/CoreUI
0x00007ff813caa000 	/System/Library/Frameworks/CoreAudio.framework/Versions/A/CoreAudio
0x00007ff8191fd000 	/System/Library/Frameworks/DiskArbitration.framework/Versions/A/DiskArbitration
0x00007ff81f648000 	/System/Library/PrivateFrameworks/MultitouchSupport.framework/Versions/A/MultitouchSupport
0x00007ff816908000 	/usr/lib/libenergytrace.dylib
0x00007ff814d65000 	/System/Library/Frameworks/IOKit.framework/Versions/A/IOKit
0x00007ff82477b000 	/System/Library/Frameworks/CoreServices.framework/Versions/A/CoreServices
0x00007ff81a41d000 	/System/Library/PrivateFrameworks/PerformanceAnalysis.framework/Versions/A/PerformanceAnalysis
0x00007ffa27f19000 	/System/Library/Frameworks/OpenGL.framework/Versions/A/OpenGL
0x00007ff81a4d0000 	/usr/lib/libxml2.2.dylib
0x00007ff81d374000 	/System/Library/PrivateFrameworks/MobileKeyBag.framework/Versions/A/MobileKeyBag
0x00007ff8119e8000 	/usr/lib/libobjc.A.dylib
0x00007ff811cae000 	/usr/lib/libc++.1.dylib
0x00007ff8175a0000 	/System/Library/Frameworks/ColorSync.framework/Versions/A/ColorSync
0x00007ff811db9000 	/System/Library/Frameworks/CoreFoundation.framework/Versions/A/CoreFoundation
0x00007ff81c345000 	/System/Library/Frameworks/CoreImage.framework/Versions/A/CoreImage
0x00007ff813abb000 	/System/Library/Frameworks/CoreText.framework/Versions/A/CoreText
0x00007ff81bfe2000 	/System/Library/Frameworks/ImageIO.framework/Versions/A/ImageIO
0x00007ff81df04000 	/System/Library/PrivateFrameworks/SoftLinking.framework/Versions/A/SoftLinking
0x00007ff81e184000 	/usr/lib/libcompression.dylib
0x00007ff81fd5f000 	/System/Library/PrivateFrameworks/TextureIO.framework/Versions/A/TextureIO
0x00007ff81e8cf000 	/usr/lib/libate.dylib
0x00007ff81def9000 	/usr/lib/system/libcache.dylib
0x00007ff81deb4000 	/usr/lib/system/libcommonCrypto.dylib
0x00007ff81dedd000 	/usr/lib/system/libcompiler_rt.dylib
0x00007ff81ded3000 	/usr/lib/system/libcopyfile.dylib
0x00007ff811b17000 	/usr/lib/system/libcorecrypto.dylib
0x00007ff811bdb000 	/usr/lib/system/libdispatch.dylib
0x00007ff811d63000 	/usr/lib/system/libdyld.dylib
0x00007ff81deef000 	/usr/lib/system/libkeymgr.dylib
0x00007ff81de93000 	/usr/lib/system/libmacho.dylib
0x00007ff81d461000 	/usr/lib/system/libquarantine.dylib
0x00007ff81deed000 	/usr/lib/system/libremovefile.dylib
0x00007ff816962000 	/usr/lib/system/libsystem_asl.dylib
0x00007ff811ab9000 	/usr/lib/system/libsystem_blocks.dylib
0x00007ff811c25000 	/usr/lib/system/libsystem_c.dylib
0x00007ff81dee5000 	/usr/lib/system/libsystem_collections.dylib
0x00007ff81c759000 	/usr/lib/system/libsystem_configuration.dylib
0x00007ff81b7cd000 	/usr/lib/system/libsystem_containermanager.dylib
0x00007ff81db4c000 	/usr/lib/system/libsystem_coreservices.dylib
0x00007ff8149df000 	/usr/lib/system/libsystem_darwin.dylib
0x00007ff81def0000 	/usr/lib/system/libsystem_dnssd.dylib
0x00007ff811c22000 	/usr/lib/system/libsystem_featureflags.dylib
0x00007ff811d8e000 	/usr/lib/system/libsystem_info.dylib
0x00007ff81de27000 	/usr/lib/system/libsystem_m.dylib
0x00007ff811bae000 	/usr/lib/system/libsystem_malloc.dylib
0x00007ff8168f1000 	/usr/lib/system/libsystem_networkextension.dylib
0x00007ff814e24000 	/usr/lib/system/libsystem_notify.dylib
0x00007ff81c75d000 	/usr/lib/system/libsystem_sandbox.dylib
0x00007ff81deea000 	/usr/lib/system/libsystem_secinit.dylib
0x00007ff811d1d000 	/usr/lib/system/libsystem_kernel.dylib
0x00007ff811d84000 	/usr/lib/system/libsystem_platform.dylib
0x00007ff811d57000 	/usr/lib/system/libsystem_pthread.dylib
0x00007ff8183b2000 	/usr/lib/system/libsystem_symptoms.dylib
0x00007ff811afd000 	/usr/lib/system/libsystem_trace.dylib
0x00007ff81dec0000 	/usr/lib/system/libunwind.dylib
0x00007ff811abd000 	/usr/lib/system/libxpc.dylib
0x00007ff811d07000 	/usr/lib/libc++abi.dylib
0x00007ff81decb000 	/usr/lib/liboah.dylib
0x00007ff81e65f000 	/usr/lib/liblzma.5.dylib
0x00007ff81df00000 	/usr/lib/libfakelink.dylib
0x00007ff81654b000 	/System/Library/Frameworks/CFNetwork.framework/Versions/A/CFNetwork
0x00007ff81e03d000 	/usr/lib/libarchive.2.dylib
0x00007ff822623000 	/System/Library/Frameworks/Combine.framework/Versions/A/Combine
0x00007ff820748000 	/usr/lib/swift/libswiftCore.dylib
0x00007ff916668000 	/usr/lib/swift/libswiftCoreFoundation.dylib
0x00007ff914621000 	/usr/lib/swift/libswiftDarwin.dylib
0x00007ff825f9d000 	/usr/lib/swift/libswiftDispatch.dylib
0x00007ff916684000 	/usr/lib/swift/libswiftIOKit.dylib
0x00007ff8283d7000 	/usr/lib/swift/libswiftObjectiveC.dylib
0x00007ff916679000 	/usr/lib/swift/libswiftXPC.dylib
0x00007ffb2f597000 	/usr/lib/swift/libswift_Concurrency.dylib
0x00007ffb2f6d6000 	/usr/lib/swift/libswift_StringProcessing.dylib
0x00007ff8283db000 	/usr/lib/swift/libswiftos.dylib
0x00007ff814ce6000 	/System/Library/PrivateFrameworks/CoreServicesInternal.framework/Versions/A/CoreServicesInternal
0x00007ff81d488000 	/usr/lib/libbsm.0.dylib
0x00007ff81de98000 	/usr/lib/system/libkxld.dylib
0x00007ff81a451000 	/System/Library/Frameworks/CoreServices.framework/Versions/A/Frameworks/FSEvents.framework/Versions/A/FSEvents
0x00007ff8149ea000 	/System/Library/Frameworks/CoreServices.framework/Versions/A/Frameworks/CarbonCore.framework/Versions/A/CarbonCore
0x00007ff819166000 	/System/Library/Frameworks/CoreServices.framework/Versions/A/Frameworks/Metadata.framework/Versions/A/Metadata
0x00007ff81db52000 	/System/Library/Frameworks/CoreServices.framework/Versions/A/Frameworks/OSServices.framework/Versions/A/OSServices
0x00007ff81e0c5000 	/System/Library/Frameworks/CoreServices.framework/Versions/A/Frameworks/SearchKit.framework/Versions/A/SearchKit
0x00007ff818339000 	/System/Library/Frameworks/CoreServices.framework/Versions/A/Frameworks/AE.framework/Versions/A/AE
0x00007ff812251000 	/System/Library/Frameworks/CoreServices.framework/Versions/A/Frameworks/LaunchServices.framework/Versions/A/LaunchServices
0x00007ff81e610000 	/System/Library/Frameworks/CoreServices.framework/Versions/A/Frameworks/DictionaryServices.framework/Versions/A/DictionaryServices
0x00007ff81a45e000 	/System/Library/Frameworks/CoreServices.framework/Versions/A/Frameworks/SharedFileList.framework/Versions/A/SharedFileList
0x00007ff81e151000 	/usr/lib/libapple_nghttp2.dylib
0x00007ff816547000 	/usr/lib/libnetwork.dylib
0x00007ff817fb7000 	/usr/lib/libsqlite3.dylib
0x00007ff8183ba000 	/System/Library/Frameworks/Network.framework/Versions/A/Network
0x00007ffb2e581000 	/usr/lib/libCoreEntitlements.dylib
0x00007ffb1bebc000 	/System/Library/PrivateFrameworks/MessageSecurity.framework/Versions/A/MessageSecurity
0x00007ff817f9e000 	/System/Library/PrivateFrameworks/ProtocolBuffer.framework/Versions/A/ProtocolBuffer
0x00007ff81db2b000 	/System/Library/PrivateFrameworks/AppleFSCompression.framework/Versions/A/AppleFSCompression
0x00007ff81d470000 	/usr/lib/libcoretls.dylib
0x00007ff81e679000 	/usr/lib/libcoretls_cfhelpers.dylib
0x00007ff81e17e000 	/usr/lib/libpam.2.dylib
0x00007ff81e6e7000 	/usr/lib/libxar.1.dylib
0x00007ff81ec7b000 	/usr/lib/libheimdal-asn1.dylib
0x00007ff81df05000 	/usr/lib/libpcap.A.dylib
0x00007ff8183a9000 	/usr/lib/libdns_services.dylib
0x00007ff81c764000 	/System/Library/PrivateFrameworks/AppleSystemInfo.framework/Versions/A/AppleSystemInfo
0x00007ff81d17d000 	/System/Library/PrivateFrameworks/IOMobileFramebuffer.framework/Versions/A/IOMobileFramebuffer
0x00007ff81db3c000 	/usr/lib/libbz2.1.0.dylib
0x00007ff81d464000 	/usr/lib/libCheckFix.dylib
0x00007ff816979000 	/System/Library/PrivateFrameworks/TCC.framework/Versions/A/TCC
0x00007ff81c76a000 	/System/Library/PrivateFrameworks/CoreNLP.framework/Versions/A/CoreNLP
0x00007ff819125000 	/System/Library/PrivateFrameworks/MetadataUtilities.framework/Versions/A/MetadataUtilities
0x00007ff81d498000 	/usr/lib/libmecab.dylib
0x00007ff8128d7000 	/usr/lib/libCRFSuite.dylib
0x00007ff81d4f2000 	/usr/lib/libgermantok.dylib
0x00007ff81e12c000 	/usr/lib/libThaiTokenizer.dylib
0x00007ff819205000 	/System/Library/Frameworks/Accelerate.framework/Versions/A/Frameworks/vImage.framework/Versions/A/vImage
0x00007ff82474e000 	/System/Library/Frameworks/Accelerate.framework/Versions/A/Frameworks/vecLib.framework/Versions/A/vecLib
0x00007ff81e729000 	/System/Library/Frameworks/Accelerate.framework/Versions/A/Frameworks/vecLib.framework/Versions/A/libvMisc.dylib
0x00007ff81cf78000 	/System/Library/Frameworks/Accelerate.framework/Versions/A/Frameworks/vecLib.framework/Versions/A/libvDSP.dylib
0x00007ff81260d000 	/System/Library/Frameworks/Accelerate.framework/Versions/A/Frameworks/vecLib.framework/Versions/A/libBLAS.dylib
0x00007ff81e263000 	/System/Library/Frameworks/Accelerate.framework/Versions/A/Frameworks/vecLib.framework/Versions/A/libLAPACK.dylib
0x00007ff81d4f5000 	/System/Library/Frameworks/Accelerate.framework/Versions/A/Frameworks/vecLib.framework/Versions/A/libLinearAlgebra.dylib
0x00007ff81e169000 	/System/Library/Frameworks/Accelerate.framework/Versions/A/Frameworks/vecLib.framework/Versions/A/libSparseBLAS.dylib
0x00007ff81e25d000 	/System/Library/Frameworks/Accelerate.framework/Versions/A/Frameworks/vecLib.framework/Versions/A/libQuadrature.dylib
0x00007ff81c856000 	/System/Library/Frameworks/Accelerate.framework/Versions/A/Frameworks/vecLib.framework/Versions/A/libBNNS.dylib
0x00007ff8127e1000 	/System/Library/Frameworks/Accelerate.framework/Versions/A/Frameworks/vecLib.framework/Versions/A/libSparse.dylib
0x00007ffb1b1bb000 	/System/Library/PrivateFrameworks/MIL.framework/Versions/A/MIL
0x00007ff81df3a000 	/usr/lib/libiconv.2.dylib
0x00007ff81de92000 	/usr/lib/libcharset.1.dylib
0x00007ff81a435000 	/System/Library/Frameworks/OpenDirectory.framework/Versions/A/Frameworks/CFOpenDirectory.framework/Versions/A/CFOpenDirectory
0x00007ff81a429000 	/System/Library/Frameworks/OpenDirectory.framework/Versions/A/OpenDirectory
0x00007ff81e67b000 	/System/Library/PrivateFrameworks/APFS.framework/Versions/A/APFS
0x00007ff81d3a7000 	/System/Library/Frameworks/SecurityFoundation.framework/Versions/A/SecurityFoundation
0x00007ff81e6f5000 	/usr/lib/libutil.dylib
0x00007ffb1a34c000 	/System/Library/PrivateFrameworks/InstalledContentLibrary.framework/Versions/A/InstalledContentLibrary
0x00007ff814d29000 	/System/Library/PrivateFrameworks/CoreServicesStore.framework/Versions/A/CoreServicesStore
0x00007ffa31523000 	/System/Library/PrivateFrameworks/AppleMobileFileIntegrity.framework/Versions/A/AppleMobileFileIntegrity
0x00007ff916648000 	/usr/lib/libmis.dylib
0x00007ff924c7a000 	/System/Library/PrivateFrameworks/MobileSystemServices.framework/Versions/A/MobileSystemServices
0x00007ffa1ee14000 	/System/Library/PrivateFrameworks/ConfigProfileHelper.framework/Versions/A/ConfigProfileHelper
0x00007ff81e12e000 	/System/Library/PrivateFrameworks/AppleSauce.framework/Versions/A/AppleSauce
0x00007ff813580000 	/System/Library/PrivateFrameworks/LanguageModeling.framework/Versions/A/LanguageModeling
0x00007ff81e6f9000 	/usr/lib/libxslt.1.dylib
0x00007ff81e02c000 	/usr/lib/libcmph.dylib
0x00007ff81d16b000 	/System/Library/PrivateFrameworks/CoreEmoji.framework/Versions/A/CoreEmoji
0x00007ff81c850000 	/System/Library/PrivateFrameworks/LinguisticData.framework/Versions/A/LinguisticData
0x00007ff812797000 	/System/Library/PrivateFrameworks/Lexicon.framework/Versions/A/Lexicon
0x00007ff81d435000 	/System/Library/PrivateFrameworks/BackgroundTaskManagement.framework/Versions/A/BackgroundTaskManagement
0x00007ffb2e6bb000 	/usr/lib/libTLE.dylib
0x00007ffb2f61b000 	/usr/lib/swift/libswift_RegexParser.dylib
0x00007ff81f512000 	/System/Library/PrivateFrameworks/AppleJPEG.framework/Versions/A/AppleJPEG
0x00007ff81ec60000 	/usr/lib/libexpat.1.dylib
0x00007ff81fbbc000 	/System/Library/Frameworks/ImageIO.framework/Versions/A/Resources/libPng.dylib
0x00007ff81fbe9000 	/System/Library/Frameworks/ImageIO.framework/Versions/A/Resources/libTIFF.dylib
0x00007ff81fcd9000 	/System/Library/Frameworks/ImageIO.framework/Versions/A/Resources/libGIF.dylib
0x00007ff81f55d000 	/System/Library/Frameworks/ImageIO.framework/Versions/A/Resources/libJP2.dylib
0x00007ff81fc79000 	/System/Library/Frameworks/ImageIO.framework/Versions/A/Resources/libJPEG.dylib
0x00007ff81fc70000 	/System/Library/Frameworks/ImageIO.framework/Versions/A/Resources/libRadiance.dylib
0x00007ff81bb2f000 	/System/Library/PrivateFrameworks/FontServices.framework/libFontParser.dylib
0x00007ff8182de000 	/System/Library/PrivateFrameworks/RunningBoardServices.framework/Versions/A/RunningBoardServices
0x00007ff82a9c9000 	/System/Library/PrivateFrameworks/IOSurfaceAccelerator.framework/Versions/A/IOSurfaceAccelerator
0x00007ff81f644000 	/System/Library/PrivateFrameworks/WatchdogClient.framework/Versions/A/WatchdogClient
0x00007ff8136e2000 	/System/Library/Frameworks/CoreDisplay.framework/Versions/A/CoreDisplay
0x00007ff81ba1e000 	/System/Library/Frameworks/CoreMedia.framework/Versions/A/CoreMedia
0x00007ff81b810000 	/System/Library/PrivateFrameworks/IOAccelerator.framework/Versions/A/IOAccelerator
0x00007ff81a5af000 	/System/Library/Frameworks/CoreVideo.framework/Versions/A/CoreVideo
0x00007ff81e17c000 	/System/Library/Frameworks/MetalPerformanceShaders.framework/Versions/A/MetalPerformanceShaders
0x00007ff81f681000 	/System/Library/Frameworks/VideoToolbox.framework/Versions/A/VideoToolbox
0x00007ff818222000 	/System/Library/PrivateFrameworks/BaseBoard.framework/Versions/A/BaseBoard
0x00007ff81fc69000 	/System/Library/PrivateFrameworks/GPUWrangler.framework/Versions/A/GPUWrangler
0x00007ff81fc4d000 	/System/Library/PrivateFrameworks/IOPresentment.framework/Versions/A/IOPresentment
0x00007ff81fc73000 	/System/Library/PrivateFrameworks/DSExternalDisplay.framework/Versions/A/DSExternalDisplay
0x00007ffb169bb000 	/System/Library/PrivateFrameworks/GPUCompiler.framework/Versions/31001/Libraries/libllvm-flatbuffers.dylib
0x00007ffa27f0d000 	/System/Library/Frameworks/OpenGL.framework/Versions/A/Libraries/libCoreFSCache.dylib
0x00007ffb169b7000 	/System/Library/PrivateFrameworks/GPUCompiler.framework/Versions/31001/Libraries/libGPUCompilerUtils.dylib
0x00007ff81fcdf000 	/System/Library/PrivateFrameworks/CMCaptureCore.framework/Versions/A/CMCaptureCore
0x00007ffa2b9f5000 	/System/Library/Frameworks/ExtensionFoundation.framework/Versions/A/ExtensionFoundation
0x00007ff82671a000 	/System/Library/PrivateFrameworks/CoreTime.framework/Versions/A/CoreTime
0x00007ff81f214000 	/System/Library/PrivateFrameworks/AppServerSupport.framework/Versions/A/AppServerSupport
0x00007ff82159b000 	/System/Library/PrivateFrameworks/perfdata.framework/Versions/A/perfdata
0x00007ff81380e000 	/System/Library/PrivateFrameworks/AudioToolboxCore.framework/Versions/A/AudioToolboxCore
0x00007ff81b9f8000 	/System/Library/PrivateFrameworks/caulk.framework/Versions/A/caulk
0x00007ff820e68000 	/usr/lib/libAudioStatistics.dylib
0x00007ff915acb000 	/System/Library/PrivateFrameworks/SystemPolicy.framework/Versions/A/SystemPolicy
0x00007ff821106000 	/usr/lib/libSMC.dylib
0x00007ff82a231000 	/System/Library/Frameworks/CoreMIDI.framework/Versions/A/CoreMIDI
0x00007ff81fb8a000 	/usr/lib/libAudioToolboxUtility.dylib
0x00007ff82f764000 	/System/Library/PrivateFrameworks/OSAServicesClient.framework/Versions/A/OSAServicesClient
0x00007ff8215a8000 	/usr/lib/libperfcheck.dylib
0x00007ff81eb44000 	/System/Library/PrivateFrameworks/PlugInKit.framework/Versions/A/PlugInKit
0x00007ff81d39a000 	/System/Library/PrivateFrameworks/AssertionServices.framework/Versions/A/AssertionServices
0x00007ffa27f68000 	/System/Library/Frameworks/OpenGL.framework/Versions/A/Libraries/libGLU.dylib
0x00007ffa27f2c000 	/System/Library/Frameworks/OpenGL.framework/Versions/A/Libraries/libGFXShared.dylib
0x00007ffa28135000 	/System/Library/Frameworks/OpenGL.framework/Versions/A/Libraries/libGL.dylib
0x00007ffa27f35000 	/System/Library/Frameworks/OpenGL.framework/Versions/A/Libraries/libGLImage.dylib
0x00007ffa27f29000 	/System/Library/Frameworks/OpenGL.framework/Versions/A/Libraries/libCVMSPluginSupport.dylib
0x00007ffb2e69a000 	/usr/lib/libRosetta.dylib
0x00007ffa27f14000 	/System/Library/Frameworks/OpenGL.framework/Versions/A/Libraries/libCoreVMClient.dylib
0x00007ff81c6dd000 	/System/Library/Frameworks/MetalPerformanceShaders.framework/Versions/A/Frameworks/MPSCore.framework/Versions/A/MPSCore
0x00007ff81da95000 	/System/Library/Frameworks/MetalPerformanceShaders.framework/Versions/A/Frameworks/MPSImage.framework/Versions/A/MPSImage
0x00007ff81d50b000 	/System/Library/Frameworks/MetalPerformanceShaders.framework/Versions/A/Frameworks/MPSNeuralNetwork.framework/Versions/A/MPSNeuralNetwork
0x00007ff81d97e000 	/System/Library/Frameworks/MetalPerformanceShaders.framework/Versions/A/Frameworks/MPSMatrix.framework/Versions/A/MPSMatrix
0x00007ff81d739000 	/System/Library/Frameworks/MetalPerformanceShaders.framework/Versions/A/Frameworks/MPSRayIntersector.framework/Versions/A/MPSRayIntersector
0x00007ff81d9b9000 	/System/Library/Frameworks/MetalPerformanceShaders.framework/Versions/A/Frameworks/MPSNDArray.framework/Versions/A/MPSNDArray
0x00007ffa2cd65000 	/System/Library/Frameworks/MetalPerformanceShaders.framework/Versions/A/Frameworks/MPSFunctions.framework/Versions/A/MPSFunctions
0x00007ff8124ce000 	/System/Library/PrivateFrameworks/MetalTools.framework/Versions/A/MetalTools
0x00007ff81c763000 	/System/Library/PrivateFrameworks/AggregateDictionary.framework/Versions/A/AggregateDictionary
0x00007ff81e9ff000 	/usr/lib/libIOReport.dylib
0x00007ffa28bfc000 	/System/Library/Frameworks/OpenCL.framework/Versions/A/OpenCL
0x00007ff81eda6000 	/System/Library/PrivateFrameworks/GraphVisualizer.framework/Versions/A/GraphVisualizer
0x00007ffb168cc000 	/System/Library/PrivateFrameworks/FontServices.framework/Versions/A/FontServices
0x00007ff81f1cf000 	/System/Library/PrivateFrameworks/OTSVG.framework/Versions/A/OTSVG
0x00007ff81a179000 	/System/Library/Frameworks/ApplicationServices.framework/Versions/A/Frameworks/ATS.framework/Versions/A/Resources/libFontRegistry.dylib
0x00007ff81f21e000 	/System/Library/PrivateFrameworks/FontServices.framework/libhvf.dylib
0x00007ffb168cd000 	/System/Library/PrivateFrameworks/FontServices.framework/libXTFontStaticRegistryData.dylib
0x00007ffb27b66000 	/System/Library/PrivateFrameworks/VideoToolboxParavirtualizationSupport.framework/Versions/A/VideoToolboxParavirtualizationSupport
0x00007ff81ec10000 	/System/Library/PrivateFrameworks/AppleVA.framework/Versions/A/AppleVA
0x00007ff820ea8000 	/System/Library/Frameworks/ApplicationServices.framework/Versions/A/Frameworks/ATS.framework/Versions/A/ATS
0x00007ff817690000 	/System/Library/Frameworks/ApplicationServices.framework/Versions/A/Frameworks/HIServices.framework/Versions/A/HIServices
0x00007ff81fceb000 	/System/Library/Frameworks/ApplicationServices.framework/Versions/A/Frameworks/PrintCore.framework/Versions/A/PrintCore
0x00007ff82125b000 	/System/Library/Frameworks/ApplicationServices.framework/Versions/A/Frameworks/QD.framework/Versions/A/QD
0x00007ff821253000 	/System/Library/Frameworks/ApplicationServices.framework/Versions/A/Frameworks/ColorSyncLegacy.framework/Versions/A/ColorSyncLegacy
0x00007ff820e7c000 	/System/Library/Frameworks/ApplicationServices.framework/Versions/A/Frameworks/SpeechSynthesis.framework/Versions/A/SpeechSynthesis
0x00007ff81fca9000 	/System/Library/Frameworks/ApplicationServices.framework/Versions/A/Frameworks/ATSUI.framework/Versions/A/ATSUI
0x00007ff8211e6000 	/usr/lib/libcups.2.dylib
0x00007ff8215b7000 	/System/Library/Frameworks/Kerberos.framework/Versions/A/Kerberos
0x00007ff8215c6000 	/System/Library/Frameworks/GSS.framework/Versions/A/GSS
0x00007ff820f16000 	/usr/lib/libresolv.9.dylib
0x00007ff81f22f000 	/System/Library/PrivateFrameworks/Heimdal.framework/Versions/A/Heimdal
0x00007ff82835a000 	/System/Library/Frameworks/Kerberos.framework/Versions/A/Libraries/libHeimdalProxy.dylib
0x00007ff821611000 	/System/Library/PrivateFrameworks/CommonAuth.framework/Versions/A/CommonAuth
0x00007ffa2accb000 	/System/Library/Frameworks/AVFAudio.framework/Versions/A/AVFAudio
0x00007ff82f7ad000 	/System/Library/PrivateFrameworks/AXCoreUtilities.framework/Versions/A/AXCoreUtilities
0x00007ff820df8000 	/System/Library/PrivateFrameworks/AudioSession.framework/Versions/A/AudioSession
0x00007ff8223fa000 	/System/Library/Frameworks/IOBluetooth.framework/Versions/A/IOBluetooth
0x00007ff81ed16000 	/System/Library/PrivateFrameworks/MediaExperience.framework/Versions/A/MediaExperience
0x00007ff820c9f000 	/System/Library/PrivateFrameworks/AudioSession.framework/libSessionUtility.dylib
0x00007ff821267000 	/System/Library/PrivateFrameworks/AudioResourceArbitration.framework/Versions/A/AudioResourceArbitration
0x00007ff825353000 	/System/Library/PrivateFrameworks/PowerLog.framework/Versions/A/PowerLog
0x00007ff825295000 	/System/Library/Frameworks/CoreBluetooth.framework/Versions/A/CoreBluetooth
0x00007ff82835b000 	/System/Library/Frameworks/AudioUnit.framework/Versions/A/AudioUnit
0x00007ff81d204000 	/System/Library/PrivateFrameworks/CoreUtils.framework/Versions/A/CoreUtils
0x00007ffb1547d000 	/System/Library/PrivateFrameworks/CoreUtilsExtras.framework/Versions/A/CoreUtilsExtras
0x00007ffb1a1df000 	/System/Library/PrivateFrameworks/IO80211.framework/Versions/A/IO80211
0x00007ff81ec84000 	/System/Library/PrivateFrameworks/IconFoundation.framework/Versions/A/IconFoundation
0x00007ff824372000 	/System/Library/PrivateFrameworks/SpeechRecognitionCore.framework/Versions/A/SpeechRecognitionCore
0x000000010d969000 	/Library/Internet Plug-Ins/JavaAppletPlugin.plugin/Contents/Home/lib/server/libjvm.dylib
0x000000010cb99000 	/Library/Internet Plug-Ins/JavaAppletPlugin.plugin/Contents/Home/lib/libverify.dylib
0x000000010cbf1000 	/Library/Internet Plug-Ins/JavaAppletPlugin.plugin/Contents/Home/lib/libjava.dylib
0x000000010cbbe000 	/Library/Internet Plug-Ins/JavaAppletPlugin.plugin/Contents/Home/lib/libzip.dylib
0x0000000147379000 	/Library/Internet Plug-Ins/JavaAppletPlugin.plugin/Contents/Home/lib/libmanagement.dylib
0x000000014760d000 	/Library/Internet Plug-Ins/JavaAppletPlugin.plugin/Contents/Home/lib/libnet.dylib
0x000000014768a000 	/Library/Internet Plug-Ins/JavaAppletPlugin.plugin/Contents/Home/lib/libnio.dylib
0x00000001485bc000 	/Library/Internet Plug-Ins/JavaAppletPlugin.plugin/Contents/Home/lib/libsunec.dylib
0x0000000149fd6000 	/Library/Internet Plug-Ins/JavaAppletPlugin.plugin/Contents/Home/lib/libjaas_unix.dylib
0x000000014e897000 	/private/var/folders/2l/1pcx9h911c70k9vsjfgymhyh0000gn/T/liblz4-java-5388724445425421145.dylib
0x000000014fd8c000 	/private/var/folders/2l/1pcx9h911c70k9vsjfgymhyh0000gn/T/librocksdbjni3146303228539378702.jnilib
0x000000014fcc3000 	/Users/sofiamurillosanchez/.javacpp/cache/com.johnsnowlabs.nlp_tensorflow-cpu_2.12-0.4.4.jar/org/bytedeco/javacpp/macosx-x86_64/libjnijavacpp.dylib
0x0000000155e4f000 	/Users/sofiamurillosanchez/.javacpp/cache/com.johnsnowlabs.nlp_tensorflow-cpu_2.12-0.4.4.jar/org/tensorflow/internal/c_api/macosx-x86_64/libtensorflow_framework.2.dylib

VM Arguments:
jvm_args: -Xmx16G -XX:+IgnoreUnrecognizedVMOptions --add-opens=java.base/java.lang=ALL-UNNAMED --add-opens=java.base/java.lang.invoke=ALL-UNNAMED --add-opens=java.base/java.lang.reflect=ALL-UNNAMED --add-opens=java.base/java.io=ALL-UNNAMED --add-opens=java.base/java.net=ALL-UNNAMED --add-opens=java.base/java.nio=ALL-UNNAMED --add-opens=java.base/java.util=ALL-UNNAMED --add-opens=java.base/java.util.concurrent=ALL-UNNAMED --add-opens=java.base/java.util.concurrent.atomic=ALL-UNNAMED --add-opens=java.base/sun.nio.ch=ALL-UNNAMED --add-opens=java.base/sun.nio.cs=ALL-UNNAMED --add-opens=java.base/sun.security.action=ALL-UNNAMED --add-opens=java.base/sun.util.calendar=ALL-UNNAMED --add-opens=java.security.jgss/sun.security.krb5=ALL-UNNAMED 
java_command: org.apache.spark.deploy.SparkSubmit --conf spark.master=local[*] --conf spark.driver.memory=16G --conf spark.kryoserializer.buffer.max=2000M --conf spark.driver.maxResultSize=0 --conf spark.jars.packages=com.johnsnowlabs.nlp:spark-nlp_2.12:4.4.1 --conf spark.serializer=org.apache.spark.serializer.KryoSerializer --conf spark.app.name=Spark NLP pyspark-shell
java_class_path (initial): /Users/sofiamurillosanchez/opt/anaconda3/lib/python3.9/site-packages/pyspark/conf:/Users/sofiamurillosanchez/opt/anaconda3/lib/python3.9/site-packages/pyspark/jars/dropwizard-metrics-hadoop-metrics2-reporter-0.1.2.jar:/Users/sofiamurillosanchez/opt/anaconda3/lib/python3.9/site-packages/pyspark/jars/metrics-core-4.2.7.jar:/Users/sofiamurillosanchez/opt/anaconda3/lib/python3.9/site-packages/pyspark/jars/logging-interceptor-3.12.12.jar:/Users/sofiamurillosanchez/opt/anaconda3/lib/python3.9/site-packages/pyspark/jars/hive-shims-2.3.9.jar:/Users/sofiamurillosanchez/opt/anaconda3/lib/python3.9/site-packages/pyspark/jars/netty-resolver-4.1.74.Final.jar:/Users/sofiamurillosanchez/opt/anaconda3/lib/python3.9/site-packages/pyspark/jars/jakarta.xml.bind-api-2.3.2.jar:/Users/sofiamurillosanchez/opt/anaconda3/lib/python3.9/site-packages/pyspark/jars/metrics-jmx-4.2.7.jar:/Users/sofiamurillosanchez/opt/anaconda3/lib/python3.9/site-packages/pyspark/jars/blas-2.2.1.jar:/Users/sofiamurillosanchez/opt/anaconda3/lib/python3.9/site-packages/pyspark/jars/jersey-common-2.36.jar:/Users/sofiamurillosanchez/opt/anaconda3/lib/python3.9/site-packages/pyspark/jars/netty-transport-native-epoll-4.1.74.Final-linux-x86_64.jar:/Users/sofiamurillosanchez/opt/anaconda3/lib/python3.9/site-packages/pyspark/jars/joda-time-2.10.13.jar:/Users/sofiamurillosanchez/opt/anaconda3/lib/python3.9/site-packages/pyspark/jars/spark-catalyst_2.12-3.3.1.jar:/Users/sofiamurillosanchez/opt/anaconda3/lib/python3.9/site-packages/pyspark/jars/jaxb-runtime-2.3.2.jar:/Users/sofiamurillosanchez/opt/anaconda3/lib/python3.9/site-packages/pyspark/jars/netty-transport-native-unix-common-4.1.74.Final.jar:/Users/sofiamurillosanchez/opt/anaconda3/lib/python3.9/site-packages/pyspark/jars/aircompressor-0.21.jar:/Users/sofiamurillosanchez/opt/anaconda3/lib/python3.9/site-packages/pyspark/jars/kubernetes-model-discovery-5.12.2.jar:/Users/sofiamurillosanchez/opt/anaconda3/lib/python3.9/site-packages/pyspark/
Launcher Type: SUN_STANDARD

Environment Variables:
PATH=/Users/sofiamurillosanchez/opt/anaconda3/bin:/Users/sofiamurillosanchez/opt/anaconda3/condabin:/opt/homebrew/bin:/opt/homebrew/sbin:/opt/local/bin:/opt/local/sbin:/opt/homebrew/bin:/opt/homebrew/sbin:/usr/local/bin:/System/Cryptexes/App/usr/bin:/usr/bin:/bin:/usr/sbin:/sbin:/Library/TeX/texbin:/opt/X11/bin:/Library/Apple/usr/bin:/Applications/Wireshark.app/Contents/MacOS
SHELL=/bin/zsh
DISPLAY=/private/tmp/com.apple.launchd.ZdJJoelI2P/org.xquartz:0

Signal Handlers:
SIGSEGV: [libjvm.dylib+0x59e9bf], sa_mask[0]=11111111111111111111111111111111, sa_flags=SA_ONSTACK|SA_RESTART|SA_SIGINFO
SIGBUS: [libjvm.dylib+0x59e9bf], sa_mask[0]=11111111111111111111111111111111, sa_flags=SA_RESTART|SA_SIGINFO
SIGFPE: [libjvm.dylib+0x59e9bf], sa_mask[0]=11111111111111111111111111111111, sa_flags=SA_RESTART|SA_SIGINFO
SIGPIPE: [libjvm.dylib+0x492256], sa_mask[0]=11111111111111111111111111111111, sa_flags=SA_RESTART|SA_SIGINFO
SIGXFSZ: [libjvm.dylib+0x492256], sa_mask[0]=11111111111111111111111111111111, sa_flags=SA_RESTART|SA_SIGINFO
SIGILL: [libjvm.dylib+0x59e9bf], sa_mask[0]=11111111111111111111111111111111, sa_flags=SA_RESTART|SA_SIGINFO
SIGUSR1: SIG_DFL, sa_mask[0]=11111111011111110111111111111111, sa_flags=none
SIGUSR2: [libjvm.dylib+0x49287a], sa_mask[0]=00000000000000000000000000000000, sa_flags=SA_RESTART|SA_SIGINFO
SIGHUP: [libjvm.dylib+0x490a13], sa_mask[0]=11111111111111111111111111111111, sa_flags=SA_RESTART|SA_SIGINFO
SIGINT: SIG_IGN, sa_mask[0]=11111111011111110111111111111111, sa_flags=none
SIGTERM: [libjvm.dylib+0x490a13], sa_mask[0]=11111111111111111111111111111111, sa_flags=SA_RESTART|SA_SIGINFO
SIGQUIT: [libjvm.dylib+0x490a13], sa_mask[0]=11111111111111111111111111111111, sa_flags=SA_RESTART|SA_SIGINFO


---------------  S Y S T E M  ---------------

OS:Bsduname:Darwin 22.3.0 Darwin Kernel Version 22.3.0: Mon Jan 30 20:39:35 PST 2023; root:xnu-8792.81.3~2/RELEASE_ARM64_T8103 x86_64
rlimit: STACK 8176k, CORE 0k, NPROC 1333, NOFILE 10240, AS infinity
load average:7.29 5.24 4.60

CPU:total 8 (initial active 8) (1 cores per cpu, 1 threads per core) family 6 model 44 stepping 0, cmov, cx8, fxsr, mmx, sse, sse2, sse3, ssse3, sse4.1, sse4.2, popcnt, aes, clmul, tsc, tscinvbit, tscinv

Memory: 4k page, physical 8388608k(31940k free)

/proc/meminfo:


vm_info: Java HotSpot(TM) 64-Bit Server VM (25.361-b09) for bsd-amd64 JRE (1.8.0_361-b09), built on Jan  9 2023 08:31:35 by "java_re" with gcc 4.2.1 Compatible Apple LLVM 11.0.0 (clang-1100.0.33.17)

time: Wed May  3 13:26:42 2023
timezone: CDT
elapsed time: 124.497607 seconds (0d 0h 2m 4s)

