#
# A fatal error has been detected by the Java Runtime Environment:
#
#  SIGILL (0x4) at pc=0x000000015446a575, pid=41953, tid=0x0000000000007193
#
# JRE version: Java(TM) SE Runtime Environment (8.0_361) (build 1.8.0_361-b09)
# Java VM: Java HotSpot(TM) 64-Bit Server VM (25.361-b09 mixed mode bsd-amd64 compressed oops)
# Problematic frame:
# C  [libtensorflow_framework.2.dylib+0x22575]  tensorflow::monitoring::MetricDef<(tensorflow::monitoring::MetricKind)1, long long, 2>::MetricDef<char [11], char [7]>(absl::lts_20210324::string_view, absl::lts_20210324::string_view, char const (&) [11], char const (&) [7])+0x125
#
# Failed to write core dump. Core dumps have been disabled. To enable core dumping, try "ulimit -c unlimited" before starting Java again
#
# If you would like to submit a bug report, please visit:
#   http://bugreport.java.com/bugreport/crash.jsp
# The crash happened outside the Java Virtual Machine in native code.
# See problematic frame for where to report the bug.
#

---------------  T H R E A D  ---------------

Current thread (0x00007fcaadfda000):  JavaThread "Thread-4" [_thread_in_native, id=29075, stack(0x000000030b1b9000,0x000000030b2b9000)]

siginfo: si_signo: 4 (SIGILL), si_code: 1 (ILL_ILLOPC), si_addr: 0x000000015446a575

Registers:
RAX=0x000000030b2b3cd9, RBX=0x000000030b2b3d40, RCX=0x000000030b2b3cdf, RDX=0x0000000000000000
RSP=0x000000030b2b3c60, RBP=0x000000030b2b3d20, RSI=0x000000015551a4d4, RDI=0x000000030b2b3cd9
R8 =0x0000000000000073, R9 =0x000000015551a4c3, R10=0x0000000000000090, R11=0x0000000090c0b7fb
R12=0x0000000000000006, R13=0x000000030b2b3cd8, R14=0x000000015551a4ce, R15=0x000000030b2b3cd9
RIP=0x000000015446a575, EFLAGS=0x0000000000000246, ERR=0x0000000000000000
  TRAPNO=0x0000000000000006

Top of Stack: (sp=0x000000030b2b3c60)
0x000000030b2b3c60:   00007ff811cc9492 00007ff811cc7d52
0x000000030b2b3c70:   00007ff811cc7de4 000000015551a489
0x000000030b2b3c80:   0000000000000039 000000000000002d
0x000000030b2b3c90:   000000015551a45b 000000030b2b3d40
0x000000030b2b3ca0:   00007ff811cc8bdc 0000000000000006
0x000000030b2b3cb0:   00007ff811cc0000 0000000000000008
0x000000030b2b3cc0:   705f6c65646f6d14 0000000000687461
0x000000030b2b3cd0:   000000010b0d2000 007375746174730c
0x000000030b2b3ce0:   000000015551a4ce 000000015551a489
0x000000030b2b3cf0:   b0bd35ad648b0002 000000015551a45b
0x000000030b2b3d00:   000000015551a4ce 000000015551a489
0x000000030b2b3d10:   000060000199b210 000000000000002d
0x000000030b2b3d20:   000000030b2b3dc0 0000000154462f9b
0x000000030b2b3d30:   000000015551a4ce 00007ff811cb9ff8
0x000000030b2b3d40:   00007ff811cbb77e 00007ff811cbb79c
0x000000030b2b3d50:   00007ff811cbb74c 00007ff811cbb76a
0x000000030b2b3d60:   00007ff811cc31b6 00007ff811cc30fc
0x000000030b2b3d70:   00007ff811cba50c 00007ff811cb9c0c
0x000000030b2b3d80:   00007ff811cb9be0 00007ff811cb9c66
0x000000030b2b3d90:   000000015551a4c3 000000015551a4c3
0x000000030b2b3da0:   00000001556273c0 0000000154448420
0x000000030b2b3db0:   000000015446e570 000000030b2b4358
0x000000030b2b3dc0:   000000030b2b3e50 000000015446e5a1
0x000000030b2b3dd0:   000000030b2b3e20 0000000202e2a7fb
0x000000030b2b3de0:   000000030b2b4051 0000000000000000
0x000000030b2b3df0:   000000030b2b3fb0 000000030b2b3e68
0x000000030b2b3e00:   00000001556273c0 0000000154448420
0x000000030b2b3e10:   000000015446e570 000000030b2b4358
0x000000030b2b3e20:   000000030b2b3e50 0000000202e2a7cb
0x000000030b2b3e30:   0000000000000000 000000030b2b3e68
0x000000030b2b3e40:   000000015446e570 000000030b2b4358
0x000000030b2b3e50:   000000030b2b3ef0 0000000202e45618 

Instructions: (pc=0x000000015446a575)
0x000000015446a555:   c8 48 83 cb 01 48 89 5d b8 4c 89 65 c0 4c 89 ff
0x000000015446a565:   4c 89 f6 4c 89 e2 e8 a4 32 fd 00 43 c6 04 27 00
0x000000015446a575:   c5 f8 57 c0 c5 f8 29 45 80 48 c7 45 90 00 00 00
0x000000015446a585:   00 bf 30 00 00 00 e8 1e 2f fd 00 48 89 c3 48 89 

Register to memory mapping:

RAX=0x000000030b2b3cd9 is pointing into the stack for thread: 0x00007fcaadfda000
RBX=0x000000030b2b3d40 is pointing into the stack for thread: 0x00007fcaadfda000
RCX=0x000000030b2b3cdf is pointing into the stack for thread: 0x00007fcaadfda000
RDX=0x0000000000000000 is an unknown value
RSP=0x000000030b2b3c60 is pointing into the stack for thread: 0x00007fcaadfda000
RBP=0x000000030b2b3d20 is pointing into the stack for thread: 0x00007fcaadfda000
RSI=0x000000015551a4d4: <offset 0x10d24d4> in /Users/sofiamurillosanchez/.javacpp/cache/com.johnsnowlabs.nlp_tensorflow-cpu_2.12-0.4.4.jar/org/tensorflow/internal/c_api/macosx-x86_64/libtensorflow_framework.2.dylib at 0x0000000154448000
RDI=0x000000030b2b3cd9 is pointing into the stack for thread: 0x00007fcaadfda000
R8 =0x0000000000000073 is an unknown value
R9 =0x000000015551a4c3: <offset 0x10d24c3> in /Users/sofiamurillosanchez/.javacpp/cache/com.johnsnowlabs.nlp_tensorflow-cpu_2.12-0.4.4.jar/org/tensorflow/internal/c_api/macosx-x86_64/libtensorflow_framework.2.dylib at 0x0000000154448000
R10=0x0000000000000090 is an unknown value
R11=0x0000000090c0b7fb is an unknown value
R12=0x0000000000000006 is an unknown value
R13=0x000000030b2b3cd8 is pointing into the stack for thread: 0x00007fcaadfda000
R14=0x000000015551a4ce: <offset 0x10d24ce> in /Users/sofiamurillosanchez/.javacpp/cache/com.johnsnowlabs.nlp_tensorflow-cpu_2.12-0.4.4.jar/org/tensorflow/internal/c_api/macosx-x86_64/libtensorflow_framework.2.dylib at 0x0000000154448000
R15=0x000000030b2b3cd9 is pointing into the stack for thread: 0x00007fcaadfda000


Stack: [0x000000030b1b9000,0x000000030b2b9000],  sp=0x000000030b2b3c60,  free space=1003k
Native frames: (J=compiled Java code, j=interpreted, Vv=VM code, C=native code)
C  [libtensorflow_framework.2.dylib+0x22575]  tensorflow::monitoring::MetricDef<(tensorflow::monitoring::MetricKind)1, long long, 2>::MetricDef<char [11], char [7]>(absl::lts_20210324::string_view, absl::lts_20210324::string_view, char const (&) [11], char const (&) [7])+0x125
C  [libtensorflow_framework.2.dylib+0x1af9b]  tensorflow::monitoring::Counter<2>* tensorflow::monitoring::Counter<2>::New<char const (&) [46], char const (&) [58], char const (&) [11], char const (&) [7]>(char const (&) [46], char const (&) [58], char const (&) [11], char const (&) [7])+0x5b
C  [libtensorflow_framework.2.dylib+0x265a1]  _GLOBAL__sub_I_loader.cc+0x31
C  0x0000000202e45618
C  0x0000000202e84c4d
C  0x0000000202e78ef7
C  0x0000000202e2b0b7
C  0x0000000202e780a7
C  0x0000000202e7a7ea
C  0x0000000202e84882
C  0x0000000202e454f6
C  0x0000000202e45750
C  0x0000000202e4582c
C  0x0000000202e6088f
V  [libjvm.dylib+0x4904ec]  os::dll_load(char const*, char*, int)+0x1a
V  [libjvm.dylib+0x3488af]  JVM_LoadLibrary+0xfa
C  [libjava.dylib+0x173e]  Java_java_lang_ClassLoader_00024NativeLibrary_load+0x75
j  java.lang.ClassLoader$NativeLibrary.load(Ljava/lang/String;ZZ)V+0
j  java.lang.ClassLoader.loadLibrary0(Ljava/lang/Class;Ljava/io/File;)Z+337
j  java.lang.ClassLoader.loadLibrary(Ljava/lang/Class;Ljava/lang/String;Z)V+48
j  java.lang.Runtime.load0(Ljava/lang/Class;Ljava/lang/String;)V+57
j  java.lang.System.load(Ljava/lang/String;)V+7
j  org.bytedeco.javacpp.Loader.loadLibrary(Ljava/lang/Class;[Ljava/net/URL;Ljava/lang/String;[Ljava/lang/String;)Ljava/lang/String;+953
j  org.bytedeco.javacpp.Loader.load(Ljava/lang/Class;Ljava/util/Properties;ZLjava/lang/String;)Ljava/lang/String;+597
j  org.bytedeco.javacpp.Loader.load(Ljava/lang/Class;Ljava/util/Properties;Z)Ljava/lang/String;+4
j  org.bytedeco.javacpp.Loader.load()Ljava/lang/String;+10
j  org.tensorflow.internal.c_api.global.tensorflow.<clinit>()V+0
v  ~StubRoutines::call_stub
V  [libjvm.dylib+0x2d858b]  JavaCalls::call_helper(JavaValue*, methodHandle*, JavaCallArguments*, Thread*)+0x689
V  [libjvm.dylib+0x2a0b65]  InstanceKlass::call_class_initializer_impl(instanceKlassHandle, Thread*)+0xe5
V  [libjvm.dylib+0x29f8ef]  InstanceKlass::initialize_impl(instanceKlassHandle, Thread*)+0x46f
V  [libjvm.dylib+0x29f46c]  InstanceKlass::initialize(Thread*)+0x3a
V  [libjvm.dylib+0x33928a]  find_class_from_class_loader(JNIEnv_*, Symbol*, unsigned char, Handle, Handle, unsigned char, Thread*)+0x60
V  [libjvm.dylib+0x3394b3]  JVM_FindClassFromCaller+0x20e
C  [libjava.dylib+0x110f]  Java_java_lang_Class_forName0+0x12a
J 1050  java.lang.Class.forName0(Ljava/lang/String;ZLjava/lang/ClassLoader;Ljava/lang/Class;)Ljava/lang/Class; (0 bytes) @ 0x000000010e011f34 [0x000000010e011e40+0xf4]
J 10320 C2 java.lang.Class.forName(Ljava/lang/String;ZLjava/lang/ClassLoader;)Ljava/lang/Class; (53 bytes) @ 0x000000010eb417c8 [0x000000010eb417a0+0x28]
j  org.bytedeco.javacpp.Loader.load(Ljava/lang/Class;Ljava/util/Properties;ZLjava/lang/String;)Ljava/lang/String;+286
j  org.bytedeco.javacpp.Loader.load(Ljava/lang/Class;Ljava/util/Properties;Z)Ljava/lang/String;+4
j  org.bytedeco.javacpp.Loader.load(Ljava/lang/Class;)Ljava/lang/String;+7
j  org.tensorflow.NativeLibrary.load()V+2
j  org.tensorflow.TensorFlow.<clinit>()V+0
v  ~StubRoutines::call_stub
V  [libjvm.dylib+0x2d858b]  JavaCalls::call_helper(JavaValue*, methodHandle*, JavaCallArguments*, Thread*)+0x689
V  [libjvm.dylib+0x2a0b65]  InstanceKlass::call_class_initializer_impl(instanceKlassHandle, Thread*)+0xe5
V  [libjvm.dylib+0x29f8ef]  InstanceKlass::initialize_impl(instanceKlassHandle, Thread*)+0x46f
V  [libjvm.dylib+0x29f46c]  InstanceKlass::initialize(Thread*)+0x3a
V  [libjvm.dylib+0x33928a]  find_class_from_class_loader(JNIEnv_*, Symbol*, unsigned char, Handle, Handle, unsigned char, Thread*)+0x60
V  [libjvm.dylib+0x3394b3]  JVM_FindClassFromCaller+0x20e
C  [libjava.dylib+0x110f]  Java_java_lang_Class_forName0+0x12a
J 1050  java.lang.Class.forName0(Ljava/lang/String;ZLjava/lang/ClassLoader;Ljava/lang/Class;)Ljava/lang/Class; (0 bytes) @ 0x000000010e011f34 [0x000000010e011e40+0xf4]
J 6709 C1 java.lang.Class.forName(Ljava/lang/String;)Ljava/lang/Class; (15 bytes) @ 0x000000010e63706c [0x000000010e636ee0+0x18c]
j  org.tensorflow.SavedModelBundle.<clinit>()V+3
v  ~StubRoutines::call_stub
V  [libjvm.dylib+0x2d858b]  JavaCalls::call_helper(JavaValue*, methodHandle*, JavaCallArguments*, Thread*)+0x689
V  [libjvm.dylib+0x2a0b65]  InstanceKlass::call_class_initializer_impl(instanceKlassHandle, Thread*)+0xe5
V  [libjvm.dylib+0x29f8ef]  InstanceKlass::initialize_impl(instanceKlassHandle, Thread*)+0x46f
V  [libjvm.dylib+0x29f46c]  InstanceKlass::initialize(Thread*)+0x3a
V  [libjvm.dylib+0x3d2203]  LinkResolver::resolve_static_call(CallInfo&, KlassHandle&, Symbol*, Symbol*, KlassHandle, bool, bool, Thread*)+0x99
V  [libjvm.dylib+0x3d55eb]  LinkResolver::resolve_invokestatic(CallInfo&, constantPoolHandle, int, Thread*)+0x13f
V  [libjvm.dylib+0x3d5311]  LinkResolver::resolve_invoke(CallInfo&, Handle, constantPoolHandle, int, Bytecodes::Code, Thread*)+0x40d
V  [libjvm.dylib+0x2d1856]  InterpreterRuntime::resolve_invoke(JavaThread*, Bytecodes::Code)+0x366
j  com.johnsnowlabs.ml.tensorflow.TensorflowWrapper$.$anonfun$withSafeSavedModelBundleLoader$1(Ljava/lang/String;[Ljava/lang/String;)Lorg/tensorflow/SavedModelBundle;+2
j  com.johnsnowlabs.ml.tensorflow.TensorflowWrapper$$$Lambda$4253.apply()Ljava/lang/Object;+8
j  scala.util.Try$.apply(Lscala/Function0;)Lscala/util/Try;+5
j  com.johnsnowlabs.ml.tensorflow.TensorflowWrapper$.withSafeSavedModelBundleLoader([Ljava/lang/String;Ljava/lang/String;)Lorg/tensorflow/SavedModelBundle;+10
j  com.johnsnowlabs.ml.tensorflow.TensorflowWrapper$.readZippedSavedModel(Ljava/lang/String;Ljava/lang/String;[Ljava/lang/String;Z)Lcom/johnsnowlabs/ml/tensorflow/TensorflowWrapper;+535
j  com.johnsnowlabs.nlp.annotators.classifier.dl.ClassifierDLApproach.loadSavedModel()Lcom/johnsnowlabs/ml/tensorflow/TensorflowWrapper;+41
j  com.johnsnowlabs.nlp.annotators.classifier.dl.ClassifierDLApproach.train(Lorg/apache/spark/sql/Dataset;Lscala/Option;)Lcom/johnsnowlabs/nlp/annotators/classifier/dl/ClassifierDLModel;+512
j  com.johnsnowlabs.nlp.annotators.classifier.dl.ClassifierDLApproach.train(Lorg/apache/spark/sql/Dataset;Lscala/Option;)Lorg/apache/spark/ml/Model;+3
j  com.johnsnowlabs.nlp.AnnotatorApproach._fit(Lorg/apache/spark/sql/Dataset;Lscala/Option;)Lorg/apache/spark/ml/Model;+17
j  com.johnsnowlabs.nlp.AnnotatorApproach.fit(Lorg/apache/spark/sql/Dataset;)Lorg/apache/spark/ml/Model;+5
v  ~StubRoutines::call_stub
V  [libjvm.dylib+0x2d858b]  JavaCalls::call_helper(JavaValue*, methodHandle*, JavaCallArguments*, Thread*)+0x689
V  [libjvm.dylib+0x4da110]  Reflection::invoke(instanceKlassHandle, methodHandle, Handle, bool, objArrayHandle, BasicType, objArrayHandle, bool, Thread*)+0x758
V  [libjvm.dylib+0x4daca8]  Reflection::invoke_method(oopDesc*, Handle, objArrayHandle, Thread*)+0x17c
V  [libjvm.dylib+0x348f48]  JVM_InvokeMethod+0x20f
J 6847  sun.reflect.NativeMethodAccessorImpl.invoke0(Ljava/lang/reflect/Method;Ljava/lang/Object;[Ljava/lang/Object;)Ljava/lang/Object; (0 bytes) @ 0x000000010ef77a6d [0x000000010ef77980+0xed]
J 6846 C1 sun.reflect.NativeMethodAccessorImpl.invoke(Ljava/lang/Object;[Ljava/lang/Object;)Ljava/lang/Object; (104 bytes) @ 0x000000010ef97574 [0x000000010ef963c0+0x11b4]
J 5712 C2 java.lang.reflect.Method.invoke(Ljava/lang/Object;[Ljava/lang/Object;)Ljava/lang/Object; (62 bytes) @ 0x000000010ebf5e68 [0x000000010ebf5d00+0x168]
J 12327 C1 py4j.reflection.MethodInvoker.invoke(Ljava/lang/Object;[Ljava/lang/Object;)Ljava/lang/Object; (183 bytes) @ 0x000000010f97772c [0x000000010f977000+0x72c]
J 12328 C1 py4j.Gateway.invoke(Ljava/lang/String;Ljava/lang/String;Ljava/util/List;)Lpy4j/ReturnObject; (210 bytes) @ 0x000000010f97b324 [0x000000010f979d60+0x15c4]
J 11332 C1 py4j.commands.AbstractCommand.invokeMethod(Ljava/lang/String;Ljava/lang/String;Ljava/util/List;)Lpy4j/ReturnObject; (61 bytes) @ 0x000000010f8f6aec [0x000000010f8f6a40+0xac]
J 11331 C1 py4j.commands.CallCommand.execute(Ljava/lang/String;Ljava/io/BufferedReader;Ljava/io/BufferedWriter;)V (76 bytes) @ 0x000000010f8f4acc [0x000000010f8f4780+0x34c]
j  py4j.ClientServerConnection.waitForCommands()V+126
j  py4j.ClientServerConnection.run()V+11
j  java.lang.Thread.run()V+11
v  ~StubRoutines::call_stub
V  [libjvm.dylib+0x2d858b]  JavaCalls::call_helper(JavaValue*, methodHandle*, JavaCallArguments*, Thread*)+0x689
V  [libjvm.dylib+0x2d73ee]  JavaCalls::call_virtual(JavaValue*, KlassHandle, Symbol*, Symbol*, JavaCallArguments*, Thread*)+0x14a
V  [libjvm.dylib+0x2d75cf]  JavaCalls::call_virtual(JavaValue*, Handle, KlassHandle, Symbol*, Symbol*, Thread*)+0x57
V  [libjvm.dylib+0x3447f3]  thread_entry(JavaThread*, Thread*)+0x78
V  [libjvm.dylib+0x562bd0]  JavaThread::thread_main_inner()+0x82
V  [libjvm.dylib+0x562a8f]  JavaThread::run()+0x19d
V  [libjvm.dylib+0x48fb3b]  java_start(Thread*)+0xfa
C  [libsystem_pthread.dylib+0x6259]  _pthread_start+0x7d
C  [libsystem_pthread.dylib+0x1c7b]  thread_start+0xf
C  0x0000000000000000

Java frames: (J=compiled Java code, j=interpreted, Vv=VM code)
j  java.lang.ClassLoader$NativeLibrary.load(Ljava/lang/String;ZZ)V+0
j  java.lang.ClassLoader.loadLibrary0(Ljava/lang/Class;Ljava/io/File;)Z+337
j  java.lang.ClassLoader.loadLibrary(Ljava/lang/Class;Ljava/lang/String;Z)V+48
j  java.lang.Runtime.load0(Ljava/lang/Class;Ljava/lang/String;)V+57
j  java.lang.System.load(Ljava/lang/String;)V+7
j  org.bytedeco.javacpp.Loader.loadLibrary(Ljava/lang/Class;[Ljava/net/URL;Ljava/lang/String;[Ljava/lang/String;)Ljava/lang/String;+953
j  org.bytedeco.javacpp.Loader.load(Ljava/lang/Class;Ljava/util/Properties;ZLjava/lang/String;)Ljava/lang/String;+597
j  org.bytedeco.javacpp.Loader.load(Ljava/lang/Class;Ljava/util/Properties;Z)Ljava/lang/String;+4
j  org.bytedeco.javacpp.Loader.load()Ljava/lang/String;+10
j  org.tensorflow.internal.c_api.global.tensorflow.<clinit>()V+0
v  ~StubRoutines::call_stub
J 1050  java.lang.Class.forName0(Ljava/lang/String;ZLjava/lang/ClassLoader;Ljava/lang/Class;)Ljava/lang/Class; (0 bytes) @ 0x000000010e011eba [0x000000010e011e40+0x7a]
J 10320 C2 java.lang.Class.forName(Ljava/lang/String;ZLjava/lang/ClassLoader;)Ljava/lang/Class; (53 bytes) @ 0x000000010eb417c8 [0x000000010eb417a0+0x28]
j  org.bytedeco.javacpp.Loader.load(Ljava/lang/Class;Ljava/util/Properties;ZLjava/lang/String;)Ljava/lang/String;+286
j  org.bytedeco.javacpp.Loader.load(Ljava/lang/Class;Ljava/util/Properties;Z)Ljava/lang/String;+4
j  org.bytedeco.javacpp.Loader.load(Ljava/lang/Class;)Ljava/lang/String;+7
j  org.tensorflow.NativeLibrary.load()V+2
j  org.tensorflow.TensorFlow.<clinit>()V+0
v  ~StubRoutines::call_stub
J 1050  java.lang.Class.forName0(Ljava/lang/String;ZLjava/lang/ClassLoader;Ljava/lang/Class;)Ljava/lang/Class; (0 bytes) @ 0x000000010e011eba [0x000000010e011e40+0x7a]
J 6709 C1 java.lang.Class.forName(Ljava/lang/String;)Ljava/lang/Class; (15 bytes) @ 0x000000010e63706c [0x000000010e636ee0+0x18c]
j  org.tensorflow.SavedModelBundle.<clinit>()V+3
v  ~StubRoutines::call_stub
j  com.johnsnowlabs.ml.tensorflow.TensorflowWrapper$.$anonfun$withSafeSavedModelBundleLoader$1(Ljava/lang/String;[Ljava/lang/String;)Lorg/tensorflow/SavedModelBundle;+2
j  com.johnsnowlabs.ml.tensorflow.TensorflowWrapper$$$Lambda$4253.apply()Ljava/lang/Object;+8
j  scala.util.Try$.apply(Lscala/Function0;)Lscala/util/Try;+5
j  com.johnsnowlabs.ml.tensorflow.TensorflowWrapper$.withSafeSavedModelBundleLoader([Ljava/lang/String;Ljava/lang/String;)Lorg/tensorflow/SavedModelBundle;+10
j  com.johnsnowlabs.ml.tensorflow.TensorflowWrapper$.readZippedSavedModel(Ljava/lang/String;Ljava/lang/String;[Ljava/lang/String;Z)Lcom/johnsnowlabs/ml/tensorflow/TensorflowWrapper;+535
j  com.johnsnowlabs.nlp.annotators.classifier.dl.ClassifierDLApproach.loadSavedModel()Lcom/johnsnowlabs/ml/tensorflow/TensorflowWrapper;+41
j  com.johnsnowlabs.nlp.annotators.classifier.dl.ClassifierDLApproach.train(Lorg/apache/spark/sql/Dataset;Lscala/Option;)Lcom/johnsnowlabs/nlp/annotators/classifier/dl/ClassifierDLModel;+512
j  com.johnsnowlabs.nlp.annotators.classifier.dl.ClassifierDLApproach.train(Lorg/apache/spark/sql/Dataset;Lscala/Option;)Lorg/apache/spark/ml/Model;+3
j  com.johnsnowlabs.nlp.AnnotatorApproach._fit(Lorg/apache/spark/sql/Dataset;Lscala/Option;)Lorg/apache/spark/ml/Model;+17
j  com.johnsnowlabs.nlp.AnnotatorApproach.fit(Lorg/apache/spark/sql/Dataset;)Lorg/apache/spark/ml/Model;+5
v  ~StubRoutines::call_stub
J 6847  sun.reflect.NativeMethodAccessorImpl.invoke0(Ljava/lang/reflect/Method;Ljava/lang/Object;[Ljava/lang/Object;)Ljava/lang/Object; (0 bytes) @ 0x000000010ef779f7 [0x000000010ef77980+0x77]
J 6846 C1 sun.reflect.NativeMethodAccessorImpl.invoke(Ljava/lang/Object;[Ljava/lang/Object;)Ljava/lang/Object; (104 bytes) @ 0x000000010ef97574 [0x000000010ef963c0+0x11b4]
J 5712 C2 java.lang.reflect.Method.invoke(Ljava/lang/Object;[Ljava/lang/Object;)Ljava/lang/Object; (62 bytes) @ 0x000000010ebf5e68 [0x000000010ebf5d00+0x168]
J 12327 C1 py4j.reflection.MethodInvoker.invoke(Ljava/lang/Object;[Ljava/lang/Object;)Ljava/lang/Object; (183 bytes) @ 0x000000010f97772c [0x000000010f977000+0x72c]
J 12328 C1 py4j.Gateway.invoke(Ljava/lang/String;Ljava/lang/String;Ljava/util/List;)Lpy4j/ReturnObject; (210 bytes) @ 0x000000010f97b324 [0x000000010f979d60+0x15c4]
J 11332 C1 py4j.commands.AbstractCommand.invokeMethod(Ljava/lang/String;Ljava/lang/String;Ljava/util/List;)Lpy4j/ReturnObject; (61 bytes) @ 0x000000010f8f6aec [0x000000010f8f6a40+0xac]
J 11331 C1 py4j.commands.CallCommand.execute(Ljava/lang/String;Ljava/io/BufferedReader;Ljava/io/BufferedWriter;)V (76 bytes) @ 0x000000010f8f4acc [0x000000010f8f4780+0x34c]
j  py4j.ClientServerConnection.waitForCommands()V+126
j  py4j.ClientServerConnection.run()V+11
j  java.lang.Thread.run()V+11
v  ~StubRoutines::call_stub

---------------  P R O C E S S  ---------------

Java Threads: ( => current thread )
  0x00007fca59ba0800 JavaThread "JavaCPP Deallocator" daemon [_thread_blocked, id=99339, stack(0x000000030f582000,0x000000030f682000)]
  0x00007fca7c8f3000 JavaThread "block-manager-ask-thread-pool-20" daemon [_thread_blocked, id=121879, stack(0x000000030f47f000,0x000000030f57f000)]
  0x00007fca5ad07000 JavaThread "block-manager-storage-async-thread-pool-32" daemon [_thread_blocked, id=94839, stack(0x000000030f37c000,0x000000030f47c000)]
  0x00007fca7c8c1800 JavaThread "block-manager-storage-async-thread-pool-31" daemon [_thread_blocked, id=105491, stack(0x000000030f279000,0x000000030f379000)]
  0x00007fca59b90800 JavaThread "block-manager-storage-async-thread-pool-30" daemon [_thread_blocked, id=122635, stack(0x000000030e552000,0x000000030e652000)]
  0x00007fca7c8b7000 JavaThread "shuffle-server-8-1" daemon [_thread_in_native, id=95943, stack(0x000000030e34c000,0x000000030e44c000)]
  0x00007fca7cffd800 JavaThread "shuffle-client-6-1" daemon [_thread_in_native, id=67443, stack(0x000000030e249000,0x000000030e349000)]
  0x00007fca7d19e000 JavaThread "block-manager-ask-thread-pool-19" daemon [_thread_blocked, id=105219, stack(0x0000000311e7d000,0x0000000311f7d000)]
  0x00007fca5a9fa000 JavaThread "block-manager-ask-thread-pool-18" daemon [_thread_blocked, id=112899, stack(0x0000000311d7a000,0x0000000311e7a000)]
  0x00007fca4d55a800 JavaThread "block-manager-storage-async-thread-pool-29" daemon [_thread_blocked, id=113411, stack(0x0000000311a71000,0x0000000311b71000)]
  0x00007fcaae1a0800 JavaThread "block-manager-storage-async-thread-pool-28" daemon [_thread_blocked, id=117963, stack(0x000000031186b000,0x000000031196b000)]
  0x00007fca7e8c0800 JavaThread "block-manager-storage-async-thread-pool-27" daemon [_thread_blocked, id=96031, stack(0x00000003100a3000,0x00000003101a3000)]
  0x00007fca4d74c000 JavaThread "block-manager-ask-thread-pool-17" daemon [_thread_blocked, id=114179, stack(0x00000003133bc000,0x00000003134bc000)]
  0x00007fcaae7f5800 JavaThread "block-manager-ask-thread-pool-16" daemon [_thread_blocked, id=103939, stack(0x00000003132b9000,0x00000003133b9000)]
  0x00007fca5a179000 JavaThread "block-manager-storage-async-thread-pool-26" daemon [_thread_blocked, id=103431, stack(0x00000003131b6000,0x00000003132b6000)]
  0x00007fca4d5a4000 JavaThread "block-manager-storage-async-thread-pool-25" daemon [_thread_blocked, id=102711, stack(0x00000003130b3000,0x00000003131b3000)]
  0x00007fca5a070800 JavaThread "block-manager-storage-async-thread-pool-24" daemon [_thread_blocked, id=115715, stack(0x0000000312fb0000,0x00000003130b0000)]
  0x00007fca5a13e000 JavaThread "block-manager-ask-thread-pool-15" daemon [_thread_blocked, id=115971, stack(0x0000000312ead000,0x0000000312fad000)]
  0x00007fcaae339000 JavaThread "block-manager-ask-thread-pool-14" daemon [_thread_blocked, id=116499, stack(0x0000000312daa000,0x0000000312eaa000)]
  0x00007fca7e892000 JavaThread "block-manager-storage-async-thread-pool-23" daemon [_thread_blocked, id=118459, stack(0x0000000312ca7000,0x0000000312da7000)]
  0x00007fcaae32e000 JavaThread "block-manager-storage-async-thread-pool-22" daemon [_thread_blocked, id=101655, stack(0x0000000312ba4000,0x0000000312ca4000)]
  0x00007fca4d72f800 JavaThread "block-manager-storage-async-thread-pool-21" daemon [_thread_blocked, id=97107, stack(0x0000000312aa1000,0x0000000312ba1000)]
  0x00007fcaae40a000 JavaThread "block-manager-ask-thread-pool-13" daemon [_thread_blocked, id=96527, stack(0x000000031289b000,0x000000031299b000)]
  0x00007fca5989d000 JavaThread "block-manager-ask-thread-pool-12" daemon [_thread_blocked, id=120471, stack(0x0000000312798000,0x0000000312898000)]
  0x00007fca5991c000 JavaThread "block-manager-storage-async-thread-pool-20" daemon [_thread_blocked, id=118543, stack(0x000000031196e000,0x0000000311a6e000)]
  0x00007fca7c8bc800 JavaThread "block-manager-storage-async-thread-pool-19" daemon [_thread_blocked, id=96863, stack(0x0000000311665000,0x0000000311765000)]
  0x00007fca4d17a800 JavaThread "block-manager-storage-async-thread-pool-18" daemon [_thread_blocked, id=98911, stack(0x0000000311562000,0x0000000311662000)]
  0x00007fca4e4b8000 JavaThread "QueryStageCreator-0" daemon [_thread_blocked, id=117347, stack(0x00000003113dc000,0x00000003114dc000)]
  0x00007fca4e42b800 JavaThread "stderr reader for python3" daemon [_thread_in_native, id=124419, stack(0x00000003112d9000,0x00000003113d9000)]
  0x00007fca7e719000 JavaThread "stdout reader for python3" daemon [_thread_in_native, id=87403, stack(0x00000003111d6000,0x00000003112d6000)]
  0x00007fca7e717800 JavaThread "Idle Worker Monitor for python3" daemon [_thread_blocked, id=125351, stack(0x000000030ffa0000,0x00000003100a0000)]
  0x00007fcaae5ae000 JavaThread "block-manager-ask-thread-pool-11" daemon [_thread_blocked, id=93955, stack(0x00000003110d3000,0x00000003111d3000)]
  0x00007fca7f855800 JavaThread "block-manager-ask-thread-pool-10" daemon [_thread_blocked, id=93443, stack(0x0000000310fd0000,0x00000003110d0000)]
  0x00007fca4ce29000 JavaThread "block-manager-storage-async-thread-pool-17" daemon [_thread_blocked, id=125955, stack(0x0000000310ecd000,0x0000000310fcd000)]
  0x00007fca4e044000 JavaThread "block-manager-storage-async-thread-pool-16" daemon [_thread_blocked, id=92703, stack(0x0000000310dca000,0x0000000310eca000)]
  0x00007fca4d8b5800 JavaThread "block-manager-storage-async-thread-pool-15" daemon [_thread_blocked, id=92419, stack(0x0000000310cc7000,0x0000000310dc7000)]
  0x00007fca4d8b4800 JavaThread "block-manager-ask-thread-pool-9" daemon [_thread_blocked, id=129779, stack(0x0000000310bc4000,0x0000000310cc4000)]
  0x00007fca4ce28800 JavaThread "block-manager-ask-thread-pool-8" daemon [_thread_blocked, id=129135, stack(0x0000000310ac1000,0x0000000310bc1000)]
  0x00007fca4ce27800 JavaThread "block-manager-storage-async-thread-pool-14" daemon [_thread_blocked, id=90455, stack(0x00000003109be000,0x0000000310abe000)]
  0x00007fcaada91800 JavaThread "block-manager-storage-async-thread-pool-13" daemon [_thread_blocked, id=90667, stack(0x00000003108bb000,0x00000003109bb000)]
  0x00007fca4e033800 JavaThread "block-manager-storage-async-thread-pool-12" daemon [_thread_blocked, id=128331, stack(0x00000003107b8000,0x00000003108b8000)]
  0x00007fcaae5ad000 JavaThread "block-manager-ask-thread-pool-7" daemon [_thread_blocked, id=127795, stack(0x00000003106b5000,0x00000003107b5000)]
  0x00007fca4e032800 JavaThread "block-manager-ask-thread-pool-6" daemon [_thread_blocked, id=91947, stack(0x00000003105b2000,0x00000003106b2000)]
  0x00007fca7e19f000 JavaThread "block-manager-storage-async-thread-pool-11" daemon [_thread_blocked, id=89647, stack(0x00000003104af000,0x00000003105af000)]
  0x00007fca7e19e000 JavaThread "block-manager-storage-async-thread-pool-10" daemon [_thread_blocked, id=91823, stack(0x00000003103ac000,0x00000003104ac000)]
  0x00007fca7d04b800 JavaThread "block-manager-storage-async-thread-pool-9" daemon [_thread_blocked, id=88355, stack(0x00000003102a9000,0x00000003103a9000)]
  0x00007fcaae741800 JavaThread "task-result-getter-3" daemon [_thread_blocked, id=59771, stack(0x000000030f176000,0x000000030f276000)]
  0x00007fcaae2cc800 JavaThread "task-result-getter-2" daemon [_thread_blocked, id=60283, stack(0x000000030f073000,0x000000030f173000)]
  0x00007fca4ced7000 JavaThread "task-result-getter-1" daemon [_thread_blocked, id=48451, stack(0x000000030ef70000,0x000000030f070000)]
  0x00007fca4fb06000 JavaThread "Executor task launch worker for task 1.0 in stage 7.0 (TID 25)" daemon [_thread_blocked, id=48247, stack(0x000000030ee6d000,0x000000030ef6d000)]
  0x00007fca4ca83800 JavaThread "Executor task launch worker for task 6.0 in stage 7.0 (TID 30)" daemon [_thread_blocked, id=47287, stack(0x000000030ed6a000,0x000000030ee6a000)]
  0x00007fca4ca83000 JavaThread "Executor task launch worker for task 4.0 in stage 7.0 (TID 28)" daemon [_thread_blocked, id=60599, stack(0x000000030ec67000,0x000000030ed67000)]
  0x00007fcaacb33000 JavaThread "Executor task launch worker for task 5.0 in stage 7.0 (TID 29)" daemon [_thread_blocked, id=55891, stack(0x000000030eb64000,0x000000030ec64000)]
  0x00007fcaae754000 JavaThread "Executor task launch worker for task 7.0 in stage 7.0 (TID 31)" daemon [_thread_blocked, id=56139, stack(0x000000030ea61000,0x000000030eb61000)]
  0x00007fca4c8f1000 JavaThread "Executor task launch worker for task 0.0 in stage 7.0 (TID 24)" daemon [_thread_blocked, id=54031, stack(0x000000030e95e000,0x000000030ea5e000)]
  0x00007fcaacb32000 JavaThread "Executor task launch worker for task 3.0 in stage 7.0 (TID 27)" daemon [_thread_blocked, id=56679, stack(0x000000030e85b000,0x000000030e95b000)]
  0x00007fca4c8ed800 JavaThread "task-result-getter-0" daemon [_thread_blocked, id=66083, stack(0x000000030e758000,0x000000030e858000)]
  0x00007fca4fa47000 JavaThread "Executor task launch worker for task 2.0 in stage 7.0 (TID 26)" daemon [_thread_blocked, id=55323, stack(0x000000030e655000,0x000000030e755000)]
  0x00007fca7e5b4800 JavaThread "scala-execution-context-global-281" daemon [_thread_blocked, id=86831, stack(0x000000030e44f000,0x000000030e54f000)]
  0x00007fcaaed1a800 JavaThread "java-sdk-http-connection-reaper" daemon [_thread_blocked, id=69547, stack(0x000000030e146000,0x000000030e246000)]
  0x00007fca4cf3f000 JavaThread "spark-listener-group-shared" daemon [_thread_blocked, id=69727, stack(0x000000030e043000,0x000000030e143000)]
  0x00007fcaadc2b000 JavaThread "element-tracking-store-worker" daemon [_thread_blocked, id=84495, stack(0x000000030df40000,0x000000030e040000)]
  0x00007fca4f8bc000 JavaThread "spark-listener-group-executorManagement" daemon [_thread_blocked, id=84311, stack(0x000000030de3d000,0x000000030df3d000)]
  0x00007fcaada21800 JavaThread "spark-listener-group-appStatus" daemon [_thread_blocked, id=82791, stack(0x000000030dd3a000,0x000000030de3a000)]
  0x00007fcaacda9000 JavaThread "context-cleaner-periodic-gc" daemon [_thread_blocked, id=71779, stack(0x000000030dc37000,0x000000030dd37000)]
  0x00007fca7e39f800 JavaThread "Spark Context Cleaner" daemon [_thread_blocked, id=82451, stack(0x000000030db34000,0x000000030dc34000)]
  0x00007fca4d203800 JavaThread "shuffle-boss-7-1" daemon [_thread_in_native, id=71995, stack(0x000000030da31000,0x000000030db31000)]
  0x00007fca4d10b000 JavaThread "rpc-server-4-1" daemon [_thread_in_native, id=53683, stack(0x000000030d92e000,0x000000030da2e000)]
  0x00007fca4d0da000 JavaThread "files-client-5-1" daemon [_thread_in_native, id=49167, stack(0x000000030aeb0000,0x000000030afb0000)]
  0x00007fca4d0d9000 JavaThread "executor-heartbeater" daemon [_thread_blocked, id=58931, stack(0x000000030d82b000,0x000000030d92b000)]
  0x00007fca7e229000 JavaThread "executor-kill-mark-cleanup" daemon [_thread_blocked, id=58803, stack(0x000000030d728000,0x000000030d828000)]
  0x00007fca4da8d000 JavaThread "driver-heartbeater" daemon [_thread_blocked, id=50523, stack(0x000000030d625000,0x000000030d725000)]
  0x00007fca4da8c800 JavaThread "dag-scheduler-event-loop" daemon [_thread_blocked, id=51015, stack(0x000000030d522000,0x000000030d622000)]
  0x00007fca4d0d6800 JavaThread "task-abort-timer" daemon [_thread_blocked, id=57359, stack(0x000000030d41f000,0x000000030d51f000)]
  0x00007fca7e22d000 JavaThread "task-starvation-timer" daemon [_thread_blocked, id=51911, stack(0x000000030d31c000,0x000000030d41c000)]
  0x00007fca4da87000 JavaThread "netty-rpc-env-timeout" daemon [_thread_blocked, id=52535, stack(0x000000030d219000,0x000000030d319000)]
  0x00007fca7e22e800 JavaThread "heartbeat-receiver-event-loop-thread" daemon [_thread_blocked, id=52319, stack(0x000000030d116000,0x000000030d216000)]
  0x00007fca7e59a000 JavaThread "process reaper" daemon [_thread_in_native, id=60699, stack(0x000000030a713000,0x000000030a73b000)]
  0x00007fca7e211000 JavaThread "SparkUI-48" daemon [_thread_blocked, id=45827, stack(0x000000030d013000,0x000000030d113000)]
  0x00007fca4d40c000 JavaThread "SparkUI-47" daemon [_thread_blocked, id=61955, stack(0x000000030cf10000,0x000000030d010000)]
  0x00007fca7e210800 JavaThread "SparkUI-46" daemon [_thread_blocked, id=62211, stack(0x000000030ce0d000,0x000000030cf0d000)]
  0x00007fca4d40b800 JavaThread "SparkUI-45-acceptor-0@5b170282-ServerConnector@55d0f790{HTTP/1.1, (http/1.1)}{0.0.0.0:4040}" daemon [_thread_in_native, id=62723, stack(0x000000030cd0a000,0x000000030ce0a000)]
  0x00007fca4d9ba800 JavaThread "SparkUI-44" daemon [_thread_in_native, id=45059, stack(0x000000030cc07000,0x000000030cd07000)]
  0x00007fca4d09e000 JavaThread "SparkUI-43" daemon [_thread_in_native, id=44803, stack(0x000000030cb04000,0x000000030cc04000)]
  0x00007fca4d09d000 JavaThread "SparkUI-42" daemon [_thread_in_native, id=44547, stack(0x000000030ca01000,0x000000030cb01000)]
  0x00007fcaacbc4800 JavaThread "SparkUI-41" daemon [_thread_in_native, id=44203, stack(0x000000030c8fe000,0x000000030c9fe000)]
  0x00007fcaacd85000 JavaThread "refresh progress" daemon [_thread_blocked, id=64015, stack(0x000000030c7fb000,0x000000030c8fb000)]
  0x00007fca4d3ed000 JavaThread "RemoteBlock-temp-file-clean-thread" daemon [_thread_blocked, id=64835, stack(0x000000030c6f8000,0x000000030c7f8000)]
  0x00007fcaacbd1800 JavaThread "dispatcher-BlockManagerEndpoint1" daemon [_thread_blocked, id=43919, stack(0x000000030c5f5000,0x000000030c6f5000)]
  0x00007fcaae05e000 JavaThread "dispatcher-BlockManagerMaster" daemon [_thread_blocked, id=38039, stack(0x000000030c4f2000,0x000000030c5f2000)]
  0x00007fca7cf18800 JavaThread "Thread-5" [_thread_in_native, id=37463, stack(0x000000030c3ef000,0x000000030c4ef000)]
  0x00007fcaacd94000 JavaThread "map-output-dispatcher-7" daemon [_thread_blocked, id=38403, stack(0x000000030c2ec000,0x000000030c3ec000)]
  0x00007fcaacd93000 JavaThread "map-output-dispatcher-6" daemon [_thread_blocked, id=36867, stack(0x000000030c1e9000,0x000000030c2e9000)]
  0x00007fcaacd80000 JavaThread "map-output-dispatcher-5" daemon [_thread_blocked, id=36355, stack(0x000000030c0e6000,0x000000030c1e6000)]
  0x00007fcaacd7f000 JavaThread "map-output-dispatcher-4" daemon [_thread_blocked, id=39171, stack(0x000000030bfe3000,0x000000030c0e3000)]
  0x00007fca7e586800 JavaThread "map-output-dispatcher-3" daemon [_thread_blocked, id=39683, stack(0x000000030bee0000,0x000000030bfe0000)]
  0x00007fca4d39a000 JavaThread "map-output-dispatcher-2" daemon [_thread_blocked, id=39939, stack(0x000000030bddd000,0x000000030bedd000)]
  0x00007fca4d399800 JavaThread "map-output-dispatcher-1" daemon [_thread_blocked, id=40195, stack(0x000000030bcda000,0x000000030bdda000)]
  0x00007fcaae285800 JavaThread "map-output-dispatcher-0" daemon [_thread_blocked, id=34883, stack(0x000000030bbd7000,0x000000030bcd7000)]
  0x00007fcaacc7e800 JavaThread "dispatcher-event-loop-7" daemon [_thread_blocked, id=34563, stack(0x000000030bad4000,0x000000030bbd4000)]
  0x00007fca4d384000 JavaThread "dispatcher-event-loop-6" daemon [_thread_blocked, id=41479, stack(0x000000030b9d1000,0x000000030bad1000)]
  0x00007fcaacc79800 JavaThread "dispatcher-event-loop-5" daemon [_thread_blocked, id=33795, stack(0x000000030b8ce000,0x000000030b9ce000)]
  0x00007fcaacc78800 JavaThread "dispatcher-event-loop-4" daemon [_thread_blocked, id=42499, stack(0x000000030b7cb000,0x000000030b8cb000)]
  0x00007fcaaca0b800 JavaThread "dispatcher-event-loop-3" daemon [_thread_blocked, id=33539, stack(0x000000030b6c8000,0x000000030b7c8000)]
  0x00007fcaaca0a800 JavaThread "dispatcher-event-loop-2" daemon [_thread_blocked, id=33283, stack(0x000000030b5c5000,0x000000030b6c5000)]
  0x00007fcaac8d2000 JavaThread "dispatcher-event-loop-1" daemon [_thread_blocked, id=32771, stack(0x000000030b4c2000,0x000000030b5c2000)]
  0x00007fcaacc74000 JavaThread "dispatcher-event-loop-0" daemon [_thread_blocked, id=28447, stack(0x000000030b3bf000,0x000000030b4bf000)]
  0x00007fcaacc73000 JavaThread "rpc-boss-3-1" daemon [_thread_in_native, id=28039, stack(0x000000030b2bc000,0x000000030b3bc000)]
=>0x00007fcaadfda000 JavaThread "Thread-4" [_thread_in_native, id=29075, stack(0x000000030b1b9000,0x000000030b2b9000)]
  0x00007fcaadfdb000 JavaThread "Thread-3" [_thread_in_native, id=30315, stack(0x000000030b0b6000,0x000000030b1b6000)]
  0x00007fca7cd97000 JavaThread "org.apache.hadoop.fs.FileSystem$Statistics$StatisticsDataReferenceCleaner" daemon [_thread_blocked, id=26691, stack(0x000000030afb3000,0x000000030b0b3000)]
  0x00007fcaac88f800 JavaThread "Service Thread" daemon [_thread_blocked, id=32519, stack(0x000000030acaa000,0x000000030adaa000)]
  0x00007fcaac87e800 JavaThread "C1 CompilerThread3" daemon [_thread_blocked, id=23043, stack(0x000000030aba7000,0x000000030aca7000)]
  0x00007fcaac85f800 JavaThread "C2 CompilerThread2" daemon [_thread_blocked, id=22531, stack(0x000000030aaa4000,0x000000030aba4000)]
  0x00007fcaae812800 JavaThread "C2 CompilerThread1" daemon [_thread_blocked, id=22019, stack(0x000000030a9a1000,0x000000030aaa1000)]
  0x00007fcaae810800 JavaThread "C2 CompilerThread0" daemon [_thread_blocked, id=18435, stack(0x000000030a89e000,0x000000030a99e000)]
  0x00007fcaae810000 JavaThread "Signal Dispatcher" daemon [_thread_blocked, id=18723, stack(0x000000030a79b000,0x000000030a89b000)]
  0x00007fcaac856000 JavaThread "Finalizer" daemon [_thread_blocked, id=21027, stack(0x000000030a589000,0x000000030a689000)]
  0x00007fcaad81c800 JavaThread "Reference Handler" daemon [_thread_blocked, id=21539, stack(0x000000030a486000,0x000000030a586000)]
  0x00007fcaad808800 JavaThread "main" [_thread_in_native, id=4611, stack(0x0000000309a68000,0x0000000309b68000)]

Other Threads:
  0x00007fcaac853800 VMThread [stack: 0x000000030a383000,0x000000030a483000] [id=13571]
  0x00007fcaad8aa800 WatcherThread [stack: 0x000000030adad000,0x000000030aead000] [id=24855]

VM state:not at safepoint (normal execution)

VM Mutex/Monitor currently owned by a thread: None

heap address: 0x00000003c0000000, size: 16384 MB, Compressed Oops mode: Zero based, Oop shift amount: 3
Narrow klass base: 0x0000000000000000, Narrow klass shift: 3
Compressed class space size: 1073741824 Address: 0x00000007c0000000

Heap:
 PSYoungGen      total 5153792K, used 1172139K [0x000000066ab00000, 0x00000007a9a00000, 0x00000007c0000000)
  eden space 5114880K, 22% used [0x000000066ab00000,0x00000006b1429dc0,0x00000007a2e00000)
  from space 38912K, 40% used [0x00000007a7400000,0x00000007a8381168,0x00000007a9a00000)
  to   space 55296K, 0% used [0x00000007a2e00000,0x00000007a2e00000,0x00000007a6400000)
 ParOldGen       total 276480K, used 188482K [0x00000003c0000000, 0x00000003d0e00000, 0x000000066ab00000)
  object space 276480K, 68% used [0x00000003c0000000,0x00000003cb810a50,0x00000003d0e00000)
 Metaspace       used 146866K, capacity 163840K, committed 167040K, reserved 1193984K
  class space    used 19963K, capacity 21465K, committed 22144K, reserved 1048576K

Card table byte_map: [0x000000011cc95000,0x000000011ec96000] byte_map_base: 0x000000011ae95000

Marking Bits: (ParMarkBitMap*) 0x000000010c5d1448
 Begin Bits: [0x00000001201ec000, 0x00000001301ec000)
 End Bits:   [0x00000001301ec000, 0x00000001401ec000)

Polling page: 0x000000010b06f000

CodeCache: size=245760Kb used=43882Kb max_used=45320Kb free=201877Kb
 bounds [0x000000010dc95000, 0x0000000110925000, 0x000000011cc95000]
 total_blobs=15605 nmethods=14534 adapters=982
 compilation: enabled

Compilation events (10 events):
Event: 149.798 Thread 0x00007fcaac87e800 18867       3       java.lang.Class::getResource (26 bytes)
Event: 149.798 Thread 0x00007fcaac87e800 nmethod 18867 0x000000010ed26d50 code [0x000000010ed26f40, 0x000000010ed276d8]
Event: 150.216 Thread 0x00007fcaae812800 18868  s    4       sun.misc.URLClassPath::getLookupCache (98 bytes)
Event: 150.217 Thread 0x00007fcaae812800 nmethod 18868 0x000000010f3fb150 code [0x000000010f3fb2a0, 0x000000010f3fb4b8]
Event: 150.293 Thread 0x00007fcaac87e800 18870       3       org.bytedeco.javacpp.Loader::findResources (342 bytes)
Event: 150.296 Thread 0x00007fcaac87e800 nmethod 18870 0x000000011072d410 code [0x000000011072db20, 0x0000000110733128]
Event: 150.296 Thread 0x00007fcaac87e800 18869       3       org.bytedeco.javacpp.Loader::findResource (20 bytes)
Event: 150.296 Thread 0x00007fcaac87e800 nmethod 18869 0x000000011072cfd0 code [0x000000011072d140, 0x000000011072d328]
Event: 150.350 Thread 0x00007fcaac85f800 18871       4       java.lang.String::indexOf (166 bytes)
Event: 150.355 Thread 0x00007fcaac85f800 nmethod 18871 0x000000010e3c3f90 code [0x000000010e3c4100, 0x000000010e3c45f8]

GC Heap History (10 events):
Event: 126.881 GC heap before
{Heap before GC invocations=26 (full 6):
 PSYoungGen      total 2534912K, used 2471554K [0x000000066ab00000, 0x0000000731a80000, 0x00000007c0000000)
  eden space 2461184K, 100% used [0x000000066ab00000,0x0000000700e80000,0x0000000700e80000)
  from space 73728K, 14% used [0x0000000700e80000,0x00000007018a0ab0,0x0000000705680000)
  to   space 70656K, 0% used [0x000000072d580000,0x000000072d580000,0x0000000731a80000)
 ParOldGen       total 276480K, used 160218K [0x00000003c0000000, 0x00000003d0e00000, 0x000000066ab00000)
  object space 276480K, 57% used [0x00000003c0000000,0x00000003c9c76a50,0x00000003d0e00000)
 Metaspace       used 145568K, capacity 162430K, committed 166016K, reserved 1193984K
  class space    used 19823K, capacity 21303K, committed 22144K, reserved 1048576K
Event: 126.939 GC heap after
Heap after GC invocations=26 (full 6):
 PSYoungGen      total 3191808K, used 7441K [0x000000066ab00000, 0x0000000731c00000, 0x00000007c0000000)
  eden space 3121152K, 0% used [0x000000066ab00000,0x000000066ab00000,0x0000000729300000)
  from space 70656K, 10% used [0x000000072d580000,0x000000072dcc45d8,0x0000000731a80000)
  to   space 68096K, 0% used [0x0000000729300000,0x0000000729300000,0x000000072d580000)
 ParOldGen       total 276480K, used 167770K [0x00000003c0000000, 0x00000003d0e00000, 0x000000066ab00000)
  object space 276480K, 60% used [0x00000003c0000000,0x00000003ca3d69a8,0x00000003d0e00000)
 Metaspace       used 145568K, capacity 162430K, committed 166016K, reserved 1193984K
  class space    used 19823K, capacity 21303K, committed 22144K, reserved 1048576K
}
Event: 129.874 GC heap before
{Heap before GC invocations=27 (full 6):
 PSYoungGen      total 3191808K, used 3128593K [0x000000066ab00000, 0x0000000731c00000, 0x00000007c0000000)
  eden space 3121152K, 100% used [0x000000066ab00000,0x0000000729300000,0x0000000729300000)
  from space 70656K, 10% used [0x000000072d580000,0x000000072dcc45d8,0x0000000731a80000)
  to   space 68096K, 0% used [0x0000000729300000,0x0000000729300000,0x000000072d580000)
 ParOldGen       total 276480K, used 167770K [0x00000003c0000000, 0x00000003d0e00000, 0x000000066ab00000)
  object space 276480K, 60% used [0x00000003c0000000,0x00000003ca3d69a8,0x00000003d0e00000)
 Metaspace       used 145574K, capacity 162434K, committed 166016K, reserved 1193984K
  class space    used 19823K, capacity 21303K, committed 22144K, reserved 1048576K
Event: 129.932 GC heap after
Heap after GC invocations=27 (full 6):
 PSYoungGen      total 3189248K, used 12976K [0x000000066ab00000, 0x0000000763980000, 0x00000007c0000000)
  eden space 3121152K, 0% used [0x000000066ab00000,0x000000066ab00000,0x0000000729300000)
  from space 68096K, 19% used [0x0000000729300000,0x0000000729fac0c0,0x000000072d580000)
  to   space 64512K, 0% used [0x000000075fa80000,0x000000075fa80000,0x0000000763980000)
 ParOldGen       total 276480K, used 171691K [0x00000003c0000000, 0x00000003d0e00000, 0x000000066ab00000)
  object space 276480K, 62% used [0x00000003c0000000,0x00000003ca7aac98,0x00000003d0e00000)
 Metaspace       used 145574K, capacity 162434K, committed 166016K, reserved 1193984K
  class space    used 19823K, capacity 21303K, committed 22144K, reserved 1048576K
}
Event: 132.546 GC heap before
{Heap before GC invocations=28 (full 6):
 PSYoungGen      total 3189248K, used 3134128K [0x000000066ab00000, 0x0000000763980000, 0x00000007c0000000)
  eden space 3121152K, 100% used [0x000000066ab00000,0x0000000729300000,0x0000000729300000)
  from space 68096K, 19% used [0x0000000729300000,0x0000000729fac0c0,0x000000072d580000)
  to   space 64512K, 0% used [0x000000075fa80000,0x000000075fa80000,0x0000000763980000)
 ParOldGen       total 276480K, used 171691K [0x00000003c0000000, 0x00000003d0e00000, 0x000000066ab00000)
  object space 276480K, 62% used [0x00000003c0000000,0x00000003ca7aac98,0x00000003d0e00000)
 Metaspace       used 145575K, capacity 162434K, committed 166016K, reserved 1193984K
  class space    used 19823K, capacity 21303K, committed 22144K, reserved 1048576K
Event: 132.609 GC heap after
Heap after GC invocations=28 (full 6):
 PSYoungGen      total 4011520K, used 6180K [0x000000066ab00000, 0x0000000763680000, 0x00000007c0000000)
  eden space 3950080K, 0% used [0x000000066ab00000,0x000000066ab00000,0x000000075bc80000)
  from space 61440K, 10% used [0x000000075fa80000,0x00000007600891e8,0x0000000763680000)
  to   space 62464K, 0% used [0x000000075bc80000,0x000000075bc80000,0x000000075f980000)
 ParOldGen       total 276480K, used 181440K [0x00000003c0000000, 0x00000003d0e00000, 0x000000066ab00000)
  object space 276480K, 65% used [0x00000003c0000000,0x00000003cb130338,0x00000003d0e00000)
 Metaspace       used 145575K, capacity 162434K, committed 166016K, reserved 1193984K
  class space    used 19823K, capacity 21303K, committed 22144K, reserved 1048576K
}
Event: 135.884 GC heap before
{Heap before GC invocations=29 (full 6):
 PSYoungGen      total 4011520K, used 3956260K [0x000000066ab00000, 0x0000000763680000, 0x00000007c0000000)
  eden space 3950080K, 100% used [0x000000066ab00000,0x000000075bc80000,0x000000075bc80000)
  from space 61440K, 10% used [0x000000075fa80000,0x00000007600891e8,0x0000000763680000)
  to   space 62464K, 0% used [0x000000075bc80000,0x000000075bc80000,0x000000075f980000)
 ParOldGen       total 276480K, used 181440K [0x00000003c0000000, 0x00000003d0e00000, 0x000000066ab00000)
  object space 276480K, 65% used [0x00000003c0000000,0x00000003cb130338,0x00000003d0e00000)
 Metaspace       used 145576K, capacity 162434K, committed 166016K, reserved 1193984K
  class space    used 19823K, capacity 21303K, committed 22144K, reserved 1048576K
Event: 136.121 GC heap after
Heap after GC invocations=29 (full 6):
 PSYoungGen      total 4012544K, used 7537K [0x000000066ab00000, 0x00000007aae00000, 0x00000007c0000000)
  eden space 3950080K, 0% used [0x000000066ab00000,0x000000066ab00000,0x000000075bc80000)
  from space 62464K, 12% used [0x000000075bc80000,0x000000075c3dc640,0x000000075f980000)
  to   space 59392K, 0% used [0x00000007a7400000,0x00000007a7400000,0x00000007aae00000)
 ParOldGen       total 276480K, used 184645K [0x00000003c0000000, 0x00000003d0e00000, 0x000000066ab00000)
  object space 276480K, 66% used [0x00000003c0000000,0x00000003cb4515e0,0x00000003d0e00000)
 Metaspace       used 145576K, capacity 162434K, committed 166016K, reserved 1193984K
  class space    used 19823K, capacity 21303K, committed 22144K, reserved 1048576K
}
Event: 142.709 GC heap before
{Heap before GC invocations=30 (full 6):
 PSYoungGen      total 4012544K, used 3957617K [0x000000066ab00000, 0x00000007aae00000, 0x00000007c0000000)
  eden space 3950080K, 100% used [0x000000066ab00000,0x000000075bc80000,0x000000075bc80000)
  from space 62464K, 12% used [0x000000075bc80000,0x000000075c3dc640,0x000000075f980000)
  to   space 59392K, 0% used [0x00000007a7400000,0x00000007a7400000,0x00000007aae00000)
 ParOldGen       total 276480K, used 184645K [0x00000003c0000000, 0x00000003d0e00000, 0x000000066ab00000)
  object space 276480K, 66% used [0x00000003c0000000,0x00000003cb4515e0,0x00000003d0e00000)
 Metaspace       used 145606K, capacity 162466K, committed 166016K, reserved 1193984K
  class space    used 19827K, capacity 21335K, committed 22144K, reserved 1048576K
Event: 142.903 GC heap after
Heap after GC invocations=30 (full 6):
 PSYoungGen      total 5153792K, used 15876K [0x000000066ab00000, 0x00000007a9a00000, 0x00000007c0000000)
  eden space 5114880K, 0% used [0x000000066ab00000,0x000000066ab00000,0x00000007a2e00000)
  from space 38912K, 40% used [0x00000007a7400000,0x00000007a8381168,0x00000007a9a00000)
  to   space 55296K, 0% used [0x00000007a2e00000,0x00000007a2e00000,0x00000007a6400000)
 ParOldGen       total 276480K, used 188482K [0x00000003c0000000, 0x00000003d0e00000, 0x000000066ab00000)
  object space 276480K, 68% used [0x00000003c0000000,0x00000003cb810a50,0x00000003d0e00000)
 Metaspace       used 145606K, capacity 162466K, committed 166016K, reserved 1193984K
  class space    used 19827K, capacity 21335K, committed 22144K, reserved 1048576K
}

Deoptimization events (10 events):
Event: 146.397 Thread 0x00007fcaadfda000 Uncommon trap: reason=unstable_if action=reinterpret pc=0x000000011073c784 method=scala.collection.mutable.ArrayBuilder$ofRef.$plus$plus$eq(Lscala/collection/TraversableOnce;)Lscala/collection/mutable/ArrayBuilder$ofRef; @ 4
Event: 146.936 Thread 0x00007fcaadfda000 Uncommon trap: reason=unstable_if action=reinterpret pc=0x0000000110065c10 method=sun.security.provider.SecureRandom.engineNextBytes([B)V @ 62
Event: 146.937 Thread 0x00007fcaadfda000 Uncommon trap: reason=unstable_if action=reinterpret pc=0x0000000110055e48 method=sun.security.provider.SecureRandom.engineNextBytes([B)V @ 62
Event: 148.417 Thread 0x00007fcaadfda000 Uncommon trap: reason=unstable_if action=reinterpret pc=0x000000010e5c7560 method=java.util.Properties.loadConvert([CII[C)Ljava/lang/String; @ 72
Event: 148.464 Thread 0x00007fcaadfda000 Uncommon trap: reason=unstable_if action=reinterpret pc=0x000000010f0b3388 method=sun.reflect.annotation.AnnotationInvocationHandler.invoke(Ljava/lang/Object;Ljava/lang/reflect/Method;[Ljava/lang/Object;)Ljava/lang/Object; @ 263
Event: 148.487 Thread 0x00007fcaadfda000 Uncommon trap: reason=class_check action=maybe_recompile pc=0x000000010e811614 method=java.net.URLStreamHandler.equals(Ljava/net/URL;Ljava/net/URL;)Z @ 33
Event: 148.493 Thread 0x00007fcaadfda000 Uncommon trap: reason=class_check action=maybe_recompile pc=0x000000010e811614 method=java.net.URLStreamHandler.equals(Ljava/net/URL;Ljava/net/URL;)Z @ 33
Event: 149.664 Thread 0x00007fcaadfda000 Uncommon trap: reason=unstable_if action=reinterpret pc=0x000000010ded03dc method=java.lang.String.lastIndexOf([CII[CIII)I @ 118
Event: 150.306 Thread 0x00007fcaadfda000 Uncommon trap: reason=class_check action=maybe_recompile pc=0x000000010e811614 method=java.net.URLStreamHandler.equals(Ljava/net/URL;Ljava/net/URL;)Z @ 33
Event: 150.308 Thread 0x00007fcaadfda000 Uncommon trap: reason=class_check action=maybe_recompile pc=0x000000010e811614 method=java.net.URLStreamHandler.equals(Ljava/net/URL;Ljava/net/URL;)Z @ 33

Classes redefined (0 events):
No events

Internal exceptions (10 events):
Event: 111.821 Thread 0x00007fca4c8f1000 Exception <a 'java/lang/NoSuchMethodError': java.lang.Object.$anonfun$prepareArguments$2(Lorg/apache/spark/sql/catalyst/expressions/objects/InvokeLike;Lorg/apache/spark/sql/catalyst/expressions/codegen/CodegenContext;Lorg/apache/spark/sql/catalyst/express
Event: 112.203 Thread 0x00007fca4c8f1000 Exception <a 'java/lang/NoSuchMethodError': java.lang.Object.$anonfun$_lookup$1(Lcom/johnsnowlabs/storage/StorageReader;Ljava/lang/String;)Lscala/Option;> (0x00000006a70080f8) thrown at [/System/Volumes/Data/jenkins/workspace/8-2-build-macosx-x64/jdk8u361
Event: 112.206 Thread 0x00007fca4c8f1000 Exception <a 'java/lang/NoSuchMethodError': java.lang.Object.$anonfun$fromBytes$1()F> (0x00000006a7010f38) thrown at [/System/Volumes/Data/jenkins/workspace/8-2-build-macosx-x64/jdk8u361/3183/hotspot/src/share/vm/interpreter/linkResolver.cpp, line 620]
Event: 112.210 Thread 0x00007fca4c8f1000 Exception <a 'java/lang/NoSuchMethodError': java.lang.Object.$anonfun$fromBytes$2([FLjava/nio/ByteBuffer;I)V> (0x00000006a7073a78) thrown at [/System/Volumes/Data/jenkins/workspace/8-2-build-macosx-x64/jdk8u361/3183/hotspot/src/share/vm/interpreter/linkRe
Event: 112.216 Thread 0x00007fca4c8f1000 Exception <a 'java/lang/NoSuchMethodError': java.lang.Object.$anonfun$getReader$1(Lcom/johnsnowlabs/storage/HasStorageReader;Lscala/runtime/LazyRef;Lcom/johnsnowlabs/storage/Database;)Lcom/johnsnowlabs/storage/StorageReader;> (0x00000006a70c2de8) thrown a
Event: 112.653 Thread 0x00007fcaadfda000 Exception <a 'java/lang/NoSuchMethodError': java.lang.Object.$anonfun$extractInputs$1(Ljava/lang/String;I)Ljava/lang/String;> (0x00000006a1fd6b28) thrown at [/System/Volumes/Data/jenkins/workspace/8-2-build-macosx-x64/jdk8u361/3183/hotspot/src/share/vm/in
Event: 144.513 Thread 0x00007fcaae754000 Exception <a 'java/lang/NoSuchMethodError': <clinit>> (0x000000067ef6d430) thrown at [/System/Volumes/Data/jenkins/workspace/8-2-build-macosx-x64/jdk8u361/3183/hotspot/src/share/vm/prims/jni.cpp, line 1615]
Event: 144.534 Thread 0x00007fcaae754000 Exception <a 'java/lang/NoSuchMethodError': <clinit>> (0x000000067ef799a0) thrown at [/System/Volumes/Data/jenkins/workspace/8-2-build-macosx-x64/jdk8u361/3183/hotspot/src/share/vm/prims/jni.cpp, line 1615]
Event: 144.750 Thread 0x00007fcaae741800 Exception <a 'java/lang/NoSuchMethodError': java.lang.Object.lambda$static$0(Ljava/lang/Throwable;)Z> (0x000000067ffbf948) thrown at [/System/Volumes/Data/jenkins/workspace/8-2-build-macosx-x64/jdk8u361/3183/hotspot/src/share/vm/interpreter/linkResolver.c
Event: 145.509 Thread 0x00007fcaadfda000 Implicit null exception at 0x00000001108fb7f5 to 0x00000001108fbc3d

Events (10 events):
Event: 149.712 Thread 0x00007fcaadfda000 DEOPT PACKING pc=0x000000010e1845c4 sp=0x000000030b2b4fd0
Event: 149.712 Thread 0x00007fcaadfda000 DEOPT UNPACKING pc=0x000000010dcdc404 sp=0x000000030b2b4d48 mode 0
Event: 150.306 Thread 0x00007fcaadfda000 Uncommon trap: trap_request=0xffffffde fr.pc=0x000000010e811614
Event: 150.306 Thread 0x00007fcaadfda000 DEOPT PACKING pc=0x000000010e811614 sp=0x000000030b2b5c50
Event: 150.306 Thread 0x00007fcaadfda000 DEOPT UNPACKING pc=0x000000010dcda7ba sp=0x000000030b2b5c00 mode 2
Event: 150.308 Thread 0x00007fcaadfda000 Uncommon trap: trap_request=0xffffffde fr.pc=0x000000010e811614
Event: 150.308 Thread 0x00007fcaadfda000 DEOPT PACKING pc=0x000000010e811614 sp=0x000000030b2b5c50
Event: 150.308 Thread 0x00007fcaadfda000 DEOPT UNPACKING pc=0x000000010dcda7ba sp=0x000000030b2b5c00 mode 2
Event: 150.350 Thread 0x00007fcaadfda000 DEOPT PACKING pc=0x000000010ff4f6ac sp=0x000000030b2b5b50
Event: 150.350 Thread 0x00007fcaadfda000 DEOPT UNPACKING pc=0x000000010dcdc404 sp=0x000000030b2b5848 mode 0


Dynamic libraries:
0x00007ff82a38c000 	/System/Library/Frameworks/Cocoa.framework/Versions/A/Cocoa
0x00007ff814e83000 	/System/Library/Frameworks/AppKit.framework/Versions/C/AppKit
0x00007ff817b3e000 	/System/Library/Frameworks/CoreData.framework/Versions/A/CoreData
0x00007ff812b6e000 	/System/Library/Frameworks/Foundation.framework/Versions/C/Foundation
0x00007ff81defe000 	/usr/lib/libSystem.B.dylib
0x00007ff815e8c000 	/System/Library/PrivateFrameworks/UIFoundation.framework/Versions/A/UIFoundation
0x00007ffb129eb000 	/System/Library/PrivateFrameworks/CollectionViewCore.framework/Versions/A/CollectionViewCore
0x00007ff82434a000 	/System/Library/PrivateFrameworks/RemoteViewServices.framework/Versions/A/RemoteViewServices
0x00007ff81bfa5000 	/System/Library/PrivateFrameworks/XCTTargetBootstrap.framework/Versions/A/XCTTargetBootstrap
0x00007ff81fe2d000 	/System/Library/PrivateFrameworks/InternationalSupport.framework/Versions/A/InternationalSupport
0x00007ff81feb6000 	/System/Library/PrivateFrameworks/UserActivity.framework/Versions/A/UserActivity
0x00007ffb28cbd000 	/System/Library/PrivateFrameworks/WindowManagement.framework/Versions/A/WindowManagement
0x00007ff812858000 	/System/Library/Frameworks/SystemConfiguration.framework/Versions/A/SystemConfiguration
0x00007ff81f22a000 	/usr/lib/libspindump.dylib
0x00007ff81605a000 	/System/Library/Frameworks/UniformTypeIdentifiers.framework/Versions/A/UniformTypeIdentifiers
0x00007ff81a485000 	/usr/lib/libapp_launch_measurement.dylib
0x00007ff8190f9000 	/System/Library/PrivateFrameworks/CoreAnalytics.framework/Versions/A/CoreAnalytics
0x00007ff81a488000 	/System/Library/PrivateFrameworks/CoreAutoLayout.framework/Versions/A/CoreAutoLayout
0x00007ff81b819000 	/System/Library/Frameworks/Metal.framework/Versions/A/Metal
0x00007ff81c768000 	/usr/lib/liblangid.dylib
0x00007ff81bfaa000 	/System/Library/PrivateFrameworks/CoreSVG.framework/Versions/A/CoreSVG
0x00007ff816994000 	/System/Library/PrivateFrameworks/SkyLight.framework/Versions/A/SkyLight
0x00007ff816d7e000 	/System/Library/Frameworks/CoreGraphics.framework/Versions/A/CoreGraphics
0x00007ff824a1c000 	/System/Library/Frameworks/Accelerate.framework/Versions/A/Accelerate
0x00007ff81ec9f000 	/System/Library/PrivateFrameworks/IconServices.framework/Versions/A/IconServices
0x00007ff81b7fc000 	/System/Library/Frameworks/IOSurface.framework/Versions/A/IOSurface
0x00007ff819123000 	/usr/lib/libDiagnosticMessagesClient.dylib
0x00007ff81de14000 	/usr/lib/libz.1.dylib
0x00007ff827f9e000 	/System/Library/Frameworks/ApplicationServices.framework/Versions/A/ApplicationServices
0x00007ff81bf91000 	/System/Library/PrivateFrameworks/DFRFoundation.framework/Versions/A/DFRFoundation
0x00007ff81474b000 	/usr/lib/libicucore.A.dylib
0x00007ff820cd0000 	/System/Library/Frameworks/AudioToolbox.framework/Versions/A/AudioToolbox
0x00007ff81fe38000 	/System/Library/PrivateFrameworks/DataDetectorsCore.framework/Versions/A/DataDetectorsCore
0x00007ff919623000 	/System/Library/PrivateFrameworks/TextInput.framework/Versions/A/TextInput
0x00007ff816909000 	/usr/lib/libMobileGestalt.dylib
0x00007ff81bc99000 	/System/Library/Frameworks/Carbon.framework/Versions/A/Frameworks/HIToolbox.framework/Versions/A/HIToolbox
0x00007ff819e26000 	/System/Library/Frameworks/QuartzCore.framework/Versions/A/QuartzCore
0x00007ff8143c9000 	/System/Library/Frameworks/Security.framework/Versions/A/Security
0x00007ff824382000 	/System/Library/Frameworks/Carbon.framework/Versions/A/Frameworks/SpeechRecognition.framework/Versions/A/SpeechRecognition
0x00007ff81a1c5000 	/System/Library/PrivateFrameworks/CoreUI.framework/Versions/A/CoreUI
0x00007ff813caa000 	/System/Library/Frameworks/CoreAudio.framework/Versions/A/CoreAudio
0x00007ff8191fd000 	/System/Library/Frameworks/DiskArbitration.framework/Versions/A/DiskArbitration
0x00007ff81f648000 	/System/Library/PrivateFrameworks/MultitouchSupport.framework/Versions/A/MultitouchSupport
0x00007ff816908000 	/usr/lib/libenergytrace.dylib
0x00007ff814d65000 	/System/Library/Frameworks/IOKit.framework/Versions/A/IOKit
0x00007ff82477b000 	/System/Library/Frameworks/CoreServices.framework/Versions/A/CoreServices
0x00007ff81a41d000 	/System/Library/PrivateFrameworks/PerformanceAnalysis.framework/Versions/A/PerformanceAnalysis
0x00007ffa27f19000 	/System/Library/Frameworks/OpenGL.framework/Versions/A/OpenGL
0x00007ff81a4d0000 	/usr/lib/libxml2.2.dylib
0x00007ff81d374000 	/System/Library/PrivateFrameworks/MobileKeyBag.framework/Versions/A/MobileKeyBag
0x00007ff8119e8000 	/usr/lib/libobjc.A.dylib
0x00007ff811cae000 	/usr/lib/libc++.1.dylib
0x00007ff8175a0000 	/System/Library/Frameworks/ColorSync.framework/Versions/A/ColorSync
0x00007ff811db9000 	/System/Library/Frameworks/CoreFoundation.framework/Versions/A/CoreFoundation
0x00007ff81c345000 	/System/Library/Frameworks/CoreImage.framework/Versions/A/CoreImage
0x00007ff813abb000 	/System/Library/Frameworks/CoreText.framework/Versions/A/CoreText
0x00007ff81bfe2000 	/System/Library/Frameworks/ImageIO.framework/Versions/A/ImageIO
0x00007ff81df04000 	/System/Library/PrivateFrameworks/SoftLinking.framework/Versions/A/SoftLinking
0x00007ff81e184000 	/usr/lib/libcompression.dylib
0x00007ff81fd5f000 	/System/Library/PrivateFrameworks/TextureIO.framework/Versions/A/TextureIO
0x00007ff81e8cf000 	/usr/lib/libate.dylib
0x00007ff81def9000 	/usr/lib/system/libcache.dylib
0x00007ff81deb4000 	/usr/lib/system/libcommonCrypto.dylib
0x00007ff81dedd000 	/usr/lib/system/libcompiler_rt.dylib
0x00007ff81ded3000 	/usr/lib/system/libcopyfile.dylib
0x00007ff811b17000 	/usr/lib/system/libcorecrypto.dylib
0x00007ff811bdb000 	/usr/lib/system/libdispatch.dylib
0x00007ff811d63000 	/usr/lib/system/libdyld.dylib
0x00007ff81deef000 	/usr/lib/system/libkeymgr.dylib
0x00007ff81de93000 	/usr/lib/system/libmacho.dylib
0x00007ff81d461000 	/usr/lib/system/libquarantine.dylib
0x00007ff81deed000 	/usr/lib/system/libremovefile.dylib
0x00007ff816962000 	/usr/lib/system/libsystem_asl.dylib
0x00007ff811ab9000 	/usr/lib/system/libsystem_blocks.dylib
0x00007ff811c25000 	/usr/lib/system/libsystem_c.dylib
0x00007ff81dee5000 	/usr/lib/system/libsystem_collections.dylib
0x00007ff81c759000 	/usr/lib/system/libsystem_configuration.dylib
0x00007ff81b7cd000 	/usr/lib/system/libsystem_containermanager.dylib
0x00007ff81db4c000 	/usr/lib/system/libsystem_coreservices.dylib
0x00007ff8149df000 	/usr/lib/system/libsystem_darwin.dylib
0x00007ff81def0000 	/usr/lib/system/libsystem_dnssd.dylib
0x00007ff811c22000 	/usr/lib/system/libsystem_featureflags.dylib
0x00007ff811d8e000 	/usr/lib/system/libsystem_info.dylib
0x00007ff81de27000 	/usr/lib/system/libsystem_m.dylib
0x00007ff811bae000 	/usr/lib/system/libsystem_malloc.dylib
0x00007ff8168f1000 	/usr/lib/system/libsystem_networkextension.dylib
0x00007ff814e24000 	/usr/lib/system/libsystem_notify.dylib
0x00007ff81c75d000 	/usr/lib/system/libsystem_sandbox.dylib
0x00007ff81deea000 	/usr/lib/system/libsystem_secinit.dylib
0x00007ff811d1d000 	/usr/lib/system/libsystem_kernel.dylib
0x00007ff811d84000 	/usr/lib/system/libsystem_platform.dylib
0x00007ff811d57000 	/usr/lib/system/libsystem_pthread.dylib
0x00007ff8183b2000 	/usr/lib/system/libsystem_symptoms.dylib
0x00007ff811afd000 	/usr/lib/system/libsystem_trace.dylib
0x00007ff81dec0000 	/usr/lib/system/libunwind.dylib
0x00007ff811abd000 	/usr/lib/system/libxpc.dylib
0x00007ff811d07000 	/usr/lib/libc++abi.dylib
0x00007ff81decb000 	/usr/lib/liboah.dylib
0x00007ff81e65f000 	/usr/lib/liblzma.5.dylib
0x00007ff81df00000 	/usr/lib/libfakelink.dylib
0x00007ff81654b000 	/System/Library/Frameworks/CFNetwork.framework/Versions/A/CFNetwork
0x00007ff81e03d000 	/usr/lib/libarchive.2.dylib
0x00007ff822623000 	/System/Library/Frameworks/Combine.framework/Versions/A/Combine
0x00007ff820748000 	/usr/lib/swift/libswiftCore.dylib
0x00007ff916668000 	/usr/lib/swift/libswiftCoreFoundation.dylib
0x00007ff914621000 	/usr/lib/swift/libswiftDarwin.dylib
0x00007ff825f9d000 	/usr/lib/swift/libswiftDispatch.dylib
0x00007ff916684000 	/usr/lib/swift/libswiftIOKit.dylib
0x00007ff8283d7000 	/usr/lib/swift/libswiftObjectiveC.dylib
0x00007ff916679000 	/usr/lib/swift/libswiftXPC.dylib
0x00007ffb2f597000 	/usr/lib/swift/libswift_Concurrency.dylib
0x00007ffb2f6d6000 	/usr/lib/swift/libswift_StringProcessing.dylib
0x00007ff8283db000 	/usr/lib/swift/libswiftos.dylib
0x00007ff814ce6000 	/System/Library/PrivateFrameworks/CoreServicesInternal.framework/Versions/A/CoreServicesInternal
0x00007ff81d488000 	/usr/lib/libbsm.0.dylib
0x00007ff81de98000 	/usr/lib/system/libkxld.dylib
0x00007ff81a451000 	/System/Library/Frameworks/CoreServices.framework/Versions/A/Frameworks/FSEvents.framework/Versions/A/FSEvents
0x00007ff8149ea000 	/System/Library/Frameworks/CoreServices.framework/Versions/A/Frameworks/CarbonCore.framework/Versions/A/CarbonCore
0x00007ff819166000 	/System/Library/Frameworks/CoreServices.framework/Versions/A/Frameworks/Metadata.framework/Versions/A/Metadata
0x00007ff81db52000 	/System/Library/Frameworks/CoreServices.framework/Versions/A/Frameworks/OSServices.framework/Versions/A/OSServices
0x00007ff81e0c5000 	/System/Library/Frameworks/CoreServices.framework/Versions/A/Frameworks/SearchKit.framework/Versions/A/SearchKit
0x00007ff818339000 	/System/Library/Frameworks/CoreServices.framework/Versions/A/Frameworks/AE.framework/Versions/A/AE
0x00007ff812251000 	/System/Library/Frameworks/CoreServices.framework/Versions/A/Frameworks/LaunchServices.framework/Versions/A/LaunchServices
0x00007ff81e610000 	/System/Library/Frameworks/CoreServices.framework/Versions/A/Frameworks/DictionaryServices.framework/Versions/A/DictionaryServices
0x00007ff81a45e000 	/System/Library/Frameworks/CoreServices.framework/Versions/A/Frameworks/SharedFileList.framework/Versions/A/SharedFileList
0x00007ff81e151000 	/usr/lib/libapple_nghttp2.dylib
0x00007ff816547000 	/usr/lib/libnetwork.dylib
0x00007ff817fb7000 	/usr/lib/libsqlite3.dylib
0x00007ff8183ba000 	/System/Library/Frameworks/Network.framework/Versions/A/Network
0x00007ffb2e581000 	/usr/lib/libCoreEntitlements.dylib
0x00007ffb1bebc000 	/System/Library/PrivateFrameworks/MessageSecurity.framework/Versions/A/MessageSecurity
0x00007ff817f9e000 	/System/Library/PrivateFrameworks/ProtocolBuffer.framework/Versions/A/ProtocolBuffer
0x00007ff81db2b000 	/System/Library/PrivateFrameworks/AppleFSCompression.framework/Versions/A/AppleFSCompression
0x00007ff81d470000 	/usr/lib/libcoretls.dylib
0x00007ff81e679000 	/usr/lib/libcoretls_cfhelpers.dylib
0x00007ff81e17e000 	/usr/lib/libpam.2.dylib
0x00007ff81e6e7000 	/usr/lib/libxar.1.dylib
0x00007ff81ec7b000 	/usr/lib/libheimdal-asn1.dylib
0x00007ff81df05000 	/usr/lib/libpcap.A.dylib
0x00007ff8183a9000 	/usr/lib/libdns_services.dylib
0x00007ff81c764000 	/System/Library/PrivateFrameworks/AppleSystemInfo.framework/Versions/A/AppleSystemInfo
0x00007ff81d17d000 	/System/Library/PrivateFrameworks/IOMobileFramebuffer.framework/Versions/A/IOMobileFramebuffer
0x00007ff81db3c000 	/usr/lib/libbz2.1.0.dylib
0x00007ff81d464000 	/usr/lib/libCheckFix.dylib
0x00007ff816979000 	/System/Library/PrivateFrameworks/TCC.framework/Versions/A/TCC
0x00007ff81c76a000 	/System/Library/PrivateFrameworks/CoreNLP.framework/Versions/A/CoreNLP
0x00007ff819125000 	/System/Library/PrivateFrameworks/MetadataUtilities.framework/Versions/A/MetadataUtilities
0x00007ff81d498000 	/usr/lib/libmecab.dylib
0x00007ff8128d7000 	/usr/lib/libCRFSuite.dylib
0x00007ff81d4f2000 	/usr/lib/libgermantok.dylib
0x00007ff81e12c000 	/usr/lib/libThaiTokenizer.dylib
0x00007ff819205000 	/System/Library/Frameworks/Accelerate.framework/Versions/A/Frameworks/vImage.framework/Versions/A/vImage
0x00007ff82474e000 	/System/Library/Frameworks/Accelerate.framework/Versions/A/Frameworks/vecLib.framework/Versions/A/vecLib
0x00007ff81e729000 	/System/Library/Frameworks/Accelerate.framework/Versions/A/Frameworks/vecLib.framework/Versions/A/libvMisc.dylib
0x00007ff81cf78000 	/System/Library/Frameworks/Accelerate.framework/Versions/A/Frameworks/vecLib.framework/Versions/A/libvDSP.dylib
0x00007ff81260d000 	/System/Library/Frameworks/Accelerate.framework/Versions/A/Frameworks/vecLib.framework/Versions/A/libBLAS.dylib
0x00007ff81e263000 	/System/Library/Frameworks/Accelerate.framework/Versions/A/Frameworks/vecLib.framework/Versions/A/libLAPACK.dylib
0x00007ff81d4f5000 	/System/Library/Frameworks/Accelerate.framework/Versions/A/Frameworks/vecLib.framework/Versions/A/libLinearAlgebra.dylib
0x00007ff81e169000 	/System/Library/Frameworks/Accelerate.framework/Versions/A/Frameworks/vecLib.framework/Versions/A/libSparseBLAS.dylib
0x00007ff81e25d000 	/System/Library/Frameworks/Accelerate.framework/Versions/A/Frameworks/vecLib.framework/Versions/A/libQuadrature.dylib
0x00007ff81c856000 	/System/Library/Frameworks/Accelerate.framework/Versions/A/Frameworks/vecLib.framework/Versions/A/libBNNS.dylib
0x00007ff8127e1000 	/System/Library/Frameworks/Accelerate.framework/Versions/A/Frameworks/vecLib.framework/Versions/A/libSparse.dylib
0x00007ffb1b1bb000 	/System/Library/PrivateFrameworks/MIL.framework/Versions/A/MIL
0x00007ff81df3a000 	/usr/lib/libiconv.2.dylib
0x00007ff81de92000 	/usr/lib/libcharset.1.dylib
0x00007ff81a435000 	/System/Library/Frameworks/OpenDirectory.framework/Versions/A/Frameworks/CFOpenDirectory.framework/Versions/A/CFOpenDirectory
0x00007ff81a429000 	/System/Library/Frameworks/OpenDirectory.framework/Versions/A/OpenDirectory
0x00007ff81e67b000 	/System/Library/PrivateFrameworks/APFS.framework/Versions/A/APFS
0x00007ff81d3a7000 	/System/Library/Frameworks/SecurityFoundation.framework/Versions/A/SecurityFoundation
0x00007ff81e6f5000 	/usr/lib/libutil.dylib
0x00007ffb1a34c000 	/System/Library/PrivateFrameworks/InstalledContentLibrary.framework/Versions/A/InstalledContentLibrary
0x00007ff814d29000 	/System/Library/PrivateFrameworks/CoreServicesStore.framework/Versions/A/CoreServicesStore
0x00007ffa31523000 	/System/Library/PrivateFrameworks/AppleMobileFileIntegrity.framework/Versions/A/AppleMobileFileIntegrity
0x00007ff916648000 	/usr/lib/libmis.dylib
0x00007ff924c7a000 	/System/Library/PrivateFrameworks/MobileSystemServices.framework/Versions/A/MobileSystemServices
0x00007ffa1ee14000 	/System/Library/PrivateFrameworks/ConfigProfileHelper.framework/Versions/A/ConfigProfileHelper
0x00007ff81e12e000 	/System/Library/PrivateFrameworks/AppleSauce.framework/Versions/A/AppleSauce
0x00007ff813580000 	/System/Library/PrivateFrameworks/LanguageModeling.framework/Versions/A/LanguageModeling
0x00007ff81e6f9000 	/usr/lib/libxslt.1.dylib
0x00007ff81e02c000 	/usr/lib/libcmph.dylib
0x00007ff81d16b000 	/System/Library/PrivateFrameworks/CoreEmoji.framework/Versions/A/CoreEmoji
0x00007ff81c850000 	/System/Library/PrivateFrameworks/LinguisticData.framework/Versions/A/LinguisticData
0x00007ff812797000 	/System/Library/PrivateFrameworks/Lexicon.framework/Versions/A/Lexicon
0x00007ff81d435000 	/System/Library/PrivateFrameworks/BackgroundTaskManagement.framework/Versions/A/BackgroundTaskManagement
0x00007ffb2e6bb000 	/usr/lib/libTLE.dylib
0x00007ffb2f61b000 	/usr/lib/swift/libswift_RegexParser.dylib
0x00007ff81f512000 	/System/Library/PrivateFrameworks/AppleJPEG.framework/Versions/A/AppleJPEG
0x00007ff81ec60000 	/usr/lib/libexpat.1.dylib
0x00007ff81fbbc000 	/System/Library/Frameworks/ImageIO.framework/Versions/A/Resources/libPng.dylib
0x00007ff81fbe9000 	/System/Library/Frameworks/ImageIO.framework/Versions/A/Resources/libTIFF.dylib
0x00007ff81fcd9000 	/System/Library/Frameworks/ImageIO.framework/Versions/A/Resources/libGIF.dylib
0x00007ff81f55d000 	/System/Library/Frameworks/ImageIO.framework/Versions/A/Resources/libJP2.dylib
0x00007ff81fc79000 	/System/Library/Frameworks/ImageIO.framework/Versions/A/Resources/libJPEG.dylib
0x00007ff81fc70000 	/System/Library/Frameworks/ImageIO.framework/Versions/A/Resources/libRadiance.dylib
0x00007ff81bb2f000 	/System/Library/PrivateFrameworks/FontServices.framework/libFontParser.dylib
0x00007ff8182de000 	/System/Library/PrivateFrameworks/RunningBoardServices.framework/Versions/A/RunningBoardServices
0x00007ff82a9c9000 	/System/Library/PrivateFrameworks/IOSurfaceAccelerator.framework/Versions/A/IOSurfaceAccelerator
0x00007ff81f644000 	/System/Library/PrivateFrameworks/WatchdogClient.framework/Versions/A/WatchdogClient
0x00007ff8136e2000 	/System/Library/Frameworks/CoreDisplay.framework/Versions/A/CoreDisplay
0x00007ff81ba1e000 	/System/Library/Frameworks/CoreMedia.framework/Versions/A/CoreMedia
0x00007ff81b810000 	/System/Library/PrivateFrameworks/IOAccelerator.framework/Versions/A/IOAccelerator
0x00007ff81a5af000 	/System/Library/Frameworks/CoreVideo.framework/Versions/A/CoreVideo
0x00007ff81e17c000 	/System/Library/Frameworks/MetalPerformanceShaders.framework/Versions/A/MetalPerformanceShaders
0x00007ff81f681000 	/System/Library/Frameworks/VideoToolbox.framework/Versions/A/VideoToolbox
0x00007ff818222000 	/System/Library/PrivateFrameworks/BaseBoard.framework/Versions/A/BaseBoard
0x00007ff81fc69000 	/System/Library/PrivateFrameworks/GPUWrangler.framework/Versions/A/GPUWrangler
0x00007ff81fc4d000 	/System/Library/PrivateFrameworks/IOPresentment.framework/Versions/A/IOPresentment
0x00007ff81fc73000 	/System/Library/PrivateFrameworks/DSExternalDisplay.framework/Versions/A/DSExternalDisplay
0x00007ffb169bb000 	/System/Library/PrivateFrameworks/GPUCompiler.framework/Versions/31001/Libraries/libllvm-flatbuffers.dylib
0x00007ffa27f0d000 	/System/Library/Frameworks/OpenGL.framework/Versions/A/Libraries/libCoreFSCache.dylib
0x00007ffb169b7000 	/System/Library/PrivateFrameworks/GPUCompiler.framework/Versions/31001/Libraries/libGPUCompilerUtils.dylib
0x00007ff81fcdf000 	/System/Library/PrivateFrameworks/CMCaptureCore.framework/Versions/A/CMCaptureCore
0x00007ffa2b9f5000 	/System/Library/Frameworks/ExtensionFoundation.framework/Versions/A/ExtensionFoundation
0x00007ff82671a000 	/System/Library/PrivateFrameworks/CoreTime.framework/Versions/A/CoreTime
0x00007ff81f214000 	/System/Library/PrivateFrameworks/AppServerSupport.framework/Versions/A/AppServerSupport
0x00007ff82159b000 	/System/Library/PrivateFrameworks/perfdata.framework/Versions/A/perfdata
0x00007ff81380e000 	/System/Library/PrivateFrameworks/AudioToolboxCore.framework/Versions/A/AudioToolboxCore
0x00007ff81b9f8000 	/System/Library/PrivateFrameworks/caulk.framework/Versions/A/caulk
0x00007ff820e68000 	/usr/lib/libAudioStatistics.dylib
0x00007ff915acb000 	/System/Library/PrivateFrameworks/SystemPolicy.framework/Versions/A/SystemPolicy
0x00007ff821106000 	/usr/lib/libSMC.dylib
0x00007ff82a231000 	/System/Library/Frameworks/CoreMIDI.framework/Versions/A/CoreMIDI
0x00007ff81fb8a000 	/usr/lib/libAudioToolboxUtility.dylib
0x00007ff82f764000 	/System/Library/PrivateFrameworks/OSAServicesClient.framework/Versions/A/OSAServicesClient
0x00007ff8215a8000 	/usr/lib/libperfcheck.dylib
0x00007ff81eb44000 	/System/Library/PrivateFrameworks/PlugInKit.framework/Versions/A/PlugInKit
0x00007ff81d39a000 	/System/Library/PrivateFrameworks/AssertionServices.framework/Versions/A/AssertionServices
0x00007ffa27f68000 	/System/Library/Frameworks/OpenGL.framework/Versions/A/Libraries/libGLU.dylib
0x00007ffa27f2c000 	/System/Library/Frameworks/OpenGL.framework/Versions/A/Libraries/libGFXShared.dylib
0x00007ffa28135000 	/System/Library/Frameworks/OpenGL.framework/Versions/A/Libraries/libGL.dylib
0x00007ffa27f35000 	/System/Library/Frameworks/OpenGL.framework/Versions/A/Libraries/libGLImage.dylib
0x00007ffa27f29000 	/System/Library/Frameworks/OpenGL.framework/Versions/A/Libraries/libCVMSPluginSupport.dylib
0x00007ffb2e69a000 	/usr/lib/libRosetta.dylib
0x00007ffa27f14000 	/System/Library/Frameworks/OpenGL.framework/Versions/A/Libraries/libCoreVMClient.dylib
0x00007ff81c6dd000 	/System/Library/Frameworks/MetalPerformanceShaders.framework/Versions/A/Frameworks/MPSCore.framework/Versions/A/MPSCore
0x00007ff81da95000 	/System/Library/Frameworks/MetalPerformanceShaders.framework/Versions/A/Frameworks/MPSImage.framework/Versions/A/MPSImage
0x00007ff81d50b000 	/System/Library/Frameworks/MetalPerformanceShaders.framework/Versions/A/Frameworks/MPSNeuralNetwork.framework/Versions/A/MPSNeuralNetwork
0x00007ff81d97e000 	/System/Library/Frameworks/MetalPerformanceShaders.framework/Versions/A/Frameworks/MPSMatrix.framework/Versions/A/MPSMatrix
0x00007ff81d739000 	/System/Library/Frameworks/MetalPerformanceShaders.framework/Versions/A/Frameworks/MPSRayIntersector.framework/Versions/A/MPSRayIntersector
0x00007ff81d9b9000 	/System/Library/Frameworks/MetalPerformanceShaders.framework/Versions/A/Frameworks/MPSNDArray.framework/Versions/A/MPSNDArray
0x00007ffa2cd65000 	/System/Library/Frameworks/MetalPerformanceShaders.framework/Versions/A/Frameworks/MPSFunctions.framework/Versions/A/MPSFunctions
0x00007ff8124ce000 	/System/Library/PrivateFrameworks/MetalTools.framework/Versions/A/MetalTools
0x00007ff81c763000 	/System/Library/PrivateFrameworks/AggregateDictionary.framework/Versions/A/AggregateDictionary
0x00007ff81e9ff000 	/usr/lib/libIOReport.dylib
0x00007ffa28bfc000 	/System/Library/Frameworks/OpenCL.framework/Versions/A/OpenCL
0x00007ff81eda6000 	/System/Library/PrivateFrameworks/GraphVisualizer.framework/Versions/A/GraphVisualizer
0x00007ffb168cc000 	/System/Library/PrivateFrameworks/FontServices.framework/Versions/A/FontServices
0x00007ff81f1cf000 	/System/Library/PrivateFrameworks/OTSVG.framework/Versions/A/OTSVG
0x00007ff81a179000 	/System/Library/Frameworks/ApplicationServices.framework/Versions/A/Frameworks/ATS.framework/Versions/A/Resources/libFontRegistry.dylib
0x00007ff81f21e000 	/System/Library/PrivateFrameworks/FontServices.framework/libhvf.dylib
0x00007ffb168cd000 	/System/Library/PrivateFrameworks/FontServices.framework/libXTFontStaticRegistryData.dylib
0x00007ffb27b66000 	/System/Library/PrivateFrameworks/VideoToolboxParavirtualizationSupport.framework/Versions/A/VideoToolboxParavirtualizationSupport
0x00007ff81ec10000 	/System/Library/PrivateFrameworks/AppleVA.framework/Versions/A/AppleVA
0x00007ff820ea8000 	/System/Library/Frameworks/ApplicationServices.framework/Versions/A/Frameworks/ATS.framework/Versions/A/ATS
0x00007ff817690000 	/System/Library/Frameworks/ApplicationServices.framework/Versions/A/Frameworks/HIServices.framework/Versions/A/HIServices
0x00007ff81fceb000 	/System/Library/Frameworks/ApplicationServices.framework/Versions/A/Frameworks/PrintCore.framework/Versions/A/PrintCore
0x00007ff82125b000 	/System/Library/Frameworks/ApplicationServices.framework/Versions/A/Frameworks/QD.framework/Versions/A/QD
0x00007ff821253000 	/System/Library/Frameworks/ApplicationServices.framework/Versions/A/Frameworks/ColorSyncLegacy.framework/Versions/A/ColorSyncLegacy
0x00007ff820e7c000 	/System/Library/Frameworks/ApplicationServices.framework/Versions/A/Frameworks/SpeechSynthesis.framework/Versions/A/SpeechSynthesis
0x00007ff81fca9000 	/System/Library/Frameworks/ApplicationServices.framework/Versions/A/Frameworks/ATSUI.framework/Versions/A/ATSUI
0x00007ff8211e6000 	/usr/lib/libcups.2.dylib
0x00007ff8215b7000 	/System/Library/Frameworks/Kerberos.framework/Versions/A/Kerberos
0x00007ff8215c6000 	/System/Library/Frameworks/GSS.framework/Versions/A/GSS
0x00007ff820f16000 	/usr/lib/libresolv.9.dylib
0x00007ff81f22f000 	/System/Library/PrivateFrameworks/Heimdal.framework/Versions/A/Heimdal
0x00007ff82835a000 	/System/Library/Frameworks/Kerberos.framework/Versions/A/Libraries/libHeimdalProxy.dylib
0x00007ff821611000 	/System/Library/PrivateFrameworks/CommonAuth.framework/Versions/A/CommonAuth
0x00007ffa2accb000 	/System/Library/Frameworks/AVFAudio.framework/Versions/A/AVFAudio
0x00007ff82f7ad000 	/System/Library/PrivateFrameworks/AXCoreUtilities.framework/Versions/A/AXCoreUtilities
0x00007ff820df8000 	/System/Library/PrivateFrameworks/AudioSession.framework/Versions/A/AudioSession
0x00007ff8223fa000 	/System/Library/Frameworks/IOBluetooth.framework/Versions/A/IOBluetooth
0x00007ff81ed16000 	/System/Library/PrivateFrameworks/MediaExperience.framework/Versions/A/MediaExperience
0x00007ff820c9f000 	/System/Library/PrivateFrameworks/AudioSession.framework/libSessionUtility.dylib
0x00007ff821267000 	/System/Library/PrivateFrameworks/AudioResourceArbitration.framework/Versions/A/AudioResourceArbitration
0x00007ff825353000 	/System/Library/PrivateFrameworks/PowerLog.framework/Versions/A/PowerLog
0x00007ff825295000 	/System/Library/Frameworks/CoreBluetooth.framework/Versions/A/CoreBluetooth
0x00007ff82835b000 	/System/Library/Frameworks/AudioUnit.framework/Versions/A/AudioUnit
0x00007ff81d204000 	/System/Library/PrivateFrameworks/CoreUtils.framework/Versions/A/CoreUtils
0x00007ffb1547d000 	/System/Library/PrivateFrameworks/CoreUtilsExtras.framework/Versions/A/CoreUtilsExtras
0x00007ffb1a1df000 	/System/Library/PrivateFrameworks/IO80211.framework/Versions/A/IO80211
0x00007ff81ec84000 	/System/Library/PrivateFrameworks/IconFoundation.framework/Versions/A/IconFoundation
0x00007ff824372000 	/System/Library/PrivateFrameworks/SpeechRecognitionCore.framework/Versions/A/SpeechRecognitionCore
0x000000010beaa000 	/Library/Internet Plug-Ins/JavaAppletPlugin.plugin/Contents/Home/lib/server/libjvm.dylib
0x000000010b0da000 	/Library/Internet Plug-Ins/JavaAppletPlugin.plugin/Contents/Home/lib/libverify.dylib
0x000000010b132000 	/Library/Internet Plug-Ins/JavaAppletPlugin.plugin/Contents/Home/lib/libjava.dylib
0x000000010b0ff000 	/Library/Internet Plug-Ins/JavaAppletPlugin.plugin/Contents/Home/lib/libzip.dylib
0x00000001458d6000 	/Library/Internet Plug-Ins/JavaAppletPlugin.plugin/Contents/Home/lib/libmanagement.dylib
0x0000000145b71000 	/Library/Internet Plug-Ins/JavaAppletPlugin.plugin/Contents/Home/lib/libnet.dylib
0x0000000145bf1000 	/Library/Internet Plug-Ins/JavaAppletPlugin.plugin/Contents/Home/lib/libnio.dylib
0x0000000146b66000 	/Library/Internet Plug-Ins/JavaAppletPlugin.plugin/Contents/Home/lib/libsunec.dylib
0x00000001484d8000 	/Library/Internet Plug-Ins/JavaAppletPlugin.plugin/Contents/Home/lib/libjaas_unix.dylib
0x000000014ced5000 	/private/var/folders/2l/1pcx9h911c70k9vsjfgymhyh0000gn/T/liblz4-java-612676075301344523.dylib
0x000000014e345000 	/private/var/folders/2l/1pcx9h911c70k9vsjfgymhyh0000gn/T/librocksdbjni8505864893818945815.jnilib
0x000000014e2c3000 	/Users/sofiamurillosanchez/.javacpp/cache/com.johnsnowlabs.nlp_tensorflow-cpu_2.12-0.4.4.jar/org/bytedeco/javacpp/macosx-x86_64/libjnijavacpp.dylib
0x0000000154448000 	/Users/sofiamurillosanchez/.javacpp/cache/com.johnsnowlabs.nlp_tensorflow-cpu_2.12-0.4.4.jar/org/tensorflow/internal/c_api/macosx-x86_64/libtensorflow_framework.2.dylib

VM Arguments:
jvm_args: -Xmx16G -XX:+IgnoreUnrecognizedVMOptions --add-opens=java.base/java.lang=ALL-UNNAMED --add-opens=java.base/java.lang.invoke=ALL-UNNAMED --add-opens=java.base/java.lang.reflect=ALL-UNNAMED --add-opens=java.base/java.io=ALL-UNNAMED --add-opens=java.base/java.net=ALL-UNNAMED --add-opens=java.base/java.nio=ALL-UNNAMED --add-opens=java.base/java.util=ALL-UNNAMED --add-opens=java.base/java.util.concurrent=ALL-UNNAMED --add-opens=java.base/java.util.concurrent.atomic=ALL-UNNAMED --add-opens=java.base/sun.nio.ch=ALL-UNNAMED --add-opens=java.base/sun.nio.cs=ALL-UNNAMED --add-opens=java.base/sun.security.action=ALL-UNNAMED --add-opens=java.base/sun.util.calendar=ALL-UNNAMED --add-opens=java.security.jgss/sun.security.krb5=ALL-UNNAMED 
java_command: org.apache.spark.deploy.SparkSubmit --conf spark.master=local[*] --conf spark.driver.memory=16G --conf spark.kryoserializer.buffer.max=2000M --conf spark.driver.maxResultSize=0 --conf spark.jars.packages=com.johnsnowlabs.nlp:spark-nlp_2.12:4.4.1 --conf spark.serializer=org.apache.spark.serializer.KryoSerializer --conf spark.app.name=Spark NLP pyspark-shell
java_class_path (initial): /Users/sofiamurillosanchez/opt/anaconda3/lib/python3.9/site-packages/pyspark/conf:/Users/sofiamurillosanchez/opt/anaconda3/lib/python3.9/site-packages/pyspark/jars/dropwizard-metrics-hadoop-metrics2-reporter-0.1.2.jar:/Users/sofiamurillosanchez/opt/anaconda3/lib/python3.9/site-packages/pyspark/jars/metrics-core-4.2.7.jar:/Users/sofiamurillosanchez/opt/anaconda3/lib/python3.9/site-packages/pyspark/jars/logging-interceptor-3.12.12.jar:/Users/sofiamurillosanchez/opt/anaconda3/lib/python3.9/site-packages/pyspark/jars/hive-shims-2.3.9.jar:/Users/sofiamurillosanchez/opt/anaconda3/lib/python3.9/site-packages/pyspark/jars/netty-resolver-4.1.74.Final.jar:/Users/sofiamurillosanchez/opt/anaconda3/lib/python3.9/site-packages/pyspark/jars/jakarta.xml.bind-api-2.3.2.jar:/Users/sofiamurillosanchez/opt/anaconda3/lib/python3.9/site-packages/pyspark/jars/metrics-jmx-4.2.7.jar:/Users/sofiamurillosanchez/opt/anaconda3/lib/python3.9/site-packages/pyspark/jars/blas-2.2.1.jar:/Users/sofiamurillosanchez/opt/anaconda3/lib/python3.9/site-packages/pyspark/jars/jersey-common-2.36.jar:/Users/sofiamurillosanchez/opt/anaconda3/lib/python3.9/site-packages/pyspark/jars/netty-transport-native-epoll-4.1.74.Final-linux-x86_64.jar:/Users/sofiamurillosanchez/opt/anaconda3/lib/python3.9/site-packages/pyspark/jars/joda-time-2.10.13.jar:/Users/sofiamurillosanchez/opt/anaconda3/lib/python3.9/site-packages/pyspark/jars/spark-catalyst_2.12-3.3.1.jar:/Users/sofiamurillosanchez/opt/anaconda3/lib/python3.9/site-packages/pyspark/jars/jaxb-runtime-2.3.2.jar:/Users/sofiamurillosanchez/opt/anaconda3/lib/python3.9/site-packages/pyspark/jars/netty-transport-native-unix-common-4.1.74.Final.jar:/Users/sofiamurillosanchez/opt/anaconda3/lib/python3.9/site-packages/pyspark/jars/aircompressor-0.21.jar:/Users/sofiamurillosanchez/opt/anaconda3/lib/python3.9/site-packages/pyspark/jars/kubernetes-model-discovery-5.12.2.jar:/Users/sofiamurillosanchez/opt/anaconda3/lib/python3.9/site-packages/pyspark/
Launcher Type: SUN_STANDARD

Environment Variables:
PATH=/Users/sofiamurillosanchez/opt/anaconda3/bin:/Users/sofiamurillosanchez/opt/anaconda3/condabin:/opt/homebrew/bin:/opt/homebrew/sbin:/opt/local/bin:/opt/local/sbin:/opt/homebrew/bin:/opt/homebrew/sbin:/usr/local/bin:/System/Cryptexes/App/usr/bin:/usr/bin:/bin:/usr/sbin:/sbin:/Library/TeX/texbin:/opt/X11/bin:/Library/Apple/usr/bin:/Applications/Wireshark.app/Contents/MacOS
SHELL=/bin/zsh
DISPLAY=/private/tmp/com.apple.launchd.ZdJJoelI2P/org.xquartz:0

Signal Handlers:
SIGSEGV: [libjvm.dylib+0x59e9bf], sa_mask[0]=11111111111111111111111111111111, sa_flags=SA_ONSTACK|SA_RESTART|SA_SIGINFO
SIGBUS: [libjvm.dylib+0x59e9bf], sa_mask[0]=11111111111111111111111111111111, sa_flags=SA_RESTART|SA_SIGINFO
SIGFPE: [libjvm.dylib+0x59e9bf], sa_mask[0]=11111111111111111111111111111111, sa_flags=SA_RESTART|SA_SIGINFO
SIGPIPE: [libjvm.dylib+0x492256], sa_mask[0]=11111111111111111111111111111111, sa_flags=SA_RESTART|SA_SIGINFO
SIGXFSZ: [libjvm.dylib+0x492256], sa_mask[0]=11111111111111111111111111111111, sa_flags=SA_RESTART|SA_SIGINFO
SIGILL: [libjvm.dylib+0x59e9bf], sa_mask[0]=11111111111111111111111111111111, sa_flags=SA_RESTART|SA_SIGINFO
SIGUSR1: SIG_DFL, sa_mask[0]=11111111011111110111111111111111, sa_flags=none
SIGUSR2: [libjvm.dylib+0x49287a], sa_mask[0]=00000000000000000000000000000000, sa_flags=SA_RESTART|SA_SIGINFO
SIGHUP: [libjvm.dylib+0x490a13], sa_mask[0]=11111111111111111111111111111111, sa_flags=SA_RESTART|SA_SIGINFO
SIGINT: SIG_IGN, sa_mask[0]=11111111011111110111111111111111, sa_flags=none
SIGTERM: [libjvm.dylib+0x490a13], sa_mask[0]=11111111111111111111111111111111, sa_flags=SA_RESTART|SA_SIGINFO
SIGQUIT: [libjvm.dylib+0x490a13], sa_mask[0]=11111111111111111111111111111111, sa_flags=SA_RESTART|SA_SIGINFO


---------------  S Y S T E M  ---------------

OS:Bsduname:Darwin 22.3.0 Darwin Kernel Version 22.3.0: Mon Jan 30 20:39:35 PST 2023; root:xnu-8792.81.3~2/RELEASE_ARM64_T8103 x86_64
rlimit: STACK 8176k, CORE 0k, NPROC 1333, NOFILE 10240, AS infinity
load average:9.28 6.03 5.01

CPU:total 8 (initial active 8) (1 cores per cpu, 1 threads per core) family 6 model 44 stepping 0, cmov, cx8, fxsr, mmx, sse, sse2, sse3, ssse3, sse4.1, sse4.2, popcnt, aes, clmul, tsc, tscinvbit, tscinv

Memory: 4k page, physical 8388608k(40700k free)

/proc/meminfo:


vm_info: Java HotSpot(TM) 64-Bit Server VM (25.361-b09) for bsd-amd64 JRE (1.8.0_361-b09), built on Jan  9 2023 08:31:35 by "java_re" with gcc 4.2.1 Compatible Apple LLVM 11.0.0 (clang-1100.0.33.17)

time: Wed May  3 13:39:50 2023
timezone: CDT
elapsed time: 150.882740 seconds (0d 0h 2m 30s)

