#
# A fatal error has been detected by the Java Runtime Environment:
#
#  SIGILL (0x4) at pc=0x0000000151e39575, pid=94201, tid=0x0000000000006713
#
# JRE version: Java(TM) SE Runtime Environment (8.0_361) (build 1.8.0_361-b09)
# Java VM: Java HotSpot(TM) 64-Bit Server VM (25.361-b09 mixed mode bsd-amd64 compressed oops)
# Problematic frame:
# C  [libtensorflow_framework.2.dylib+0x22575]  tensorflow::monitoring::MetricDef<(tensorflow::monitoring::MetricKind)1, long long, 2>::MetricDef<char [11], char [7]>(absl::lts_20210324::string_view, absl::lts_20210324::string_view, char const (&) [11], char const (&) [7])+0x125
#
# Failed to write core dump. Core dumps have been disabled. To enable core dumping, try "ulimit -c unlimited" before starting Java again
#
# If you would like to submit a bug report, please visit:
#   http://bugreport.java.com/bugreport/crash.jsp
# The crash happened outside the Java Virtual Machine in native code.
# See problematic frame for where to report the bug.
#

---------------  T H R E A D  ---------------

Current thread (0x00007f9170ea5800):  JavaThread "Thread-4" [_thread_in_native, id=26387, stack(0x0000000306731000,0x0000000306831000)]

siginfo: si_signo: 4 (SIGILL), si_code: 1 (ILL_ILLOPC), si_addr: 0x0000000151e39575

Registers:
RAX=0x000000030682bcb9, RBX=0x000000030682bd20, RCX=0x000000030682bcbf, RDX=0x0000000000000000
RSP=0x000000030682bc40, RBP=0x000000030682bd00, RSI=0x0000000152ee94d4, RDI=0x000000030682bcb9
R8 =0x0000000000000073, R9 =0x0000000152ee94c3, R10=0x0000000000000090, R11=0x0000000081c317fb
R12=0x0000000000000006, R13=0x000000030682bcb8, R14=0x0000000152ee94ce, R15=0x000000030682bcb9
RIP=0x0000000151e39575, EFLAGS=0x0000000000000246, ERR=0x0000000000000000
  TRAPNO=0x0000000000000006

Top of Stack: (sp=0x000000030682bc40)
0x000000030682bc40:   00007ff811cc9492 00007ff811cc7d52
0x000000030682bc50:   00007ff811cc7de4 0000000152ee9489
0x000000030682bc60:   0000000000000039 000000000000002d
0x000000030682bc70:   0000000152ee945b 000000030682bd20
0x000000030682bc80:   00007ff811cc8bdc 0000000000000006
0x000000030682bc90:   00007ff811cc0000 0000000000000008
0x000000030682bca0:   705f6c65646f6d14 0000000000687461
0x000000030682bcb0:   0000000108cf0000 007375746174730c
0x000000030682bcc0:   0000000152ee94ce 0000000152ee9489
0x000000030682bcd0:   1497056de6a900b5 0000000152ee945b
0x000000030682bce0:   0000000152ee94ce 0000000152ee9489
0x000000030682bcf0:   0000600003598750 000000000000002d
0x000000030682bd00:   000000030682bda0 0000000151e31f9b
0x000000030682bd10:   0000000152ee94ce 00007ff811cb9ff8
0x000000030682bd20:   00007ff811cbb77e 00007ff811cbb79c
0x000000030682bd30:   00007ff811cbb74c 00007ff811cbb76a
0x000000030682bd40:   00007ff811cc31b6 00007ff811cc30fc
0x000000030682bd50:   00007ff811cba50c 00007ff811cb9c0c
0x000000030682bd60:   00007ff811cb9be0 00007ff811cb9c66
0x000000030682bd70:   0000000152ee94c3 0000000152ee94c3
0x000000030682bd80:   0000000152ff63c0 0000000151e17420
0x000000030682bd90:   0000000151e3d570 000000030682c338
0x000000030682bda0:   000000030682be30 0000000151e3d5a1
0x000000030682bdb0:   000000030682be00 00000002007857fb
0x000000030682bdc0:   000000030682c031 0000000000000000
0x000000030682bdd0:   000000030682bf90 000000030682be48
0x000000030682bde0:   0000000152ff63c0 0000000151e17420
0x000000030682bdf0:   0000000151e3d570 000000030682c338
0x000000030682be00:   000000030682be30 00000002007857cb
0x000000030682be10:   0000000000000000 000000030682be48
0x000000030682be20:   0000000151e3d570 000000030682c338
0x000000030682be30:   000000030682bed0 00000002007a0618 

Instructions: (pc=0x0000000151e39575)
0x0000000151e39555:   c8 48 83 cb 01 48 89 5d b8 4c 89 65 c0 4c 89 ff
0x0000000151e39565:   4c 89 f6 4c 89 e2 e8 a4 32 fd 00 43 c6 04 27 00
0x0000000151e39575:   c5 f8 57 c0 c5 f8 29 45 80 48 c7 45 90 00 00 00
0x0000000151e39585:   00 bf 30 00 00 00 e8 1e 2f fd 00 48 89 c3 48 89 

Register to memory mapping:

RAX=0x000000030682bcb9 is pointing into the stack for thread: 0x00007f9170ea5800
RBX=0x000000030682bd20 is pointing into the stack for thread: 0x00007f9170ea5800
RCX=0x000000030682bcbf is pointing into the stack for thread: 0x00007f9170ea5800
RDX=0x0000000000000000 is an unknown value
RSP=0x000000030682bc40 is pointing into the stack for thread: 0x00007f9170ea5800
RBP=0x000000030682bd00 is pointing into the stack for thread: 0x00007f9170ea5800
RSI=0x0000000152ee94d4: <offset 0x10d24d4> in /Users/sofiamurillosanchez/.javacpp/cache/com.johnsnowlabs.nlp_tensorflow-cpu_2.12-0.4.4.jar/org/tensorflow/internal/c_api/macosx-x86_64/libtensorflow_framework.2.dylib at 0x0000000151e17000
RDI=0x000000030682bcb9 is pointing into the stack for thread: 0x00007f9170ea5800
R8 =0x0000000000000073 is an unknown value
R9 =0x0000000152ee94c3: <offset 0x10d24c3> in /Users/sofiamurillosanchez/.javacpp/cache/com.johnsnowlabs.nlp_tensorflow-cpu_2.12-0.4.4.jar/org/tensorflow/internal/c_api/macosx-x86_64/libtensorflow_framework.2.dylib at 0x0000000151e17000
R10=0x0000000000000090 is an unknown value
R11=0x0000000081c317fb is an unknown value
R12=0x0000000000000006 is an unknown value
R13=0x000000030682bcb8 is pointing into the stack for thread: 0x00007f9170ea5800
R14=0x0000000152ee94ce: <offset 0x10d24ce> in /Users/sofiamurillosanchez/.javacpp/cache/com.johnsnowlabs.nlp_tensorflow-cpu_2.12-0.4.4.jar/org/tensorflow/internal/c_api/macosx-x86_64/libtensorflow_framework.2.dylib at 0x0000000151e17000
R15=0x000000030682bcb9 is pointing into the stack for thread: 0x00007f9170ea5800


Stack: [0x0000000306731000,0x0000000306831000],  sp=0x000000030682bc40,  free space=1003k
Native frames: (J=compiled Java code, j=interpreted, Vv=VM code, C=native code)
C  [libtensorflow_framework.2.dylib+0x22575]  tensorflow::monitoring::MetricDef<(tensorflow::monitoring::MetricKind)1, long long, 2>::MetricDef<char [11], char [7]>(absl::lts_20210324::string_view, absl::lts_20210324::string_view, char const (&) [11], char const (&) [7])+0x125
C  [libtensorflow_framework.2.dylib+0x1af9b]  tensorflow::monitoring::Counter<2>* tensorflow::monitoring::Counter<2>::New<char const (&) [46], char const (&) [58], char const (&) [11], char const (&) [7]>(char const (&) [46], char const (&) [58], char const (&) [11], char const (&) [7])+0x5b
C  [libtensorflow_framework.2.dylib+0x265a1]  _GLOBAL__sub_I_loader.cc+0x31
C  0x00000002007a0618
C  0x00000002007dfc4d
C  0x00000002007d3ef7
C  0x00000002007860b7
C  0x00000002007d30a7
C  0x00000002007d57ea
C  0x00000002007df882
C  0x00000002007a04f6
C  0x00000002007a0750
C  0x00000002007a082c
C  0x00000002007bb88f
V  [libjvm.dylib+0x4904ec]  os::dll_load(char const*, char*, int)+0x1a
V  [libjvm.dylib+0x3488af]  JVM_LoadLibrary+0xfa
C  [libjava.dylib+0x173e]  Java_java_lang_ClassLoader_00024NativeLibrary_load+0x75
j  java.lang.ClassLoader$NativeLibrary.load(Ljava/lang/String;ZZ)V+0
j  java.lang.ClassLoader.loadLibrary0(Ljava/lang/Class;Ljava/io/File;)Z+337
j  java.lang.ClassLoader.loadLibrary(Ljava/lang/Class;Ljava/lang/String;Z)V+48
j  java.lang.Runtime.load0(Ljava/lang/Class;Ljava/lang/String;)V+57
j  java.lang.System.load(Ljava/lang/String;)V+7
j  org.bytedeco.javacpp.Loader.loadLibrary(Ljava/lang/Class;[Ljava/net/URL;Ljava/lang/String;[Ljava/lang/String;)Ljava/lang/String;+953
j  org.bytedeco.javacpp.Loader.load(Ljava/lang/Class;Ljava/util/Properties;ZLjava/lang/String;)Ljava/lang/String;+597
j  org.bytedeco.javacpp.Loader.load(Ljava/lang/Class;Ljava/util/Properties;Z)Ljava/lang/String;+4
j  org.bytedeco.javacpp.Loader.load()Ljava/lang/String;+10
j  org.tensorflow.internal.c_api.global.tensorflow.<clinit>()V+0
v  ~StubRoutines::call_stub
V  [libjvm.dylib+0x2d858b]  JavaCalls::call_helper(JavaValue*, methodHandle*, JavaCallArguments*, Thread*)+0x689
V  [libjvm.dylib+0x2a0b65]  InstanceKlass::call_class_initializer_impl(instanceKlassHandle, Thread*)+0xe5
V  [libjvm.dylib+0x29f8ef]  InstanceKlass::initialize_impl(instanceKlassHandle, Thread*)+0x46f
V  [libjvm.dylib+0x29f46c]  InstanceKlass::initialize(Thread*)+0x3a
V  [libjvm.dylib+0x33928a]  find_class_from_class_loader(JNIEnv_*, Symbol*, unsigned char, Handle, Handle, unsigned char, Thread*)+0x60
V  [libjvm.dylib+0x3394b3]  JVM_FindClassFromCaller+0x20e
C  [libjava.dylib+0x110f]  Java_java_lang_Class_forName0+0x12a
J 1040  java.lang.Class.forName0(Ljava/lang/String;ZLjava/lang/ClassLoader;Ljava/lang/Class;)Ljava/lang/Class; (0 bytes) @ 0x000000010bc309f4 [0x000000010bc30900+0xf4]
J 11881 C2 java.lang.Class.forName(Ljava/lang/String;ZLjava/lang/ClassLoader;)Ljava/lang/Class; (53 bytes) @ 0x000000010d432f48 [0x000000010d432f20+0x28]
j  org.bytedeco.javacpp.Loader.load(Ljava/lang/Class;Ljava/util/Properties;ZLjava/lang/String;)Ljava/lang/String;+286
j  org.bytedeco.javacpp.Loader.load(Ljava/lang/Class;Ljava/util/Properties;Z)Ljava/lang/String;+4
j  org.bytedeco.javacpp.Loader.load(Ljava/lang/Class;)Ljava/lang/String;+7
j  org.tensorflow.NativeLibrary.load()V+2
j  org.tensorflow.TensorFlow.<clinit>()V+0
v  ~StubRoutines::call_stub
V  [libjvm.dylib+0x2d858b]  JavaCalls::call_helper(JavaValue*, methodHandle*, JavaCallArguments*, Thread*)+0x689
V  [libjvm.dylib+0x2a0b65]  InstanceKlass::call_class_initializer_impl(instanceKlassHandle, Thread*)+0xe5
V  [libjvm.dylib+0x29f8ef]  InstanceKlass::initialize_impl(instanceKlassHandle, Thread*)+0x46f
V  [libjvm.dylib+0x29f46c]  InstanceKlass::initialize(Thread*)+0x3a
V  [libjvm.dylib+0x33928a]  find_class_from_class_loader(JNIEnv_*, Symbol*, unsigned char, Handle, Handle, unsigned char, Thread*)+0x60
V  [libjvm.dylib+0x3394b3]  JVM_FindClassFromCaller+0x20e
C  [libjava.dylib+0x110f]  Java_java_lang_Class_forName0+0x12a
J 1040  java.lang.Class.forName0(Ljava/lang/String;ZLjava/lang/ClassLoader;Ljava/lang/Class;)Ljava/lang/Class; (0 bytes) @ 0x000000010bc309f4 [0x000000010bc30900+0xf4]
J 6709 C1 java.lang.Class.forName(Ljava/lang/String;)Ljava/lang/Class; (15 bytes) @ 0x000000010ca8aaac [0x000000010ca8a920+0x18c]
j  org.tensorflow.SavedModelBundle.<clinit>()V+3
v  ~StubRoutines::call_stub
V  [libjvm.dylib+0x2d858b]  JavaCalls::call_helper(JavaValue*, methodHandle*, JavaCallArguments*, Thread*)+0x689
V  [libjvm.dylib+0x2a0b65]  InstanceKlass::call_class_initializer_impl(instanceKlassHandle, Thread*)+0xe5
V  [libjvm.dylib+0x29f8ef]  InstanceKlass::initialize_impl(instanceKlassHandle, Thread*)+0x46f
V  [libjvm.dylib+0x29f46c]  InstanceKlass::initialize(Thread*)+0x3a
V  [libjvm.dylib+0x3d2203]  LinkResolver::resolve_static_call(CallInfo&, KlassHandle&, Symbol*, Symbol*, KlassHandle, bool, bool, Thread*)+0x99
V  [libjvm.dylib+0x3d55eb]  LinkResolver::resolve_invokestatic(CallInfo&, constantPoolHandle, int, Thread*)+0x13f
V  [libjvm.dylib+0x3d5311]  LinkResolver::resolve_invoke(CallInfo&, Handle, constantPoolHandle, int, Bytecodes::Code, Thread*)+0x40d
V  [libjvm.dylib+0x2d1856]  InterpreterRuntime::resolve_invoke(JavaThread*, Bytecodes::Code)+0x366
j  com.johnsnowlabs.ml.tensorflow.TensorflowWrapper$.$anonfun$withSafeSavedModelBundleLoader$1(Ljava/lang/String;[Ljava/lang/String;)Lorg/tensorflow/SavedModelBundle;+2
j  com.johnsnowlabs.ml.tensorflow.TensorflowWrapper$$$Lambda$4238.apply()Ljava/lang/Object;+8
J 6265 C1 scala.util.Try$.apply(Lscala/Function0;)Lscala/util/Try; (59 bytes) @ 0x000000010c97cecc [0x000000010c97cd80+0x14c]
j  com.johnsnowlabs.ml.tensorflow.TensorflowWrapper$.withSafeSavedModelBundleLoader([Ljava/lang/String;Ljava/lang/String;)Lorg/tensorflow/SavedModelBundle;+10
j  com.johnsnowlabs.ml.tensorflow.TensorflowWrapper$.readZippedSavedModel(Ljava/lang/String;Ljava/lang/String;[Ljava/lang/String;Z)Lcom/johnsnowlabs/ml/tensorflow/TensorflowWrapper;+535
j  com.johnsnowlabs.nlp.annotators.classifier.dl.ClassifierDLApproach.loadSavedModel()Lcom/johnsnowlabs/ml/tensorflow/TensorflowWrapper;+41
j  com.johnsnowlabs.nlp.annotators.classifier.dl.ClassifierDLApproach.train(Lorg/apache/spark/sql/Dataset;Lscala/Option;)Lcom/johnsnowlabs/nlp/annotators/classifier/dl/ClassifierDLModel;+512
j  com.johnsnowlabs.nlp.annotators.classifier.dl.ClassifierDLApproach.train(Lorg/apache/spark/sql/Dataset;Lscala/Option;)Lorg/apache/spark/ml/Model;+3
j  com.johnsnowlabs.nlp.AnnotatorApproach._fit(Lorg/apache/spark/sql/Dataset;Lscala/Option;)Lorg/apache/spark/ml/Model;+17
j  com.johnsnowlabs.nlp.AnnotatorApproach.fit(Lorg/apache/spark/sql/Dataset;)Lorg/apache/spark/ml/Model;+5
v  ~StubRoutines::call_stub
V  [libjvm.dylib+0x2d858b]  JavaCalls::call_helper(JavaValue*, methodHandle*, JavaCallArguments*, Thread*)+0x689
V  [libjvm.dylib+0x4da110]  Reflection::invoke(instanceKlassHandle, methodHandle, Handle, bool, objArrayHandle, BasicType, objArrayHandle, bool, Thread*)+0x758
V  [libjvm.dylib+0x4daca8]  Reflection::invoke_method(oopDesc*, Handle, objArrayHandle, Thread*)+0x17c
V  [libjvm.dylib+0x348f48]  JVM_InvokeMethod+0x20f
J 6859  sun.reflect.NativeMethodAccessorImpl.invoke0(Ljava/lang/reflect/Method;Ljava/lang/Object;[Ljava/lang/Object;)Ljava/lang/Object; (0 bytes) @ 0x000000010cb2bbed [0x000000010cb2bb00+0xed]
J 6858 C1 sun.reflect.NativeMethodAccessorImpl.invoke(Ljava/lang/Object;[Ljava/lang/Object;)Ljava/lang/Object; (104 bytes) @ 0x000000010cb2d174 [0x000000010cb2bfc0+0x11b4]
J 5709 C2 java.lang.reflect.Method.invoke(Ljava/lang/Object;[Ljava/lang/Object;)Ljava/lang/Object; (62 bytes) @ 0x000000010c0026a8 [0x000000010c002540+0x168]
J 11127 C1 py4j.reflection.MethodInvoker.invoke(Ljava/lang/Object;[Ljava/lang/Object;)Ljava/lang/Object; (183 bytes) @ 0x000000010cc4a9ec [0x000000010cc4a2c0+0x72c]
J 11129 C1 py4j.Gateway.invoke(Ljava/lang/String;Ljava/lang/String;Ljava/util/List;)Lpy4j/ReturnObject; (210 bytes) @ 0x000000010bd654a4 [0x000000010bd63e80+0x1624]
J 12189 C1 py4j.commands.AbstractCommand.invokeMethod(Ljava/lang/String;Ljava/lang/String;Ljava/util/List;)Lpy4j/ReturnObject; (61 bytes) @ 0x000000010d509e5c [0x000000010d509dc0+0x9c]
J 11128 C1 py4j.commands.CallCommand.execute(Ljava/lang/String;Ljava/io/BufferedReader;Ljava/io/BufferedWriter;)V (76 bytes) @ 0x000000010cc4824c [0x000000010cc47f00+0x34c]
j  py4j.ClientServerConnection.waitForCommands()V+126
j  py4j.ClientServerConnection.run()V+11
j  java.lang.Thread.run()V+11
v  ~StubRoutines::call_stub
V  [libjvm.dylib+0x2d858b]  JavaCalls::call_helper(JavaValue*, methodHandle*, JavaCallArguments*, Thread*)+0x689
V  [libjvm.dylib+0x2d73ee]  JavaCalls::call_virtual(JavaValue*, KlassHandle, Symbol*, Symbol*, JavaCallArguments*, Thread*)+0x14a
V  [libjvm.dylib+0x2d75cf]  JavaCalls::call_virtual(JavaValue*, Handle, KlassHandle, Symbol*, Symbol*, Thread*)+0x57
V  [libjvm.dylib+0x3447f3]  thread_entry(JavaThread*, Thread*)+0x78
V  [libjvm.dylib+0x562bd0]  JavaThread::thread_main_inner()+0x82
V  [libjvm.dylib+0x562a8f]  JavaThread::run()+0x19d
V  [libjvm.dylib+0x48fb3b]  java_start(Thread*)+0xfa
C  [libsystem_pthread.dylib+0x6259]  _pthread_start+0x7d
C  [libsystem_pthread.dylib+0x1c7b]  thread_start+0xf
C  0x0000000000000000

Java frames: (J=compiled Java code, j=interpreted, Vv=VM code)
j  java.lang.ClassLoader$NativeLibrary.load(Ljava/lang/String;ZZ)V+0
j  java.lang.ClassLoader.loadLibrary0(Ljava/lang/Class;Ljava/io/File;)Z+337
j  java.lang.ClassLoader.loadLibrary(Ljava/lang/Class;Ljava/lang/String;Z)V+48
j  java.lang.Runtime.load0(Ljava/lang/Class;Ljava/lang/String;)V+57
j  java.lang.System.load(Ljava/lang/String;)V+7
j  org.bytedeco.javacpp.Loader.loadLibrary(Ljava/lang/Class;[Ljava/net/URL;Ljava/lang/String;[Ljava/lang/String;)Ljava/lang/String;+953
j  org.bytedeco.javacpp.Loader.load(Ljava/lang/Class;Ljava/util/Properties;ZLjava/lang/String;)Ljava/lang/String;+597
j  org.bytedeco.javacpp.Loader.load(Ljava/lang/Class;Ljava/util/Properties;Z)Ljava/lang/String;+4
j  org.bytedeco.javacpp.Loader.load()Ljava/lang/String;+10
j  org.tensorflow.internal.c_api.global.tensorflow.<clinit>()V+0
v  ~StubRoutines::call_stub
J 1040  java.lang.Class.forName0(Ljava/lang/String;ZLjava/lang/ClassLoader;Ljava/lang/Class;)Ljava/lang/Class; (0 bytes) @ 0x000000010bc3097a [0x000000010bc30900+0x7a]
J 11881 C2 java.lang.Class.forName(Ljava/lang/String;ZLjava/lang/ClassLoader;)Ljava/lang/Class; (53 bytes) @ 0x000000010d432f48 [0x000000010d432f20+0x28]
j  org.bytedeco.javacpp.Loader.load(Ljava/lang/Class;Ljava/util/Properties;ZLjava/lang/String;)Ljava/lang/String;+286
j  org.bytedeco.javacpp.Loader.load(Ljava/lang/Class;Ljava/util/Properties;Z)Ljava/lang/String;+4
j  org.bytedeco.javacpp.Loader.load(Ljava/lang/Class;)Ljava/lang/String;+7
j  org.tensorflow.NativeLibrary.load()V+2
j  org.tensorflow.TensorFlow.<clinit>()V+0
v  ~StubRoutines::call_stub
J 1040  java.lang.Class.forName0(Ljava/lang/String;ZLjava/lang/ClassLoader;Ljava/lang/Class;)Ljava/lang/Class; (0 bytes) @ 0x000000010bc3097a [0x000000010bc30900+0x7a]
J 6709 C1 java.lang.Class.forName(Ljava/lang/String;)Ljava/lang/Class; (15 bytes) @ 0x000000010ca8aaac [0x000000010ca8a920+0x18c]
j  org.tensorflow.SavedModelBundle.<clinit>()V+3
v  ~StubRoutines::call_stub
j  com.johnsnowlabs.ml.tensorflow.TensorflowWrapper$.$anonfun$withSafeSavedModelBundleLoader$1(Ljava/lang/String;[Ljava/lang/String;)Lorg/tensorflow/SavedModelBundle;+2
j  com.johnsnowlabs.ml.tensorflow.TensorflowWrapper$$$Lambda$4238.apply()Ljava/lang/Object;+8
J 6265 C1 scala.util.Try$.apply(Lscala/Function0;)Lscala/util/Try; (59 bytes) @ 0x000000010c97cecc [0x000000010c97cd80+0x14c]
j  com.johnsnowlabs.ml.tensorflow.TensorflowWrapper$.withSafeSavedModelBundleLoader([Ljava/lang/String;Ljava/lang/String;)Lorg/tensorflow/SavedModelBundle;+10
j  com.johnsnowlabs.ml.tensorflow.TensorflowWrapper$.readZippedSavedModel(Ljava/lang/String;Ljava/lang/String;[Ljava/lang/String;Z)Lcom/johnsnowlabs/ml/tensorflow/TensorflowWrapper;+535
j  com.johnsnowlabs.nlp.annotators.classifier.dl.ClassifierDLApproach.loadSavedModel()Lcom/johnsnowlabs/ml/tensorflow/TensorflowWrapper;+41
j  com.johnsnowlabs.nlp.annotators.classifier.dl.ClassifierDLApproach.train(Lorg/apache/spark/sql/Dataset;Lscala/Option;)Lcom/johnsnowlabs/nlp/annotators/classifier/dl/ClassifierDLModel;+512
j  com.johnsnowlabs.nlp.annotators.classifier.dl.ClassifierDLApproach.train(Lorg/apache/spark/sql/Dataset;Lscala/Option;)Lorg/apache/spark/ml/Model;+3
j  com.johnsnowlabs.nlp.AnnotatorApproach._fit(Lorg/apache/spark/sql/Dataset;Lscala/Option;)Lorg/apache/spark/ml/Model;+17
j  com.johnsnowlabs.nlp.AnnotatorApproach.fit(Lorg/apache/spark/sql/Dataset;)Lorg/apache/spark/ml/Model;+5
v  ~StubRoutines::call_stub
J 6859  sun.reflect.NativeMethodAccessorImpl.invoke0(Ljava/lang/reflect/Method;Ljava/lang/Object;[Ljava/lang/Object;)Ljava/lang/Object; (0 bytes) @ 0x000000010cb2bb77 [0x000000010cb2bb00+0x77]
J 6858 C1 sun.reflect.NativeMethodAccessorImpl.invoke(Ljava/lang/Object;[Ljava/lang/Object;)Ljava/lang/Object; (104 bytes) @ 0x000000010cb2d174 [0x000000010cb2bfc0+0x11b4]
J 5709 C2 java.lang.reflect.Method.invoke(Ljava/lang/Object;[Ljava/lang/Object;)Ljava/lang/Object; (62 bytes) @ 0x000000010c0026a8 [0x000000010c002540+0x168]
J 11127 C1 py4j.reflection.MethodInvoker.invoke(Ljava/lang/Object;[Ljava/lang/Object;)Ljava/lang/Object; (183 bytes) @ 0x000000010cc4a9ec [0x000000010cc4a2c0+0x72c]
J 11129 C1 py4j.Gateway.invoke(Ljava/lang/String;Ljava/lang/String;Ljava/util/List;)Lpy4j/ReturnObject; (210 bytes) @ 0x000000010bd654a4 [0x000000010bd63e80+0x1624]
J 12189 C1 py4j.commands.AbstractCommand.invokeMethod(Ljava/lang/String;Ljava/lang/String;Ljava/util/List;)Lpy4j/ReturnObject; (61 bytes) @ 0x000000010d509e5c [0x000000010d509dc0+0x9c]
J 11128 C1 py4j.commands.CallCommand.execute(Ljava/lang/String;Ljava/io/BufferedReader;Ljava/io/BufferedWriter;)V (76 bytes) @ 0x000000010cc4824c [0x000000010cc47f00+0x34c]
j  py4j.ClientServerConnection.waitForCommands()V+126
j  py4j.ClientServerConnection.run()V+11
j  java.lang.Thread.run()V+11
v  ~StubRoutines::call_stub

---------------  P R O C E S S  ---------------

Java Threads: ( => current thread )
  0x00007f9139672000 JavaThread "JavaCPP Deallocator" daemon [_thread_blocked, id=99927, stack(0x000000030aafa000,0x000000030abfa000)]
  0x00007f912ca20800 JavaThread "block-manager-ask-thread-pool-20" daemon [_thread_blocked, id=97039, stack(0x000000030a9f7000,0x000000030aaf7000)]
  0x00007f912b03e800 JavaThread "block-manager-storage-async-thread-pool-32" daemon [_thread_blocked, id=122011, stack(0x0000000309cd0000,0x0000000309dd0000)]
  0x00007f9139d47800 JavaThread "block-manager-storage-async-thread-pool-31" daemon [_thread_blocked, id=100675, stack(0x0000000309bcd000,0x0000000309ccd000)]
  0x00007f917152a000 JavaThread "block-manager-storage-async-thread-pool-30" daemon [_thread_blocked, id=123147, stack(0x00000003099c7000,0x0000000309ac7000)]
  0x00007f912b28c000 JavaThread "shuffle-server-8-1" daemon [_thread_in_native, id=99063, stack(0x00000003098c4000,0x00000003099c4000)]
  0x00007f91393bb000 JavaThread "shuffle-client-6-1" daemon [_thread_in_native, id=123823, stack(0x00000003097c1000,0x00000003098c1000)]
  0x00007f912cde6000 JavaThread "block-manager-ask-thread-pool-19" daemon [_thread_blocked, id=112387, stack(0x000000030edc0000,0x000000030eec0000)]
  0x00007f91388ab000 JavaThread "block-manager-ask-thread-pool-18" daemon [_thread_blocked, id=106243, stack(0x000000030ecbd000,0x000000030edbd000)]
  0x00007f914f02e800 JavaThread "block-manager-storage-async-thread-pool-29" daemon [_thread_blocked, id=112899, stack(0x000000030ebba000,0x000000030ecba000)]
  0x00007f912cde5800 JavaThread "block-manager-storage-async-thread-pool-28" daemon [_thread_blocked, id=113227, stack(0x000000030eab7000,0x000000030ebb7000)]
  0x00007f910fff4000 JavaThread "block-manager-ask-thread-pool-17" daemon [_thread_blocked, id=105219, stack(0x000000030e9b4000,0x000000030eab4000)]
  0x00007f910fff3000 JavaThread "block-manager-ask-thread-pool-16" daemon [_thread_blocked, id=104707, stack(0x000000030e8b1000,0x000000030e9b1000)]
  0x00007f910ffe8000 JavaThread "block-manager-storage-async-thread-pool-27" daemon [_thread_blocked, id=113923, stack(0x000000030e7ae000,0x000000030e8ae000)]
  0x00007f910ffe7000 JavaThread "block-manager-storage-async-thread-pool-26" daemon [_thread_blocked, id=103939, stack(0x000000030e6ab000,0x000000030e7ab000)]
  0x00007f912fa09000 JavaThread "block-manager-storage-async-thread-pool-25" daemon [_thread_blocked, id=102175, stack(0x000000030e5a8000,0x000000030e6a8000)]
  0x00007f912fa08000 JavaThread "block-manager-storage-async-thread-pool-24" daemon [_thread_blocked, id=115203, stack(0x000000030e4a5000,0x000000030e5a5000)]
  0x00007f9138861000 JavaThread "block-manager-ask-thread-pool-15" daemon [_thread_blocked, id=102915, stack(0x000000030e3a2000,0x000000030e4a2000)]
  0x00007f912cde4800 JavaThread "block-manager-ask-thread-pool-14" daemon [_thread_blocked, id=102659, stack(0x000000030e29f000,0x000000030e39f000)]
  0x00007f91393c3800 JavaThread "block-manager-storage-async-thread-pool-23" daemon [_thread_blocked, id=102403, stack(0x000000030e19c000,0x000000030e29c000)]
  0x00007f91393c3000 JavaThread "block-manager-storage-async-thread-pool-22" daemon [_thread_blocked, id=116839, stack(0x000000030e099000,0x000000030e199000)]
  0x00007f912b1b5000 JavaThread "block-manager-storage-async-thread-pool-21" daemon [_thread_blocked, id=101635, stack(0x000000030df96000,0x000000030e096000)]
  0x00007f910ffec000 JavaThread "block-manager-ask-thread-pool-13" daemon [_thread_blocked, id=101123, stack(0x000000030de93000,0x000000030df93000)]
  0x00007f91393c2000 JavaThread "block-manager-ask-thread-pool-12" daemon [_thread_blocked, id=117507, stack(0x000000030dd90000,0x000000030de90000)]
  0x00007f91393c1800 JavaThread "block-manager-storage-async-thread-pool-20" daemon [_thread_blocked, id=120859, stack(0x000000030dc8d000,0x000000030dd8d000)]
  0x00007f912cde4000 JavaThread "block-manager-storage-async-thread-pool-19" daemon [_thread_blocked, id=98571, stack(0x000000030db8a000,0x000000030dc8a000)]
  0x00007f910ffeb000 JavaThread "block-manager-storage-async-thread-pool-18" daemon [_thread_blocked, id=97539, stack(0x000000030cbdd000,0x000000030ccdd000)]
  0x00007f912b13c800 JavaThread "QueryStageCreator-0" daemon [_thread_blocked, id=100499, stack(0x000000030d67b000,0x000000030d77b000)]
  0x00007f912fb31800 JavaThread "stderr reader for python3" daemon [_thread_in_native, id=94979, stack(0x000000030c74e000,0x000000030c84e000)]
  0x00007f916f705000 JavaThread "stdout reader for python3" daemon [_thread_in_native, id=123967, stack(0x000000030c64b000,0x000000030c74b000)]
  0x00007f91711fb000 JavaThread "Idle Worker Monitor for python3" daemon [_thread_blocked, id=53427, stack(0x0000000309aca000,0x0000000309bca000)]
  0x00007f91702cd000 JavaThread "block-manager-ask-thread-pool-11" daemon [_thread_blocked, id=94211, stack(0x000000030c548000,0x000000030c648000)]
  0x00007f912b8e1800 JavaThread "block-manager-ask-thread-pool-10" daemon [_thread_blocked, id=124939, stack(0x000000030c445000,0x000000030c545000)]
  0x00007f912f008800 JavaThread "block-manager-storage-async-thread-pool-17" daemon [_thread_blocked, id=93443, stack(0x000000030c342000,0x000000030c442000)]
  0x00007f9139d2f000 JavaThread "block-manager-storage-async-thread-pool-16" daemon [_thread_blocked, id=130495, stack(0x000000030c23f000,0x000000030c33f000)]
  0x00007f912b8e0800 JavaThread "block-manager-storage-async-thread-pool-15" daemon [_thread_blocked, id=92675, stack(0x000000030c13c000,0x000000030c23c000)]
  0x00007f9170903000 JavaThread "block-manager-ask-thread-pool-9" daemon [_thread_blocked, id=89667, stack(0x000000030c039000,0x000000030c139000)]
  0x00007f9139f8e000 JavaThread "block-manager-ask-thread-pool-8" daemon [_thread_blocked, id=89903, stack(0x000000030bf36000,0x000000030c036000)]
  0x00007f9139f8d800 JavaThread "block-manager-storage-async-thread-pool-14" daemon [_thread_blocked, id=90211, stack(0x000000030be33000,0x000000030bf33000)]
  0x00007f91700ae800 JavaThread "block-manager-storage-async-thread-pool-13" daemon [_thread_blocked, id=90955, stack(0x000000030bd30000,0x000000030be30000)]
  0x00007f912b8e0000 JavaThread "block-manager-storage-async-thread-pool-12" daemon [_thread_blocked, id=91323, stack(0x000000030bc2d000,0x000000030bd2d000)]
  0x00007f912b8df000 JavaThread "block-manager-ask-thread-pool-7" daemon [_thread_blocked, id=129051, stack(0x000000030bb2a000,0x000000030bc2a000)]
  0x00007f912b8de800 JavaThread "block-manager-ask-thread-pool-6" daemon [_thread_blocked, id=126987, stack(0x000000030ba27000,0x000000030bb27000)]
  0x00007f9170902000 JavaThread "block-manager-storage-async-thread-pool-11" daemon [_thread_blocked, id=126483, stack(0x000000030b924000,0x000000030ba24000)]
  0x00007f912b8dd800 JavaThread "block-manager-storage-async-thread-pool-10" daemon [_thread_blocked, id=126103, stack(0x000000030b821000,0x000000030b921000)]
  0x00007f9139f95800 JavaThread "block-manager-storage-async-thread-pool-9" daemon [_thread_blocked, id=125755, stack(0x000000030b71e000,0x000000030b81e000)]
  0x00007f910f86b000 JavaThread "task-result-getter-3" daemon [_thread_blocked, id=71999, stack(0x000000030a8f4000,0x000000030a9f4000)]
  0x00007f910f0f5000 JavaThread "task-result-getter-2" daemon [_thread_blocked, id=71731, stack(0x000000030a7f1000,0x000000030a8f1000)]
  0x00007f914f032000 JavaThread "task-result-getter-1" daemon [_thread_blocked, id=80163, stack(0x000000030a6ee000,0x000000030a7ee000)]
  0x00007f916f6fe800 JavaThread "Executor task launch worker for task 7.0 in stage 7.0 (TID 31)" daemon [_thread_blocked, id=80655, stack(0x000000030a5eb000,0x000000030a6eb000)]
  0x00007f916f6fe000 JavaThread "Executor task launch worker for task 4.0 in stage 7.0 (TID 28)" daemon [_thread_blocked, id=83295, stack(0x000000030a4e8000,0x000000030a5e8000)]
  0x00007f913961c800 JavaThread "Executor task launch worker for task 3.0 in stage 7.0 (TID 27)" daemon [_thread_blocked, id=82971, stack(0x000000030a3e5000,0x000000030a4e5000)]
  0x00007f916f6fc000 JavaThread "Executor task launch worker for task 2.0 in stage 7.0 (TID 26)" daemon [_thread_blocked, id=82187, stack(0x000000030a2e2000,0x000000030a3e2000)]
  0x00007f916f6fb000 JavaThread "Executor task launch worker for task 6.0 in stage 7.0 (TID 30)" daemon [_thread_blocked, id=81931, stack(0x000000030a1df000,0x000000030a2df000)]
  0x00007f916f6fa800 JavaThread "Executor task launch worker for task 0.0 in stage 7.0 (TID 24)" daemon [_thread_blocked, id=70411, stack(0x000000030a0dc000,0x000000030a1dc000)]
  0x00007f916f6f9800 JavaThread "Executor task launch worker for task 1.0 in stage 7.0 (TID 25)" daemon [_thread_blocked, id=81439, stack(0x0000000309fd9000,0x000000030a0d9000)]
  0x00007f910f249800 JavaThread "task-result-getter-0" daemon [_thread_blocked, id=69043, stack(0x0000000309ed6000,0x0000000309fd6000)]
  0x00007f9139609800 JavaThread "Executor task launch worker for task 5.0 in stage 7.0 (TID 29)" daemon [_thread_blocked, id=68615, stack(0x0000000309dd3000,0x0000000309ed3000)]
  0x00007f9171344000 JavaThread "java-sdk-http-connection-reaper" daemon [_thread_blocked, id=84519, stack(0x00000003096be000,0x00000003097be000)]
  0x00007f912fc3e800 JavaThread "spark-listener-group-shared" daemon [_thread_blocked, id=85683, stack(0x00000003095bb000,0x00000003096bb000)]
  0x00007f9170531800 JavaThread "element-tracking-store-worker" daemon [_thread_blocked, id=85287, stack(0x00000003094b8000,0x00000003095b8000)]
  0x00007f910ff41000 JavaThread "spark-listener-group-executorManagement" daemon [_thread_blocked, id=66275, stack(0x00000003093b5000,0x00000003094b5000)]
  0x00007f91712cc800 JavaThread "spark-listener-group-appStatus" daemon [_thread_blocked, id=55063, stack(0x00000003092b2000,0x00000003093b2000)]
  0x00007f910ff40000 JavaThread "context-cleaner-periodic-gc" daemon [_thread_blocked, id=66939, stack(0x00000003091af000,0x00000003092af000)]
  0x00007f91707a2000 JavaThread "Spark Context Cleaner" daemon [_thread_blocked, id=65651, stack(0x00000003090ac000,0x00000003091ac000)]
  0x00007f9170c14800 JavaThread "shuffle-boss-7-1" daemon [_thread_in_native, id=54683, stack(0x0000000308fa9000,0x00000003090a9000)]
  0x00007f910fd37800 JavaThread "rpc-server-4-1" daemon [_thread_in_native, id=48723, stack(0x0000000308ea6000,0x0000000308fa6000)]
  0x00007f917058d000 JavaThread "files-client-5-1" daemon [_thread_in_native, id=25355, stack(0x0000000306428000,0x0000000306528000)]
  0x00007f91705a7800 JavaThread "executor-heartbeater" daemon [_thread_blocked, id=59439, stack(0x0000000308da3000,0x0000000308ea3000)]
  0x00007f910fe30000 JavaThread "executor-kill-mark-cleanup" daemon [_thread_blocked, id=50991, stack(0x0000000308ca0000,0x0000000308da0000)]
  0x00007f910fe31800 JavaThread "driver-heartbeater" daemon [_thread_blocked, id=59975, stack(0x0000000308b9d000,0x0000000308c9d000)]
  0x00007f910fe2e000 JavaThread "dag-scheduler-event-loop" daemon [_thread_blocked, id=61455, stack(0x0000000308a9a000,0x0000000308b9a000)]
  0x00007f9139bd9000 JavaThread "task-abort-timer" daemon [_thread_blocked, id=58379, stack(0x0000000308997000,0x0000000308a97000)]
  0x00007f9139810800 JavaThread "task-starvation-timer" daemon [_thread_blocked, id=51571, stack(0x0000000308894000,0x0000000308994000)]
  0x00007f910f8ca800 JavaThread "netty-rpc-env-timeout" daemon [_thread_blocked, id=51731, stack(0x0000000308791000,0x0000000308891000)]
  0x00007f9171252000 JavaThread "heartbeat-receiver-event-loop-thread" daemon [_thread_blocked, id=58127, stack(0x000000030868e000,0x000000030878e000)]
  0x00007f910f875800 JavaThread "process reaper" daemon [_thread_in_native, id=47919, stack(0x0000000305c8b000,0x0000000305cb3000)]
  0x00007f9170b0d800 JavaThread "SparkUI-48" daemon [_thread_blocked, id=47619, stack(0x000000030858b000,0x000000030868b000)]
  0x00007f9170b0c800 JavaThread "SparkUI-47" daemon [_thread_blocked, id=62723, stack(0x0000000308488000,0x0000000308588000)]
  0x00007f9170b0c000 JavaThread "SparkUI-46" daemon [_thread_blocked, id=63235, stack(0x0000000308385000,0x0000000308485000)]
  0x00007f9170b0b000 JavaThread "SparkUI-45-acceptor-0@793d01f9-ServerConnector@77fae0ae{HTTP/1.1, (http/1.1)}{0.0.0.0:4040}" daemon [_thread_in_native, id=46595, stack(0x0000000308282000,0x0000000308382000)]
  0x00007f9170b08000 JavaThread "SparkUI-44" daemon [_thread_in_native, id=63747, stack(0x000000030817f000,0x000000030827f000)]
  0x00007f91702ff000 JavaThread "SparkUI-43" daemon [_thread_in_native, id=64003, stack(0x000000030807c000,0x000000030817c000)]
  0x00007f91704aa000 JavaThread "SparkUI-42" daemon [_thread_in_native, id=64259, stack(0x0000000307f79000,0x0000000308079000)]
  0x00007f9170b07800 JavaThread "SparkUI-41" daemon [_thread_in_native, id=45455, stack(0x0000000307e76000,0x0000000307f76000)]
  0x00007f912fc29800 JavaThread "refresh progress" daemon [_thread_blocked, id=64515, stack(0x0000000307d73000,0x0000000307e73000)]
  0x00007f912fab0000 JavaThread "Thread-6" [_thread_in_native, id=64959, stack(0x0000000307c70000,0x0000000307d70000)]
  0x00007f9139bdc800 JavaThread "RemoteBlock-temp-file-clean-thread" daemon [_thread_blocked, id=44087, stack(0x0000000307b6d000,0x0000000307c6d000)]
  0x00007f917123c000 JavaThread "dispatcher-BlockManagerEndpoint1" daemon [_thread_blocked, id=65507, stack(0x0000000307a6a000,0x0000000307b6a000)]
  0x00007f912fa87000 JavaThread "dispatcher-BlockManagerMaster" daemon [_thread_blocked, id=36423, stack(0x0000000307967000,0x0000000307a67000)]
  0x00007f910fad8800 JavaThread "map-output-dispatcher-7" daemon [_thread_blocked, id=37635, stack(0x0000000307864000,0x0000000307964000)]
  0x00007f91713b1000 JavaThread "map-output-dispatcher-6" daemon [_thread_blocked, id=37891, stack(0x0000000307761000,0x0000000307861000)]
  0x00007f910fae2800 JavaThread "map-output-dispatcher-5" daemon [_thread_blocked, id=36099, stack(0x000000030765e000,0x000000030775e000)]
  0x00007f910fab2000 JavaThread "map-output-dispatcher-4" daemon [_thread_blocked, id=35843, stack(0x000000030755b000,0x000000030765b000)]
  0x00007f9170305000 JavaThread "map-output-dispatcher-3" daemon [_thread_blocked, id=35587, stack(0x0000000307458000,0x0000000307558000)]
  0x00007f912fc70000 JavaThread "map-output-dispatcher-2" daemon [_thread_blocked, id=39683, stack(0x0000000307355000,0x0000000307455000)]
  0x00007f912fb30800 JavaThread "map-output-dispatcher-1" daemon [_thread_blocked, id=35075, stack(0x0000000307252000,0x0000000307352000)]
  0x00007f91716b4800 JavaThread "map-output-dispatcher-0" daemon [_thread_blocked, id=40451, stack(0x000000030714f000,0x000000030724f000)]
  0x00007f917038a000 JavaThread "dispatcher-event-loop-7" daemon [_thread_blocked, id=41219, stack(0x000000030704c000,0x000000030714c000)]
  0x00007f9170537000 JavaThread "dispatcher-event-loop-6" daemon [_thread_blocked, id=41735, stack(0x0000000306f49000,0x0000000307049000)]
  0x00007f9170536000 JavaThread "dispatcher-event-loop-5" daemon [_thread_blocked, id=41987, stack(0x0000000306e46000,0x0000000306f46000)]
  0x00007f91717e6000 JavaThread "dispatcher-event-loop-4" daemon [_thread_blocked, id=42243, stack(0x0000000306d43000,0x0000000306e43000)]
  0x00007f91717e5000 JavaThread "dispatcher-event-loop-3" daemon [_thread_blocked, id=33283, stack(0x0000000306c40000,0x0000000306d40000)]
  0x00007f917135b000 JavaThread "dispatcher-event-loop-2" daemon [_thread_blocked, id=42755, stack(0x0000000306b3d000,0x0000000306c3d000)]
  0x00007f917168f000 JavaThread "dispatcher-event-loop-1" daemon [_thread_blocked, id=43267, stack(0x0000000306a3a000,0x0000000306b3a000)]
  0x00007f916f5ea000 JavaThread "dispatcher-event-loop-0" daemon [_thread_blocked, id=27155, stack(0x0000000306937000,0x0000000306a37000)]
  0x00007f912fbb8800 JavaThread "rpc-boss-3-1" daemon [_thread_in_native, id=27483, stack(0x0000000306834000,0x0000000306934000)]
=>0x00007f9170ea5800 JavaThread "Thread-4" [_thread_in_native, id=26387, stack(0x0000000306731000,0x0000000306831000)]
  0x00007f91398cf800 JavaThread "Thread-3" [_thread_in_native, id=28315, stack(0x000000030662e000,0x000000030672e000)]
  0x00007f910f87e800 JavaThread "org.apache.hadoop.fs.FileSystem$Statistics$StatisticsDataReferenceCleaner" daemon [_thread_blocked, id=28743, stack(0x000000030652b000,0x000000030662b000)]
  0x00007f9171081000 JavaThread "Service Thread" daemon [_thread_blocked, id=22791, stack(0x0000000306222000,0x0000000306322000)]
  0x00007f917002e800 JavaThread "C1 CompilerThread3" daemon [_thread_blocked, id=32003, stack(0x000000030611f000,0x000000030621f000)]
  0x00007f914f008800 JavaThread "C2 CompilerThread2" daemon [_thread_blocked, id=22019, stack(0x000000030601c000,0x000000030611c000)]
  0x00007f9170820000 JavaThread "C2 CompilerThread1" daemon [_thread_blocked, id=32515, stack(0x0000000305f19000,0x0000000306019000)]
  0x00007f917101a800 JavaThread "C2 CompilerThread0" daemon [_thread_blocked, id=18691, stack(0x0000000305e16000,0x0000000305f16000)]
  0x00007f917002d800 JavaThread "Signal Dispatcher" daemon [_thread_blocked, id=18979, stack(0x0000000305d13000,0x0000000305e13000)]
  0x00007f9171019000 JavaThread "Finalizer" daemon [_thread_blocked, id=16899, stack(0x0000000305b02000,0x0000000305c02000)]
  0x00007f917080c000 JavaThread "Reference Handler" daemon [_thread_blocked, id=16675, stack(0x00000003059ff000,0x0000000305aff000)]
  0x00007f9171009000 JavaThread "main" [_thread_in_native, id=4867, stack(0x0000000304fe1000,0x00000003050e1000)]

Other Threads:
  0x00007f9170022800 VMThread [stack: 0x00000003058fc000,0x00000003059fc000] [id=13059]
  0x00007f9170069800 WatcherThread [stack: 0x0000000306325000,0x0000000306425000] [id=23335]

VM state:not at safepoint (normal execution)

VM Mutex/Monitor currently owned by a thread: None

heap address: 0x00000003c0000000, size: 16384 MB, Compressed Oops mode: Zero based, Oop shift amount: 3
Narrow klass base: 0x0000000000000000, Narrow klass shift: 3
Compressed class space size: 1073741824 Address: 0x00000007c0000000

Heap:
 PSYoungGen      total 3357184K, used 1747736K [0x000000066ab00000, 0x000000074cb80000, 0x00000007c0000000)
  eden space 3299840K, 51% used [0x000000066ab00000,0x00000006d3271638,0x0000000734180000)
  from space 57344K, 63% used [0x0000000734180000,0x00000007364d4a78,0x0000000737980000)
  to   space 59392K, 0% used [0x0000000749180000,0x0000000749180000,0x000000074cb80000)
 ParOldGen       total 298496K, used 167345K [0x00000003c0000000, 0x00000003d2380000, 0x000000066ab00000)
  object space 298496K, 56% used [0x00000003c0000000,0x00000003ca36c6b8,0x00000003d2380000)
 Metaspace       used 143993K, capacity 160940K, committed 163584K, reserved 1191936K
  class space    used 19635K, capacity 21153K, committed 21760K, reserved 1048576K

Card table byte_map: [0x000000011a8b3000,0x000000011c8b4000] byte_map_base: 0x0000000118ab3000

Marking Bits: (ParMarkBitMap*) 0x000000010a1ef448
 Begin Bits: [0x000000011de0a000, 0x000000012de0a000)
 End Bits:   [0x000000012de0a000, 0x000000013de0a000)

Polling page: 0x0000000108c8d000

CodeCache: size=245760Kb used=42437Kb max_used=44187Kb free=203322Kb
 bounds [0x000000010b8b3000, 0x000000010e433000, 0x000000011a8b3000]
 total_blobs=15441 nmethods=14386 adapters=966
 compilation: enabled

Compilation events (10 events):
Event: 188.942 Thread 0x00007f917002e800 18667       3       sun.misc.URLClassPath$2::next (63 bytes)
Event: 188.942 Thread 0x00007f917002e800 nmethod 18667 0x000000010e214810 code [0x000000010e2149a0, 0x000000010e214dd8]
Event: 188.948 Thread 0x00007f917002e800 18668       3       java.lang.Class::getResource (26 bytes)
Event: 188.949 Thread 0x00007f917002e800 nmethod 18668 0x000000010bf70890 code [0x000000010bf70a80, 0x000000010bf71218]
Event: 189.094 Thread 0x00007f9170820000 18669  s    4       sun.misc.URLClassPath::getLookupCache (98 bytes)
Event: 189.095 Thread 0x00007f9170820000 nmethod 18669 0x000000010e228210 code [0x000000010e228360, 0x000000010e228578]
Event: 189.146 Thread 0x00007f917002e800 18671       3       org.bytedeco.javacpp.Loader::findResources (342 bytes)
Event: 189.149 Thread 0x00007f917002e800 nmethod 18671 0x000000010c995410 code [0x000000010c995b20, 0x000000010c99b128]
Event: 189.149 Thread 0x00007f917002e800 18670       3       org.bytedeco.javacpp.Loader::findResource (20 bytes)
Event: 189.149 Thread 0x00007f917002e800 nmethod 18670 0x000000010e280850 code [0x000000010e2809c0, 0x000000010e280ba8]

GC Heap History (10 events):
Event: 172.818 GC heap before
{Heap before GC invocations=27 (full 6):
 PSYoungGen      total 2676224K, used 2635565K [0x000000066ab00000, 0x0000000712d80000, 0x00000007c0000000)
  eden space 2620928K, 100% used [0x000000066ab00000,0x000000070aa80000,0x000000070aa80000)
  from space 55296K, 26% used [0x000000070f780000,0x00000007105cb660,0x0000000712d80000)
  to   space 67072K, 0% used [0x000000070aa80000,0x000000070aa80000,0x000000070ec00000)
 ParOldGen       total 298496K, used 167329K [0x00000003c0000000, 0x00000003d2380000, 0x000000066ab00000)
  object space 298496K, 56% used [0x00000003c0000000,0x00000003ca3686b8,0x00000003d2380000)
 Metaspace       used 142790K, capacity 159512K, committed 162432K, reserved 1189888K
  class space    used 19500K, capacity 20990K, committed 21632K, reserved 1048576K
Event: 172.875 GC heap after
Heap after GC invocations=27 (full 6):
 PSYoungGen      total 2688000K, used 17957K [0x000000066ab00000, 0x0000000726a00000, 0x00000007c0000000)
  eden space 2620928K, 0% used [0x000000066ab00000,0x000000066ab00000,0x000000070aa80000)
  from space 67072K, 26% used [0x000000070aa80000,0x000000070bc09718,0x000000070ec00000)
  to   space 62976K, 0% used [0x0000000722c80000,0x0000000722c80000,0x0000000726a00000)
 ParOldGen       total 298496K, used 167329K [0x00000003c0000000, 0x00000003d2380000, 0x000000066ab00000)
  object space 298496K, 56% used [0x00000003c0000000,0x00000003ca3686b8,0x00000003d2380000)
 Metaspace       used 142790K, capacity 159512K, committed 162432K, reserved 1189888K
  class space    used 19500K, capacity 20990K, committed 21632K, reserved 1048576K
}
Event: 175.583 GC heap before
{Heap before GC invocations=28 (full 6):
 PSYoungGen      total 2688000K, used 2638885K [0x000000066ab00000, 0x0000000726a00000, 0x00000007c0000000)
  eden space 2620928K, 100% used [0x000000066ab00000,0x000000070aa80000,0x000000070aa80000)
  from space 67072K, 26% used [0x000000070aa80000,0x000000070bc09718,0x000000070ec00000)
  to   space 62976K, 0% used [0x0000000722c80000,0x0000000722c80000,0x0000000726a00000)
 ParOldGen       total 298496K, used 167329K [0x00000003c0000000, 0x00000003d2380000, 0x000000066ab00000)
  object space 298496K, 56% used [0x00000003c0000000,0x00000003ca3686b8,0x00000003d2380000)
 Metaspace       used 142791K, capacity 159512K, committed 162432K, reserved 1189888K
  class space    used 19500K, capacity 20990K, committed 21632K, reserved 1048576K
Event: 175.649 GC heap after
Heap after GC invocations=28 (full 6):
 PSYoungGen      total 2992640K, used 23658K [0x000000066ab00000, 0x0000000725b80000, 0x00000007c0000000)
  eden space 2944512K, 0% used [0x000000066ab00000,0x000000066ab00000,0x000000071e680000)
  from space 48128K, 49% used [0x0000000722c80000,0x000000072439aae8,0x0000000725b80000)
  to   space 59904K, 0% used [0x000000071e680000,0x000000071e680000,0x0000000722100000)
 ParOldGen       total 298496K, used 167337K [0x00000003c0000000, 0x00000003d2380000, 0x000000066ab00000)
  object space 298496K, 56% used [0x00000003c0000000,0x00000003ca36a6b8,0x00000003d2380000)
 Metaspace       used 142791K, capacity 159512K, committed 162432K, reserved 1189888K
  class space    used 19500K, capacity 20990K, committed 21632K, reserved 1048576K
}
Event: 177.868 GC heap before
{Heap before GC invocations=29 (full 6):
 PSYoungGen      total 2992640K, used 2968170K [0x000000066ab00000, 0x0000000725b80000, 0x00000007c0000000)
  eden space 2944512K, 100% used [0x000000066ab00000,0x000000071e680000,0x000000071e680000)
  from space 48128K, 49% used [0x0000000722c80000,0x000000072439aae8,0x0000000725b80000)
  to   space 59904K, 0% used [0x000000071e680000,0x000000071e680000,0x0000000722100000)
 ParOldGen       total 298496K, used 167337K [0x00000003c0000000, 0x00000003d2380000, 0x000000066ab00000)
  object space 298496K, 56% used [0x00000003c0000000,0x00000003ca36a6b8,0x00000003d2380000)
 Metaspace       used 142791K, capacity 159512K, committed 162432K, reserved 1189888K
  class space    used 19500K, capacity 20990K, committed 21632K, reserved 1048576K
Event: 177.927 GC heap after
Heap after GC invocations=29 (full 6):
 PSYoungGen      total 3004416K, used 26313K [0x000000066ab00000, 0x000000073b880000, 0x00000007c0000000)
  eden space 2944512K, 0% used [0x000000066ab00000,0x000000066ab00000,0x000000071e680000)
  from space 59904K, 43% used [0x000000071e680000,0x0000000720032578,0x0000000722100000)
  to   space 57856K, 0% used [0x0000000738000000,0x0000000738000000,0x000000073b880000)
 ParOldGen       total 298496K, used 167337K [0x00000003c0000000, 0x00000003d2380000, 0x000000066ab00000)
  object space 298496K, 56% used [0x00000003c0000000,0x00000003ca36a6b8,0x00000003d2380000)
 Metaspace       used 142791K, capacity 159512K, committed 162432K, reserved 1189888K
  class space    used 19500K, capacity 20990K, committed 21632K, reserved 1048576K
}
Event: 180.620 GC heap before
{Heap before GC invocations=30 (full 6):
 PSYoungGen      total 3004416K, used 2970825K [0x000000066ab00000, 0x000000073b880000, 0x00000007c0000000)
  eden space 2944512K, 100% used [0x000000066ab00000,0x000000071e680000,0x000000071e680000)
  from space 59904K, 43% used [0x000000071e680000,0x0000000720032578,0x0000000722100000)
  to   space 57856K, 0% used [0x0000000738000000,0x0000000738000000,0x000000073b880000)
 ParOldGen       total 298496K, used 167337K [0x00000003c0000000, 0x00000003d2380000, 0x000000066ab00000)
  object space 298496K, 56% used [0x00000003c0000000,0x00000003ca36a6b8,0x00000003d2380000)
 Metaspace       used 142791K, capacity 159512K, committed 162432K, reserved 1189888K
  class space    used 19500K, capacity 20990K, committed 21632K, reserved 1048576K
Event: 180.686 GC heap after
Heap after GC invocations=30 (full 6):
 PSYoungGen      total 3350528K, used 29496K [0x000000066ab00000, 0x000000073b180000, 0x00000007c0000000)
  eden space 3299840K, 0% used [0x000000066ab00000,0x000000066ab00000,0x0000000734180000)
  from space 50688K, 58% used [0x0000000738000000,0x0000000739cce2a8,0x000000073b180000)
  to   space 57344K, 0% used [0x0000000734180000,0x0000000734180000,0x0000000737980000)
 ParOldGen       total 298496K, used 167337K [0x00000003c0000000, 0x00000003d2380000, 0x000000066ab00000)
  object space 298496K, 56% used [0x00000003c0000000,0x00000003ca36a6b8,0x00000003d2380000)
 Metaspace       used 142791K, capacity 159512K, committed 162432K, reserved 1189888K
  class space    used 19500K, capacity 20990K, committed 21632K, reserved 1048576K
}
Event: 184.728 GC heap before
{Heap before GC invocations=31 (full 6):
 PSYoungGen      total 3350528K, used 3329336K [0x000000066ab00000, 0x000000073b180000, 0x00000007c0000000)
  eden space 3299840K, 100% used [0x000000066ab00000,0x0000000734180000,0x0000000734180000)
  from space 50688K, 58% used [0x0000000738000000,0x0000000739cce2a8,0x000000073b180000)
  to   space 57344K, 0% used [0x0000000734180000,0x0000000734180000,0x0000000737980000)
 ParOldGen       total 298496K, used 167337K [0x00000003c0000000, 0x00000003d2380000, 0x000000066ab00000)
  object space 298496K, 56% used [0x00000003c0000000,0x00000003ca36a6b8,0x00000003d2380000)
 Metaspace       used 142809K, capacity 159528K, committed 162432K, reserved 1189888K
  class space    used 19500K, capacity 20990K, committed 21632K, reserved 1048576K
Event: 184.807 GC heap after
Heap after GC invocations=31 (full 6):
 PSYoungGen      total 3357184K, used 36178K [0x000000066ab00000, 0x000000074cb80000, 0x00000007c0000000)
  eden space 3299840K, 0% used [0x000000066ab00000,0x000000066ab00000,0x0000000734180000)
  from space 57344K, 63% used [0x0000000734180000,0x00000007364d4a78,0x0000000737980000)
  to   space 59392K, 0% used [0x0000000749180000,0x0000000749180000,0x000000074cb80000)
 ParOldGen       total 298496K, used 167345K [0x00000003c0000000, 0x00000003d2380000, 0x000000066ab00000)
  object space 298496K, 56% used [0x00000003c0000000,0x00000003ca36c6b8,0x00000003d2380000)
 Metaspace       used 142809K, capacity 159528K, committed 162432K, reserved 1189888K
  class space    used 19500K, capacity 20990K, committed 21632K, reserved 1048576K
}

Deoptimization events (10 events):
Event: 187.747 Thread 0x00007f9170ea5800 Uncommon trap: reason=unstable_if action=reinterpret pc=0x000000010e0d57ec method=scala.collection.mutable.ArrayBuilder$ofRef.$plus$plus$eq(Lscala/collection/TraversableOnce;)Lscala/collection/mutable/ArrayBuilder$ofRef; @ 4
Event: 187.748 Thread 0x00007f9170ea5800 Uncommon trap: reason=unstable_if action=reinterpret pc=0x000000010e2e0084 method=scala.collection.mutable.ArrayBuilder$ofRef.$plus$plus$eq(Lscala/collection/TraversableOnce;)Lscala/collection/mutable/ArrayBuilder$ofRef; @ 4
Event: 188.123 Thread 0x00007f9170ea5800 Uncommon trap: reason=unstable_if action=reinterpret pc=0x000000010c62e540 method=sun.security.provider.SecureRandom.engineNextBytes([B)V @ 62
Event: 188.703 Thread 0x00007f9170ea5800 Uncommon trap: reason=unstable_if action=reinterpret pc=0x000000010c1f4420 method=java.util.Properties.loadConvert([CII[C)Ljava/lang/String; @ 72
Event: 188.725 Thread 0x00007f9170ea5800 Uncommon trap: reason=unstable_if action=reinterpret pc=0x000000010cc3d0f8 method=sun.reflect.annotation.AnnotationInvocationHandler.invoke(Ljava/lang/Object;Ljava/lang/reflect/Method;[Ljava/lang/Object;)Ljava/lang/Object; @ 263
Event: 188.740 Thread 0x00007f9170ea5800 Uncommon trap: reason=class_check action=maybe_recompile pc=0x000000010bf8f994 method=java.net.URLStreamHandler.equals(Ljava/net/URL;Ljava/net/URL;)Z @ 33
Event: 188.741 Thread 0x00007f9170ea5800 Uncommon trap: reason=class_check action=maybe_recompile pc=0x000000010bf8f994 method=java.net.URLStreamHandler.equals(Ljava/net/URL;Ljava/net/URL;)Z @ 33
Event: 188.889 Thread 0x00007f9170ea5800 Uncommon trap: reason=unstable_if action=reinterpret pc=0x000000010baefa1c method=java.lang.String.lastIndexOf([CII[CIII)I @ 118
Event: 189.157 Thread 0x00007f9170ea5800 Uncommon trap: reason=class_check action=maybe_recompile pc=0x000000010bf8f994 method=java.net.URLStreamHandler.equals(Ljava/net/URL;Ljava/net/URL;)Z @ 33
Event: 189.158 Thread 0x00007f9170ea5800 Uncommon trap: reason=class_check action=maybe_recompile pc=0x000000010bf8f994 method=java.net.URLStreamHandler.equals(Ljava/net/URL;Ljava/net/URL;)Z @ 33

Classes redefined (0 events):
No events

Internal exceptions (10 events):
Event: 140.374 Thread 0x00007f916f6fa800 Exception <a 'java/lang/NoSuchMethodError': java.lang.Object.$anonfun$getReader$1(Lcom/johnsnowlabs/storage/HasStorageReader;Lscala/runtime/LazyRef;Lcom/johnsnowlabs/storage/Database;)Lcom/johnsnowlabs/storage/StorageReader;> (0x00000006ac12d720) thrown a
Event: 140.770 Thread 0x00007f916f6fa800 Exception <a 'java/lang/NoSuchMethodError': <clinit>> (0x00000006af187888) thrown at [/System/Volumes/Data/jenkins/workspace/8-2-build-macosx-x64/jdk8u361/3183/hotspot/src/share/vm/prims/jni.cpp, line 1615]
Event: 140.775 Thread 0x00007f916f6fa800 Exception <a 'java/lang/NoSuchMethodError': <clinit>> (0x00000006af195818) thrown at [/System/Volumes/Data/jenkins/workspace/8-2-build-macosx-x64/jdk8u361/3183/hotspot/src/share/vm/prims/jni.cpp, line 1615]
Event: 140.776 Thread 0x00007f916f6fa800 Exception <a 'java/lang/NoSuchMethodError': <clinit>> (0x00000006af198a18) thrown at [/System/Volumes/Data/jenkins/workspace/8-2-build-macosx-x64/jdk8u361/3183/hotspot/src/share/vm/prims/jni.cpp, line 1615]
Event: 140.797 Thread 0x00007f9170ea5800 Exception <a 'java/lang/NoSuchMethodError': java.lang.Object.$anonfun$extractInputs$1(Ljava/lang/String;I)Ljava/lang/String;> (0x00000006a7241850) thrown at [/System/Volumes/Data/jenkins/workspace/8-2-build-macosx-x64/jdk8u361/3183/hotspot/src/share/vm/in
Event: 186.809 Thread 0x00007f916f6fe800 Exception <a 'java/lang/NoSuchMethodError': <clinit>> (0x00000006a356aa20) thrown at [/System/Volumes/Data/jenkins/workspace/8-2-build-macosx-x64/jdk8u361/3183/hotspot/src/share/vm/prims/jni.cpp, line 1615]
Event: 186.817 Thread 0x00007f916f6fe800 Exception <a 'java/lang/NoSuchMethodError': <clinit>> (0x00000006a3577b40) thrown at [/System/Volumes/Data/jenkins/workspace/8-2-build-macosx-x64/jdk8u361/3183/hotspot/src/share/vm/prims/jni.cpp, line 1615]
Event: 186.900 Thread 0x00007f910f0f5000 Exception <a 'java/lang/NoSuchMethodError': java.lang.Object.lambda$static$0(Ljava/lang/Throwable;)Z> (0x00000006a3c84a40) thrown at [/System/Volumes/Data/jenkins/workspace/8-2-build-macosx-x64/jdk8u361/3183/hotspot/src/share/vm/interpreter/linkResolver.c
Event: 187.061 Thread 0x00007f912b28c000 Exception <a 'java/lang/NoSuchMethodError': java.lang.Object.$anonfun$asJavaIteratorConverter$1(Lscala/collection/convert/DecorateAsJava;Lscala/collection/Iterator;)Ljava/util/Iterator;> (0x00000006a48c61e0) thrown at [/System/Volumes/Data/jenkins/workspa
Event: 187.244 Thread 0x00007f9170ea5800 Implicit null exception at 0x000000010df69375 to 0x000000010df697bd

Events (10 events):
Event: 188.915 Thread 0x00007f9170ea5800 DEOPT PACKING pc=0x000000010bd991c4 sp=0x000000030682d030
Event: 188.915 Thread 0x00007f9170ea5800 DEOPT UNPACKING pc=0x000000010b8fa404 sp=0x000000030682cda8 mode 0
Event: 188.920 Thread 0x00007f9170ea5800 DEOPT PACKING pc=0x000000010bd991c4 sp=0x000000030682d030
Event: 188.920 Thread 0x00007f9170ea5800 DEOPT UNPACKING pc=0x000000010b8fa404 sp=0x000000030682cda8 mode 0
Event: 189.157 Thread 0x00007f9170ea5800 Uncommon trap: trap_request=0xffffffde fr.pc=0x000000010bf8f994
Event: 189.157 Thread 0x00007f9170ea5800 DEOPT PACKING pc=0x000000010bf8f994 sp=0x000000030682dc30
Event: 189.157 Thread 0x00007f9170ea5800 DEOPT UNPACKING pc=0x000000010b8f87ba sp=0x000000030682dbe0 mode 2
Event: 189.158 Thread 0x00007f9170ea5800 Uncommon trap: trap_request=0xffffffde fr.pc=0x000000010bf8f994
Event: 189.158 Thread 0x00007f9170ea5800 DEOPT PACKING pc=0x000000010bf8f994 sp=0x000000030682dc30
Event: 189.158 Thread 0x00007f9170ea5800 DEOPT UNPACKING pc=0x000000010b8f87ba sp=0x000000030682dbe0 mode 2


Dynamic libraries:
0x00007ff82a38c000 	/System/Library/Frameworks/Cocoa.framework/Versions/A/Cocoa
0x00007ff814e83000 	/System/Library/Frameworks/AppKit.framework/Versions/C/AppKit
0x00007ff817b3e000 	/System/Library/Frameworks/CoreData.framework/Versions/A/CoreData
0x00007ff812b6e000 	/System/Library/Frameworks/Foundation.framework/Versions/C/Foundation
0x00007ff81defe000 	/usr/lib/libSystem.B.dylib
0x00007ff815e8c000 	/System/Library/PrivateFrameworks/UIFoundation.framework/Versions/A/UIFoundation
0x00007ffb129eb000 	/System/Library/PrivateFrameworks/CollectionViewCore.framework/Versions/A/CollectionViewCore
0x00007ff82434a000 	/System/Library/PrivateFrameworks/RemoteViewServices.framework/Versions/A/RemoteViewServices
0x00007ff81bfa5000 	/System/Library/PrivateFrameworks/XCTTargetBootstrap.framework/Versions/A/XCTTargetBootstrap
0x00007ff81fe2d000 	/System/Library/PrivateFrameworks/InternationalSupport.framework/Versions/A/InternationalSupport
0x00007ff81feb6000 	/System/Library/PrivateFrameworks/UserActivity.framework/Versions/A/UserActivity
0x00007ffb28cbd000 	/System/Library/PrivateFrameworks/WindowManagement.framework/Versions/A/WindowManagement
0x00007ff812858000 	/System/Library/Frameworks/SystemConfiguration.framework/Versions/A/SystemConfiguration
0x00007ff81f22a000 	/usr/lib/libspindump.dylib
0x00007ff81605a000 	/System/Library/Frameworks/UniformTypeIdentifiers.framework/Versions/A/UniformTypeIdentifiers
0x00007ff81a485000 	/usr/lib/libapp_launch_measurement.dylib
0x00007ff8190f9000 	/System/Library/PrivateFrameworks/CoreAnalytics.framework/Versions/A/CoreAnalytics
0x00007ff81a488000 	/System/Library/PrivateFrameworks/CoreAutoLayout.framework/Versions/A/CoreAutoLayout
0x00007ff81b819000 	/System/Library/Frameworks/Metal.framework/Versions/A/Metal
0x00007ff81c768000 	/usr/lib/liblangid.dylib
0x00007ff81bfaa000 	/System/Library/PrivateFrameworks/CoreSVG.framework/Versions/A/CoreSVG
0x00007ff816994000 	/System/Library/PrivateFrameworks/SkyLight.framework/Versions/A/SkyLight
0x00007ff816d7e000 	/System/Library/Frameworks/CoreGraphics.framework/Versions/A/CoreGraphics
0x00007ff824a1c000 	/System/Library/Frameworks/Accelerate.framework/Versions/A/Accelerate
0x00007ff81ec9f000 	/System/Library/PrivateFrameworks/IconServices.framework/Versions/A/IconServices
0x00007ff81b7fc000 	/System/Library/Frameworks/IOSurface.framework/Versions/A/IOSurface
0x00007ff819123000 	/usr/lib/libDiagnosticMessagesClient.dylib
0x00007ff81de14000 	/usr/lib/libz.1.dylib
0x00007ff827f9e000 	/System/Library/Frameworks/ApplicationServices.framework/Versions/A/ApplicationServices
0x00007ff81bf91000 	/System/Library/PrivateFrameworks/DFRFoundation.framework/Versions/A/DFRFoundation
0x00007ff81474b000 	/usr/lib/libicucore.A.dylib
0x00007ff820cd0000 	/System/Library/Frameworks/AudioToolbox.framework/Versions/A/AudioToolbox
0x00007ff81fe38000 	/System/Library/PrivateFrameworks/DataDetectorsCore.framework/Versions/A/DataDetectorsCore
0x00007ff919623000 	/System/Library/PrivateFrameworks/TextInput.framework/Versions/A/TextInput
0x00007ff816909000 	/usr/lib/libMobileGestalt.dylib
0x00007ff81bc99000 	/System/Library/Frameworks/Carbon.framework/Versions/A/Frameworks/HIToolbox.framework/Versions/A/HIToolbox
0x00007ff819e26000 	/System/Library/Frameworks/QuartzCore.framework/Versions/A/QuartzCore
0x00007ff8143c9000 	/System/Library/Frameworks/Security.framework/Versions/A/Security
0x00007ff824382000 	/System/Library/Frameworks/Carbon.framework/Versions/A/Frameworks/SpeechRecognition.framework/Versions/A/SpeechRecognition
0x00007ff81a1c5000 	/System/Library/PrivateFrameworks/CoreUI.framework/Versions/A/CoreUI
0x00007ff813caa000 	/System/Library/Frameworks/CoreAudio.framework/Versions/A/CoreAudio
0x00007ff8191fd000 	/System/Library/Frameworks/DiskArbitration.framework/Versions/A/DiskArbitration
0x00007ff81f648000 	/System/Library/PrivateFrameworks/MultitouchSupport.framework/Versions/A/MultitouchSupport
0x00007ff816908000 	/usr/lib/libenergytrace.dylib
0x00007ff814d65000 	/System/Library/Frameworks/IOKit.framework/Versions/A/IOKit
0x00007ff82477b000 	/System/Library/Frameworks/CoreServices.framework/Versions/A/CoreServices
0x00007ff81a41d000 	/System/Library/PrivateFrameworks/PerformanceAnalysis.framework/Versions/A/PerformanceAnalysis
0x00007ffa27f19000 	/System/Library/Frameworks/OpenGL.framework/Versions/A/OpenGL
0x00007ff81a4d0000 	/usr/lib/libxml2.2.dylib
0x00007ff81d374000 	/System/Library/PrivateFrameworks/MobileKeyBag.framework/Versions/A/MobileKeyBag
0x00007ff8119e8000 	/usr/lib/libobjc.A.dylib
0x00007ff811cae000 	/usr/lib/libc++.1.dylib
0x00007ff8175a0000 	/System/Library/Frameworks/ColorSync.framework/Versions/A/ColorSync
0x00007ff811db9000 	/System/Library/Frameworks/CoreFoundation.framework/Versions/A/CoreFoundation
0x00007ff81c345000 	/System/Library/Frameworks/CoreImage.framework/Versions/A/CoreImage
0x00007ff813abb000 	/System/Library/Frameworks/CoreText.framework/Versions/A/CoreText
0x00007ff81bfe2000 	/System/Library/Frameworks/ImageIO.framework/Versions/A/ImageIO
0x00007ff81df04000 	/System/Library/PrivateFrameworks/SoftLinking.framework/Versions/A/SoftLinking
0x00007ff81e184000 	/usr/lib/libcompression.dylib
0x00007ff81fd5f000 	/System/Library/PrivateFrameworks/TextureIO.framework/Versions/A/TextureIO
0x00007ff81e8cf000 	/usr/lib/libate.dylib
0x00007ff81def9000 	/usr/lib/system/libcache.dylib
0x00007ff81deb4000 	/usr/lib/system/libcommonCrypto.dylib
0x00007ff81dedd000 	/usr/lib/system/libcompiler_rt.dylib
0x00007ff81ded3000 	/usr/lib/system/libcopyfile.dylib
0x00007ff811b17000 	/usr/lib/system/libcorecrypto.dylib
0x00007ff811bdb000 	/usr/lib/system/libdispatch.dylib
0x00007ff811d63000 	/usr/lib/system/libdyld.dylib
0x00007ff81deef000 	/usr/lib/system/libkeymgr.dylib
0x00007ff81de93000 	/usr/lib/system/libmacho.dylib
0x00007ff81d461000 	/usr/lib/system/libquarantine.dylib
0x00007ff81deed000 	/usr/lib/system/libremovefile.dylib
0x00007ff816962000 	/usr/lib/system/libsystem_asl.dylib
0x00007ff811ab9000 	/usr/lib/system/libsystem_blocks.dylib
0x00007ff811c25000 	/usr/lib/system/libsystem_c.dylib
0x00007ff81dee5000 	/usr/lib/system/libsystem_collections.dylib
0x00007ff81c759000 	/usr/lib/system/libsystem_configuration.dylib
0x00007ff81b7cd000 	/usr/lib/system/libsystem_containermanager.dylib
0x00007ff81db4c000 	/usr/lib/system/libsystem_coreservices.dylib
0x00007ff8149df000 	/usr/lib/system/libsystem_darwin.dylib
0x00007ff81def0000 	/usr/lib/system/libsystem_dnssd.dylib
0x00007ff811c22000 	/usr/lib/system/libsystem_featureflags.dylib
0x00007ff811d8e000 	/usr/lib/system/libsystem_info.dylib
0x00007ff81de27000 	/usr/lib/system/libsystem_m.dylib
0x00007ff811bae000 	/usr/lib/system/libsystem_malloc.dylib
0x00007ff8168f1000 	/usr/lib/system/libsystem_networkextension.dylib
0x00007ff814e24000 	/usr/lib/system/libsystem_notify.dylib
0x00007ff81c75d000 	/usr/lib/system/libsystem_sandbox.dylib
0x00007ff81deea000 	/usr/lib/system/libsystem_secinit.dylib
0x00007ff811d1d000 	/usr/lib/system/libsystem_kernel.dylib
0x00007ff811d84000 	/usr/lib/system/libsystem_platform.dylib
0x00007ff811d57000 	/usr/lib/system/libsystem_pthread.dylib
0x00007ff8183b2000 	/usr/lib/system/libsystem_symptoms.dylib
0x00007ff811afd000 	/usr/lib/system/libsystem_trace.dylib
0x00007ff81dec0000 	/usr/lib/system/libunwind.dylib
0x00007ff811abd000 	/usr/lib/system/libxpc.dylib
0x00007ff811d07000 	/usr/lib/libc++abi.dylib
0x00007ff81decb000 	/usr/lib/liboah.dylib
0x00007ff81e65f000 	/usr/lib/liblzma.5.dylib
0x00007ff81df00000 	/usr/lib/libfakelink.dylib
0x00007ff81654b000 	/System/Library/Frameworks/CFNetwork.framework/Versions/A/CFNetwork
0x00007ff81e03d000 	/usr/lib/libarchive.2.dylib
0x00007ff822623000 	/System/Library/Frameworks/Combine.framework/Versions/A/Combine
0x00007ff820748000 	/usr/lib/swift/libswiftCore.dylib
0x00007ff916668000 	/usr/lib/swift/libswiftCoreFoundation.dylib
0x00007ff914621000 	/usr/lib/swift/libswiftDarwin.dylib
0x00007ff825f9d000 	/usr/lib/swift/libswiftDispatch.dylib
0x00007ff916684000 	/usr/lib/swift/libswiftIOKit.dylib
0x00007ff8283d7000 	/usr/lib/swift/libswiftObjectiveC.dylib
0x00007ff916679000 	/usr/lib/swift/libswiftXPC.dylib
0x00007ffb2f597000 	/usr/lib/swift/libswift_Concurrency.dylib
0x00007ffb2f6d6000 	/usr/lib/swift/libswift_StringProcessing.dylib
0x00007ff8283db000 	/usr/lib/swift/libswiftos.dylib
0x00007ff814ce6000 	/System/Library/PrivateFrameworks/CoreServicesInternal.framework/Versions/A/CoreServicesInternal
0x00007ff81d488000 	/usr/lib/libbsm.0.dylib
0x00007ff81de98000 	/usr/lib/system/libkxld.dylib
0x00007ff81a451000 	/System/Library/Frameworks/CoreServices.framework/Versions/A/Frameworks/FSEvents.framework/Versions/A/FSEvents
0x00007ff8149ea000 	/System/Library/Frameworks/CoreServices.framework/Versions/A/Frameworks/CarbonCore.framework/Versions/A/CarbonCore
0x00007ff819166000 	/System/Library/Frameworks/CoreServices.framework/Versions/A/Frameworks/Metadata.framework/Versions/A/Metadata
0x00007ff81db52000 	/System/Library/Frameworks/CoreServices.framework/Versions/A/Frameworks/OSServices.framework/Versions/A/OSServices
0x00007ff81e0c5000 	/System/Library/Frameworks/CoreServices.framework/Versions/A/Frameworks/SearchKit.framework/Versions/A/SearchKit
0x00007ff818339000 	/System/Library/Frameworks/CoreServices.framework/Versions/A/Frameworks/AE.framework/Versions/A/AE
0x00007ff812251000 	/System/Library/Frameworks/CoreServices.framework/Versions/A/Frameworks/LaunchServices.framework/Versions/A/LaunchServices
0x00007ff81e610000 	/System/Library/Frameworks/CoreServices.framework/Versions/A/Frameworks/DictionaryServices.framework/Versions/A/DictionaryServices
0x00007ff81a45e000 	/System/Library/Frameworks/CoreServices.framework/Versions/A/Frameworks/SharedFileList.framework/Versions/A/SharedFileList
0x00007ff81e151000 	/usr/lib/libapple_nghttp2.dylib
0x00007ff816547000 	/usr/lib/libnetwork.dylib
0x00007ff817fb7000 	/usr/lib/libsqlite3.dylib
0x00007ff8183ba000 	/System/Library/Frameworks/Network.framework/Versions/A/Network
0x00007ffb2e581000 	/usr/lib/libCoreEntitlements.dylib
0x00007ffb1bebc000 	/System/Library/PrivateFrameworks/MessageSecurity.framework/Versions/A/MessageSecurity
0x00007ff817f9e000 	/System/Library/PrivateFrameworks/ProtocolBuffer.framework/Versions/A/ProtocolBuffer
0x00007ff81db2b000 	/System/Library/PrivateFrameworks/AppleFSCompression.framework/Versions/A/AppleFSCompression
0x00007ff81d470000 	/usr/lib/libcoretls.dylib
0x00007ff81e679000 	/usr/lib/libcoretls_cfhelpers.dylib
0x00007ff81e17e000 	/usr/lib/libpam.2.dylib
0x00007ff81e6e7000 	/usr/lib/libxar.1.dylib
0x00007ff81ec7b000 	/usr/lib/libheimdal-asn1.dylib
0x00007ff81df05000 	/usr/lib/libpcap.A.dylib
0x00007ff8183a9000 	/usr/lib/libdns_services.dylib
0x00007ff81c764000 	/System/Library/PrivateFrameworks/AppleSystemInfo.framework/Versions/A/AppleSystemInfo
0x00007ff81d17d000 	/System/Library/PrivateFrameworks/IOMobileFramebuffer.framework/Versions/A/IOMobileFramebuffer
0x00007ff81db3c000 	/usr/lib/libbz2.1.0.dylib
0x00007ff81d464000 	/usr/lib/libCheckFix.dylib
0x00007ff816979000 	/System/Library/PrivateFrameworks/TCC.framework/Versions/A/TCC
0x00007ff81c76a000 	/System/Library/PrivateFrameworks/CoreNLP.framework/Versions/A/CoreNLP
0x00007ff819125000 	/System/Library/PrivateFrameworks/MetadataUtilities.framework/Versions/A/MetadataUtilities
0x00007ff81d498000 	/usr/lib/libmecab.dylib
0x00007ff8128d7000 	/usr/lib/libCRFSuite.dylib
0x00007ff81d4f2000 	/usr/lib/libgermantok.dylib
0x00007ff81e12c000 	/usr/lib/libThaiTokenizer.dylib
0x00007ff819205000 	/System/Library/Frameworks/Accelerate.framework/Versions/A/Frameworks/vImage.framework/Versions/A/vImage
0x00007ff82474e000 	/System/Library/Frameworks/Accelerate.framework/Versions/A/Frameworks/vecLib.framework/Versions/A/vecLib
0x00007ff81e729000 	/System/Library/Frameworks/Accelerate.framework/Versions/A/Frameworks/vecLib.framework/Versions/A/libvMisc.dylib
0x00007ff81cf78000 	/System/Library/Frameworks/Accelerate.framework/Versions/A/Frameworks/vecLib.framework/Versions/A/libvDSP.dylib
0x00007ff81260d000 	/System/Library/Frameworks/Accelerate.framework/Versions/A/Frameworks/vecLib.framework/Versions/A/libBLAS.dylib
0x00007ff81e263000 	/System/Library/Frameworks/Accelerate.framework/Versions/A/Frameworks/vecLib.framework/Versions/A/libLAPACK.dylib
0x00007ff81d4f5000 	/System/Library/Frameworks/Accelerate.framework/Versions/A/Frameworks/vecLib.framework/Versions/A/libLinearAlgebra.dylib
0x00007ff81e169000 	/System/Library/Frameworks/Accelerate.framework/Versions/A/Frameworks/vecLib.framework/Versions/A/libSparseBLAS.dylib
0x00007ff81e25d000 	/System/Library/Frameworks/Accelerate.framework/Versions/A/Frameworks/vecLib.framework/Versions/A/libQuadrature.dylib
0x00007ff81c856000 	/System/Library/Frameworks/Accelerate.framework/Versions/A/Frameworks/vecLib.framework/Versions/A/libBNNS.dylib
0x00007ff8127e1000 	/System/Library/Frameworks/Accelerate.framework/Versions/A/Frameworks/vecLib.framework/Versions/A/libSparse.dylib
0x00007ffb1b1bb000 	/System/Library/PrivateFrameworks/MIL.framework/Versions/A/MIL
0x00007ff81df3a000 	/usr/lib/libiconv.2.dylib
0x00007ff81de92000 	/usr/lib/libcharset.1.dylib
0x00007ff81a435000 	/System/Library/Frameworks/OpenDirectory.framework/Versions/A/Frameworks/CFOpenDirectory.framework/Versions/A/CFOpenDirectory
0x00007ff81a429000 	/System/Library/Frameworks/OpenDirectory.framework/Versions/A/OpenDirectory
0x00007ff81e67b000 	/System/Library/PrivateFrameworks/APFS.framework/Versions/A/APFS
0x00007ff81d3a7000 	/System/Library/Frameworks/SecurityFoundation.framework/Versions/A/SecurityFoundation
0x00007ff81e6f5000 	/usr/lib/libutil.dylib
0x00007ffb1a34c000 	/System/Library/PrivateFrameworks/InstalledContentLibrary.framework/Versions/A/InstalledContentLibrary
0x00007ff814d29000 	/System/Library/PrivateFrameworks/CoreServicesStore.framework/Versions/A/CoreServicesStore
0x00007ffa31523000 	/System/Library/PrivateFrameworks/AppleMobileFileIntegrity.framework/Versions/A/AppleMobileFileIntegrity
0x00007ff916648000 	/usr/lib/libmis.dylib
0x00007ff924c7a000 	/System/Library/PrivateFrameworks/MobileSystemServices.framework/Versions/A/MobileSystemServices
0x00007ffa1ee14000 	/System/Library/PrivateFrameworks/ConfigProfileHelper.framework/Versions/A/ConfigProfileHelper
0x00007ff81e12e000 	/System/Library/PrivateFrameworks/AppleSauce.framework/Versions/A/AppleSauce
0x00007ff813580000 	/System/Library/PrivateFrameworks/LanguageModeling.framework/Versions/A/LanguageModeling
0x00007ff81e6f9000 	/usr/lib/libxslt.1.dylib
0x00007ff81e02c000 	/usr/lib/libcmph.dylib
0x00007ff81d16b000 	/System/Library/PrivateFrameworks/CoreEmoji.framework/Versions/A/CoreEmoji
0x00007ff81c850000 	/System/Library/PrivateFrameworks/LinguisticData.framework/Versions/A/LinguisticData
0x00007ff812797000 	/System/Library/PrivateFrameworks/Lexicon.framework/Versions/A/Lexicon
0x00007ff81d435000 	/System/Library/PrivateFrameworks/BackgroundTaskManagement.framework/Versions/A/BackgroundTaskManagement
0x00007ffb2e6bb000 	/usr/lib/libTLE.dylib
0x00007ffb2f61b000 	/usr/lib/swift/libswift_RegexParser.dylib
0x00007ff81f512000 	/System/Library/PrivateFrameworks/AppleJPEG.framework/Versions/A/AppleJPEG
0x00007ff81ec60000 	/usr/lib/libexpat.1.dylib
0x00007ff81fbbc000 	/System/Library/Frameworks/ImageIO.framework/Versions/A/Resources/libPng.dylib
0x00007ff81fbe9000 	/System/Library/Frameworks/ImageIO.framework/Versions/A/Resources/libTIFF.dylib
0x00007ff81fcd9000 	/System/Library/Frameworks/ImageIO.framework/Versions/A/Resources/libGIF.dylib
0x00007ff81f55d000 	/System/Library/Frameworks/ImageIO.framework/Versions/A/Resources/libJP2.dylib
0x00007ff81fc79000 	/System/Library/Frameworks/ImageIO.framework/Versions/A/Resources/libJPEG.dylib
0x00007ff81fc70000 	/System/Library/Frameworks/ImageIO.framework/Versions/A/Resources/libRadiance.dylib
0x00007ff81bb2f000 	/System/Library/PrivateFrameworks/FontServices.framework/libFontParser.dylib
0x00007ff8182de000 	/System/Library/PrivateFrameworks/RunningBoardServices.framework/Versions/A/RunningBoardServices
0x00007ff82a9c9000 	/System/Library/PrivateFrameworks/IOSurfaceAccelerator.framework/Versions/A/IOSurfaceAccelerator
0x00007ff81f644000 	/System/Library/PrivateFrameworks/WatchdogClient.framework/Versions/A/WatchdogClient
0x00007ff8136e2000 	/System/Library/Frameworks/CoreDisplay.framework/Versions/A/CoreDisplay
0x00007ff81ba1e000 	/System/Library/Frameworks/CoreMedia.framework/Versions/A/CoreMedia
0x00007ff81b810000 	/System/Library/PrivateFrameworks/IOAccelerator.framework/Versions/A/IOAccelerator
0x00007ff81a5af000 	/System/Library/Frameworks/CoreVideo.framework/Versions/A/CoreVideo
0x00007ff81e17c000 	/System/Library/Frameworks/MetalPerformanceShaders.framework/Versions/A/MetalPerformanceShaders
0x00007ff81f681000 	/System/Library/Frameworks/VideoToolbox.framework/Versions/A/VideoToolbox
0x00007ff818222000 	/System/Library/PrivateFrameworks/BaseBoard.framework/Versions/A/BaseBoard
0x00007ff81fc69000 	/System/Library/PrivateFrameworks/GPUWrangler.framework/Versions/A/GPUWrangler
0x00007ff81fc4d000 	/System/Library/PrivateFrameworks/IOPresentment.framework/Versions/A/IOPresentment
0x00007ff81fc73000 	/System/Library/PrivateFrameworks/DSExternalDisplay.framework/Versions/A/DSExternalDisplay
0x00007ffb169bb000 	/System/Library/PrivateFrameworks/GPUCompiler.framework/Versions/31001/Libraries/libllvm-flatbuffers.dylib
0x00007ffa27f0d000 	/System/Library/Frameworks/OpenGL.framework/Versions/A/Libraries/libCoreFSCache.dylib
0x00007ffb169b7000 	/System/Library/PrivateFrameworks/GPUCompiler.framework/Versions/31001/Libraries/libGPUCompilerUtils.dylib
0x00007ff81fcdf000 	/System/Library/PrivateFrameworks/CMCaptureCore.framework/Versions/A/CMCaptureCore
0x00007ffa2b9f5000 	/System/Library/Frameworks/ExtensionFoundation.framework/Versions/A/ExtensionFoundation
0x00007ff82671a000 	/System/Library/PrivateFrameworks/CoreTime.framework/Versions/A/CoreTime
0x00007ff81f214000 	/System/Library/PrivateFrameworks/AppServerSupport.framework/Versions/A/AppServerSupport
0x00007ff82159b000 	/System/Library/PrivateFrameworks/perfdata.framework/Versions/A/perfdata
0x00007ff81380e000 	/System/Library/PrivateFrameworks/AudioToolboxCore.framework/Versions/A/AudioToolboxCore
0x00007ff81b9f8000 	/System/Library/PrivateFrameworks/caulk.framework/Versions/A/caulk
0x00007ff820e68000 	/usr/lib/libAudioStatistics.dylib
0x00007ff915acb000 	/System/Library/PrivateFrameworks/SystemPolicy.framework/Versions/A/SystemPolicy
0x00007ff821106000 	/usr/lib/libSMC.dylib
0x00007ff82a231000 	/System/Library/Frameworks/CoreMIDI.framework/Versions/A/CoreMIDI
0x00007ff81fb8a000 	/usr/lib/libAudioToolboxUtility.dylib
0x00007ff82f764000 	/System/Library/PrivateFrameworks/OSAServicesClient.framework/Versions/A/OSAServicesClient
0x00007ff8215a8000 	/usr/lib/libperfcheck.dylib
0x00007ff81eb44000 	/System/Library/PrivateFrameworks/PlugInKit.framework/Versions/A/PlugInKit
0x00007ff81d39a000 	/System/Library/PrivateFrameworks/AssertionServices.framework/Versions/A/AssertionServices
0x00007ffa27f68000 	/System/Library/Frameworks/OpenGL.framework/Versions/A/Libraries/libGLU.dylib
0x00007ffa27f2c000 	/System/Library/Frameworks/OpenGL.framework/Versions/A/Libraries/libGFXShared.dylib
0x00007ffa28135000 	/System/Library/Frameworks/OpenGL.framework/Versions/A/Libraries/libGL.dylib
0x00007ffa27f35000 	/System/Library/Frameworks/OpenGL.framework/Versions/A/Libraries/libGLImage.dylib
0x00007ffa27f29000 	/System/Library/Frameworks/OpenGL.framework/Versions/A/Libraries/libCVMSPluginSupport.dylib
0x00007ffb2e69a000 	/usr/lib/libRosetta.dylib
0x00007ffa27f14000 	/System/Library/Frameworks/OpenGL.framework/Versions/A/Libraries/libCoreVMClient.dylib
0x00007ff81c6dd000 	/System/Library/Frameworks/MetalPerformanceShaders.framework/Versions/A/Frameworks/MPSCore.framework/Versions/A/MPSCore
0x00007ff81da95000 	/System/Library/Frameworks/MetalPerformanceShaders.framework/Versions/A/Frameworks/MPSImage.framework/Versions/A/MPSImage
0x00007ff81d50b000 	/System/Library/Frameworks/MetalPerformanceShaders.framework/Versions/A/Frameworks/MPSNeuralNetwork.framework/Versions/A/MPSNeuralNetwork
0x00007ff81d97e000 	/System/Library/Frameworks/MetalPerformanceShaders.framework/Versions/A/Frameworks/MPSMatrix.framework/Versions/A/MPSMatrix
0x00007ff81d739000 	/System/Library/Frameworks/MetalPerformanceShaders.framework/Versions/A/Frameworks/MPSRayIntersector.framework/Versions/A/MPSRayIntersector
0x00007ff81d9b9000 	/System/Library/Frameworks/MetalPerformanceShaders.framework/Versions/A/Frameworks/MPSNDArray.framework/Versions/A/MPSNDArray
0x00007ffa2cd65000 	/System/Library/Frameworks/MetalPerformanceShaders.framework/Versions/A/Frameworks/MPSFunctions.framework/Versions/A/MPSFunctions
0x00007ff8124ce000 	/System/Library/PrivateFrameworks/MetalTools.framework/Versions/A/MetalTools
0x00007ff81c763000 	/System/Library/PrivateFrameworks/AggregateDictionary.framework/Versions/A/AggregateDictionary
0x00007ff81e9ff000 	/usr/lib/libIOReport.dylib
0x00007ffa28bfc000 	/System/Library/Frameworks/OpenCL.framework/Versions/A/OpenCL
0x00007ff81eda6000 	/System/Library/PrivateFrameworks/GraphVisualizer.framework/Versions/A/GraphVisualizer
0x00007ffb168cc000 	/System/Library/PrivateFrameworks/FontServices.framework/Versions/A/FontServices
0x00007ff81f1cf000 	/System/Library/PrivateFrameworks/OTSVG.framework/Versions/A/OTSVG
0x00007ff81a179000 	/System/Library/Frameworks/ApplicationServices.framework/Versions/A/Frameworks/ATS.framework/Versions/A/Resources/libFontRegistry.dylib
0x00007ff81f21e000 	/System/Library/PrivateFrameworks/FontServices.framework/libhvf.dylib
0x00007ffb168cd000 	/System/Library/PrivateFrameworks/FontServices.framework/libXTFontStaticRegistryData.dylib
0x00007ffb27b66000 	/System/Library/PrivateFrameworks/VideoToolboxParavirtualizationSupport.framework/Versions/A/VideoToolboxParavirtualizationSupport
0x00007ff81ec10000 	/System/Library/PrivateFrameworks/AppleVA.framework/Versions/A/AppleVA
0x00007ff820ea8000 	/System/Library/Frameworks/ApplicationServices.framework/Versions/A/Frameworks/ATS.framework/Versions/A/ATS
0x00007ff817690000 	/System/Library/Frameworks/ApplicationServices.framework/Versions/A/Frameworks/HIServices.framework/Versions/A/HIServices
0x00007ff81fceb000 	/System/Library/Frameworks/ApplicationServices.framework/Versions/A/Frameworks/PrintCore.framework/Versions/A/PrintCore
0x00007ff82125b000 	/System/Library/Frameworks/ApplicationServices.framework/Versions/A/Frameworks/QD.framework/Versions/A/QD
0x00007ff821253000 	/System/Library/Frameworks/ApplicationServices.framework/Versions/A/Frameworks/ColorSyncLegacy.framework/Versions/A/ColorSyncLegacy
0x00007ff820e7c000 	/System/Library/Frameworks/ApplicationServices.framework/Versions/A/Frameworks/SpeechSynthesis.framework/Versions/A/SpeechSynthesis
0x00007ff81fca9000 	/System/Library/Frameworks/ApplicationServices.framework/Versions/A/Frameworks/ATSUI.framework/Versions/A/ATSUI
0x00007ff8211e6000 	/usr/lib/libcups.2.dylib
0x00007ff8215b7000 	/System/Library/Frameworks/Kerberos.framework/Versions/A/Kerberos
0x00007ff8215c6000 	/System/Library/Frameworks/GSS.framework/Versions/A/GSS
0x00007ff820f16000 	/usr/lib/libresolv.9.dylib
0x00007ff81f22f000 	/System/Library/PrivateFrameworks/Heimdal.framework/Versions/A/Heimdal
0x00007ff82835a000 	/System/Library/Frameworks/Kerberos.framework/Versions/A/Libraries/libHeimdalProxy.dylib
0x00007ff821611000 	/System/Library/PrivateFrameworks/CommonAuth.framework/Versions/A/CommonAuth
0x00007ffa2accb000 	/System/Library/Frameworks/AVFAudio.framework/Versions/A/AVFAudio
0x00007ff82f7ad000 	/System/Library/PrivateFrameworks/AXCoreUtilities.framework/Versions/A/AXCoreUtilities
0x00007ff820df8000 	/System/Library/PrivateFrameworks/AudioSession.framework/Versions/A/AudioSession
0x00007ff8223fa000 	/System/Library/Frameworks/IOBluetooth.framework/Versions/A/IOBluetooth
0x00007ff81ed16000 	/System/Library/PrivateFrameworks/MediaExperience.framework/Versions/A/MediaExperience
0x00007ff820c9f000 	/System/Library/PrivateFrameworks/AudioSession.framework/libSessionUtility.dylib
0x00007ff821267000 	/System/Library/PrivateFrameworks/AudioResourceArbitration.framework/Versions/A/AudioResourceArbitration
0x00007ff825353000 	/System/Library/PrivateFrameworks/PowerLog.framework/Versions/A/PowerLog
0x00007ff825295000 	/System/Library/Frameworks/CoreBluetooth.framework/Versions/A/CoreBluetooth
0x00007ff82835b000 	/System/Library/Frameworks/AudioUnit.framework/Versions/A/AudioUnit
0x00007ff81d204000 	/System/Library/PrivateFrameworks/CoreUtils.framework/Versions/A/CoreUtils
0x00007ffb1547d000 	/System/Library/PrivateFrameworks/CoreUtilsExtras.framework/Versions/A/CoreUtilsExtras
0x00007ffb1a1df000 	/System/Library/PrivateFrameworks/IO80211.framework/Versions/A/IO80211
0x00007ff81ec84000 	/System/Library/PrivateFrameworks/IconFoundation.framework/Versions/A/IconFoundation
0x00007ff824372000 	/System/Library/PrivateFrameworks/SpeechRecognitionCore.framework/Versions/A/SpeechRecognitionCore
0x0000000109ac8000 	/Library/Internet Plug-Ins/JavaAppletPlugin.plugin/Contents/Home/lib/server/libjvm.dylib
0x0000000108cf8000 	/Library/Internet Plug-Ins/JavaAppletPlugin.plugin/Contents/Home/lib/libverify.dylib
0x0000000108d50000 	/Library/Internet Plug-Ins/JavaAppletPlugin.plugin/Contents/Home/lib/libjava.dylib
0x0000000108d1d000 	/Library/Internet Plug-Ins/JavaAppletPlugin.plugin/Contents/Home/lib/libzip.dylib
0x00000001434e8000 	/Library/Internet Plug-Ins/JavaAppletPlugin.plugin/Contents/Home/lib/libmanagement.dylib
0x000000014378c000 	/Library/Internet Plug-Ins/JavaAppletPlugin.plugin/Contents/Home/lib/libnet.dylib
0x0000000143806000 	/Library/Internet Plug-Ins/JavaAppletPlugin.plugin/Contents/Home/lib/libnio.dylib
0x000000014478d000 	/Library/Internet Plug-Ins/JavaAppletPlugin.plugin/Contents/Home/lib/libsunec.dylib
0x00000001461c6000 	/Library/Internet Plug-Ins/JavaAppletPlugin.plugin/Contents/Home/lib/libjaas_unix.dylib
0x000000014ac06000 	/private/var/folders/2l/1pcx9h911c70k9vsjfgymhyh0000gn/T/liblz4-java-4178907721404534023.dylib
0x000000014bd83000 	/private/var/folders/2l/1pcx9h911c70k9vsjfgymhyh0000gn/T/librocksdbjni6079475915037714534.jnilib
0x0000000145041000 	/Users/sofiamurillosanchez/.javacpp/cache/com.johnsnowlabs.nlp_tensorflow-cpu_2.12-0.4.4.jar/org/bytedeco/javacpp/macosx-x86_64/libjnijavacpp.dylib
0x0000000151e17000 	/Users/sofiamurillosanchez/.javacpp/cache/com.johnsnowlabs.nlp_tensorflow-cpu_2.12-0.4.4.jar/org/tensorflow/internal/c_api/macosx-x86_64/libtensorflow_framework.2.dylib

VM Arguments:
jvm_args: -Xmx16G -XX:+IgnoreUnrecognizedVMOptions --add-opens=java.base/java.lang=ALL-UNNAMED --add-opens=java.base/java.lang.invoke=ALL-UNNAMED --add-opens=java.base/java.lang.reflect=ALL-UNNAMED --add-opens=java.base/java.io=ALL-UNNAMED --add-opens=java.base/java.net=ALL-UNNAMED --add-opens=java.base/java.nio=ALL-UNNAMED --add-opens=java.base/java.util=ALL-UNNAMED --add-opens=java.base/java.util.concurrent=ALL-UNNAMED --add-opens=java.base/java.util.concurrent.atomic=ALL-UNNAMED --add-opens=java.base/sun.nio.ch=ALL-UNNAMED --add-opens=java.base/sun.nio.cs=ALL-UNNAMED --add-opens=java.base/sun.security.action=ALL-UNNAMED --add-opens=java.base/sun.util.calendar=ALL-UNNAMED --add-opens=java.security.jgss/sun.security.krb5=ALL-UNNAMED 
java_command: org.apache.spark.deploy.SparkSubmit --conf spark.master=local[*] --conf spark.driver.memory=16G --conf spark.kryoserializer.buffer.max=2000M --conf spark.driver.maxResultSize=0 --conf spark.jars.packages=com.johnsnowlabs.nlp:spark-nlp_2.12:4.4.1 --conf spark.app.name=Spark NLP pyspark-shell
java_class_path (initial): /Users/sofiamurillosanchez/opt/anaconda3/lib/python3.9/site-packages/pyspark/conf:/Users/sofiamurillosanchez/opt/anaconda3/lib/python3.9/site-packages/pyspark/jars/dropwizard-metrics-hadoop-metrics2-reporter-0.1.2.jar:/Users/sofiamurillosanchez/opt/anaconda3/lib/python3.9/site-packages/pyspark/jars/metrics-core-4.2.7.jar:/Users/sofiamurillosanchez/opt/anaconda3/lib/python3.9/site-packages/pyspark/jars/logging-interceptor-3.12.12.jar:/Users/sofiamurillosanchez/opt/anaconda3/lib/python3.9/site-packages/pyspark/jars/hive-shims-2.3.9.jar:/Users/sofiamurillosanchez/opt/anaconda3/lib/python3.9/site-packages/pyspark/jars/netty-resolver-4.1.74.Final.jar:/Users/sofiamurillosanchez/opt/anaconda3/lib/python3.9/site-packages/pyspark/jars/jakarta.xml.bind-api-2.3.2.jar:/Users/sofiamurillosanchez/opt/anaconda3/lib/python3.9/site-packages/pyspark/jars/metrics-jmx-4.2.7.jar:/Users/sofiamurillosanchez/opt/anaconda3/lib/python3.9/site-packages/pyspark/jars/blas-2.2.1.jar:/Users/sofiamurillosanchez/opt/anaconda3/lib/python3.9/site-packages/pyspark/jars/jersey-common-2.36.jar:/Users/sofiamurillosanchez/opt/anaconda3/lib/python3.9/site-packages/pyspark/jars/netty-transport-native-epoll-4.1.74.Final-linux-x86_64.jar:/Users/sofiamurillosanchez/opt/anaconda3/lib/python3.9/site-packages/pyspark/jars/joda-time-2.10.13.jar:/Users/sofiamurillosanchez/opt/anaconda3/lib/python3.9/site-packages/pyspark/jars/spark-catalyst_2.12-3.3.1.jar:/Users/sofiamurillosanchez/opt/anaconda3/lib/python3.9/site-packages/pyspark/jars/jaxb-runtime-2.3.2.jar:/Users/sofiamurillosanchez/opt/anaconda3/lib/python3.9/site-packages/pyspark/jars/netty-transport-native-unix-common-4.1.74.Final.jar:/Users/sofiamurillosanchez/opt/anaconda3/lib/python3.9/site-packages/pyspark/jars/aircompressor-0.21.jar:/Users/sofiamurillosanchez/opt/anaconda3/lib/python3.9/site-packages/pyspark/jars/kubernetes-model-discovery-5.12.2.jar:/Users/sofiamurillosanchez/opt/anaconda3/lib/python3.9/site-packages/pyspark/
Launcher Type: SUN_STANDARD

Environment Variables:
PATH=/Users/sofiamurillosanchez/opt/anaconda3/bin:/Users/sofiamurillosanchez/opt/anaconda3/condabin:/opt/homebrew/bin:/opt/homebrew/sbin:/opt/local/bin:/opt/local/sbin:/opt/homebrew/bin:/opt/homebrew/sbin:/usr/local/bin:/System/Cryptexes/App/usr/bin:/usr/bin:/bin:/usr/sbin:/sbin:/Library/TeX/texbin:/opt/X11/bin:/Library/Apple/usr/bin:/Applications/Wireshark.app/Contents/MacOS
SHELL=/bin/zsh
DISPLAY=/private/tmp/com.apple.launchd.ZdJJoelI2P/org.xquartz:0

Signal Handlers:
SIGSEGV: [libjvm.dylib+0x59e9bf], sa_mask[0]=11111111111111111111111111111111, sa_flags=SA_ONSTACK|SA_RESTART|SA_SIGINFO
SIGBUS: [libjvm.dylib+0x59e9bf], sa_mask[0]=11111111111111111111111111111111, sa_flags=SA_RESTART|SA_SIGINFO
SIGFPE: [libjvm.dylib+0x59e9bf], sa_mask[0]=11111111111111111111111111111111, sa_flags=SA_RESTART|SA_SIGINFO
SIGPIPE: [libjvm.dylib+0x492256], sa_mask[0]=11111111111111111111111111111111, sa_flags=SA_RESTART|SA_SIGINFO
SIGXFSZ: [libjvm.dylib+0x492256], sa_mask[0]=11111111111111111111111111111111, sa_flags=SA_RESTART|SA_SIGINFO
SIGILL: [libjvm.dylib+0x59e9bf], sa_mask[0]=11111111111111111111111111111111, sa_flags=SA_RESTART|SA_SIGINFO
SIGUSR1: SIG_DFL, sa_mask[0]=11111111011111110111111111111111, sa_flags=none
SIGUSR2: [libjvm.dylib+0x49287a], sa_mask[0]=00000000000000000000000000000000, sa_flags=SA_RESTART|SA_SIGINFO
SIGHUP: [libjvm.dylib+0x490a13], sa_mask[0]=11111111111111111111111111111111, sa_flags=SA_RESTART|SA_SIGINFO
SIGINT: SIG_IGN, sa_mask[0]=11111111011111110111111111111111, sa_flags=none
SIGTERM: [libjvm.dylib+0x490a13], sa_mask[0]=11111111111111111111111111111111, sa_flags=SA_RESTART|SA_SIGINFO
SIGQUIT: [libjvm.dylib+0x490a13], sa_mask[0]=11111111111111111111111111111111, sa_flags=SA_RESTART|SA_SIGINFO


---------------  S Y S T E M  ---------------

OS:Bsduname:Darwin 22.3.0 Darwin Kernel Version 22.3.0: Mon Jan 30 20:39:35 PST 2023; root:xnu-8792.81.3~2/RELEASE_ARM64_T8103 x86_64
rlimit: STACK 8176k, CORE 0k, NPROC 1333, NOFILE 10240, AS infinity
load average:6.55 5.64 5.41

CPU:total 8 (initial active 8) (1 cores per cpu, 1 threads per core) family 6 model 44 stepping 0, cmov, cx8, fxsr, mmx, sse, sse2, sse3, ssse3, sse4.1, sse4.2, popcnt, aes, clmul, tsc, tscinvbit, tscinv

Memory: 4k page, physical 8388608k(31316k free)

/proc/meminfo:


vm_info: Java HotSpot(TM) 64-Bit Server VM (25.361-b09) for bsd-amd64 JRE (1.8.0_361-b09), built on Jan  9 2023 08:31:35 by "java_re" with gcc 4.2.1 Compatible Apple LLVM 11.0.0 (clang-1100.0.33.17)

time: Wed May  3 16:40:19 2023
timezone: CDT
elapsed time: 189.346323 seconds (0d 0h 3m 9s)

