#
# A fatal error has been detected by the Java Runtime Environment:
#
#  SIGILL (0x4) at pc=0x0000000151ab0575, pid=46522, tid=0x000000000000683b
#
# JRE version: Java(TM) SE Runtime Environment (8.0_361) (build 1.8.0_361-b09)
# Java VM: Java HotSpot(TM) 64-Bit Server VM (25.361-b09 mixed mode bsd-amd64 compressed oops)
# Problematic frame:
# C  [libtensorflow_framework.2.dylib+0x22575]  tensorflow::monitoring::MetricDef<(tensorflow::monitoring::MetricKind)1, long long, 2>::MetricDef<char [11], char [7]>(absl::lts_20210324::string_view, absl::lts_20210324::string_view, char const (&) [11], char const (&) [7])+0x125
#
# Failed to write core dump. Core dumps have been disabled. To enable core dumping, try "ulimit -c unlimited" before starting Java again
#
# If you would like to submit a bug report, please visit:
#   http://bugreport.java.com/bugreport/crash.jsp
# The crash happened outside the Java Virtual Machine in native code.
# See problematic frame for where to report the bug.
#

---------------  T H R E A D  ---------------

Current thread (0x00007f88f720f000):  JavaThread "Thread-4" [_thread_in_native, id=26683, stack(0x0000000305b65000,0x0000000305c65000)]

siginfo: si_signo: 4 (SIGILL), si_code: 1 (ILL_ILLOPC), si_addr: 0x0000000151ab0575

Registers:
RAX=0x0000000305c5fcd9, RBX=0x0000000305c5fd40, RCX=0x0000000305c5fcdf, RDX=0x0000000000000000
RSP=0x0000000305c5fc60, RBP=0x0000000305c5fd20, RSI=0x0000000152b604d4, RDI=0x0000000305c5fcd9
R8 =0x0000000000000073, R9 =0x0000000152b604c3, R10=0x0000000000000090, R11=0x0000000083a31ffb
R12=0x0000000000000006, R13=0x0000000305c5fcd8, R14=0x0000000152b604ce, R15=0x0000000305c5fcd9
RIP=0x0000000151ab0575, EFLAGS=0x0000000000000246, ERR=0x0000000000000000
  TRAPNO=0x0000000000000006

Top of Stack: (sp=0x0000000305c5fc60)
0x0000000305c5fc60:   00007ff811cc9492 00007ff811cc7d52
0x0000000305c5fc70:   00007ff811cc7de4 0000000152b60489
0x0000000305c5fc80:   0000000000000039 000000000000002d
0x0000000305c5fc90:   0000000152b6045b 0000000305c5fd40
0x0000000305c5fca0:   00007ff811cc8bdc 0000000000000005
0x0000000305c5fcb0:   00007ff811cc0000 0000000000000008
0x0000000305c5fcc0:   705f6c65646f6d14 0000000000687461
0x0000000305c5fcd0:   000000010874d000 007375746174730c
0x0000000305c5fce0:   0000000152b604ce 0000000152b60489
0x0000000305c5fcf0:   8e531fb33ab1001f 0000000152b6045b
0x0000000305c5fd00:   0000000152b604ce 0000000152b60489
0x0000000305c5fd10:   00006000027f46c0 000000000000002d
0x0000000305c5fd20:   0000000305c5fdc0 0000000151aa8f9b
0x0000000305c5fd30:   0000000152b604ce 00007ff811cb9ff8
0x0000000305c5fd40:   00007ff811cbb77e 00007ff811cbb79c
0x0000000305c5fd50:   00007ff811cbb74c 00007ff811cbb76a
0x0000000305c5fd60:   00007ff811cc31b6 00007ff811cc30fc
0x0000000305c5fd70:   00007ff811cba50c 00007ff811cb9c0c
0x0000000305c5fd80:   00007ff811cb9be0 00007ff811cb9c66
0x0000000305c5fd90:   0000000152b604c3 0000000152b604c3
0x0000000305c5fda0:   0000000152c6d3c0 0000000151a8e420
0x0000000305c5fdb0:   0000000151ab4570 0000000305c60358
0x0000000305c5fdc0:   0000000305c5fe50 0000000151ab45a1
0x0000000305c5fdd0:   0000000305c5fe20 00000002001597fb
0x0000000305c5fde0:   0000000305c60051 0000000000000000
0x0000000305c5fdf0:   0000000305c5ffb0 0000000305c5fe68
0x0000000305c5fe00:   0000000152c6d3c0 0000000151a8e420
0x0000000305c5fe10:   0000000151ab4570 0000000305c60358
0x0000000305c5fe20:   0000000305c5fe50 00000002001597cb
0x0000000305c5fe30:   0000000000000000 0000000305c5fe68
0x0000000305c5fe40:   0000000151ab4570 0000000305c60358
0x0000000305c5fe50:   0000000305c5fef0 0000000200174618 

Instructions: (pc=0x0000000151ab0575)
0x0000000151ab0555:   c8 48 83 cb 01 48 89 5d b8 4c 89 65 c0 4c 89 ff
0x0000000151ab0565:   4c 89 f6 4c 89 e2 e8 a4 32 fd 00 43 c6 04 27 00
0x0000000151ab0575:   c5 f8 57 c0 c5 f8 29 45 80 48 c7 45 90 00 00 00
0x0000000151ab0585:   00 bf 30 00 00 00 e8 1e 2f fd 00 48 89 c3 48 89 

Register to memory mapping:

RAX=0x0000000305c5fcd9 is pointing into the stack for thread: 0x00007f88f720f000
RBX=0x0000000305c5fd40 is pointing into the stack for thread: 0x00007f88f720f000
RCX=0x0000000305c5fcdf is pointing into the stack for thread: 0x00007f88f720f000
RDX=0x0000000000000000 is an unknown value
RSP=0x0000000305c5fc60 is pointing into the stack for thread: 0x00007f88f720f000
RBP=0x0000000305c5fd20 is pointing into the stack for thread: 0x00007f88f720f000
RSI=0x0000000152b604d4: <offset 0x10d24d4> in /Users/sofiamurillosanchez/.javacpp/cache/com.johnsnowlabs.nlp_tensorflow-cpu_2.12-0.4.4.jar/org/tensorflow/internal/c_api/macosx-x86_64/libtensorflow_framework.2.dylib at 0x0000000151a8e000
RDI=0x0000000305c5fcd9 is pointing into the stack for thread: 0x00007f88f720f000
R8 =0x0000000000000073 is an unknown value
R9 =0x0000000152b604c3: <offset 0x10d24c3> in /Users/sofiamurillosanchez/.javacpp/cache/com.johnsnowlabs.nlp_tensorflow-cpu_2.12-0.4.4.jar/org/tensorflow/internal/c_api/macosx-x86_64/libtensorflow_framework.2.dylib at 0x0000000151a8e000
R10=0x0000000000000090 is an unknown value
R11=0x0000000083a31ffb is an unknown value
R12=0x0000000000000006 is an unknown value
R13=0x0000000305c5fcd8 is pointing into the stack for thread: 0x00007f88f720f000
R14=0x0000000152b604ce: <offset 0x10d24ce> in /Users/sofiamurillosanchez/.javacpp/cache/com.johnsnowlabs.nlp_tensorflow-cpu_2.12-0.4.4.jar/org/tensorflow/internal/c_api/macosx-x86_64/libtensorflow_framework.2.dylib at 0x0000000151a8e000
R15=0x0000000305c5fcd9 is pointing into the stack for thread: 0x00007f88f720f000


Stack: [0x0000000305b65000,0x0000000305c65000],  sp=0x0000000305c5fc60,  free space=1003k
Native frames: (J=compiled Java code, j=interpreted, Vv=VM code, C=native code)
C  [libtensorflow_framework.2.dylib+0x22575]  tensorflow::monitoring::MetricDef<(tensorflow::monitoring::MetricKind)1, long long, 2>::MetricDef<char [11], char [7]>(absl::lts_20210324::string_view, absl::lts_20210324::string_view, char const (&) [11], char const (&) [7])+0x125
C  [libtensorflow_framework.2.dylib+0x1af9b]  tensorflow::monitoring::Counter<2>* tensorflow::monitoring::Counter<2>::New<char const (&) [46], char const (&) [58], char const (&) [11], char const (&) [7]>(char const (&) [46], char const (&) [58], char const (&) [11], char const (&) [7])+0x5b
C  [libtensorflow_framework.2.dylib+0x265a1]  _GLOBAL__sub_I_loader.cc+0x31
C  0x0000000200174618
C  0x00000002001b3c4d
C  0x00000002001a7ef7
C  0x000000020015a0b7
C  0x00000002001a70a7
C  0x00000002001a97ea
C  0x00000002001b3882
C  0x00000002001744f6
C  0x0000000200174750
C  0x000000020017482c
C  0x000000020018f88f
V  [libjvm.dylib+0x4904ec]  os::dll_load(char const*, char*, int)+0x1a
V  [libjvm.dylib+0x3488af]  JVM_LoadLibrary+0xfa
C  [libjava.dylib+0x173e]  Java_java_lang_ClassLoader_00024NativeLibrary_load+0x75
j  java.lang.ClassLoader$NativeLibrary.load(Ljava/lang/String;ZZ)V+0
j  java.lang.ClassLoader.loadLibrary0(Ljava/lang/Class;Ljava/io/File;)Z+337
j  java.lang.ClassLoader.loadLibrary(Ljava/lang/Class;Ljava/lang/String;Z)V+48
j  java.lang.Runtime.load0(Ljava/lang/Class;Ljava/lang/String;)V+57
j  java.lang.System.load(Ljava/lang/String;)V+7
j  org.bytedeco.javacpp.Loader.loadLibrary(Ljava/lang/Class;[Ljava/net/URL;Ljava/lang/String;[Ljava/lang/String;)Ljava/lang/String;+953
j  org.bytedeco.javacpp.Loader.load(Ljava/lang/Class;Ljava/util/Properties;ZLjava/lang/String;)Ljava/lang/String;+597
j  org.bytedeco.javacpp.Loader.load(Ljava/lang/Class;Ljava/util/Properties;Z)Ljava/lang/String;+4
j  org.bytedeco.javacpp.Loader.load()Ljava/lang/String;+10
j  org.tensorflow.internal.c_api.global.tensorflow.<clinit>()V+0
v  ~StubRoutines::call_stub
V  [libjvm.dylib+0x2d858b]  JavaCalls::call_helper(JavaValue*, methodHandle*, JavaCallArguments*, Thread*)+0x689
V  [libjvm.dylib+0x2a0b65]  InstanceKlass::call_class_initializer_impl(instanceKlassHandle, Thread*)+0xe5
V  [libjvm.dylib+0x29f8ef]  InstanceKlass::initialize_impl(instanceKlassHandle, Thread*)+0x46f
V  [libjvm.dylib+0x29f46c]  InstanceKlass::initialize(Thread*)+0x3a
V  [libjvm.dylib+0x33928a]  find_class_from_class_loader(JNIEnv_*, Symbol*, unsigned char, Handle, Handle, unsigned char, Thread*)+0x60
V  [libjvm.dylib+0x3394b3]  JVM_FindClassFromCaller+0x20e
C  [libjava.dylib+0x110f]  Java_java_lang_Class_forName0+0x12a
J 1046  java.lang.Class.forName0(Ljava/lang/String;ZLjava/lang/ClassLoader;Ljava/lang/Class;)Ljava/lang/Class; (0 bytes) @ 0x000000010b691bf4 [0x000000010b691b00+0xf4]
J 10357 C2 java.lang.Class.forName(Ljava/lang/String;ZLjava/lang/ClassLoader;)Ljava/lang/Class; (53 bytes) @ 0x000000010cca3b08 [0x000000010cca3ae0+0x28]
j  org.bytedeco.javacpp.Loader.load(Ljava/lang/Class;Ljava/util/Properties;ZLjava/lang/String;)Ljava/lang/String;+286
j  org.bytedeco.javacpp.Loader.load(Ljava/lang/Class;Ljava/util/Properties;Z)Ljava/lang/String;+4
j  org.bytedeco.javacpp.Loader.load(Ljava/lang/Class;)Ljava/lang/String;+7
j  org.tensorflow.NativeLibrary.load()V+2
j  org.tensorflow.TensorFlow.<clinit>()V+0
v  ~StubRoutines::call_stub
V  [libjvm.dylib+0x2d858b]  JavaCalls::call_helper(JavaValue*, methodHandle*, JavaCallArguments*, Thread*)+0x689
V  [libjvm.dylib+0x2a0b65]  InstanceKlass::call_class_initializer_impl(instanceKlassHandle, Thread*)+0xe5
V  [libjvm.dylib+0x29f8ef]  InstanceKlass::initialize_impl(instanceKlassHandle, Thread*)+0x46f
V  [libjvm.dylib+0x29f46c]  InstanceKlass::initialize(Thread*)+0x3a
V  [libjvm.dylib+0x33928a]  find_class_from_class_loader(JNIEnv_*, Symbol*, unsigned char, Handle, Handle, unsigned char, Thread*)+0x60
V  [libjvm.dylib+0x3394b3]  JVM_FindClassFromCaller+0x20e
C  [libjava.dylib+0x110f]  Java_java_lang_Class_forName0+0x12a
J 1046  java.lang.Class.forName0(Ljava/lang/String;ZLjava/lang/ClassLoader;Ljava/lang/Class;)Ljava/lang/Class; (0 bytes) @ 0x000000010b691bf4 [0x000000010b691b00+0xf4]
J 6673 C1 java.lang.Class.forName(Ljava/lang/String;)Ljava/lang/Class; (15 bytes) @ 0x000000010c5270ec [0x000000010c526f60+0x18c]
j  org.tensorflow.SavedModelBundle.<clinit>()V+3
v  ~StubRoutines::call_stub
V  [libjvm.dylib+0x2d858b]  JavaCalls::call_helper(JavaValue*, methodHandle*, JavaCallArguments*, Thread*)+0x689
V  [libjvm.dylib+0x2a0b65]  InstanceKlass::call_class_initializer_impl(instanceKlassHandle, Thread*)+0xe5
V  [libjvm.dylib+0x29f8ef]  InstanceKlass::initialize_impl(instanceKlassHandle, Thread*)+0x46f
V  [libjvm.dylib+0x29f46c]  InstanceKlass::initialize(Thread*)+0x3a
V  [libjvm.dylib+0x3d2203]  LinkResolver::resolve_static_call(CallInfo&, KlassHandle&, Symbol*, Symbol*, KlassHandle, bool, bool, Thread*)+0x99
V  [libjvm.dylib+0x3d55eb]  LinkResolver::resolve_invokestatic(CallInfo&, constantPoolHandle, int, Thread*)+0x13f
V  [libjvm.dylib+0x3d5311]  LinkResolver::resolve_invoke(CallInfo&, Handle, constantPoolHandle, int, Bytecodes::Code, Thread*)+0x40d
V  [libjvm.dylib+0x2d1856]  InterpreterRuntime::resolve_invoke(JavaThread*, Bytecodes::Code)+0x366
j  com.johnsnowlabs.ml.tensorflow.TensorflowWrapper$.$anonfun$withSafeSavedModelBundleLoader$1(Ljava/lang/String;[Ljava/lang/String;)Lorg/tensorflow/SavedModelBundle;+2
j  com.johnsnowlabs.ml.tensorflow.TensorflowWrapper$$$Lambda$4264.apply()Ljava/lang/Object;+8
j  scala.util.Try$.apply(Lscala/Function0;)Lscala/util/Try;+5
j  com.johnsnowlabs.ml.tensorflow.TensorflowWrapper$.withSafeSavedModelBundleLoader([Ljava/lang/String;Ljava/lang/String;)Lorg/tensorflow/SavedModelBundle;+10
j  com.johnsnowlabs.ml.tensorflow.TensorflowWrapper$.readZippedSavedModel(Ljava/lang/String;Ljava/lang/String;[Ljava/lang/String;Z)Lcom/johnsnowlabs/ml/tensorflow/TensorflowWrapper;+535
j  com.johnsnowlabs.nlp.annotators.classifier.dl.ClassifierDLApproach.loadSavedModel()Lcom/johnsnowlabs/ml/tensorflow/TensorflowWrapper;+41
j  com.johnsnowlabs.nlp.annotators.classifier.dl.ClassifierDLApproach.train(Lorg/apache/spark/sql/Dataset;Lscala/Option;)Lcom/johnsnowlabs/nlp/annotators/classifier/dl/ClassifierDLModel;+512
j  com.johnsnowlabs.nlp.annotators.classifier.dl.ClassifierDLApproach.train(Lorg/apache/spark/sql/Dataset;Lscala/Option;)Lorg/apache/spark/ml/Model;+3
j  com.johnsnowlabs.nlp.AnnotatorApproach._fit(Lorg/apache/spark/sql/Dataset;Lscala/Option;)Lorg/apache/spark/ml/Model;+17
j  com.johnsnowlabs.nlp.AnnotatorApproach.fit(Lorg/apache/spark/sql/Dataset;)Lorg/apache/spark/ml/Model;+5
v  ~StubRoutines::call_stub
V  [libjvm.dylib+0x2d858b]  JavaCalls::call_helper(JavaValue*, methodHandle*, JavaCallArguments*, Thread*)+0x689
V  [libjvm.dylib+0x4da110]  Reflection::invoke(instanceKlassHandle, methodHandle, Handle, bool, objArrayHandle, BasicType, objArrayHandle, bool, Thread*)+0x758
V  [libjvm.dylib+0x4daca8]  Reflection::invoke_method(oopDesc*, Handle, objArrayHandle, Thread*)+0x17c
V  [libjvm.dylib+0x348f48]  JVM_InvokeMethod+0x20f
J 6815  sun.reflect.NativeMethodAccessorImpl.invoke0(Ljava/lang/reflect/Method;Ljava/lang/Object;[Ljava/lang/Object;)Ljava/lang/Object; (0 bytes) @ 0x000000010c59706d [0x000000010c596f80+0xed]
J 6814 C1 sun.reflect.NativeMethodAccessorImpl.invoke(Ljava/lang/Object;[Ljava/lang/Object;)Ljava/lang/Object; (104 bytes) @ 0x000000010c5985f4 [0x000000010c597440+0x11b4]
J 5723 C2 java.lang.reflect.Method.invoke(Ljava/lang/Object;[Ljava/lang/Object;)Ljava/lang/Object; (62 bytes) @ 0x000000010b53af68 [0x000000010b53ae00+0x168]
J 12357 C1 py4j.reflection.MethodInvoker.invoke(Ljava/lang/Object;[Ljava/lang/Object;)Ljava/lang/Object; (183 bytes) @ 0x000000010cfca1ec [0x000000010cfc9ac0+0x72c]
J 12358 C1 py4j.Gateway.invoke(Ljava/lang/String;Ljava/lang/String;Ljava/util/List;)Lpy4j/ReturnObject; (210 bytes) @ 0x000000010cfd6564 [0x000000010cfd4fa0+0x15c4]
J 11337 C1 py4j.commands.AbstractCommand.invokeMethod(Ljava/lang/String;Ljava/lang/String;Ljava/util/List;)Lpy4j/ReturnObject; (61 bytes) @ 0x000000010cd897ac [0x000000010cd89700+0xac]
J 11336 C1 py4j.commands.CallCommand.execute(Ljava/lang/String;Ljava/io/BufferedReader;Ljava/io/BufferedWriter;)V (76 bytes) @ 0x000000010ca748cc [0x000000010ca74580+0x34c]
j  py4j.ClientServerConnection.waitForCommands()V+126
j  py4j.ClientServerConnection.run()V+11
j  java.lang.Thread.run()V+11
v  ~StubRoutines::call_stub
V  [libjvm.dylib+0x2d858b]  JavaCalls::call_helper(JavaValue*, methodHandle*, JavaCallArguments*, Thread*)+0x689
V  [libjvm.dylib+0x2d73ee]  JavaCalls::call_virtual(JavaValue*, KlassHandle, Symbol*, Symbol*, JavaCallArguments*, Thread*)+0x14a
V  [libjvm.dylib+0x2d75cf]  JavaCalls::call_virtual(JavaValue*, Handle, KlassHandle, Symbol*, Symbol*, Thread*)+0x57
V  [libjvm.dylib+0x3447f3]  thread_entry(JavaThread*, Thread*)+0x78
V  [libjvm.dylib+0x562bd0]  JavaThread::thread_main_inner()+0x82
V  [libjvm.dylib+0x562a8f]  JavaThread::run()+0x19d
V  [libjvm.dylib+0x48fb3b]  java_start(Thread*)+0xfa
C  [libsystem_pthread.dylib+0x6259]  _pthread_start+0x7d
C  [libsystem_pthread.dylib+0x1c7b]  thread_start+0xf
C  0x0000000000000000

Java frames: (J=compiled Java code, j=interpreted, Vv=VM code)
j  java.lang.ClassLoader$NativeLibrary.load(Ljava/lang/String;ZZ)V+0
j  java.lang.ClassLoader.loadLibrary0(Ljava/lang/Class;Ljava/io/File;)Z+337
j  java.lang.ClassLoader.loadLibrary(Ljava/lang/Class;Ljava/lang/String;Z)V+48
j  java.lang.Runtime.load0(Ljava/lang/Class;Ljava/lang/String;)V+57
j  java.lang.System.load(Ljava/lang/String;)V+7
j  org.bytedeco.javacpp.Loader.loadLibrary(Ljava/lang/Class;[Ljava/net/URL;Ljava/lang/String;[Ljava/lang/String;)Ljava/lang/String;+953
j  org.bytedeco.javacpp.Loader.load(Ljava/lang/Class;Ljava/util/Properties;ZLjava/lang/String;)Ljava/lang/String;+597
j  org.bytedeco.javacpp.Loader.load(Ljava/lang/Class;Ljava/util/Properties;Z)Ljava/lang/String;+4
j  org.bytedeco.javacpp.Loader.load()Ljava/lang/String;+10
j  org.tensorflow.internal.c_api.global.tensorflow.<clinit>()V+0
v  ~StubRoutines::call_stub
J 1046  java.lang.Class.forName0(Ljava/lang/String;ZLjava/lang/ClassLoader;Ljava/lang/Class;)Ljava/lang/Class; (0 bytes) @ 0x000000010b691b7a [0x000000010b691b00+0x7a]
J 10357 C2 java.lang.Class.forName(Ljava/lang/String;ZLjava/lang/ClassLoader;)Ljava/lang/Class; (53 bytes) @ 0x000000010cca3b08 [0x000000010cca3ae0+0x28]
j  org.bytedeco.javacpp.Loader.load(Ljava/lang/Class;Ljava/util/Properties;ZLjava/lang/String;)Ljava/lang/String;+286
j  org.bytedeco.javacpp.Loader.load(Ljava/lang/Class;Ljava/util/Properties;Z)Ljava/lang/String;+4
j  org.bytedeco.javacpp.Loader.load(Ljava/lang/Class;)Ljava/lang/String;+7
j  org.tensorflow.NativeLibrary.load()V+2
j  org.tensorflow.TensorFlow.<clinit>()V+0
v  ~StubRoutines::call_stub
J 1046  java.lang.Class.forName0(Ljava/lang/String;ZLjava/lang/ClassLoader;Ljava/lang/Class;)Ljava/lang/Class; (0 bytes) @ 0x000000010b691b7a [0x000000010b691b00+0x7a]
J 6673 C1 java.lang.Class.forName(Ljava/lang/String;)Ljava/lang/Class; (15 bytes) @ 0x000000010c5270ec [0x000000010c526f60+0x18c]
j  org.tensorflow.SavedModelBundle.<clinit>()V+3
v  ~StubRoutines::call_stub
j  com.johnsnowlabs.ml.tensorflow.TensorflowWrapper$.$anonfun$withSafeSavedModelBundleLoader$1(Ljava/lang/String;[Ljava/lang/String;)Lorg/tensorflow/SavedModelBundle;+2
j  com.johnsnowlabs.ml.tensorflow.TensorflowWrapper$$$Lambda$4264.apply()Ljava/lang/Object;+8
j  scala.util.Try$.apply(Lscala/Function0;)Lscala/util/Try;+5
j  com.johnsnowlabs.ml.tensorflow.TensorflowWrapper$.withSafeSavedModelBundleLoader([Ljava/lang/String;Ljava/lang/String;)Lorg/tensorflow/SavedModelBundle;+10
j  com.johnsnowlabs.ml.tensorflow.TensorflowWrapper$.readZippedSavedModel(Ljava/lang/String;Ljava/lang/String;[Ljava/lang/String;Z)Lcom/johnsnowlabs/ml/tensorflow/TensorflowWrapper;+535
j  com.johnsnowlabs.nlp.annotators.classifier.dl.ClassifierDLApproach.loadSavedModel()Lcom/johnsnowlabs/ml/tensorflow/TensorflowWrapper;+41
j  com.johnsnowlabs.nlp.annotators.classifier.dl.ClassifierDLApproach.train(Lorg/apache/spark/sql/Dataset;Lscala/Option;)Lcom/johnsnowlabs/nlp/annotators/classifier/dl/ClassifierDLModel;+512
j  com.johnsnowlabs.nlp.annotators.classifier.dl.ClassifierDLApproach.train(Lorg/apache/spark/sql/Dataset;Lscala/Option;)Lorg/apache/spark/ml/Model;+3
j  com.johnsnowlabs.nlp.AnnotatorApproach._fit(Lorg/apache/spark/sql/Dataset;Lscala/Option;)Lorg/apache/spark/ml/Model;+17
j  com.johnsnowlabs.nlp.AnnotatorApproach.fit(Lorg/apache/spark/sql/Dataset;)Lorg/apache/spark/ml/Model;+5
v  ~StubRoutines::call_stub
J 6815  sun.reflect.NativeMethodAccessorImpl.invoke0(Ljava/lang/reflect/Method;Ljava/lang/Object;[Ljava/lang/Object;)Ljava/lang/Object; (0 bytes) @ 0x000000010c596ff7 [0x000000010c596f80+0x77]
J 6814 C1 sun.reflect.NativeMethodAccessorImpl.invoke(Ljava/lang/Object;[Ljava/lang/Object;)Ljava/lang/Object; (104 bytes) @ 0x000000010c5985f4 [0x000000010c597440+0x11b4]
J 5723 C2 java.lang.reflect.Method.invoke(Ljava/lang/Object;[Ljava/lang/Object;)Ljava/lang/Object; (62 bytes) @ 0x000000010b53af68 [0x000000010b53ae00+0x168]
J 12357 C1 py4j.reflection.MethodInvoker.invoke(Ljava/lang/Object;[Ljava/lang/Object;)Ljava/lang/Object; (183 bytes) @ 0x000000010cfca1ec [0x000000010cfc9ac0+0x72c]
J 12358 C1 py4j.Gateway.invoke(Ljava/lang/String;Ljava/lang/String;Ljava/util/List;)Lpy4j/ReturnObject; (210 bytes) @ 0x000000010cfd6564 [0x000000010cfd4fa0+0x15c4]
J 11337 C1 py4j.commands.AbstractCommand.invokeMethod(Ljava/lang/String;Ljava/lang/String;Ljava/util/List;)Lpy4j/ReturnObject; (61 bytes) @ 0x000000010cd897ac [0x000000010cd89700+0xac]
J 11336 C1 py4j.commands.CallCommand.execute(Ljava/lang/String;Ljava/io/BufferedReader;Ljava/io/BufferedWriter;)V (76 bytes) @ 0x000000010ca748cc [0x000000010ca74580+0x34c]
j  py4j.ClientServerConnection.waitForCommands()V+126
j  py4j.ClientServerConnection.run()V+11
j  java.lang.Thread.run()V+11
v  ~StubRoutines::call_stub

---------------  P R O C E S S  ---------------

Java Threads: ( => current thread )
  0x00007f88e3caf000 JavaThread "JavaCPP Deallocator" daemon [_thread_blocked, id=102983, stack(0x000000030a031000,0x000000030a131000)]
  0x00007f8931a22800 JavaThread "block-manager-ask-thread-pool-20" daemon [_thread_blocked, id=104459, stack(0x0000000309f2e000,0x000000030a02e000)]
  0x00007f88e2b40000 JavaThread "block-manager-storage-async-thread-pool-32" daemon [_thread_blocked, id=100619, stack(0x0000000309207000,0x0000000309307000)]
  0x00007f8930ab0000 JavaThread "block-manager-storage-async-thread-pool-31" daemon [_thread_blocked, id=103175, stack(0x0000000309001000,0x0000000309101000)]
  0x00007f88e3c97800 JavaThread "block-manager-storage-async-thread-pool-30" daemon [_thread_blocked, id=100127, stack(0x0000000308efe000,0x0000000308ffe000)]
  0x00007f88e2b39800 JavaThread "shuffle-server-8-1" daemon [_thread_in_native, id=74515, stack(0x0000000308cf8000,0x0000000308df8000)]
  0x00007f8931a0b800 JavaThread "shuffle-client-6-1" daemon [_thread_in_native, id=113811, stack(0x0000000308bf5000,0x0000000308cf5000)]
  0x00007f8937369800 JavaThread "block-manager-ask-thread-pool-19" daemon [_thread_blocked, id=116271, stack(0x000000030d247000,0x000000030d347000)]
  0x00007f88e344d800 JavaThread "block-manager-ask-thread-pool-18" daemon [_thread_blocked, id=115515, stack(0x000000030d144000,0x000000030d244000)]
  0x00007f88e3a63000 JavaThread "block-manager-storage-async-thread-pool-29" daemon [_thread_blocked, id=92687, stack(0x000000030cf3e000,0x000000030d03e000)]
  0x00007f8917bee800 JavaThread "block-manager-storage-async-thread-pool-28" daemon [_thread_blocked, id=112959, stack(0x000000030ce3b000,0x000000030cf3b000)]
  0x00007f88e290f800 JavaThread "block-manager-storage-async-thread-pool-27" daemon [_thread_blocked, id=81255, stack(0x0000000309510000,0x0000000309610000)]
  0x00007f88d70ef800 JavaThread "block-manager-ask-thread-pool-17" daemon [_thread_blocked, id=97803, stack(0x000000030ccb5000,0x000000030cdb5000)]
  0x00007f88d70ef000 JavaThread "block-manager-ask-thread-pool-16" daemon [_thread_blocked, id=121923, stack(0x000000030cbb2000,0x000000030ccb2000)]
  0x00007f8931fff000 JavaThread "block-manager-storage-async-thread-pool-26" daemon [_thread_blocked, id=123399, stack(0x000000030caaf000,0x000000030cbaf000)]
  0x00007f8931ffe800 JavaThread "block-manager-storage-async-thread-pool-25" daemon [_thread_blocked, id=94291, stack(0x000000030c9ac000,0x000000030caac000)]
  0x00007f8948af4000 JavaThread "block-manager-ask-thread-pool-15" daemon [_thread_blocked, id=121391, stack(0x000000030c8a9000,0x000000030c9a9000)]
  0x00007f88d70d3000 JavaThread "block-manager-ask-thread-pool-14" daemon [_thread_blocked, id=120607, stack(0x000000030c7a6000,0x000000030c8a6000)]
  0x00007f88e211b000 JavaThread "block-manager-storage-async-thread-pool-24" daemon [_thread_blocked, id=98619, stack(0x000000030c6a3000,0x000000030c7a3000)]
  0x00007f88d70d2800 JavaThread "block-manager-storage-async-thread-pool-23" daemon [_thread_blocked, id=125447, stack(0x000000030c5a0000,0x000000030c6a0000)]
  0x00007f8930f9b800 JavaThread "block-manager-storage-async-thread-pool-22" daemon [_thread_blocked, id=122887, stack(0x000000030c49d000,0x000000030c59d000)]
  0x00007f89310ac000 JavaThread "block-manager-storage-async-thread-pool-21" daemon [_thread_blocked, id=96007, stack(0x000000030c39a000,0x000000030c49a000)]
  0x00007f894893b800 JavaThread "block-manager-ask-thread-pool-13" daemon [_thread_blocked, id=96519, stack(0x000000030c297000,0x000000030c397000)]
  0x00007f88e211a000 JavaThread "block-manager-ask-thread-pool-12" daemon [_thread_blocked, id=120363, stack(0x000000030c194000,0x000000030c294000)]
  0x00007f8931ffd000 JavaThread "block-manager-storage-async-thread-pool-20" daemon [_thread_blocked, id=123675, stack(0x000000030c091000,0x000000030c191000)]
  0x00007f89371e0000 JavaThread "block-manager-storage-async-thread-pool-19" daemon [_thread_blocked, id=93959, stack(0x000000030bf8e000,0x000000030c08e000)]
  0x00007f89371df800 JavaThread "block-manager-storage-async-thread-pool-18" daemon [_thread_blocked, id=94983, stack(0x000000030be8b000,0x000000030bf8b000)]
  0x00007f88e2119800 JavaThread "block-manager-ask-thread-pool-11" daemon [_thread_blocked, id=119303, stack(0x000000030bd88000,0x000000030be88000)]
  0x00007f89310ae800 JavaThread "block-manager-ask-thread-pool-10" daemon [_thread_blocked, id=118535, stack(0x000000030bc85000,0x000000030bd85000)]
  0x00007f89310ad800 JavaThread "block-manager-storage-async-thread-pool-17" daemon [_thread_blocked, id=99335, stack(0x000000030bb82000,0x000000030bc82000)]
  0x00007f8931a3f800 JavaThread "block-manager-storage-async-thread-pool-16" daemon [_thread_blocked, id=118819, stack(0x000000030ba7f000,0x000000030bb7f000)]
  0x00007f89317fc800 JavaThread "block-manager-storage-async-thread-pool-15" daemon [_thread_blocked, id=117623, stack(0x000000030b97c000,0x000000030ba7c000)]
  0x00007f8930b31000 JavaThread "QueryStageCreator-0" daemon [_thread_blocked, id=92939, stack(0x000000030b879000,0x000000030b979000)]
  0x00007f88f74ad800 JavaThread "stderr reader for python3" daemon [_thread_in_native, id=125955, stack(0x000000030b776000,0x000000030b876000)]
  0x00007f88e23f6800 JavaThread "stdout reader for python3" daemon [_thread_in_native, id=85019, stack(0x0000000308dfb000,0x0000000308efb000)]
  0x00007f88e23f3800 JavaThread "Idle Worker Monitor for python3" daemon [_thread_blocked, id=128875, stack(0x000000030b673000,0x000000030b773000)]
  0x00007f893711c800 JavaThread "Executor task launch worker for task 2.0 in stage 7.0 (TID 26)" daemon [_thread_blocked, id=91907, stack(0x000000030b570000,0x000000030b670000)]
  0x00007f88e23ec000 JavaThread "Executor task launch worker for task 7.0 in stage 7.0 (TID 31)" daemon [_thread_blocked, id=91395, stack(0x000000030b46d000,0x000000030b56d000)]
  0x00007f8930868000 JavaThread "Executor task launch worker for task 1.0 in stage 7.0 (TID 25)" daemon [_thread_blocked, id=127747, stack(0x000000030b36a000,0x000000030b46a000)]
  0x00007f88e23eb000 JavaThread "Executor task launch worker for task 6.0 in stage 7.0 (TID 30)" daemon [_thread_blocked, id=129027, stack(0x000000030b267000,0x000000030b367000)]
  0x00007f893711c000 JavaThread "Executor task launch worker for task 0.0 in stage 7.0 (TID 24)" daemon [_thread_blocked, id=55123, stack(0x000000030b164000,0x000000030b264000)]
  0x00007f88e23c4800 JavaThread "Executor task launch worker for task 5.0 in stage 7.0 (TID 29)" daemon [_thread_blocked, id=56431, stack(0x000000030b061000,0x000000030b161000)]
  0x00007f893711b000 JavaThread "Executor task launch worker for task 3.0 in stage 7.0 (TID 27)" daemon [_thread_blocked, id=51979, stack(0x000000030af5e000,0x000000030b05e000)]
  0x00007f8948fe5800 JavaThread "block-manager-ask-thread-pool-9" daemon [_thread_blocked, id=51383, stack(0x000000030ae5b000,0x000000030af5b000)]
  0x00007f88e20d4800 JavaThread "block-manager-ask-thread-pool-8" daemon [_thread_blocked, id=53059, stack(0x000000030ad58000,0x000000030ae58000)]
  0x00007f8948fe4800 JavaThread "block-manager-storage-async-thread-pool-14" daemon [_thread_blocked, id=87571, stack(0x000000030ac55000,0x000000030ad55000)]
  0x00007f8948fe4000 JavaThread "block-manager-storage-async-thread-pool-13" daemon [_thread_blocked, id=88119, stack(0x000000030ab52000,0x000000030ac52000)]
  0x00007f8937095000 JavaThread "block-manager-storage-async-thread-pool-12" daemon [_thread_blocked, id=90651, stack(0x000000030aa4f000,0x000000030ab4f000)]
  0x00007f88e20d4000 JavaThread "block-manager-ask-thread-pool-7" daemon [_thread_blocked, id=90895, stack(0x0000000309b22000,0x0000000309c22000)]
  0x00007f8937234000 JavaThread "block-manager-ask-thread-pool-6" daemon [_thread_blocked, id=129563, stack(0x0000000309a1f000,0x0000000309b1f000)]
  0x00007f8948fe3000 JavaThread "block-manager-storage-async-thread-pool-11" daemon [_thread_blocked, id=130415, stack(0x000000030991c000,0x0000000309a1c000)]
  0x00007f8948fe2800 JavaThread "block-manager-storage-async-thread-pool-10" daemon [_thread_blocked, id=129863, stack(0x0000000309819000,0x0000000309919000)]
  0x00007f88e20d2800 JavaThread "block-manager-storage-async-thread-pool-9" daemon [_thread_blocked, id=71411, stack(0x0000000309613000,0x0000000309713000)]
  0x00007f88e2061000 JavaThread "Executor task launch worker for task 4.0 in stage 7.0 (TID 28)" daemon [_thread_blocked, id=53563, stack(0x0000000309716000,0x0000000309816000)]
  0x00007f89371b7800 JavaThread "process reaper" daemon [_thread_in_native, id=48407, stack(0x00000003050bf000,0x00000003050e7000)]
  0x00007f88e205f000 JavaThread "scala-execution-context-global-330" daemon [_thread_blocked, id=56631, stack(0x000000030930a000,0x000000030940a000)]
  0x00007f89371f9000 JavaThread "task-result-getter-3" daemon [_thread_blocked, id=80643, stack(0x0000000309e2b000,0x0000000309f2b000)]
  0x00007f88f7265000 JavaThread "task-result-getter-2" daemon [_thread_blocked, id=72707, stack(0x0000000309d28000,0x0000000309e28000)]
  0x00007f891724d800 JavaThread "task-result-getter-1" daemon [_thread_blocked, id=71939, stack(0x0000000309c25000,0x0000000309d25000)]
  0x00007f8948cee800 JavaThread "task-result-getter-0" daemon [_thread_blocked, id=52547, stack(0x000000030940d000,0x000000030950d000)]
  0x00007f88f7242800 JavaThread "scala-execution-context-global-284" daemon [_thread_blocked, id=61979, stack(0x0000000309104000,0x0000000309204000)]
  0x00007f8937543000 JavaThread "java-sdk-http-connection-reaper" daemon [_thread_blocked, id=68723, stack(0x0000000308af2000,0x0000000308bf2000)]
  0x00007f8917059000 JavaThread "spark-listener-group-shared" daemon [_thread_blocked, id=68959, stack(0x00000003089ef000,0x0000000308aef000)]
  0x00007f893748a800 JavaThread "element-tracking-store-worker" daemon [_thread_blocked, id=83511, stack(0x00000003088ec000,0x00000003089ec000)]
  0x00007f8917249800 JavaThread "spark-listener-group-executorManagement" daemon [_thread_blocked, id=70159, stack(0x00000003087e9000,0x00000003088e9000)]
  0x00007f88f77fd800 JavaThread "spark-listener-group-appStatus" daemon [_thread_blocked, id=83335, stack(0x00000003086e6000,0x00000003087e6000)]
  0x00007f8917fbc000 JavaThread "context-cleaner-periodic-gc" daemon [_thread_blocked, id=70795, stack(0x00000003085e3000,0x00000003086e3000)]
  0x00007f88f704f800 JavaThread "Spark Context Cleaner" daemon [_thread_blocked, id=82459, stack(0x00000003084e0000,0x00000003085e0000)]
  0x00007f8937483000 JavaThread "shuffle-boss-7-1" daemon [_thread_in_native, id=81711, stack(0x00000003083dd000,0x00000003084dd000)]
  0x00007f893710e000 JavaThread "rpc-server-4-1" daemon [_thread_in_native, id=56919, stack(0x00000003082da000,0x00000003083da000)]
  0x00007f88f7064000 JavaThread "files-client-5-1" daemon [_thread_in_native, id=61579, stack(0x00000003081d7000,0x00000003082d7000)]
  0x00007f89307ed000 JavaThread "executor-heartbeater" daemon [_thread_blocked, id=49211, stack(0x00000003080d4000,0x00000003081d4000)]
  0x00007f88f7062800 JavaThread "executor-kill-mark-cleanup" daemon [_thread_blocked, id=59519, stack(0x0000000307fd1000,0x00000003080d1000)]
  0x00007f8937084800 JavaThread "driver-heartbeater" daemon [_thread_blocked, id=48971, stack(0x0000000307ece000,0x0000000307fce000)]
  0x00007f8937083800 JavaThread "dag-scheduler-event-loop" daemon [_thread_blocked, id=59007, stack(0x0000000307dcb000,0x0000000307ecb000)]
  0x00007f88f7062000 JavaThread "task-abort-timer" daemon [_thread_blocked, id=57367, stack(0x0000000307cc8000,0x0000000307dc8000)]
  0x00007f88f7061000 JavaThread "task-starvation-timer" daemon [_thread_blocked, id=50227, stack(0x0000000307bc5000,0x0000000307cc5000)]
  0x00007f88f7060800 JavaThread "netty-rpc-env-timeout" daemon [_thread_blocked, id=58627, stack(0x0000000307ac2000,0x0000000307bc2000)]
  0x00007f891733b000 JavaThread "heartbeat-receiver-event-loop-thread" daemon [_thread_blocked, id=58471, stack(0x000000030585c000,0x000000030595c000)]
  0x00007f8948fcd000 JavaThread "SparkUI-48" daemon [_thread_blocked, id=47107, stack(0x00000003079bf000,0x0000000307abf000)]
  0x00007f8930578800 JavaThread "SparkUI-47" daemon [_thread_blocked, id=62979, stack(0x00000003078bc000,0x00000003079bc000)]
  0x00007f8948fba800 JavaThread "SparkUI-46" daemon [_thread_blocked, id=63235, stack(0x00000003077b9000,0x00000003078b9000)]
  0x00007f8948f50000 JavaThread "SparkUI-45-acceptor-0@5df0468e-ServerConnector@5337b340{HTTP/1.1, (http/1.1)}{0.0.0.0:4040}" daemon [_thread_in_native, id=63491, stack(0x00000003076b6000,0x00000003077b6000)]
  0x00007f88f7430000 JavaThread "SparkUI-44" daemon [_thread_in_native, id=45827, stack(0x00000003075b3000,0x00000003076b3000)]
  0x00007f88f741d800 JavaThread "SparkUI-43" daemon [_thread_in_native, id=63747, stack(0x00000003074b0000,0x00000003075b0000)]
  0x00007f88f741c800 JavaThread "SparkUI-42" daemon [_thread_in_native, id=64003, stack(0x00000003073ad000,0x00000003074ad000)]
  0x00007f88f742d800 JavaThread "SparkUI-41" daemon [_thread_in_native, id=44627, stack(0x00000003072aa000,0x00000003073aa000)]
  0x00007f893073a000 JavaThread "refresh progress" daemon [_thread_blocked, id=44535, stack(0x00000003071a7000,0x00000003072a7000)]
  0x00007f88f771b800 JavaThread "RemoteBlock-temp-file-clean-thread" daemon [_thread_blocked, id=64831, stack(0x00000003070a4000,0x00000003071a4000)]
  0x00007f8937582800 JavaThread "dispatcher-BlockManagerEndpoint1" daemon [_thread_blocked, id=65399, stack(0x0000000306fa1000,0x00000003070a1000)]
  0x00007f88f76ec800 JavaThread "dispatcher-BlockManagerMaster" daemon [_thread_blocked, id=38187, stack(0x0000000306e9e000,0x0000000306f9e000)]
  0x00007f893771f800 JavaThread "map-output-dispatcher-7" daemon [_thread_blocked, id=38659, stack(0x0000000306d9b000,0x0000000306e9b000)]
  0x00007f893771e800 JavaThread "map-output-dispatcher-6" daemon [_thread_blocked, id=38915, stack(0x0000000306c98000,0x0000000306d98000)]
  0x00007f893771e000 JavaThread "map-output-dispatcher-5" daemon [_thread_blocked, id=39427, stack(0x0000000306b95000,0x0000000306c95000)]
  0x00007f893771d000 JavaThread "map-output-dispatcher-4" daemon [_thread_blocked, id=37379, stack(0x0000000306a92000,0x0000000306b92000)]
  0x00007f88d70bc000 JavaThread "map-output-dispatcher-3" daemon [_thread_blocked, id=39683, stack(0x000000030698f000,0x0000000306a8f000)]
  0x00007f88d7487000 JavaThread "map-output-dispatcher-2" daemon [_thread_blocked, id=39939, stack(0x000000030688c000,0x000000030698c000)]
  0x00007f894760a000 JavaThread "map-output-dispatcher-1" daemon [_thread_blocked, id=36355, stack(0x0000000306789000,0x0000000306889000)]
  0x00007f891724f800 JavaThread "map-output-dispatcher-0" daemon [_thread_blocked, id=36159, stack(0x0000000306686000,0x0000000306786000)]
  0x00007f8917ef6000 JavaThread "dispatcher-event-loop-7" daemon [_thread_blocked, id=41219, stack(0x0000000306583000,0x0000000306683000)]
  0x00007f8917fbf000 JavaThread "dispatcher-event-loop-6" daemon [_thread_blocked, id=35587, stack(0x0000000306480000,0x0000000306580000)]
  0x00007f8948dd2000 JavaThread "dispatcher-event-loop-5" daemon [_thread_blocked, id=41475, stack(0x000000030637d000,0x000000030647d000)]
  0x00007f8948f76800 JavaThread "dispatcher-event-loop-4" daemon [_thread_blocked, id=41987, stack(0x000000030627a000,0x000000030637a000)]
  0x00007f8917f57800 JavaThread "dispatcher-event-loop-3" daemon [_thread_blocked, id=34307, stack(0x0000000306177000,0x0000000306277000)]
  0x00007f8948fb1800 JavaThread "dispatcher-event-loop-2" daemon [_thread_blocked, id=42755, stack(0x0000000306074000,0x0000000306174000)]
  0x00007f88d7482000 JavaThread "dispatcher-event-loop-1" daemon [_thread_blocked, id=33539, stack(0x0000000305f71000,0x0000000306071000)]
  0x00007f88d7079000 JavaThread "dispatcher-event-loop-0" daemon [_thread_blocked, id=33087, stack(0x0000000305e6e000,0x0000000305f6e000)]
  0x00007f88d7078800 JavaThread "rpc-boss-3-1" daemon [_thread_in_native, id=25139, stack(0x0000000305d6b000,0x0000000305e6b000)]
  0x00007f88d704f000 JavaThread "Thread-5" [_thread_in_native, id=32891, stack(0x0000000305c68000,0x0000000305d68000)]
=>0x00007f88f720f000 JavaThread "Thread-4" [_thread_in_native, id=26683, stack(0x0000000305b65000,0x0000000305c65000)]
  0x00007f89172aa000 JavaThread "Thread-3" [_thread_in_native, id=28023, stack(0x0000000305a62000,0x0000000305b62000)]
  0x00007f8947621000 JavaThread "org.apache.hadoop.fs.FileSystem$Statistics$StatisticsDataReferenceCleaner" daemon [_thread_blocked, id=25959, stack(0x000000030595f000,0x0000000305a5f000)]
  0x00007f8948838800 JavaThread "Service Thread" daemon [_thread_blocked, id=23047, stack(0x0000000305656000,0x0000000305756000)]
  0x00007f8947078000 JavaThread "C1 CompilerThread3" daemon [_thread_blocked, id=32259, stack(0x0000000305553000,0x0000000305653000)]
  0x00007f8948047800 JavaThread "C2 CompilerThread2" daemon [_thread_blocked, id=22275, stack(0x0000000305450000,0x0000000305550000)]
  0x00007f894706f800 JavaThread "C2 CompilerThread1" daemon [_thread_blocked, id=32515, stack(0x000000030534d000,0x000000030544d000)]
  0x00007f894706d800 JavaThread "C2 CompilerThread0" daemon [_thread_blocked, id=18691, stack(0x000000030524a000,0x000000030534a000)]
  0x00007f8948024800 JavaThread "Signal Dispatcher" daemon [_thread_blocked, id=19235, stack(0x0000000305147000,0x0000000305247000)]
  0x00007f8947059000 JavaThread "Finalizer" daemon [_thread_blocked, id=21283, stack(0x0000000304f33000,0x0000000305033000)]
  0x00007f8948008800 JavaThread "Reference Handler" daemon [_thread_blocked, id=16675, stack(0x0000000304e30000,0x0000000304f30000)]
  0x00007f8948021000 JavaThread "main" [_thread_in_native, id=5891, stack(0x0000000304412000,0x0000000304512000)]

Other Threads:
  0x00007f8947053000 VMThread [stack: 0x0000000304d2d000,0x0000000304e2d000] [id=13571]
  0x00007f894808a000 WatcherThread [stack: 0x0000000305759000,0x0000000305859000] [id=31255]

VM state:not at safepoint (normal execution)

VM Mutex/Monitor currently owned by a thread: None

heap address: 0x00000003c0000000, size: 16384 MB, Compressed Oops mode: Zero based, Oop shift amount: 3
Narrow klass base: 0x0000000000000000, Narrow klass shift: 3
Compressed class space size: 1073741824 Address: 0x00000007c0000000

Heap:
 PSYoungGen      total 4739072K, used 3439209K [0x000000066ab00000, 0x000000078fd00000, 0x00000007c0000000)
  eden space 4684288K, 73% used [0x000000066ab00000,0x000000073c0f0378,0x0000000788980000)
  from space 54784K, 16% used [0x000000078bc80000,0x000000078c52a2e0,0x000000078f200000)
  to   space 52224K, 0% used [0x0000000788980000,0x0000000788980000,0x000000078bc80000)
 ParOldGen       total 274944K, used 185145K [0x00000003c0000000, 0x00000003d0c80000, 0x000000066ab00000)
  object space 274944K, 67% used [0x00000003c0000000,0x00000003cb4ce620,0x00000003d0c80000)
 Metaspace       used 147025K, capacity 164061K, committed 165760K, reserved 1193984K
  class space    used 19969K, capacity 21472K, committed 21888K, reserved 1048576K

Card table byte_map: [0x000000011a310000,0x000000011c311000] byte_map_base: 0x0000000118510000

Marking Bits: (ParMarkBitMap*) 0x0000000109c4c448
 Begin Bits: [0x000000011d867000, 0x000000012d867000)
 End Bits:   [0x000000012d867000, 0x000000013d867000)

Polling page: 0x00000001086ea000

CodeCache: size=245760Kb used=44017Kb max_used=45380Kb free=201742Kb
 bounds [0x000000010b310000, 0x000000010df90000, 0x000000011a310000]
 total_blobs=15710 nmethods=14635 adapters=982
 compilation: enabled

Compilation events (10 events):
Event: 210.492 Thread 0x00007f8947078000 18910       3       sun.misc.URLClassPath$2::next (63 bytes)
Event: 210.493 Thread 0x00007f8947078000 nmethod 18910 0x000000010d1fab50 code [0x000000010d1face0, 0x000000010d1fb118]
Event: 210.501 Thread 0x00007f8947078000 18911       3       java.lang.Class::getResource (26 bytes)
Event: 210.502 Thread 0x00007f8947078000 nmethod 18911 0x000000010c954490 code [0x000000010c954680, 0x000000010c954e18]
Event: 210.633 Thread 0x00007f894706f800 18912  s    4       sun.misc.URLClassPath::getLookupCache (98 bytes)
Event: 210.634 Thread 0x00007f894706f800 nmethod 18912 0x000000010da11d50 code [0x000000010da11ea0, 0x000000010da120b8]
Event: 210.683 Thread 0x00007f8947078000 18914       3       org.bytedeco.javacpp.Loader::findResources (342 bytes)
Event: 210.686 Thread 0x00007f8947078000 nmethod 18914 0x000000010d76c990 code [0x000000010d76d0a0, 0x000000010d7726a8]
Event: 210.686 Thread 0x00007f8947078000 18913       3       org.bytedeco.javacpp.Loader::findResource (20 bytes)
Event: 210.686 Thread 0x00007f8947078000 nmethod 18913 0x000000010da8d850 code [0x000000010da8d9c0, 0x000000010da8dba8]

GC Heap History (10 events):
Event: 194.589 GC heap before
{Heap before GC invocations=26 (full 6):
 PSYoungGen      total 2981376K, used 7552K [0x000000066ab00000, 0x0000000724d00000, 0x00000007c0000000)
  eden space 2917376K, 0% used [0x000000066ab00000,0x000000066ab00000,0x000000071cc00000)
  from space 64000K, 11% used [0x0000000720880000,0x0000000720fe0100,0x0000000724700000)
  to   space 61952K, 0% used [0x000000071cc00000,0x000000071cc00000,0x0000000720880000)
 ParOldGen       total 201216K, used 170857K [0x00000003c0000000, 0x00000003cc480000, 0x000000066ab00000)
  object space 201216K, 84% used [0x00000003c0000000,0x00000003ca6da710,0x00000003cc480000)
 Metaspace       used 145848K, capacity 162785K, committed 164736K, reserved 1191936K
  class space    used 19845K, capacity 21363K, committed 21888K, reserved 1048576K
Event: 194.980 GC heap after
Heap after GC invocations=26 (full 6):
 PSYoungGen      total 2981376K, used 0K [0x000000066ab00000, 0x0000000724d00000, 0x00000007c0000000)
  eden space 2917376K, 0% used [0x000000066ab00000,0x000000066ab00000,0x000000071cc00000)
  from space 64000K, 0% used [0x0000000720880000,0x0000000720880000,0x0000000724700000)
  to   space 61952K, 0% used [0x000000071cc00000,0x000000071cc00000,0x0000000720880000)
 ParOldGen       total 274944K, used 167123K [0x00000003c0000000, 0x00000003d0c80000, 0x000000066ab00000)
  object space 274944K, 60% used [0x00000003c0000000,0x00000003ca334cc0,0x00000003d0c80000)
 Metaspace       used 145809K, capacity 162683K, committed 164736K, reserved 1191936K
  class space    used 19834K, capacity 21342K, committed 21888K, reserved 1048576K
}
Event: 197.281 GC heap before
{Heap before GC invocations=27 (full 6):
 PSYoungGen      total 2981376K, used 2917376K [0x000000066ab00000, 0x0000000724d00000, 0x00000007c0000000)
  eden space 2917376K, 100% used [0x000000066ab00000,0x000000071cc00000,0x000000071cc00000)
  from space 64000K, 0% used [0x0000000720880000,0x0000000720880000,0x0000000724700000)
  to   space 61952K, 0% used [0x000000071cc00000,0x000000071cc00000,0x0000000720880000)
 ParOldGen       total 274944K, used 167123K [0x00000003c0000000, 0x00000003d0c80000, 0x000000066ab00000)
  object space 274944K, 60% used [0x00000003c0000000,0x00000003ca334cc0,0x00000003d0c80000)
 Metaspace       used 145815K, capacity 162683K, committed 164736K, reserved 1191936K
  class space    used 19834K, capacity 21342K, committed 21888K, reserved 1048576K
Event: 197.325 GC heap after
Heap after GC invocations=27 (full 6):
 PSYoungGen      total 2979328K, used 7579K [0x000000066ab00000, 0x0000000752d00000, 0x00000007c0000000)
  eden space 2917376K, 0% used [0x000000066ab00000,0x000000066ab00000,0x000000071cc00000)
  from space 61952K, 12% used [0x000000071cc00000,0x000000071d366e90,0x0000000720880000)
  to   space 59904K, 0% used [0x000000074f280000,0x000000074f280000,0x0000000752d00000)
 ParOldGen       total 274944K, used 167131K [0x00000003c0000000, 0x00000003d0c80000, 0x000000066ab00000)
  object space 274944K, 60% used [0x00000003c0000000,0x00000003ca336cc0,0x00000003d0c80000)
 Metaspace       used 145815K, capacity 162683K, committed 164736K, reserved 1191936K
  class space    used 19834K, capacity 21342K, committed 21888K, reserved 1048576K
}
Event: 199.300 GC heap before
{Heap before GC invocations=28 (full 6):
 PSYoungGen      total 2979328K, used 2924955K [0x000000066ab00000, 0x0000000752d00000, 0x00000007c0000000)
  eden space 2917376K, 100% used [0x000000066ab00000,0x000000071cc00000,0x000000071cc00000)
  from space 61952K, 12% used [0x000000071cc00000,0x000000071d366e90,0x0000000720880000)
  to   space 59904K, 0% used [0x000000074f280000,0x000000074f280000,0x0000000752d00000)
 ParOldGen       total 274944K, used 167131K [0x00000003c0000000, 0x00000003d0c80000, 0x000000066ab00000)
  object space 274944K, 60% used [0x00000003c0000000,0x00000003ca336cc0,0x00000003d0c80000)
 Metaspace       used 145818K, capacity 162683K, committed 164736K, reserved 1191936K
  class space    used 19834K, capacity 21342K, committed 21888K, reserved 1048576K
Event: 199.362 GC heap after
Heap after GC invocations=28 (full 6):
 PSYoungGen      total 3746304K, used 11421K [0x000000066ab00000, 0x0000000753c80000, 0x00000007c0000000)
  eden space 3686400K, 0% used [0x000000066ab00000,0x000000066ab00000,0x000000074bb00000)
  from space 59904K, 19% used [0x000000074f280000,0x000000074fda7748,0x0000000752d00000)
  to   space 56832K, 0% used [0x000000074bb00000,0x000000074bb00000,0x000000074f280000)
 ParOldGen       total 274944K, used 172249K [0x00000003c0000000, 0x00000003d0c80000, 0x000000066ab00000)
  object space 274944K, 62% used [0x00000003c0000000,0x00000003ca836670,0x00000003d0c80000)
 Metaspace       used 145818K, capacity 162683K, committed 164736K, reserved 1191936K
  class space    used 19834K, capacity 21342K, committed 21888K, reserved 1048576K
}
Event: 201.936 GC heap before
{Heap before GC invocations=29 (full 6):
 PSYoungGen      total 3746304K, used 3697821K [0x000000066ab00000, 0x0000000753c80000, 0x00000007c0000000)
  eden space 3686400K, 100% used [0x000000066ab00000,0x000000074bb00000,0x000000074bb00000)
  from space 59904K, 19% used [0x000000074f280000,0x000000074fda7748,0x0000000752d00000)
  to   space 56832K, 0% used [0x000000074bb00000,0x000000074bb00000,0x000000074f280000)
 ParOldGen       total 274944K, used 172249K [0x00000003c0000000, 0x00000003d0c80000, 0x000000066ab00000)
  object space 274944K, 62% used [0x00000003c0000000,0x00000003ca836670,0x00000003d0c80000)
 Metaspace       used 145821K, capacity 162687K, committed 164736K, reserved 1191936K
  class space    used 19834K, capacity 21342K, committed 21888K, reserved 1048576K
Event: 202.002 GC heap after
Heap after GC invocations=29 (full 6):
 PSYoungGen      total 3743232K, used 7528K [0x000000066ab00000, 0x000000078f200000, 0x00000007c0000000)
  eden space 3686400K, 0% used [0x000000066ab00000,0x000000066ab00000,0x000000074bb00000)
  from space 56832K, 13% used [0x000000074bb00000,0x000000074c25a1a0,0x000000074f280000)
  to   space 54784K, 0% used [0x000000078bc80000,0x000000078bc80000,0x000000078f200000)
 ParOldGen       total 274944K, used 180753K [0x00000003c0000000, 0x00000003d0c80000, 0x000000066ab00000)
  object space 274944K, 65% used [0x00000003c0000000,0x00000003cb084470,0x00000003d0c80000)
 Metaspace       used 145821K, capacity 162687K, committed 164736K, reserved 1191936K
  class space    used 19834K, capacity 21342K, committed 21888K, reserved 1048576K
}
Event: 204.464 GC heap before
{Heap before GC invocations=30 (full 6):
 PSYoungGen      total 3743232K, used 3693928K [0x000000066ab00000, 0x000000078f200000, 0x00000007c0000000)
  eden space 3686400K, 100% used [0x000000066ab00000,0x000000074bb00000,0x000000074bb00000)
  from space 56832K, 13% used [0x000000074bb00000,0x000000074c25a1a0,0x000000074f280000)
  to   space 54784K, 0% used [0x000000078bc80000,0x000000078bc80000,0x000000078f200000)
 ParOldGen       total 274944K, used 180753K [0x00000003c0000000, 0x00000003d0c80000, 0x000000066ab00000)
  object space 274944K, 65% used [0x00000003c0000000,0x00000003cb084470,0x00000003d0c80000)
 Metaspace       used 145823K, capacity 162687K, committed 164736K, reserved 1191936K
  class space    used 19834K, capacity 21342K, committed 21888K, reserved 1048576K
Event: 204.539 GC heap after
Heap after GC invocations=30 (full 6):
 PSYoungGen      total 4739072K, used 8872K [0x000000066ab00000, 0x000000078fd00000, 0x00000007c0000000)
  eden space 4684288K, 0% used [0x000000066ab00000,0x000000066ab00000,0x0000000788980000)
  from space 54784K, 16% used [0x000000078bc80000,0x000000078c52a2e0,0x000000078f200000)
  to   space 52224K, 0% used [0x0000000788980000,0x0000000788980000,0x000000078bc80000)
 ParOldGen       total 274944K, used 185145K [0x00000003c0000000, 0x00000003d0c80000, 0x000000066ab00000)
  object space 274944K, 67% used [0x00000003c0000000,0x00000003cb4ce620,0x00000003d0c80000)
 Metaspace       used 145823K, capacity 162687K, committed 164736K, reserved 1191936K
  class space    used 19834K, capacity 21342K, committed 21888K, reserved 1048576K
}

Deoptimization events (10 events):
Event: 209.383 Thread 0x00007f88f720f000 Uncommon trap: reason=bimorphic action=maybe_recompile pc=0x000000010c9523b0 method=scala.runtime.java8.JFunction0$mcF$sp.apply()Ljava/lang/Object; @ 1
Event: 209.384 Thread 0x00007f88f720f000 Uncommon trap: reason=unstable_if action=reinterpret pc=0x000000010def00d0 method=scala.collection.mutable.ArrayBuilder$ofRef.$plus$plus$eq(Lscala/collection/TraversableOnce;)Lscala/collection/mutable/ArrayBuilder$ofRef; @ 4
Event: 209.384 Thread 0x00007f88f720f000 Uncommon trap: reason=unstable_if action=reinterpret pc=0x000000010dcdfe28 method=scala.collection.mutable.ArrayBuilder$ofRef.$plus$plus$eq(Lscala/collection/TraversableOnce;)Lscala/collection/mutable/ArrayBuilder$ofRef; @ 4
Event: 210.234 Thread 0x00007f88f720f000 Uncommon trap: reason=unstable_if action=reinterpret pc=0x000000010bc4a4e0 method=java.util.Properties.loadConvert([CII[C)Ljava/lang/String; @ 72
Event: 210.258 Thread 0x00007f88f720f000 Uncommon trap: reason=unstable_if action=reinterpret pc=0x000000010c6a5f48 method=sun.reflect.annotation.AnnotationInvocationHandler.invoke(Ljava/lang/Object;Ljava/lang/reflect/Method;[Ljava/lang/Object;)Ljava/lang/Object; @ 263
Event: 210.338 Thread 0x00007f88f720f000 Uncommon trap: reason=class_check action=maybe_recompile pc=0x000000010ba37014 method=java.net.URLStreamHandler.equals(Ljava/net/URL;Ljava/net/URL;)Z @ 33
Event: 210.344 Thread 0x00007f88f720f000 Uncommon trap: reason=class_check action=maybe_recompile pc=0x000000010ba37014 method=java.net.URLStreamHandler.equals(Ljava/net/URL;Ljava/net/URL;)Z @ 33
Event: 210.437 Thread 0x00007f88f720f000 Uncommon trap: reason=unstable_if action=reinterpret pc=0x000000010b54f11c method=java.lang.String.lastIndexOf([CII[CIII)I @ 118
Event: 210.692 Thread 0x00007f88f720f000 Uncommon trap: reason=class_check action=maybe_recompile pc=0x000000010ba37014 method=java.net.URLStreamHandler.equals(Ljava/net/URL;Ljava/net/URL;)Z @ 33
Event: 210.694 Thread 0x00007f88f720f000 Uncommon trap: reason=class_check action=maybe_recompile pc=0x000000010ba37014 method=java.net.URLStreamHandler.equals(Ljava/net/URL;Ljava/net/URL;)Z @ 33

Classes redefined (0 events):
No events

Internal exceptions (10 events):
Event: 182.570 Thread 0x00007f893711c000 Exception <a 'java/lang/NoSuchMethodError': java.lang.Object.$anonfun$prepareArguments$2(Lorg/apache/spark/sql/catalyst/expressions/objects/InvokeLike;Lorg/apache/spark/sql/catalyst/expressions/codegen/CodegenContext;Lorg/apache/spark/sql/catalyst/express
Event: 182.982 Thread 0x00007f893711c000 Exception <a 'java/lang/NoSuchMethodError': java.lang.Object.$anonfun$_lookup$1(Lcom/johnsnowlabs/storage/StorageReader;Ljava/lang/String;)Lscala/Option;> (0x000000066e42cbb0) thrown at [/System/Volumes/Data/jenkins/workspace/8-2-build-macosx-x64/jdk8u361
Event: 182.985 Thread 0x00007f893711c000 Exception <a 'java/lang/NoSuchMethodError': java.lang.Object.$anonfun$fromBytes$1()F> (0x000000066e4359f0) thrown at [/System/Volumes/Data/jenkins/workspace/8-2-build-macosx-x64/jdk8u361/3183/hotspot/src/share/vm/interpreter/linkResolver.cpp, line 620]
Event: 182.990 Thread 0x00007f893711c000 Exception <a 'java/lang/NoSuchMethodError': java.lang.Object.$anonfun$fromBytes$2([FLjava/nio/ByteBuffer;I)V> (0x000000066e496028) thrown at [/System/Volumes/Data/jenkins/workspace/8-2-build-macosx-x64/jdk8u361/3183/hotspot/src/share/vm/interpreter/linkRe
Event: 182.996 Thread 0x00007f893711c000 Exception <a 'java/lang/NoSuchMethodError': java.lang.Object.$anonfun$getReader$1(Lcom/johnsnowlabs/storage/HasStorageReader;Lscala/runtime/LazyRef;Lcom/johnsnowlabs/storage/Database;)Lcom/johnsnowlabs/storage/StorageReader;> (0x000000066e4e5398) thrown a
Event: 183.434 Thread 0x00007f88f720f000 Exception <a 'java/lang/NoSuchMethodError': java.lang.Object.$anonfun$extractInputs$1(Ljava/lang/String;I)Ljava/lang/String;> (0x00000006718ffdc0) thrown at [/System/Volumes/Data/jenkins/workspace/8-2-build-macosx-x64/jdk8u361/3183/hotspot/src/share/vm/in
Event: 208.688 Thread 0x00007f88e23ec000 Exception <a 'java/lang/NoSuchMethodError': <clinit>> (0x000000070bde81e0) thrown at [/System/Volumes/Data/jenkins/workspace/8-2-build-macosx-x64/jdk8u361/3183/hotspot/src/share/vm/prims/jni.cpp, line 1615]
Event: 208.695 Thread 0x00007f88e23ec000 Exception <a 'java/lang/NoSuchMethodError': <clinit>> (0x000000070bdf4750) thrown at [/System/Volumes/Data/jenkins/workspace/8-2-build-macosx-x64/jdk8u361/3183/hotspot/src/share/vm/prims/jni.cpp, line 1615]
Event: 208.734 Thread 0x00007f8948cee800 Exception <a 'java/lang/NoSuchMethodError': java.lang.Object.lambda$static$0(Ljava/lang/Throwable;)Z> (0x000000070c4f7378) thrown at [/System/Volumes/Data/jenkins/workspace/8-2-build-macosx-x64/jdk8u361/3183/hotspot/src/share/vm/interpreter/linkResolver.c
Event: 209.000 Thread 0x00007f88f720f000 Implicit null exception at 0x000000010bf4d275 to 0x000000010bf4d6bd

Events (10 events):
Event: 210.467 Thread 0x00007f88f720f000 DEOPT PACKING pc=0x000000010b803244 sp=0x0000000305c60fd0
Event: 210.467 Thread 0x00007f88f720f000 DEOPT UNPACKING pc=0x000000010b357404 sp=0x0000000305c60d48 mode 0
Event: 210.472 Thread 0x00007f88f720f000 DEOPT PACKING pc=0x000000010b803244 sp=0x0000000305c60fd0
Event: 210.472 Thread 0x00007f88f720f000 DEOPT UNPACKING pc=0x000000010b357404 sp=0x0000000305c60d48 mode 0
Event: 210.692 Thread 0x00007f88f720f000 Uncommon trap: trap_request=0xffffffde fr.pc=0x000000010ba37014
Event: 210.692 Thread 0x00007f88f720f000 DEOPT PACKING pc=0x000000010ba37014 sp=0x0000000305c61c50
Event: 210.692 Thread 0x00007f88f720f000 DEOPT UNPACKING pc=0x000000010b3557ba sp=0x0000000305c61c00 mode 2
Event: 210.694 Thread 0x00007f88f720f000 Uncommon trap: trap_request=0xffffffde fr.pc=0x000000010ba37014
Event: 210.694 Thread 0x00007f88f720f000 DEOPT PACKING pc=0x000000010ba37014 sp=0x0000000305c61c50
Event: 210.694 Thread 0x00007f88f720f000 DEOPT UNPACKING pc=0x000000010b3557ba sp=0x0000000305c61c00 mode 2


Dynamic libraries:
0x00007ff82a38c000 	/System/Library/Frameworks/Cocoa.framework/Versions/A/Cocoa
0x00007ff814e83000 	/System/Library/Frameworks/AppKit.framework/Versions/C/AppKit
0x00007ff817b3e000 	/System/Library/Frameworks/CoreData.framework/Versions/A/CoreData
0x00007ff812b6e000 	/System/Library/Frameworks/Foundation.framework/Versions/C/Foundation
0x00007ff81defe000 	/usr/lib/libSystem.B.dylib
0x00007ff815e8c000 	/System/Library/PrivateFrameworks/UIFoundation.framework/Versions/A/UIFoundation
0x00007ffb129eb000 	/System/Library/PrivateFrameworks/CollectionViewCore.framework/Versions/A/CollectionViewCore
0x00007ff82434a000 	/System/Library/PrivateFrameworks/RemoteViewServices.framework/Versions/A/RemoteViewServices
0x00007ff81bfa5000 	/System/Library/PrivateFrameworks/XCTTargetBootstrap.framework/Versions/A/XCTTargetBootstrap
0x00007ff81fe2d000 	/System/Library/PrivateFrameworks/InternationalSupport.framework/Versions/A/InternationalSupport
0x00007ff81feb6000 	/System/Library/PrivateFrameworks/UserActivity.framework/Versions/A/UserActivity
0x00007ffb28cbd000 	/System/Library/PrivateFrameworks/WindowManagement.framework/Versions/A/WindowManagement
0x00007ff812858000 	/System/Library/Frameworks/SystemConfiguration.framework/Versions/A/SystemConfiguration
0x00007ff81f22a000 	/usr/lib/libspindump.dylib
0x00007ff81605a000 	/System/Library/Frameworks/UniformTypeIdentifiers.framework/Versions/A/UniformTypeIdentifiers
0x00007ff81a485000 	/usr/lib/libapp_launch_measurement.dylib
0x00007ff8190f9000 	/System/Library/PrivateFrameworks/CoreAnalytics.framework/Versions/A/CoreAnalytics
0x00007ff81a488000 	/System/Library/PrivateFrameworks/CoreAutoLayout.framework/Versions/A/CoreAutoLayout
0x00007ff81b819000 	/System/Library/Frameworks/Metal.framework/Versions/A/Metal
0x00007ff81c768000 	/usr/lib/liblangid.dylib
0x00007ff81bfaa000 	/System/Library/PrivateFrameworks/CoreSVG.framework/Versions/A/CoreSVG
0x00007ff816994000 	/System/Library/PrivateFrameworks/SkyLight.framework/Versions/A/SkyLight
0x00007ff816d7e000 	/System/Library/Frameworks/CoreGraphics.framework/Versions/A/CoreGraphics
0x00007ff824a1c000 	/System/Library/Frameworks/Accelerate.framework/Versions/A/Accelerate
0x00007ff81ec9f000 	/System/Library/PrivateFrameworks/IconServices.framework/Versions/A/IconServices
0x00007ff81b7fc000 	/System/Library/Frameworks/IOSurface.framework/Versions/A/IOSurface
0x00007ff819123000 	/usr/lib/libDiagnosticMessagesClient.dylib
0x00007ff81de14000 	/usr/lib/libz.1.dylib
0x00007ff827f9e000 	/System/Library/Frameworks/ApplicationServices.framework/Versions/A/ApplicationServices
0x00007ff81bf91000 	/System/Library/PrivateFrameworks/DFRFoundation.framework/Versions/A/DFRFoundation
0x00007ff81474b000 	/usr/lib/libicucore.A.dylib
0x00007ff820cd0000 	/System/Library/Frameworks/AudioToolbox.framework/Versions/A/AudioToolbox
0x00007ff81fe38000 	/System/Library/PrivateFrameworks/DataDetectorsCore.framework/Versions/A/DataDetectorsCore
0x00007ff919623000 	/System/Library/PrivateFrameworks/TextInput.framework/Versions/A/TextInput
0x00007ff816909000 	/usr/lib/libMobileGestalt.dylib
0x00007ff81bc99000 	/System/Library/Frameworks/Carbon.framework/Versions/A/Frameworks/HIToolbox.framework/Versions/A/HIToolbox
0x00007ff819e26000 	/System/Library/Frameworks/QuartzCore.framework/Versions/A/QuartzCore
0x00007ff8143c9000 	/System/Library/Frameworks/Security.framework/Versions/A/Security
0x00007ff824382000 	/System/Library/Frameworks/Carbon.framework/Versions/A/Frameworks/SpeechRecognition.framework/Versions/A/SpeechRecognition
0x00007ff81a1c5000 	/System/Library/PrivateFrameworks/CoreUI.framework/Versions/A/CoreUI
0x00007ff813caa000 	/System/Library/Frameworks/CoreAudio.framework/Versions/A/CoreAudio
0x00007ff8191fd000 	/System/Library/Frameworks/DiskArbitration.framework/Versions/A/DiskArbitration
0x00007ff81f648000 	/System/Library/PrivateFrameworks/MultitouchSupport.framework/Versions/A/MultitouchSupport
0x00007ff816908000 	/usr/lib/libenergytrace.dylib
0x00007ff814d65000 	/System/Library/Frameworks/IOKit.framework/Versions/A/IOKit
0x00007ff82477b000 	/System/Library/Frameworks/CoreServices.framework/Versions/A/CoreServices
0x00007ff81a41d000 	/System/Library/PrivateFrameworks/PerformanceAnalysis.framework/Versions/A/PerformanceAnalysis
0x00007ffa27f19000 	/System/Library/Frameworks/OpenGL.framework/Versions/A/OpenGL
0x00007ff81a4d0000 	/usr/lib/libxml2.2.dylib
0x00007ff81d374000 	/System/Library/PrivateFrameworks/MobileKeyBag.framework/Versions/A/MobileKeyBag
0x00007ff8119e8000 	/usr/lib/libobjc.A.dylib
0x00007ff811cae000 	/usr/lib/libc++.1.dylib
0x00007ff8175a0000 	/System/Library/Frameworks/ColorSync.framework/Versions/A/ColorSync
0x00007ff811db9000 	/System/Library/Frameworks/CoreFoundation.framework/Versions/A/CoreFoundation
0x00007ff81c345000 	/System/Library/Frameworks/CoreImage.framework/Versions/A/CoreImage
0x00007ff813abb000 	/System/Library/Frameworks/CoreText.framework/Versions/A/CoreText
0x00007ff81bfe2000 	/System/Library/Frameworks/ImageIO.framework/Versions/A/ImageIO
0x00007ff81df04000 	/System/Library/PrivateFrameworks/SoftLinking.framework/Versions/A/SoftLinking
0x00007ff81e184000 	/usr/lib/libcompression.dylib
0x00007ff81fd5f000 	/System/Library/PrivateFrameworks/TextureIO.framework/Versions/A/TextureIO
0x00007ff81e8cf000 	/usr/lib/libate.dylib
0x00007ff81def9000 	/usr/lib/system/libcache.dylib
0x00007ff81deb4000 	/usr/lib/system/libcommonCrypto.dylib
0x00007ff81dedd000 	/usr/lib/system/libcompiler_rt.dylib
0x00007ff81ded3000 	/usr/lib/system/libcopyfile.dylib
0x00007ff811b17000 	/usr/lib/system/libcorecrypto.dylib
0x00007ff811bdb000 	/usr/lib/system/libdispatch.dylib
0x00007ff811d63000 	/usr/lib/system/libdyld.dylib
0x00007ff81deef000 	/usr/lib/system/libkeymgr.dylib
0x00007ff81de93000 	/usr/lib/system/libmacho.dylib
0x00007ff81d461000 	/usr/lib/system/libquarantine.dylib
0x00007ff81deed000 	/usr/lib/system/libremovefile.dylib
0x00007ff816962000 	/usr/lib/system/libsystem_asl.dylib
0x00007ff811ab9000 	/usr/lib/system/libsystem_blocks.dylib
0x00007ff811c25000 	/usr/lib/system/libsystem_c.dylib
0x00007ff81dee5000 	/usr/lib/system/libsystem_collections.dylib
0x00007ff81c759000 	/usr/lib/system/libsystem_configuration.dylib
0x00007ff81b7cd000 	/usr/lib/system/libsystem_containermanager.dylib
0x00007ff81db4c000 	/usr/lib/system/libsystem_coreservices.dylib
0x00007ff8149df000 	/usr/lib/system/libsystem_darwin.dylib
0x00007ff81def0000 	/usr/lib/system/libsystem_dnssd.dylib
0x00007ff811c22000 	/usr/lib/system/libsystem_featureflags.dylib
0x00007ff811d8e000 	/usr/lib/system/libsystem_info.dylib
0x00007ff81de27000 	/usr/lib/system/libsystem_m.dylib
0x00007ff811bae000 	/usr/lib/system/libsystem_malloc.dylib
0x00007ff8168f1000 	/usr/lib/system/libsystem_networkextension.dylib
0x00007ff814e24000 	/usr/lib/system/libsystem_notify.dylib
0x00007ff81c75d000 	/usr/lib/system/libsystem_sandbox.dylib
0x00007ff81deea000 	/usr/lib/system/libsystem_secinit.dylib
0x00007ff811d1d000 	/usr/lib/system/libsystem_kernel.dylib
0x00007ff811d84000 	/usr/lib/system/libsystem_platform.dylib
0x00007ff811d57000 	/usr/lib/system/libsystem_pthread.dylib
0x00007ff8183b2000 	/usr/lib/system/libsystem_symptoms.dylib
0x00007ff811afd000 	/usr/lib/system/libsystem_trace.dylib
0x00007ff81dec0000 	/usr/lib/system/libunwind.dylib
0x00007ff811abd000 	/usr/lib/system/libxpc.dylib
0x00007ff811d07000 	/usr/lib/libc++abi.dylib
0x00007ff81decb000 	/usr/lib/liboah.dylib
0x00007ff81e65f000 	/usr/lib/liblzma.5.dylib
0x00007ff81df00000 	/usr/lib/libfakelink.dylib
0x00007ff81654b000 	/System/Library/Frameworks/CFNetwork.framework/Versions/A/CFNetwork
0x00007ff81e03d000 	/usr/lib/libarchive.2.dylib
0x00007ff822623000 	/System/Library/Frameworks/Combine.framework/Versions/A/Combine
0x00007ff820748000 	/usr/lib/swift/libswiftCore.dylib
0x00007ff916668000 	/usr/lib/swift/libswiftCoreFoundation.dylib
0x00007ff914621000 	/usr/lib/swift/libswiftDarwin.dylib
0x00007ff825f9d000 	/usr/lib/swift/libswiftDispatch.dylib
0x00007ff916684000 	/usr/lib/swift/libswiftIOKit.dylib
0x00007ff8283d7000 	/usr/lib/swift/libswiftObjectiveC.dylib
0x00007ff916679000 	/usr/lib/swift/libswiftXPC.dylib
0x00007ffb2f597000 	/usr/lib/swift/libswift_Concurrency.dylib
0x00007ffb2f6d6000 	/usr/lib/swift/libswift_StringProcessing.dylib
0x00007ff8283db000 	/usr/lib/swift/libswiftos.dylib
0x00007ff814ce6000 	/System/Library/PrivateFrameworks/CoreServicesInternal.framework/Versions/A/CoreServicesInternal
0x00007ff81d488000 	/usr/lib/libbsm.0.dylib
0x00007ff81de98000 	/usr/lib/system/libkxld.dylib
0x00007ff81a451000 	/System/Library/Frameworks/CoreServices.framework/Versions/A/Frameworks/FSEvents.framework/Versions/A/FSEvents
0x00007ff8149ea000 	/System/Library/Frameworks/CoreServices.framework/Versions/A/Frameworks/CarbonCore.framework/Versions/A/CarbonCore
0x00007ff819166000 	/System/Library/Frameworks/CoreServices.framework/Versions/A/Frameworks/Metadata.framework/Versions/A/Metadata
0x00007ff81db52000 	/System/Library/Frameworks/CoreServices.framework/Versions/A/Frameworks/OSServices.framework/Versions/A/OSServices
0x00007ff81e0c5000 	/System/Library/Frameworks/CoreServices.framework/Versions/A/Frameworks/SearchKit.framework/Versions/A/SearchKit
0x00007ff818339000 	/System/Library/Frameworks/CoreServices.framework/Versions/A/Frameworks/AE.framework/Versions/A/AE
0x00007ff812251000 	/System/Library/Frameworks/CoreServices.framework/Versions/A/Frameworks/LaunchServices.framework/Versions/A/LaunchServices
0x00007ff81e610000 	/System/Library/Frameworks/CoreServices.framework/Versions/A/Frameworks/DictionaryServices.framework/Versions/A/DictionaryServices
0x00007ff81a45e000 	/System/Library/Frameworks/CoreServices.framework/Versions/A/Frameworks/SharedFileList.framework/Versions/A/SharedFileList
0x00007ff81e151000 	/usr/lib/libapple_nghttp2.dylib
0x00007ff816547000 	/usr/lib/libnetwork.dylib
0x00007ff817fb7000 	/usr/lib/libsqlite3.dylib
0x00007ff8183ba000 	/System/Library/Frameworks/Network.framework/Versions/A/Network
0x00007ffb2e581000 	/usr/lib/libCoreEntitlements.dylib
0x00007ffb1bebc000 	/System/Library/PrivateFrameworks/MessageSecurity.framework/Versions/A/MessageSecurity
0x00007ff817f9e000 	/System/Library/PrivateFrameworks/ProtocolBuffer.framework/Versions/A/ProtocolBuffer
0x00007ff81db2b000 	/System/Library/PrivateFrameworks/AppleFSCompression.framework/Versions/A/AppleFSCompression
0x00007ff81d470000 	/usr/lib/libcoretls.dylib
0x00007ff81e679000 	/usr/lib/libcoretls_cfhelpers.dylib
0x00007ff81e17e000 	/usr/lib/libpam.2.dylib
0x00007ff81e6e7000 	/usr/lib/libxar.1.dylib
0x00007ff81ec7b000 	/usr/lib/libheimdal-asn1.dylib
0x00007ff81df05000 	/usr/lib/libpcap.A.dylib
0x00007ff8183a9000 	/usr/lib/libdns_services.dylib
0x00007ff81c764000 	/System/Library/PrivateFrameworks/AppleSystemInfo.framework/Versions/A/AppleSystemInfo
0x00007ff81d17d000 	/System/Library/PrivateFrameworks/IOMobileFramebuffer.framework/Versions/A/IOMobileFramebuffer
0x00007ff81db3c000 	/usr/lib/libbz2.1.0.dylib
0x00007ff81d464000 	/usr/lib/libCheckFix.dylib
0x00007ff816979000 	/System/Library/PrivateFrameworks/TCC.framework/Versions/A/TCC
0x00007ff81c76a000 	/System/Library/PrivateFrameworks/CoreNLP.framework/Versions/A/CoreNLP
0x00007ff819125000 	/System/Library/PrivateFrameworks/MetadataUtilities.framework/Versions/A/MetadataUtilities
0x00007ff81d498000 	/usr/lib/libmecab.dylib
0x00007ff8128d7000 	/usr/lib/libCRFSuite.dylib
0x00007ff81d4f2000 	/usr/lib/libgermantok.dylib
0x00007ff81e12c000 	/usr/lib/libThaiTokenizer.dylib
0x00007ff819205000 	/System/Library/Frameworks/Accelerate.framework/Versions/A/Frameworks/vImage.framework/Versions/A/vImage
0x00007ff82474e000 	/System/Library/Frameworks/Accelerate.framework/Versions/A/Frameworks/vecLib.framework/Versions/A/vecLib
0x00007ff81e729000 	/System/Library/Frameworks/Accelerate.framework/Versions/A/Frameworks/vecLib.framework/Versions/A/libvMisc.dylib
0x00007ff81cf78000 	/System/Library/Frameworks/Accelerate.framework/Versions/A/Frameworks/vecLib.framework/Versions/A/libvDSP.dylib
0x00007ff81260d000 	/System/Library/Frameworks/Accelerate.framework/Versions/A/Frameworks/vecLib.framework/Versions/A/libBLAS.dylib
0x00007ff81e263000 	/System/Library/Frameworks/Accelerate.framework/Versions/A/Frameworks/vecLib.framework/Versions/A/libLAPACK.dylib
0x00007ff81d4f5000 	/System/Library/Frameworks/Accelerate.framework/Versions/A/Frameworks/vecLib.framework/Versions/A/libLinearAlgebra.dylib
0x00007ff81e169000 	/System/Library/Frameworks/Accelerate.framework/Versions/A/Frameworks/vecLib.framework/Versions/A/libSparseBLAS.dylib
0x00007ff81e25d000 	/System/Library/Frameworks/Accelerate.framework/Versions/A/Frameworks/vecLib.framework/Versions/A/libQuadrature.dylib
0x00007ff81c856000 	/System/Library/Frameworks/Accelerate.framework/Versions/A/Frameworks/vecLib.framework/Versions/A/libBNNS.dylib
0x00007ff8127e1000 	/System/Library/Frameworks/Accelerate.framework/Versions/A/Frameworks/vecLib.framework/Versions/A/libSparse.dylib
0x00007ffb1b1bb000 	/System/Library/PrivateFrameworks/MIL.framework/Versions/A/MIL
0x00007ff81df3a000 	/usr/lib/libiconv.2.dylib
0x00007ff81de92000 	/usr/lib/libcharset.1.dylib
0x00007ff81a435000 	/System/Library/Frameworks/OpenDirectory.framework/Versions/A/Frameworks/CFOpenDirectory.framework/Versions/A/CFOpenDirectory
0x00007ff81a429000 	/System/Library/Frameworks/OpenDirectory.framework/Versions/A/OpenDirectory
0x00007ff81e67b000 	/System/Library/PrivateFrameworks/APFS.framework/Versions/A/APFS
0x00007ff81d3a7000 	/System/Library/Frameworks/SecurityFoundation.framework/Versions/A/SecurityFoundation
0x00007ff81e6f5000 	/usr/lib/libutil.dylib
0x00007ffb1a34c000 	/System/Library/PrivateFrameworks/InstalledContentLibrary.framework/Versions/A/InstalledContentLibrary
0x00007ff814d29000 	/System/Library/PrivateFrameworks/CoreServicesStore.framework/Versions/A/CoreServicesStore
0x00007ffa31523000 	/System/Library/PrivateFrameworks/AppleMobileFileIntegrity.framework/Versions/A/AppleMobileFileIntegrity
0x00007ff916648000 	/usr/lib/libmis.dylib
0x00007ff924c7a000 	/System/Library/PrivateFrameworks/MobileSystemServices.framework/Versions/A/MobileSystemServices
0x00007ffa1ee14000 	/System/Library/PrivateFrameworks/ConfigProfileHelper.framework/Versions/A/ConfigProfileHelper
0x00007ff81e12e000 	/System/Library/PrivateFrameworks/AppleSauce.framework/Versions/A/AppleSauce
0x00007ff813580000 	/System/Library/PrivateFrameworks/LanguageModeling.framework/Versions/A/LanguageModeling
0x00007ff81e6f9000 	/usr/lib/libxslt.1.dylib
0x00007ff81e02c000 	/usr/lib/libcmph.dylib
0x00007ff81d16b000 	/System/Library/PrivateFrameworks/CoreEmoji.framework/Versions/A/CoreEmoji
0x00007ff81c850000 	/System/Library/PrivateFrameworks/LinguisticData.framework/Versions/A/LinguisticData
0x00007ff812797000 	/System/Library/PrivateFrameworks/Lexicon.framework/Versions/A/Lexicon
0x00007ff81d435000 	/System/Library/PrivateFrameworks/BackgroundTaskManagement.framework/Versions/A/BackgroundTaskManagement
0x00007ffb2e6bb000 	/usr/lib/libTLE.dylib
0x00007ffb2f61b000 	/usr/lib/swift/libswift_RegexParser.dylib
0x00007ff81f512000 	/System/Library/PrivateFrameworks/AppleJPEG.framework/Versions/A/AppleJPEG
0x00007ff81ec60000 	/usr/lib/libexpat.1.dylib
0x00007ff81fbbc000 	/System/Library/Frameworks/ImageIO.framework/Versions/A/Resources/libPng.dylib
0x00007ff81fbe9000 	/System/Library/Frameworks/ImageIO.framework/Versions/A/Resources/libTIFF.dylib
0x00007ff81fcd9000 	/System/Library/Frameworks/ImageIO.framework/Versions/A/Resources/libGIF.dylib
0x00007ff81f55d000 	/System/Library/Frameworks/ImageIO.framework/Versions/A/Resources/libJP2.dylib
0x00007ff81fc79000 	/System/Library/Frameworks/ImageIO.framework/Versions/A/Resources/libJPEG.dylib
0x00007ff81fc70000 	/System/Library/Frameworks/ImageIO.framework/Versions/A/Resources/libRadiance.dylib
0x00007ff81bb2f000 	/System/Library/PrivateFrameworks/FontServices.framework/libFontParser.dylib
0x00007ff8182de000 	/System/Library/PrivateFrameworks/RunningBoardServices.framework/Versions/A/RunningBoardServices
0x00007ff82a9c9000 	/System/Library/PrivateFrameworks/IOSurfaceAccelerator.framework/Versions/A/IOSurfaceAccelerator
0x00007ff81f644000 	/System/Library/PrivateFrameworks/WatchdogClient.framework/Versions/A/WatchdogClient
0x00007ff8136e2000 	/System/Library/Frameworks/CoreDisplay.framework/Versions/A/CoreDisplay
0x00007ff81ba1e000 	/System/Library/Frameworks/CoreMedia.framework/Versions/A/CoreMedia
0x00007ff81b810000 	/System/Library/PrivateFrameworks/IOAccelerator.framework/Versions/A/IOAccelerator
0x00007ff81a5af000 	/System/Library/Frameworks/CoreVideo.framework/Versions/A/CoreVideo
0x00007ff81e17c000 	/System/Library/Frameworks/MetalPerformanceShaders.framework/Versions/A/MetalPerformanceShaders
0x00007ff81f681000 	/System/Library/Frameworks/VideoToolbox.framework/Versions/A/VideoToolbox
0x00007ff818222000 	/System/Library/PrivateFrameworks/BaseBoard.framework/Versions/A/BaseBoard
0x00007ff81fc69000 	/System/Library/PrivateFrameworks/GPUWrangler.framework/Versions/A/GPUWrangler
0x00007ff81fc4d000 	/System/Library/PrivateFrameworks/IOPresentment.framework/Versions/A/IOPresentment
0x00007ff81fc73000 	/System/Library/PrivateFrameworks/DSExternalDisplay.framework/Versions/A/DSExternalDisplay
0x00007ffb169bb000 	/System/Library/PrivateFrameworks/GPUCompiler.framework/Versions/31001/Libraries/libllvm-flatbuffers.dylib
0x00007ffa27f0d000 	/System/Library/Frameworks/OpenGL.framework/Versions/A/Libraries/libCoreFSCache.dylib
0x00007ffb169b7000 	/System/Library/PrivateFrameworks/GPUCompiler.framework/Versions/31001/Libraries/libGPUCompilerUtils.dylib
0x00007ff81fcdf000 	/System/Library/PrivateFrameworks/CMCaptureCore.framework/Versions/A/CMCaptureCore
0x00007ffa2b9f5000 	/System/Library/Frameworks/ExtensionFoundation.framework/Versions/A/ExtensionFoundation
0x00007ff82671a000 	/System/Library/PrivateFrameworks/CoreTime.framework/Versions/A/CoreTime
0x00007ff81f214000 	/System/Library/PrivateFrameworks/AppServerSupport.framework/Versions/A/AppServerSupport
0x00007ff82159b000 	/System/Library/PrivateFrameworks/perfdata.framework/Versions/A/perfdata
0x00007ff81380e000 	/System/Library/PrivateFrameworks/AudioToolboxCore.framework/Versions/A/AudioToolboxCore
0x00007ff81b9f8000 	/System/Library/PrivateFrameworks/caulk.framework/Versions/A/caulk
0x00007ff820e68000 	/usr/lib/libAudioStatistics.dylib
0x00007ff915acb000 	/System/Library/PrivateFrameworks/SystemPolicy.framework/Versions/A/SystemPolicy
0x00007ff821106000 	/usr/lib/libSMC.dylib
0x00007ff82a231000 	/System/Library/Frameworks/CoreMIDI.framework/Versions/A/CoreMIDI
0x00007ff81fb8a000 	/usr/lib/libAudioToolboxUtility.dylib
0x00007ff82f764000 	/System/Library/PrivateFrameworks/OSAServicesClient.framework/Versions/A/OSAServicesClient
0x00007ff8215a8000 	/usr/lib/libperfcheck.dylib
0x00007ff81eb44000 	/System/Library/PrivateFrameworks/PlugInKit.framework/Versions/A/PlugInKit
0x00007ff81d39a000 	/System/Library/PrivateFrameworks/AssertionServices.framework/Versions/A/AssertionServices
0x00007ffa27f68000 	/System/Library/Frameworks/OpenGL.framework/Versions/A/Libraries/libGLU.dylib
0x00007ffa27f2c000 	/System/Library/Frameworks/OpenGL.framework/Versions/A/Libraries/libGFXShared.dylib
0x00007ffa28135000 	/System/Library/Frameworks/OpenGL.framework/Versions/A/Libraries/libGL.dylib
0x00007ffa27f35000 	/System/Library/Frameworks/OpenGL.framework/Versions/A/Libraries/libGLImage.dylib
0x00007ffa27f29000 	/System/Library/Frameworks/OpenGL.framework/Versions/A/Libraries/libCVMSPluginSupport.dylib
0x00007ffb2e69a000 	/usr/lib/libRosetta.dylib
0x00007ffa27f14000 	/System/Library/Frameworks/OpenGL.framework/Versions/A/Libraries/libCoreVMClient.dylib
0x00007ff81c6dd000 	/System/Library/Frameworks/MetalPerformanceShaders.framework/Versions/A/Frameworks/MPSCore.framework/Versions/A/MPSCore
0x00007ff81da95000 	/System/Library/Frameworks/MetalPerformanceShaders.framework/Versions/A/Frameworks/MPSImage.framework/Versions/A/MPSImage
0x00007ff81d50b000 	/System/Library/Frameworks/MetalPerformanceShaders.framework/Versions/A/Frameworks/MPSNeuralNetwork.framework/Versions/A/MPSNeuralNetwork
0x00007ff81d97e000 	/System/Library/Frameworks/MetalPerformanceShaders.framework/Versions/A/Frameworks/MPSMatrix.framework/Versions/A/MPSMatrix
0x00007ff81d739000 	/System/Library/Frameworks/MetalPerformanceShaders.framework/Versions/A/Frameworks/MPSRayIntersector.framework/Versions/A/MPSRayIntersector
0x00007ff81d9b9000 	/System/Library/Frameworks/MetalPerformanceShaders.framework/Versions/A/Frameworks/MPSNDArray.framework/Versions/A/MPSNDArray
0x00007ffa2cd65000 	/System/Library/Frameworks/MetalPerformanceShaders.framework/Versions/A/Frameworks/MPSFunctions.framework/Versions/A/MPSFunctions
0x00007ff8124ce000 	/System/Library/PrivateFrameworks/MetalTools.framework/Versions/A/MetalTools
0x00007ff81c763000 	/System/Library/PrivateFrameworks/AggregateDictionary.framework/Versions/A/AggregateDictionary
0x00007ff81e9ff000 	/usr/lib/libIOReport.dylib
0x00007ffa28bfc000 	/System/Library/Frameworks/OpenCL.framework/Versions/A/OpenCL
0x00007ff81eda6000 	/System/Library/PrivateFrameworks/GraphVisualizer.framework/Versions/A/GraphVisualizer
0x00007ffb168cc000 	/System/Library/PrivateFrameworks/FontServices.framework/Versions/A/FontServices
0x00007ff81f1cf000 	/System/Library/PrivateFrameworks/OTSVG.framework/Versions/A/OTSVG
0x00007ff81a179000 	/System/Library/Frameworks/ApplicationServices.framework/Versions/A/Frameworks/ATS.framework/Versions/A/Resources/libFontRegistry.dylib
0x00007ff81f21e000 	/System/Library/PrivateFrameworks/FontServices.framework/libhvf.dylib
0x00007ffb168cd000 	/System/Library/PrivateFrameworks/FontServices.framework/libXTFontStaticRegistryData.dylib
0x00007ffb27b66000 	/System/Library/PrivateFrameworks/VideoToolboxParavirtualizationSupport.framework/Versions/A/VideoToolboxParavirtualizationSupport
0x00007ff81ec10000 	/System/Library/PrivateFrameworks/AppleVA.framework/Versions/A/AppleVA
0x00007ff820ea8000 	/System/Library/Frameworks/ApplicationServices.framework/Versions/A/Frameworks/ATS.framework/Versions/A/ATS
0x00007ff817690000 	/System/Library/Frameworks/ApplicationServices.framework/Versions/A/Frameworks/HIServices.framework/Versions/A/HIServices
0x00007ff81fceb000 	/System/Library/Frameworks/ApplicationServices.framework/Versions/A/Frameworks/PrintCore.framework/Versions/A/PrintCore
0x00007ff82125b000 	/System/Library/Frameworks/ApplicationServices.framework/Versions/A/Frameworks/QD.framework/Versions/A/QD
0x00007ff821253000 	/System/Library/Frameworks/ApplicationServices.framework/Versions/A/Frameworks/ColorSyncLegacy.framework/Versions/A/ColorSyncLegacy
0x00007ff820e7c000 	/System/Library/Frameworks/ApplicationServices.framework/Versions/A/Frameworks/SpeechSynthesis.framework/Versions/A/SpeechSynthesis
0x00007ff81fca9000 	/System/Library/Frameworks/ApplicationServices.framework/Versions/A/Frameworks/ATSUI.framework/Versions/A/ATSUI
0x00007ff8211e6000 	/usr/lib/libcups.2.dylib
0x00007ff8215b7000 	/System/Library/Frameworks/Kerberos.framework/Versions/A/Kerberos
0x00007ff8215c6000 	/System/Library/Frameworks/GSS.framework/Versions/A/GSS
0x00007ff820f16000 	/usr/lib/libresolv.9.dylib
0x00007ff81f22f000 	/System/Library/PrivateFrameworks/Heimdal.framework/Versions/A/Heimdal
0x00007ff82835a000 	/System/Library/Frameworks/Kerberos.framework/Versions/A/Libraries/libHeimdalProxy.dylib
0x00007ff821611000 	/System/Library/PrivateFrameworks/CommonAuth.framework/Versions/A/CommonAuth
0x00007ffa2accb000 	/System/Library/Frameworks/AVFAudio.framework/Versions/A/AVFAudio
0x00007ff82f7ad000 	/System/Library/PrivateFrameworks/AXCoreUtilities.framework/Versions/A/AXCoreUtilities
0x00007ff820df8000 	/System/Library/PrivateFrameworks/AudioSession.framework/Versions/A/AudioSession
0x00007ff8223fa000 	/System/Library/Frameworks/IOBluetooth.framework/Versions/A/IOBluetooth
0x00007ff81ed16000 	/System/Library/PrivateFrameworks/MediaExperience.framework/Versions/A/MediaExperience
0x00007ff820c9f000 	/System/Library/PrivateFrameworks/AudioSession.framework/libSessionUtility.dylib
0x00007ff821267000 	/System/Library/PrivateFrameworks/AudioResourceArbitration.framework/Versions/A/AudioResourceArbitration
0x00007ff825353000 	/System/Library/PrivateFrameworks/PowerLog.framework/Versions/A/PowerLog
0x00007ff825295000 	/System/Library/Frameworks/CoreBluetooth.framework/Versions/A/CoreBluetooth
0x00007ff82835b000 	/System/Library/Frameworks/AudioUnit.framework/Versions/A/AudioUnit
0x00007ff81d204000 	/System/Library/PrivateFrameworks/CoreUtils.framework/Versions/A/CoreUtils
0x00007ffb1547d000 	/System/Library/PrivateFrameworks/CoreUtilsExtras.framework/Versions/A/CoreUtilsExtras
0x00007ffb1a1df000 	/System/Library/PrivateFrameworks/IO80211.framework/Versions/A/IO80211
0x00007ff81ec84000 	/System/Library/PrivateFrameworks/IconFoundation.framework/Versions/A/IconFoundation
0x00007ff824372000 	/System/Library/PrivateFrameworks/SpeechRecognitionCore.framework/Versions/A/SpeechRecognitionCore
0x0000000109525000 	/Library/Internet Plug-Ins/JavaAppletPlugin.plugin/Contents/Home/lib/server/libjvm.dylib
0x0000000108755000 	/Library/Internet Plug-Ins/JavaAppletPlugin.plugin/Contents/Home/lib/libverify.dylib
0x00000001087ad000 	/Library/Internet Plug-Ins/JavaAppletPlugin.plugin/Contents/Home/lib/libjava.dylib
0x000000010877a000 	/Library/Internet Plug-Ins/JavaAppletPlugin.plugin/Contents/Home/lib/libzip.dylib
0x0000000142f46000 	/Library/Internet Plug-Ins/JavaAppletPlugin.plugin/Contents/Home/lib/libmanagement.dylib
0x00000001431ed000 	/Library/Internet Plug-Ins/JavaAppletPlugin.plugin/Contents/Home/lib/libnet.dylib
0x0000000143263000 	/Library/Internet Plug-Ins/JavaAppletPlugin.plugin/Contents/Home/lib/libnio.dylib
0x00000001441ef000 	/Library/Internet Plug-Ins/JavaAppletPlugin.plugin/Contents/Home/lib/libsunec.dylib
0x0000000145c26000 	/Library/Internet Plug-Ins/JavaAppletPlugin.plugin/Contents/Home/lib/libjaas_unix.dylib
0x000000014a5cb000 	/private/var/folders/2l/1pcx9h911c70k9vsjfgymhyh0000gn/T/liblz4-java-5275360672965854708.dylib
0x000000014b9cb000 	/private/var/folders/2l/1pcx9h911c70k9vsjfgymhyh0000gn/T/librocksdbjni1704511479452846836.jnilib
0x000000014f9f3000 	/Users/sofiamurillosanchez/.javacpp/cache/com.johnsnowlabs.nlp_tensorflow-cpu_2.12-0.4.4.jar/org/bytedeco/javacpp/macosx-x86_64/libjnijavacpp.dylib
0x0000000151a8e000 	/Users/sofiamurillosanchez/.javacpp/cache/com.johnsnowlabs.nlp_tensorflow-cpu_2.12-0.4.4.jar/org/tensorflow/internal/c_api/macosx-x86_64/libtensorflow_framework.2.dylib

VM Arguments:
jvm_args: -Xmx16G -XX:+IgnoreUnrecognizedVMOptions --add-opens=java.base/java.lang=ALL-UNNAMED --add-opens=java.base/java.lang.invoke=ALL-UNNAMED --add-opens=java.base/java.lang.reflect=ALL-UNNAMED --add-opens=java.base/java.io=ALL-UNNAMED --add-opens=java.base/java.net=ALL-UNNAMED --add-opens=java.base/java.nio=ALL-UNNAMED --add-opens=java.base/java.util=ALL-UNNAMED --add-opens=java.base/java.util.concurrent=ALL-UNNAMED --add-opens=java.base/java.util.concurrent.atomic=ALL-UNNAMED --add-opens=java.base/sun.nio.ch=ALL-UNNAMED --add-opens=java.base/sun.nio.cs=ALL-UNNAMED --add-opens=java.base/sun.security.action=ALL-UNNAMED --add-opens=java.base/sun.util.calendar=ALL-UNNAMED --add-opens=java.security.jgss/sun.security.krb5=ALL-UNNAMED 
java_command: org.apache.spark.deploy.SparkSubmit --conf spark.master=local[*] --conf spark.driver.memory=16G --conf spark.kryoserializer.buffer.max=2000M --conf spark.driver.maxResultSize=0 --conf spark.jars.packages=com.johnsnowlabs.nlp:spark-nlp_2.12:4.4.1 --conf spark.serializer=org.apache.spark.serializer.KryoSerializer --conf spark.app.name=Spark NLP pyspark-shell
java_class_path (initial): /Users/sofiamurillosanchez/opt/anaconda3/lib/python3.9/site-packages/pyspark/conf:/Users/sofiamurillosanchez/opt/anaconda3/lib/python3.9/site-packages/pyspark/jars/dropwizard-metrics-hadoop-metrics2-reporter-0.1.2.jar:/Users/sofiamurillosanchez/opt/anaconda3/lib/python3.9/site-packages/pyspark/jars/metrics-core-4.2.7.jar:/Users/sofiamurillosanchez/opt/anaconda3/lib/python3.9/site-packages/pyspark/jars/logging-interceptor-3.12.12.jar:/Users/sofiamurillosanchez/opt/anaconda3/lib/python3.9/site-packages/pyspark/jars/hive-shims-2.3.9.jar:/Users/sofiamurillosanchez/opt/anaconda3/lib/python3.9/site-packages/pyspark/jars/netty-resolver-4.1.74.Final.jar:/Users/sofiamurillosanchez/opt/anaconda3/lib/python3.9/site-packages/pyspark/jars/jakarta.xml.bind-api-2.3.2.jar:/Users/sofiamurillosanchez/opt/anaconda3/lib/python3.9/site-packages/pyspark/jars/metrics-jmx-4.2.7.jar:/Users/sofiamurillosanchez/opt/anaconda3/lib/python3.9/site-packages/pyspark/jars/blas-2.2.1.jar:/Users/sofiamurillosanchez/opt/anaconda3/lib/python3.9/site-packages/pyspark/jars/jersey-common-2.36.jar:/Users/sofiamurillosanchez/opt/anaconda3/lib/python3.9/site-packages/pyspark/jars/netty-transport-native-epoll-4.1.74.Final-linux-x86_64.jar:/Users/sofiamurillosanchez/opt/anaconda3/lib/python3.9/site-packages/pyspark/jars/joda-time-2.10.13.jar:/Users/sofiamurillosanchez/opt/anaconda3/lib/python3.9/site-packages/pyspark/jars/spark-catalyst_2.12-3.3.1.jar:/Users/sofiamurillosanchez/opt/anaconda3/lib/python3.9/site-packages/pyspark/jars/jaxb-runtime-2.3.2.jar:/Users/sofiamurillosanchez/opt/anaconda3/lib/python3.9/site-packages/pyspark/jars/netty-transport-native-unix-common-4.1.74.Final.jar:/Users/sofiamurillosanchez/opt/anaconda3/lib/python3.9/site-packages/pyspark/jars/aircompressor-0.21.jar:/Users/sofiamurillosanchez/opt/anaconda3/lib/python3.9/site-packages/pyspark/jars/kubernetes-model-discovery-5.12.2.jar:/Users/sofiamurillosanchez/opt/anaconda3/lib/python3.9/site-packages/pyspark/
Launcher Type: SUN_STANDARD

Environment Variables:
PATH=/Users/sofiamurillosanchez/opt/anaconda3/bin:/Users/sofiamurillosanchez/opt/anaconda3/condabin:/opt/homebrew/bin:/opt/homebrew/sbin:/opt/local/bin:/opt/local/sbin:/opt/homebrew/bin:/opt/homebrew/sbin:/usr/local/bin:/System/Cryptexes/App/usr/bin:/usr/bin:/bin:/usr/sbin:/sbin:/Library/TeX/texbin:/opt/X11/bin:/Library/Apple/usr/bin:/Applications/Wireshark.app/Contents/MacOS
SHELL=/bin/zsh
DISPLAY=/private/tmp/com.apple.launchd.ZdJJoelI2P/org.xquartz:0

Signal Handlers:
SIGSEGV: [libjvm.dylib+0x59e9bf], sa_mask[0]=11111111111111111111111111111111, sa_flags=SA_ONSTACK|SA_RESTART|SA_SIGINFO
SIGBUS: [libjvm.dylib+0x59e9bf], sa_mask[0]=11111111111111111111111111111111, sa_flags=SA_RESTART|SA_SIGINFO
SIGFPE: [libjvm.dylib+0x59e9bf], sa_mask[0]=11111111111111111111111111111111, sa_flags=SA_RESTART|SA_SIGINFO
SIGPIPE: [libjvm.dylib+0x492256], sa_mask[0]=11111111111111111111111111111111, sa_flags=SA_RESTART|SA_SIGINFO
SIGXFSZ: [libjvm.dylib+0x492256], sa_mask[0]=11111111111111111111111111111111, sa_flags=SA_RESTART|SA_SIGINFO
SIGILL: [libjvm.dylib+0x59e9bf], sa_mask[0]=11111111111111111111111111111111, sa_flags=SA_RESTART|SA_SIGINFO
SIGUSR1: SIG_DFL, sa_mask[0]=11111111011111110111111111111111, sa_flags=none
SIGUSR2: [libjvm.dylib+0x49287a], sa_mask[0]=00000000000000000000000000000000, sa_flags=SA_RESTART|SA_SIGINFO
SIGHUP: [libjvm.dylib+0x490a13], sa_mask[0]=11111111111111111111111111111111, sa_flags=SA_RESTART|SA_SIGINFO
SIGINT: SIG_IGN, sa_mask[0]=11111111011111110111111111111111, sa_flags=none
SIGTERM: [libjvm.dylib+0x490a13], sa_mask[0]=11111111111111111111111111111111, sa_flags=SA_RESTART|SA_SIGINFO
SIGQUIT: [libjvm.dylib+0x490a13], sa_mask[0]=11111111111111111111111111111111, sa_flags=SA_RESTART|SA_SIGINFO


---------------  S Y S T E M  ---------------

OS:Bsduname:Darwin 22.3.0 Darwin Kernel Version 22.3.0: Mon Jan 30 20:39:35 PST 2023; root:xnu-8792.81.3~2/RELEASE_ARM64_T8103 x86_64
rlimit: STACK 8176k, CORE 0k, NPROC 1333, NOFILE 10240, AS infinity
load average:5.92 4.89 4.69

CPU:total 8 (initial active 8) (1 cores per cpu, 1 threads per core) family 6 model 44 stepping 0, cmov, cx8, fxsr, mmx, sse, sse2, sse3, ssse3, sse4.1, sse4.2, popcnt, aes, clmul, tsc, tscinvbit, tscinv

Memory: 4k page, physical 8388608k(28544k free)

/proc/meminfo:


vm_info: Java HotSpot(TM) 64-Bit Server VM (25.361-b09) for bsd-amd64 JRE (1.8.0_361-b09), built on Jan  9 2023 08:31:35 by "java_re" with gcc 4.2.1 Compatible Apple LLVM 11.0.0 (clang-1100.0.33.17)

time: Wed May  3 13:46:10 2023
timezone: CDT
elapsed time: 210.868716 seconds (0d 0h 3m 30s)

